CRITICAL - 2024-06-25 01:49:21 --> ErrorException: Undefined variable $userid
in APPPATH\Views\myviews1.php on line 15.
 1 APPPATH\Views\myviews1.php(15): CodeIgniter\Debug\Exceptions->errorHandler(2, 'Undefined variable $userid', 'C:\\xampp\\htdocs\\ci\\app\\Views\\myviews1.php', 15)
 2 SYSTEMPATH\View\View.php(228): include('C:\\xampp\\htdocs\\ci\\app\\Views\\myviews1.php')
 3 SYSTEMPATH\View\View.php(231): CodeIgniter\View\View->CodeIgniter\View\{closure}()
 4 SYSTEMPATH\Common.php(1178): CodeIgniter\View\View->render('myviews1', [], true)
 5 APPPATH\Controllers\test.php(139): view('myviews1')
 6 SYSTEMPATH\CodeIgniter.php(941): App\Controllers\test->login()
 7 SYSTEMPATH\CodeIgniter.php(502): CodeIgniter\CodeIgniter->runController(Object(App\Controllers\test))
 8 SYSTEMPATH\CodeIgniter.php(361): CodeIgniter\CodeIgniter->handleRequest(null, Object(Config\Cache), false)
 9 FCPATH\index.php(85): CodeIgniter\CodeIgniter->run()
CRITICAL - 2024-06-25 01:49:21 --> ErrorException: Undefined variable $userid
in APPPATH\Views\myviews1.php on line 15.
 1 APPPATH\Views\myviews1.php(15): CodeIgniter\Debug\Exceptions->errorHandler(2, 'Undefined variable $userid', 'C:\\xampp\\htdocs\\ci\\app\\Views\\myviews1.php', 15)
 2 SYSTEMPATH\View\View.php(228): include('C:\\xampp\\htdocs\\ci\\app\\Views\\myviews1.php')
 3 SYSTEMPATH\View\View.php(231): CodeIgniter\View\View->CodeIgniter\View\{closure}()
 4 SYSTEMPATH\Common.php(1178): CodeIgniter\View\View->render('myviews1', [], true)
 5 APPPATH\Controllers\test.php(139): view('myviews1')
 6 SYSTEMPATH\CodeIgniter.php(941): App\Controllers\test->login()
 7 SYSTEMPATH\CodeIgniter.php(502): CodeIgniter\CodeIgniter->runController(Object(App\Controllers\test))
 8 SYSTEMPATH\CodeIgniter.php(361): CodeIgniter\CodeIgniter->handleRequest(null, Object(Config\Cache), false)
 9 FCPATH\index.php(85): CodeIgniter\CodeIgniter->run()
CRITICAL - 2024-06-25 01:49:22 --> ErrorException: Undefined variable $userid
in APPPATH\Views\myviews1.php on line 15.
 1 APPPATH\Views\myviews1.php(15): CodeIgniter\Debug\Exceptions->errorHandler(2, 'Undefined variable $userid', 'C:\\xampp\\htdocs\\ci\\app\\Views\\myviews1.php', 15)
 2 SYSTEMPATH\View\View.php(228): include('C:\\xampp\\htdocs\\ci\\app\\Views\\myviews1.php')
 3 SYSTEMPATH\View\View.php(231): CodeIgniter\View\View->CodeIgniter\View\{closure}()
 4 SYSTEMPATH\Common.php(1178): CodeIgniter\View\View->render('myviews1', [], true)
 5 APPPATH\Controllers\test.php(139): view('myviews1')
 6 SYSTEMPATH\CodeIgniter.php(941): App\Controllers\test->login()
 7 SYSTEMPATH\CodeIgniter.php(502): CodeIgniter\CodeIgniter->runController(Object(App\Controllers\test))
 8 SYSTEMPATH\CodeIgniter.php(361): CodeIgniter\CodeIgniter->handleRequest(null, Object(Config\Cache), false)
 9 FCPATH\index.php(85): CodeIgniter\CodeIgniter->run()
CRITICAL - 2024-06-25 01:49:28 --> ErrorException: Undefined variable $gamename
in APPPATH\Views\myviews1.php on line 19.
 1 APPPATH\Views\myviews1.php(19): CodeIgniter\Debug\Exceptions->errorHandler(2, 'Undefined variable $gamename', 'C:\\xampp\\htdocs\\ci\\app\\Views\\myviews1.php', 19)
 2 SYSTEMPATH\View\View.php(228): include('C:\\xampp\\htdocs\\ci\\app\\Views\\myviews1.php')
 3 SYSTEMPATH\View\View.php(231): CodeIgniter\View\View->CodeIgniter\View\{closure}()
 4 SYSTEMPATH\Common.php(1178): CodeIgniter\View\View->render('myviews1', [], true)
 5 APPPATH\Controllers\test.php(55): view('myviews1', [...])
 6 SYSTEMPATH\CodeIgniter.php(941): App\Controllers\test->index()
 7 SYSTEMPATH\CodeIgniter.php(502): CodeIgniter\CodeIgniter->runController(Object(App\Controllers\test))
 8 SYSTEMPATH\CodeIgniter.php(361): CodeIgniter\CodeIgniter->handleRequest(null, Object(Config\Cache), false)
 9 FCPATH\index.php(85): CodeIgniter\CodeIgniter->run()
CRITICAL - 2024-06-25 01:49:33 --> ErrorException: Undefined variable $gamename
in APPPATH\Views\myviews1.php on line 19.
 1 APPPATH\Views\myviews1.php(19): CodeIgniter\Debug\Exceptions->errorHandler(2, 'Undefined variable $gamename', 'C:\\xampp\\htdocs\\ci\\app\\Views\\myviews1.php', 19)
 2 SYSTEMPATH\View\View.php(228): include('C:\\xampp\\htdocs\\ci\\app\\Views\\myviews1.php')
 3 SYSTEMPATH\View\View.php(231): CodeIgniter\View\View->CodeIgniter\View\{closure}()
 4 SYSTEMPATH\Common.php(1178): CodeIgniter\View\View->render('myviews1', [], true)
 5 APPPATH\Controllers\test.php(55): view('myviews1', [...])
 6 SYSTEMPATH\CodeIgniter.php(941): App\Controllers\test->index()
 7 SYSTEMPATH\CodeIgniter.php(502): CodeIgniter\CodeIgniter->runController(Object(App\Controllers\test))
 8 SYSTEMPATH\CodeIgniter.php(361): CodeIgniter\CodeIgniter->handleRequest(null, Object(Config\Cache), false)
 9 FCPATH\index.php(85): CodeIgniter\CodeIgniter->run()
INFO - 2024-06-25 01:49:50 --> Session: Class initialized using 'CodeIgniter\Session\Handlers\FileHandler' driver.
WARNING - 2024-06-25 01:49:50 --> Session: Sessions is enabled, and one exists. Please don't $session->start();
INFO - 2024-06-25 01:49:57 --> Session: Class initialized using 'CodeIgniter\Session\Handlers\FileHandler' driver.
WARNING - 2024-06-25 01:49:57 --> Session: Sessions is enabled, and one exists. Please don't $session->start();
CRITICAL - 2024-06-25 01:49:57 --> ErrorException: Undefined variable $userid
in APPPATH\Views\myviews1.php on line 15.
 1 APPPATH\Views\myviews1.php(15): CodeIgniter\Debug\Exceptions->errorHandler(2, 'Undefined variable $userid', 'C:\\xampp\\htdocs\\ci\\app\\Views\\myviews1.php', 15)
 2 SYSTEMPATH\View\View.php(228): include('C:\\xampp\\htdocs\\ci\\app\\Views\\myviews1.php')
 3 SYSTEMPATH\View\View.php(231): CodeIgniter\View\View->CodeIgniter\View\{closure}()
 4 SYSTEMPATH\Common.php(1178): CodeIgniter\View\View->render('myviews1', [], true)
 5 APPPATH\Controllers\test.php(139): view('myviews1')
 6 SYSTEMPATH\CodeIgniter.php(941): App\Controllers\test->login()
 7 SYSTEMPATH\CodeIgniter.php(502): CodeIgniter\CodeIgniter->runController(Object(App\Controllers\test))
 8 SYSTEMPATH\CodeIgniter.php(361): CodeIgniter\CodeIgniter->handleRequest(null, Object(Config\Cache), false)
 9 FCPATH\index.php(85): CodeIgniter\CodeIgniter->run()
INFO - 2024-06-25 01:50:19 --> Session: Class initialized using 'CodeIgniter\Session\Handlers\FileHandler' driver.
WARNING - 2024-06-25 01:50:19 --> Session: Sessions is enabled, and one exists. Please don't $session->start();
INFO - 2024-06-25 01:50:22 --> Session: Class initialized using 'CodeIgniter\Session\Handlers\FileHandler' driver.
WARNING - 2024-06-25 01:50:22 --> Session: Sessions is enabled, and one exists. Please don't $session->start();
INFO - 2024-06-25 01:53:47 --> Session: Class initialized using 'CodeIgniter\Session\Handlers\FileHandler' driver.
WARNING - 2024-06-25 01:53:47 --> Session: Sessions is enabled, and one exists. Please don't $session->start();
INFO - 2024-06-25 01:53:48 --> Session: Class initialized using 'CodeIgniter\Session\Handlers\FileHandler' driver.
WARNING - 2024-06-25 01:53:48 --> Session: Sessions is enabled, and one exists. Please don't $session->start();
INFO - 2024-06-25 01:59:31 --> Session: Class initialized using 'CodeIgniter\Session\Handlers\FileHandler' driver.
WARNING - 2024-06-25 01:59:31 --> Session: Sessions is enabled, and one exists. Please don't $session->start();
INFO - 2024-06-25 02:03:10 --> Session: Class initialized using 'CodeIgniter\Session\Handlers\FileHandler' driver.
WARNING - 2024-06-25 02:03:10 --> Session: Sessions is enabled, and one exists. Please don't $session->start();
INFO - 2024-06-25 02:11:18 --> Session: Class initialized using 'CodeIgniter\Session\Handlers\FileHandler' driver.
WARNING - 2024-06-25 02:11:18 --> Session: Sessions is enabled, and one exists. Please don't $session->start();
INFO - 2024-06-25 02:11:26 --> Session: Class initialized using 'CodeIgniter\Session\Handlers\FileHandler' driver.
WARNING - 2024-06-25 02:11:26 --> Session: Sessions is enabled, and one exists. Please don't $session->start();
INFO - 2024-06-25 02:11:31 --> Session: Class initialized using 'CodeIgniter\Session\Handlers\FileHandler' driver.
WARNING - 2024-06-25 02:11:31 --> Session: Sessions is enabled, and one exists. Please don't $session->start();
INFO - 2024-06-25 02:11:32 --> Session: Class initialized using 'CodeIgniter\Session\Handlers\FileHandler' driver.
WARNING - 2024-06-25 02:11:32 --> Session: Sessions is enabled, and one exists. Please don't $session->start();
INFO - 2024-06-25 02:11:33 --> Session: Class initialized using 'CodeIgniter\Session\Handlers\FileHandler' driver.
WARNING - 2024-06-25 02:11:33 --> Session: Sessions is enabled, and one exists. Please don't $session->start();
INFO - 2024-06-25 02:11:58 --> Session: Class initialized using 'CodeIgniter\Session\Handlers\FileHandler' driver.
WARNING - 2024-06-25 02:11:58 --> Session: Sessions is enabled, and one exists. Please don't $session->start();
INFO - 2024-06-25 02:12:05 --> Session: Class initialized using 'CodeIgniter\Session\Handlers\FileHandler' driver.
WARNING - 2024-06-25 02:12:05 --> Session: Sessions is enabled, and one exists. Please don't $session->start();
INFO - 2024-06-25 02:12:05 --> Session: Class initialized using 'CodeIgniter\Session\Handlers\FileHandler' driver.
WARNING - 2024-06-25 02:12:05 --> Session: Sessions is enabled, and one exists. Please don't $session->start();
INFO - 2024-06-25 02:12:42 --> Session: Class initialized using 'CodeIgniter\Session\Handlers\FileHandler' driver.
WARNING - 2024-06-25 02:12:42 --> Session: Sessions is enabled, and one exists. Please don't $session->start();
INFO - 2024-06-25 02:13:44 --> Session: Class initialized using 'CodeIgniter\Session\Handlers\FileHandler' driver.
WARNING - 2024-06-25 02:13:44 --> Session: Sessions is enabled, and one exists. Please don't $session->start();
INFO - 2024-06-25 02:13:45 --> Session: Class initialized using 'CodeIgniter\Session\Handlers\FileHandler' driver.
WARNING - 2024-06-25 02:13:45 --> Session: Sessions is enabled, and one exists. Please don't $session->start();
INFO - 2024-06-25 02:13:46 --> Session: Class initialized using 'CodeIgniter\Session\Handlers\FileHandler' driver.
WARNING - 2024-06-25 02:13:46 --> Session: Sessions is enabled, and one exists. Please don't $session->start();
INFO - 2024-06-25 02:14:45 --> Session: Class initialized using 'CodeIgniter\Session\Handlers\FileHandler' driver.
WARNING - 2024-06-25 02:14:45 --> Session: Sessions is enabled, and one exists. Please don't $session->start();
INFO - 2024-06-25 02:15:09 --> Session: Class initialized using 'CodeIgniter\Session\Handlers\FileHandler' driver.
WARNING - 2024-06-25 02:15:09 --> Session: Sessions is enabled, and one exists. Please don't $session->start();
INFO - 2024-06-25 02:15:28 --> Session: Class initialized using 'CodeIgniter\Session\Handlers\FileHandler' driver.
WARNING - 2024-06-25 02:15:28 --> Session: Sessions is enabled, and one exists. Please don't $session->start();
INFO - 2024-06-25 02:16:18 --> Session: Class initialized using 'CodeIgniter\Session\Handlers\FileHandler' driver.
WARNING - 2024-06-25 02:16:18 --> Session: Sessions is enabled, and one exists. Please don't $session->start();
CRITICAL - 2024-06-25 02:16:18 --> ErrorException: Undefined variable $query
in APPPATH\Controllers\test.php on line 42.
 1 APPPATH\Controllers\test.php(42): CodeIgniter\Debug\Exceptions->errorHandler(2, 'Undefined variable $query', 'C:\\xampp\\htdocs\\ci\\app\\Controllers\\test.php', 42)
 2 SYSTEMPATH\CodeIgniter.php(941): App\Controllers\test->index()
 3 SYSTEMPATH\CodeIgniter.php(502): CodeIgniter\CodeIgniter->runController(Object(App\Controllers\test))
 4 SYSTEMPATH\CodeIgniter.php(361): CodeIgniter\CodeIgniter->handleRequest(null, Object(Config\Cache), false)
 5 FCPATH\index.php(85): CodeIgniter\CodeIgniter->run()
INFO - 2024-06-25 02:16:28 --> Session: Class initialized using 'CodeIgniter\Session\Handlers\FileHandler' driver.
WARNING - 2024-06-25 02:16:28 --> Session: Sessions is enabled, and one exists. Please don't $session->start();
INFO - 2024-06-25 02:17:29 --> Session: Class initialized using 'CodeIgniter\Session\Handlers\FileHandler' driver.
WARNING - 2024-06-25 02:17:29 --> Session: Sessions is enabled, and one exists. Please don't $session->start();
INFO - 2024-06-25 02:18:04 --> Session: Class initialized using 'CodeIgniter\Session\Handlers\FileHandler' driver.
WARNING - 2024-06-25 02:18:04 --> Session: Sessions is enabled, and one exists. Please don't $session->start();
INFO - 2024-06-25 02:18:31 --> Session: Class initialized using 'CodeIgniter\Session\Handlers\FileHandler' driver.
WARNING - 2024-06-25 02:18:31 --> Session: Sessions is enabled, and one exists. Please don't $session->start();
INFO - 2024-06-25 02:20:22 --> Session: Class initialized using 'CodeIgniter\Session\Handlers\FileHandler' driver.
WARNING - 2024-06-25 02:20:22 --> Session: Sessions is enabled, and one exists. Please don't $session->start();
INFO - 2024-06-25 02:20:40 --> Session: Class initialized using 'CodeIgniter\Session\Handlers\FileHandler' driver.
WARNING - 2024-06-25 02:20:40 --> Session: Sessions is enabled, and one exists. Please don't $session->start();
INFO - 2024-06-25 02:20:45 --> Session: Class initialized using 'CodeIgniter\Session\Handlers\FileHandler' driver.
WARNING - 2024-06-25 02:20:45 --> Session: Sessions is enabled, and one exists. Please don't $session->start();
INFO - 2024-06-25 02:20:45 --> Session: Class initialized using 'CodeIgniter\Session\Handlers\FileHandler' driver.
WARNING - 2024-06-25 02:20:45 --> Session: Sessions is enabled, and one exists. Please don't $session->start();
INFO - 2024-06-25 02:20:51 --> Session: Class initialized using 'CodeIgniter\Session\Handlers\FileHandler' driver.
WARNING - 2024-06-25 02:20:51 --> Session: Sessions is enabled, and one exists. Please don't $session->start();
CRITICAL - 2024-06-25 02:20:51 --> ErrorException: Undefined variable $userid
in APPPATH\Views\myviews1.php on line 15.
 1 APPPATH\Views\myviews1.php(15): CodeIgniter\Debug\Exceptions->errorHandler(2, 'Undefined variable $userid', 'C:\\xampp\\htdocs\\ci\\app\\Views\\myviews1.php', 15)
 2 SYSTEMPATH\View\View.php(228): include('C:\\xampp\\htdocs\\ci\\app\\Views\\myviews1.php')
 3 SYSTEMPATH\View\View.php(231): CodeIgniter\View\View->CodeIgniter\View\{closure}()
 4 SYSTEMPATH\Common.php(1178): CodeIgniter\View\View->render('myviews1', [], true)
 5 APPPATH\Controllers\test.php(150): view('myviews1')
 6 SYSTEMPATH\CodeIgniter.php(941): App\Controllers\test->login()
 7 SYSTEMPATH\CodeIgniter.php(502): CodeIgniter\CodeIgniter->runController(Object(App\Controllers\test))
 8 SYSTEMPATH\CodeIgniter.php(361): CodeIgniter\CodeIgniter->handleRequest(null, Object(Config\Cache), false)
 9 FCPATH\index.php(85): CodeIgniter\CodeIgniter->run()
INFO - 2024-06-25 02:23:34 --> Session: Class initialized using 'CodeIgniter\Session\Handlers\FileHandler' driver.
WARNING - 2024-06-25 02:23:34 --> Session: Sessions is enabled, and one exists. Please don't $session->start();
INFO - 2024-06-25 02:23:36 --> Session: Class initialized using 'CodeIgniter\Session\Handlers\FileHandler' driver.
WARNING - 2024-06-25 02:23:36 --> Session: Sessions is enabled, and one exists. Please don't $session->start();
INFO - 2024-06-25 02:23:37 --> Session: Class initialized using 'CodeIgniter\Session\Handlers\FileHandler' driver.
WARNING - 2024-06-25 02:23:37 --> Session: Sessions is enabled, and one exists. Please don't $session->start();
INFO - 2024-06-25 02:23:37 --> Session: Class initialized using 'CodeIgniter\Session\Handlers\FileHandler' driver.
WARNING - 2024-06-25 02:23:37 --> Session: Sessions is enabled, and one exists. Please don't $session->start();
INFO - 2024-06-25 02:23:41 --> Session: Class initialized using 'CodeIgniter\Session\Handlers\FileHandler' driver.
WARNING - 2024-06-25 02:23:41 --> Session: Sessions is enabled, and one exists. Please don't $session->start();
INFO - 2024-06-25 02:26:13 --> Session: Class initialized using 'CodeIgniter\Session\Handlers\FileHandler' driver.
WARNING - 2024-06-25 02:26:13 --> Session: Sessions is enabled, and one exists. Please don't $session->start();
INFO - 2024-06-25 02:26:13 --> Session: Class initialized using 'CodeIgniter\Session\Handlers\FileHandler' driver.
WARNING - 2024-06-25 02:26:13 --> Session: Sessions is enabled, and one exists. Please don't $session->start();
INFO - 2024-06-25 02:27:22 --> Session: Class initialized using 'CodeIgniter\Session\Handlers\FileHandler' driver.
WARNING - 2024-06-25 02:27:22 --> Session: Sessions is enabled, and one exists. Please don't $session->start();
INFO - 2024-06-25 02:27:51 --> Session: Class initialized using 'CodeIgniter\Session\Handlers\FileHandler' driver.
WARNING - 2024-06-25 02:27:51 --> Session: Sessions is enabled, and one exists. Please don't $session->start();
INFO - 2024-06-25 02:28:12 --> Session: Class initialized using 'CodeIgniter\Session\Handlers\FileHandler' driver.
WARNING - 2024-06-25 02:28:12 --> Session: Sessions is enabled, and one exists. Please don't $session->start();
INFO - 2024-06-25 02:28:15 --> Session: Class initialized using 'CodeIgniter\Session\Handlers\FileHandler' driver.
WARNING - 2024-06-25 02:28:15 --> Session: Sessions is enabled, and one exists. Please don't $session->start();
INFO - 2024-06-25 02:28:16 --> Session: Class initialized using 'CodeIgniter\Session\Handlers\FileHandler' driver.
WARNING - 2024-06-25 02:28:16 --> Session: Sessions is enabled, and one exists. Please don't $session->start();
INFO - 2024-06-25 02:28:16 --> Session: Class initialized using 'CodeIgniter\Session\Handlers\FileHandler' driver.
WARNING - 2024-06-25 02:28:16 --> Session: Sessions is enabled, and one exists. Please don't $session->start();
INFO - 2024-06-25 02:28:20 --> Session: Class initialized using 'CodeIgniter\Session\Handlers\FileHandler' driver.
WARNING - 2024-06-25 02:28:20 --> Session: Sessions is enabled, and one exists. Please don't $session->start();
CRITICAL - 2024-06-25 02:28:20 --> ErrorException: Undefined variable $userid
in APPPATH\Views\myviews1.php on line 15.
 1 APPPATH\Views\myviews1.php(15): CodeIgniter\Debug\Exceptions->errorHandler(2, 'Undefined variable $userid', 'C:\\xampp\\htdocs\\ci\\app\\Views\\myviews1.php', 15)
 2 SYSTEMPATH\View\View.php(228): include('C:\\xampp\\htdocs\\ci\\app\\Views\\myviews1.php')
 3 SYSTEMPATH\View\View.php(231): CodeIgniter\View\View->CodeIgniter\View\{closure}()
 4 SYSTEMPATH\Common.php(1178): CodeIgniter\View\View->render('myviews1', [], true)
 5 APPPATH\Controllers\test.php(140): view('myviews1')
 6 SYSTEMPATH\CodeIgniter.php(941): App\Controllers\test->login()
 7 SYSTEMPATH\CodeIgniter.php(502): CodeIgniter\CodeIgniter->runController(Object(App\Controllers\test))
 8 SYSTEMPATH\CodeIgniter.php(361): CodeIgniter\CodeIgniter->handleRequest(null, Object(Config\Cache), false)
 9 FCPATH\index.php(85): CodeIgniter\CodeIgniter->run()
INFO - 2024-06-25 02:28:22 --> Session: Class initialized using 'CodeIgniter\Session\Handlers\FileHandler' driver.
WARNING - 2024-06-25 02:28:22 --> Session: Sessions is enabled, and one exists. Please don't $session->start();
CRITICAL - 2024-06-25 02:28:22 --> ErrorException: Undefined variable $userid
in APPPATH\Views\myviews1.php on line 15.
 1 APPPATH\Views\myviews1.php(15): CodeIgniter\Debug\Exceptions->errorHandler(2, 'Undefined variable $userid', 'C:\\xampp\\htdocs\\ci\\app\\Views\\myviews1.php', 15)
 2 SYSTEMPATH\View\View.php(228): include('C:\\xampp\\htdocs\\ci\\app\\Views\\myviews1.php')
 3 SYSTEMPATH\View\View.php(231): CodeIgniter\View\View->CodeIgniter\View\{closure}()
 4 SYSTEMPATH\Common.php(1178): CodeIgniter\View\View->render('myviews1', [], true)
 5 APPPATH\Controllers\test.php(140): view('myviews1')
 6 SYSTEMPATH\CodeIgniter.php(941): App\Controllers\test->login()
 7 SYSTEMPATH\CodeIgniter.php(502): CodeIgniter\CodeIgniter->runController(Object(App\Controllers\test))
 8 SYSTEMPATH\CodeIgniter.php(361): CodeIgniter\CodeIgniter->handleRequest(null, Object(Config\Cache), false)
 9 FCPATH\index.php(85): CodeIgniter\CodeIgniter->run()
INFO - 2024-06-25 02:28:22 --> Session: Class initialized using 'CodeIgniter\Session\Handlers\FileHandler' driver.
WARNING - 2024-06-25 02:28:22 --> Session: Sessions is enabled, and one exists. Please don't $session->start();
CRITICAL - 2024-06-25 02:28:22 --> ErrorException: Undefined variable $userid
in APPPATH\Views\myviews1.php on line 15.
 1 APPPATH\Views\myviews1.php(15): CodeIgniter\Debug\Exceptions->errorHandler(2, 'Undefined variable $userid', 'C:\\xampp\\htdocs\\ci\\app\\Views\\myviews1.php', 15)
 2 SYSTEMPATH\View\View.php(228): include('C:\\xampp\\htdocs\\ci\\app\\Views\\myviews1.php')
 3 SYSTEMPATH\View\View.php(231): CodeIgniter\View\View->CodeIgniter\View\{closure}()
 4 SYSTEMPATH\Common.php(1178): CodeIgniter\View\View->render('myviews1', [], true)
 5 APPPATH\Controllers\test.php(140): view('myviews1')
 6 SYSTEMPATH\CodeIgniter.php(941): App\Controllers\test->login()
 7 SYSTEMPATH\CodeIgniter.php(502): CodeIgniter\CodeIgniter->runController(Object(App\Controllers\test))
 8 SYSTEMPATH\CodeIgniter.php(361): CodeIgniter\CodeIgniter->handleRequest(null, Object(Config\Cache), false)
 9 FCPATH\index.php(85): CodeIgniter\CodeIgniter->run()
INFO - 2024-06-25 02:28:22 --> Session: Class initialized using 'CodeIgniter\Session\Handlers\FileHandler' driver.
WARNING - 2024-06-25 02:28:22 --> Session: Sessions is enabled, and one exists. Please don't $session->start();
CRITICAL - 2024-06-25 02:28:22 --> ErrorException: Undefined variable $userid
in APPPATH\Views\myviews1.php on line 15.
 1 APPPATH\Views\myviews1.php(15): CodeIgniter\Debug\Exceptions->errorHandler(2, 'Undefined variable $userid', 'C:\\xampp\\htdocs\\ci\\app\\Views\\myviews1.php', 15)
 2 SYSTEMPATH\View\View.php(228): include('C:\\xampp\\htdocs\\ci\\app\\Views\\myviews1.php')
 3 SYSTEMPATH\View\View.php(231): CodeIgniter\View\View->CodeIgniter\View\{closure}()
 4 SYSTEMPATH\Common.php(1178): CodeIgniter\View\View->render('myviews1', [], true)
 5 APPPATH\Controllers\test.php(140): view('myviews1')
 6 SYSTEMPATH\CodeIgniter.php(941): App\Controllers\test->login()
 7 SYSTEMPATH\CodeIgniter.php(502): CodeIgniter\CodeIgniter->runController(Object(App\Controllers\test))
 8 SYSTEMPATH\CodeIgniter.php(361): CodeIgniter\CodeIgniter->handleRequest(null, Object(Config\Cache), false)
 9 FCPATH\index.php(85): CodeIgniter\CodeIgniter->run()
INFO - 2024-06-25 02:28:22 --> Session: Class initialized using 'CodeIgniter\Session\Handlers\FileHandler' driver.
WARNING - 2024-06-25 02:28:22 --> Session: Sessions is enabled, and one exists. Please don't $session->start();
CRITICAL - 2024-06-25 02:28:22 --> ErrorException: Undefined variable $userid
in APPPATH\Views\myviews1.php on line 15.
 1 APPPATH\Views\myviews1.php(15): CodeIgniter\Debug\Exceptions->errorHandler(2, 'Undefined variable $userid', 'C:\\xampp\\htdocs\\ci\\app\\Views\\myviews1.php', 15)
 2 SYSTEMPATH\View\View.php(228): include('C:\\xampp\\htdocs\\ci\\app\\Views\\myviews1.php')
 3 SYSTEMPATH\View\View.php(231): CodeIgniter\View\View->CodeIgniter\View\{closure}()
 4 SYSTEMPATH\Common.php(1178): CodeIgniter\View\View->render('myviews1', [], true)
 5 APPPATH\Controllers\test.php(140): view('myviews1')
 6 SYSTEMPATH\CodeIgniter.php(941): App\Controllers\test->login()
 7 SYSTEMPATH\CodeIgniter.php(502): CodeIgniter\CodeIgniter->runController(Object(App\Controllers\test))
 8 SYSTEMPATH\CodeIgniter.php(361): CodeIgniter\CodeIgniter->handleRequest(null, Object(Config\Cache), false)
 9 FCPATH\index.php(85): CodeIgniter\CodeIgniter->run()
INFO - 2024-06-25 02:28:37 --> Session: Class initialized using 'CodeIgniter\Session\Handlers\FileHandler' driver.
WARNING - 2024-06-25 02:28:37 --> Session: Sessions is enabled, and one exists. Please don't $session->start();
CRITICAL - 2024-06-25 02:28:37 --> ErrorException: Undefined variable $userid
in APPPATH\Views\myviews1.php on line 15.
 1 APPPATH\Views\myviews1.php(15): CodeIgniter\Debug\Exceptions->errorHandler(2, 'Undefined variable $userid', 'C:\\xampp\\htdocs\\ci\\app\\Views\\myviews1.php', 15)
 2 SYSTEMPATH\View\View.php(228): include('C:\\xampp\\htdocs\\ci\\app\\Views\\myviews1.php')
 3 SYSTEMPATH\View\View.php(231): CodeIgniter\View\View->CodeIgniter\View\{closure}()
 4 SYSTEMPATH\Common.php(1178): CodeIgniter\View\View->render('myviews1', [], true)
 5 APPPATH\Controllers\test.php(140): view('myviews1')
 6 SYSTEMPATH\CodeIgniter.php(941): App\Controllers\test->login()
 7 SYSTEMPATH\CodeIgniter.php(502): CodeIgniter\CodeIgniter->runController(Object(App\Controllers\test))
 8 SYSTEMPATH\CodeIgniter.php(361): CodeIgniter\CodeIgniter->handleRequest(null, Object(Config\Cache), false)
 9 FCPATH\index.php(85): CodeIgniter\CodeIgniter->run()
INFO - 2024-06-25 02:28:37 --> Session: Class initialized using 'CodeIgniter\Session\Handlers\FileHandler' driver.
WARNING - 2024-06-25 02:28:37 --> Session: Sessions is enabled, and one exists. Please don't $session->start();
CRITICAL - 2024-06-25 02:28:37 --> ErrorException: Undefined variable $userid
in APPPATH\Views\myviews1.php on line 15.
 1 APPPATH\Views\myviews1.php(15): CodeIgniter\Debug\Exceptions->errorHandler(2, 'Undefined variable $userid', 'C:\\xampp\\htdocs\\ci\\app\\Views\\myviews1.php', 15)
 2 SYSTEMPATH\View\View.php(228): include('C:\\xampp\\htdocs\\ci\\app\\Views\\myviews1.php')
 3 SYSTEMPATH\View\View.php(231): CodeIgniter\View\View->CodeIgniter\View\{closure}()
 4 SYSTEMPATH\Common.php(1178): CodeIgniter\View\View->render('myviews1', [], true)
 5 APPPATH\Controllers\test.php(140): view('myviews1')
 6 SYSTEMPATH\CodeIgniter.php(941): App\Controllers\test->login()
 7 SYSTEMPATH\CodeIgniter.php(502): CodeIgniter\CodeIgniter->runController(Object(App\Controllers\test))
 8 SYSTEMPATH\CodeIgniter.php(361): CodeIgniter\CodeIgniter->handleRequest(null, Object(Config\Cache), false)
 9 FCPATH\index.php(85): CodeIgniter\CodeIgniter->run()
INFO - 2024-06-25 02:28:37 --> Session: Class initialized using 'CodeIgniter\Session\Handlers\FileHandler' driver.
WARNING - 2024-06-25 02:28:37 --> Session: Sessions is enabled, and one exists. Please don't $session->start();
CRITICAL - 2024-06-25 02:28:37 --> ErrorException: Undefined variable $userid
in APPPATH\Views\myviews1.php on line 15.
 1 APPPATH\Views\myviews1.php(15): CodeIgniter\Debug\Exceptions->errorHandler(2, 'Undefined variable $userid', 'C:\\xampp\\htdocs\\ci\\app\\Views\\myviews1.php', 15)
 2 SYSTEMPATH\View\View.php(228): include('C:\\xampp\\htdocs\\ci\\app\\Views\\myviews1.php')
 3 SYSTEMPATH\View\View.php(231): CodeIgniter\View\View->CodeIgniter\View\{closure}()
 4 SYSTEMPATH\Common.php(1178): CodeIgniter\View\View->render('myviews1', [], true)
 5 APPPATH\Controllers\test.php(140): view('myviews1')
 6 SYSTEMPATH\CodeIgniter.php(941): App\Controllers\test->login()
 7 SYSTEMPATH\CodeIgniter.php(502): CodeIgniter\CodeIgniter->runController(Object(App\Controllers\test))
 8 SYSTEMPATH\CodeIgniter.php(361): CodeIgniter\CodeIgniter->handleRequest(null, Object(Config\Cache), false)
 9 FCPATH\index.php(85): CodeIgniter\CodeIgniter->run()
INFO - 2024-06-25 02:29:05 --> Session: Class initialized using 'CodeIgniter\Session\Handlers\FileHandler' driver.
WARNING - 2024-06-25 02:29:05 --> Session: Sessions is enabled, and one exists. Please don't $session->start();
CRITICAL - 2024-06-25 02:29:05 --> ErrorException: Undefined variable $userid
in APPPATH\Views\myviews1.php on line 15.
 1 APPPATH\Views\myviews1.php(15): CodeIgniter\Debug\Exceptions->errorHandler(2, 'Undefined variable $userid', 'C:\\xampp\\htdocs\\ci\\app\\Views\\myviews1.php', 15)
 2 SYSTEMPATH\View\View.php(228): include('C:\\xampp\\htdocs\\ci\\app\\Views\\myviews1.php')
 3 SYSTEMPATH\View\View.php(231): CodeIgniter\View\View->CodeIgniter\View\{closure}()
 4 SYSTEMPATH\Common.php(1178): CodeIgniter\View\View->render('myviews1', [], true)
 5 APPPATH\Controllers\test.php(140): view('myviews1')
 6 SYSTEMPATH\CodeIgniter.php(941): App\Controllers\test->login()
 7 SYSTEMPATH\CodeIgniter.php(502): CodeIgniter\CodeIgniter->runController(Object(App\Controllers\test))
 8 SYSTEMPATH\CodeIgniter.php(361): CodeIgniter\CodeIgniter->handleRequest(null, Object(Config\Cache), false)
 9 FCPATH\index.php(85): CodeIgniter\CodeIgniter->run()
INFO - 2024-06-25 02:29:05 --> Session: Class initialized using 'CodeIgniter\Session\Handlers\FileHandler' driver.
WARNING - 2024-06-25 02:29:05 --> Session: Sessions is enabled, and one exists. Please don't $session->start();
CRITICAL - 2024-06-25 02:29:05 --> ErrorException: Undefined variable $userid
in APPPATH\Views\myviews1.php on line 15.
 1 APPPATH\Views\myviews1.php(15): CodeIgniter\Debug\Exceptions->errorHandler(2, 'Undefined variable $userid', 'C:\\xampp\\htdocs\\ci\\app\\Views\\myviews1.php', 15)
 2 SYSTEMPATH\View\View.php(228): include('C:\\xampp\\htdocs\\ci\\app\\Views\\myviews1.php')
 3 SYSTEMPATH\View\View.php(231): CodeIgniter\View\View->CodeIgniter\View\{closure}()
 4 SYSTEMPATH\Common.php(1178): CodeIgniter\View\View->render('myviews1', [], true)
 5 APPPATH\Controllers\test.php(140): view('myviews1')
 6 SYSTEMPATH\CodeIgniter.php(941): App\Controllers\test->login()
 7 SYSTEMPATH\CodeIgniter.php(502): CodeIgniter\CodeIgniter->runController(Object(App\Controllers\test))
 8 SYSTEMPATH\CodeIgniter.php(361): CodeIgniter\CodeIgniter->handleRequest(null, Object(Config\Cache), false)
 9 FCPATH\index.php(85): CodeIgniter\CodeIgniter->run()
INFO - 2024-06-25 02:29:06 --> Session: Class initialized using 'CodeIgniter\Session\Handlers\FileHandler' driver.
WARNING - 2024-06-25 02:29:06 --> Session: Sessions is enabled, and one exists. Please don't $session->start();
CRITICAL - 2024-06-25 02:29:06 --> ErrorException: Undefined variable $userid
in APPPATH\Views\myviews1.php on line 15.
 1 APPPATH\Views\myviews1.php(15): CodeIgniter\Debug\Exceptions->errorHandler(2, 'Undefined variable $userid', 'C:\\xampp\\htdocs\\ci\\app\\Views\\myviews1.php', 15)
 2 SYSTEMPATH\View\View.php(228): include('C:\\xampp\\htdocs\\ci\\app\\Views\\myviews1.php')
 3 SYSTEMPATH\View\View.php(231): CodeIgniter\View\View->CodeIgniter\View\{closure}()
 4 SYSTEMPATH\Common.php(1178): CodeIgniter\View\View->render('myviews1', [], true)
 5 APPPATH\Controllers\test.php(140): view('myviews1')
 6 SYSTEMPATH\CodeIgniter.php(941): App\Controllers\test->login()
 7 SYSTEMPATH\CodeIgniter.php(502): CodeIgniter\CodeIgniter->runController(Object(App\Controllers\test))
 8 SYSTEMPATH\CodeIgniter.php(361): CodeIgniter\CodeIgniter->handleRequest(null, Object(Config\Cache), false)
 9 FCPATH\index.php(85): CodeIgniter\CodeIgniter->run()
INFO - 2024-06-25 02:29:06 --> Session: Class initialized using 'CodeIgniter\Session\Handlers\FileHandler' driver.
WARNING - 2024-06-25 02:29:06 --> Session: Sessions is enabled, and one exists. Please don't $session->start();
INFO - 2024-06-25 02:29:07 --> Session: Class initialized using 'CodeIgniter\Session\Handlers\FileHandler' driver.
WARNING - 2024-06-25 02:29:07 --> Session: Sessions is enabled, and one exists. Please don't $session->start();
INFO - 2024-06-25 02:29:08 --> Session: Class initialized using 'CodeIgniter\Session\Handlers\FileHandler' driver.
WARNING - 2024-06-25 02:29:08 --> Session: Sessions is enabled, and one exists. Please don't $session->start();
INFO - 2024-06-25 02:29:08 --> Session: Class initialized using 'CodeIgniter\Session\Handlers\FileHandler' driver.
WARNING - 2024-06-25 02:29:08 --> Session: Sessions is enabled, and one exists. Please don't $session->start();
INFO - 2024-06-25 02:29:11 --> Session: Class initialized using 'CodeIgniter\Session\Handlers\FileHandler' driver.
WARNING - 2024-06-25 02:29:11 --> Session: Sessions is enabled, and one exists. Please don't $session->start();
CRITICAL - 2024-06-25 02:29:11 --> ErrorException: Undefined variable $userid
in APPPATH\Views\myviews1.php on line 15.
 1 APPPATH\Views\myviews1.php(15): CodeIgniter\Debug\Exceptions->errorHandler(2, 'Undefined variable $userid', 'C:\\xampp\\htdocs\\ci\\app\\Views\\myviews1.php', 15)
 2 SYSTEMPATH\View\View.php(228): include('C:\\xampp\\htdocs\\ci\\app\\Views\\myviews1.php')
 3 SYSTEMPATH\View\View.php(231): CodeIgniter\View\View->CodeIgniter\View\{closure}()
 4 SYSTEMPATH\Common.php(1178): CodeIgniter\View\View->render('myviews1', [], true)
 5 APPPATH\Controllers\test.php(140): view('myviews1')
 6 SYSTEMPATH\CodeIgniter.php(941): App\Controllers\test->login()
 7 SYSTEMPATH\CodeIgniter.php(502): CodeIgniter\CodeIgniter->runController(Object(App\Controllers\test))
 8 SYSTEMPATH\CodeIgniter.php(361): CodeIgniter\CodeIgniter->handleRequest(null, Object(Config\Cache), false)
 9 FCPATH\index.php(85): CodeIgniter\CodeIgniter->run()
INFO - 2024-06-25 02:33:30 --> Session: Class initialized using 'CodeIgniter\Session\Handlers\FileHandler' driver.
WARNING - 2024-06-25 02:33:30 --> Session: Sessions is enabled, and one exists. Please don't $session->start();
CRITICAL - 2024-06-25 02:39:37 --> ParseError: syntax error, unexpected token ";", expecting ")"
in APPPATH\Controllers\test.php on line 26.
 1 SYSTEMPATH\Router\Router.php(514): CodeIgniter\Router\AutoRouter->getRoute('test/logout', 'post')
 2 SYSTEMPATH\Router\Router.php(210): CodeIgniter\Router\Router->autoRoute('test/logout')
 3 SYSTEMPATH\CodeIgniter.php(823): CodeIgniter\Router\Router->handle('test/logout')
 4 SYSTEMPATH\CodeIgniter.php(450): CodeIgniter\CodeIgniter->tryToRouteIt(Object(CodeIgniter\Router\RouteCollection))
 5 SYSTEMPATH\CodeIgniter.php(361): CodeIgniter\CodeIgniter->handleRequest(null, Object(Config\Cache), false)
 6 FCPATH\index.php(85): CodeIgniter\CodeIgniter->run()
CRITICAL - 2024-06-25 02:39:39 --> ParseError: syntax error, unexpected token ";", expecting ")"
in APPPATH\Controllers\test.php on line 26.
 1 SYSTEMPATH\Router\Router.php(514): CodeIgniter\Router\AutoRouter->getRoute('test/logout', 'post')
 2 SYSTEMPATH\Router\Router.php(210): CodeIgniter\Router\Router->autoRoute('test/logout')
 3 SYSTEMPATH\CodeIgniter.php(823): CodeIgniter\Router\Router->handle('test/logout')
 4 SYSTEMPATH\CodeIgniter.php(450): CodeIgniter\CodeIgniter->tryToRouteIt(Object(CodeIgniter\Router\RouteCollection))
 5 SYSTEMPATH\CodeIgniter.php(361): CodeIgniter\CodeIgniter->handleRequest(null, Object(Config\Cache), false)
 6 FCPATH\index.php(85): CodeIgniter\CodeIgniter->run()
INFO - 2024-06-25 02:40:59 --> Session: Class initialized using 'CodeIgniter\Session\Handlers\FileHandler' driver.
WARNING - 2024-06-25 02:40:59 --> Session: Sessions is enabled, and one exists. Please don't $session->start();
INFO - 2024-06-25 02:40:59 --> Session: Class initialized using 'CodeIgniter\Session\Handlers\FileHandler' driver.
WARNING - 2024-06-25 02:40:59 --> Session: Sessions is enabled, and one exists. Please don't $session->start();
CRITICAL - 2024-06-25 02:40:59 --> ErrorException: Undefined variable $getuserid
in APPPATH\Controllers\test.php on line 25.
 1 APPPATH\Controllers\test.php(25): CodeIgniter\Debug\Exceptions->errorHandler(2, 'Undefined variable $getuserid', 'C:\\xampp\\htdocs\\ci\\app\\Controllers\\test.php', 25)
 2 SYSTEMPATH\CodeIgniter.php(941): App\Controllers\test->index()
 3 SYSTEMPATH\CodeIgniter.php(502): CodeIgniter\CodeIgniter->runController(Object(App\Controllers\test))
 4 SYSTEMPATH\CodeIgniter.php(361): CodeIgniter\CodeIgniter->handleRequest(null, Object(Config\Cache), false)
 5 FCPATH\index.php(85): CodeIgniter\CodeIgniter->run()
INFO - 2024-06-25 02:42:14 --> Session: Class initialized using 'CodeIgniter\Session\Handlers\FileHandler' driver.
WARNING - 2024-06-25 02:42:14 --> Session: Sessions is enabled, and one exists. Please don't $session->start();
CRITICAL - 2024-06-25 02:42:14 --> ErrorException: Undefined variable $getuserid
in APPPATH\Controllers\test.php on line 25.
 1 APPPATH\Controllers\test.php(25): CodeIgniter\Debug\Exceptions->errorHandler(2, 'Undefined variable $getuserid', 'C:\\xampp\\htdocs\\ci\\app\\Controllers\\test.php', 25)
 2 SYSTEMPATH\CodeIgniter.php(941): App\Controllers\test->index()
 3 SYSTEMPATH\CodeIgniter.php(502): CodeIgniter\CodeIgniter->runController(Object(App\Controllers\test))
 4 SYSTEMPATH\CodeIgniter.php(361): CodeIgniter\CodeIgniter->handleRequest(null, Object(Config\Cache), false)
 5 FCPATH\index.php(85): CodeIgniter\CodeIgniter->run()
INFO - 2024-06-25 02:42:15 --> Session: Class initialized using 'CodeIgniter\Session\Handlers\FileHandler' driver.
WARNING - 2024-06-25 02:42:15 --> Session: Sessions is enabled, and one exists. Please don't $session->start();
CRITICAL - 2024-06-25 02:42:15 --> ErrorException: Undefined variable $getuserid
in APPPATH\Controllers\test.php on line 25.
 1 APPPATH\Controllers\test.php(25): CodeIgniter\Debug\Exceptions->errorHandler(2, 'Undefined variable $getuserid', 'C:\\xampp\\htdocs\\ci\\app\\Controllers\\test.php', 25)
 2 SYSTEMPATH\CodeIgniter.php(941): App\Controllers\test->index()
 3 SYSTEMPATH\CodeIgniter.php(502): CodeIgniter\CodeIgniter->runController(Object(App\Controllers\test))
 4 SYSTEMPATH\CodeIgniter.php(361): CodeIgniter\CodeIgniter->handleRequest(null, Object(Config\Cache), false)
 5 FCPATH\index.php(85): CodeIgniter\CodeIgniter->run()
INFO - 2024-06-25 02:42:54 --> Session: Class initialized using 'CodeIgniter\Session\Handlers\FileHandler' driver.
WARNING - 2024-06-25 02:42:54 --> Session: Sessions is enabled, and one exists. Please don't $session->start();
CRITICAL - 2024-06-25 02:42:54 --> ErrorException: Undefined variable $getuserid
in APPPATH\Controllers\test.php on line 25.
 1 APPPATH\Controllers\test.php(25): CodeIgniter\Debug\Exceptions->errorHandler(2, 'Undefined variable $getuserid', 'C:\\xampp\\htdocs\\ci\\app\\Controllers\\test.php', 25)
 2 SYSTEMPATH\CodeIgniter.php(941): App\Controllers\test->index()
 3 SYSTEMPATH\CodeIgniter.php(502): CodeIgniter\CodeIgniter->runController(Object(App\Controllers\test))
 4 SYSTEMPATH\CodeIgniter.php(361): CodeIgniter\CodeIgniter->handleRequest(null, Object(Config\Cache), false)
 5 FCPATH\index.php(85): CodeIgniter\CodeIgniter->run()
INFO - 2024-06-25 02:43:43 --> Session: Class initialized using 'CodeIgniter\Session\Handlers\FileHandler' driver.
WARNING - 2024-06-25 02:43:43 --> Session: Sessions is enabled, and one exists. Please don't $session->start();
CRITICAL - 2024-06-25 02:43:43 --> ErrorException: Undefined variable $userid
in APPPATH\Controllers\test.php on line 25.
 1 APPPATH\Controllers\test.php(25): CodeIgniter\Debug\Exceptions->errorHandler(2, 'Undefined variable $userid', 'C:\\xampp\\htdocs\\ci\\app\\Controllers\\test.php', 25)
 2 SYSTEMPATH\CodeIgniter.php(941): App\Controllers\test->index()
 3 SYSTEMPATH\CodeIgniter.php(502): CodeIgniter\CodeIgniter->runController(Object(App\Controllers\test))
 4 SYSTEMPATH\CodeIgniter.php(361): CodeIgniter\CodeIgniter->handleRequest(null, Object(Config\Cache), false)
 5 FCPATH\index.php(85): CodeIgniter\CodeIgniter->run()
INFO - 2024-06-25 02:45:21 --> Session: Class initialized using 'CodeIgniter\Session\Handlers\FileHandler' driver.
WARNING - 2024-06-25 02:45:21 --> Session: Sessions is enabled, and one exists. Please don't $session->start();
INFO - 2024-06-25 02:45:24 --> Session: Class initialized using 'CodeIgniter\Session\Handlers\FileHandler' driver.
WARNING - 2024-06-25 02:45:24 --> Session: Sessions is enabled, and one exists. Please don't $session->start();
CRITICAL - 2024-06-25 02:45:24 --> ArgumentCountError: Too few arguments to function App\Libraries\aescrypt::Encrypt(), 1 passed in C:\xampp\htdocs\ci\app\Controllers\test.php on line 113 and exactly 2 expected
in APPPATH\Libraries\aescrypt.php on line 17.
 1 APPPATH\Controllers\test.php(113): App\Libraries\aescrypt->Encrypt('"67581"')
 2 SYSTEMPATH\CodeIgniter.php(941): App\Controllers\test->login()
 3 SYSTEMPATH\CodeIgniter.php(502): CodeIgniter\CodeIgniter->runController(Object(App\Controllers\test))
 4 SYSTEMPATH\CodeIgniter.php(361): CodeIgniter\CodeIgniter->handleRequest(null, Object(Config\Cache), false)
 5 FCPATH\index.php(85): CodeIgniter\CodeIgniter->run()
INFO - 2024-06-25 02:45:28 --> Session: Class initialized using 'CodeIgniter\Session\Handlers\FileHandler' driver.
WARNING - 2024-06-25 02:45:28 --> Session: Sessions is enabled, and one exists. Please don't $session->start();
CRITICAL - 2024-06-25 02:45:28 --> ArgumentCountError: Too few arguments to function App\Libraries\aescrypt::Encrypt(), 1 passed in C:\xampp\htdocs\ci\app\Controllers\test.php on line 113 and exactly 2 expected
in APPPATH\Libraries\aescrypt.php on line 17.
 1 APPPATH\Controllers\test.php(113): App\Libraries\aescrypt->Encrypt('"67581"')
 2 SYSTEMPATH\CodeIgniter.php(941): App\Controllers\test->login()
 3 SYSTEMPATH\CodeIgniter.php(502): CodeIgniter\CodeIgniter->runController(Object(App\Controllers\test))
 4 SYSTEMPATH\CodeIgniter.php(361): CodeIgniter\CodeIgniter->handleRequest(null, Object(Config\Cache), false)
 5 FCPATH\index.php(85): CodeIgniter\CodeIgniter->run()
INFO - 2024-06-25 02:45:28 --> Session: Class initialized using 'CodeIgniter\Session\Handlers\FileHandler' driver.
WARNING - 2024-06-25 02:45:28 --> Session: Sessions is enabled, and one exists. Please don't $session->start();
CRITICAL - 2024-06-25 02:45:28 --> ArgumentCountError: Too few arguments to function App\Libraries\aescrypt::Encrypt(), 1 passed in C:\xampp\htdocs\ci\app\Controllers\test.php on line 113 and exactly 2 expected
in APPPATH\Libraries\aescrypt.php on line 17.
 1 APPPATH\Controllers\test.php(113): App\Libraries\aescrypt->Encrypt('"67581"')
 2 SYSTEMPATH\CodeIgniter.php(941): App\Controllers\test->login()
 3 SYSTEMPATH\CodeIgniter.php(502): CodeIgniter\CodeIgniter->runController(Object(App\Controllers\test))
 4 SYSTEMPATH\CodeIgniter.php(361): CodeIgniter\CodeIgniter->handleRequest(null, Object(Config\Cache), false)
 5 FCPATH\index.php(85): CodeIgniter\CodeIgniter->run()
INFO - 2024-06-25 02:45:28 --> Session: Class initialized using 'CodeIgniter\Session\Handlers\FileHandler' driver.
WARNING - 2024-06-25 02:45:28 --> Session: Sessions is enabled, and one exists. Please don't $session->start();
CRITICAL - 2024-06-25 02:45:29 --> ArgumentCountError: Too few arguments to function App\Libraries\aescrypt::Encrypt(), 1 passed in C:\xampp\htdocs\ci\app\Controllers\test.php on line 113 and exactly 2 expected
in APPPATH\Libraries\aescrypt.php on line 17.
 1 APPPATH\Controllers\test.php(113): App\Libraries\aescrypt->Encrypt('"67581"')
 2 SYSTEMPATH\CodeIgniter.php(941): App\Controllers\test->login()
 3 SYSTEMPATH\CodeIgniter.php(502): CodeIgniter\CodeIgniter->runController(Object(App\Controllers\test))
 4 SYSTEMPATH\CodeIgniter.php(361): CodeIgniter\CodeIgniter->handleRequest(null, Object(Config\Cache), false)
 5 FCPATH\index.php(85): CodeIgniter\CodeIgniter->run()
INFO - 2024-06-25 02:46:27 --> Session: Class initialized using 'CodeIgniter\Session\Handlers\FileHandler' driver.
WARNING - 2024-06-25 02:46:27 --> Session: Sessions is enabled, and one exists. Please don't $session->start();
INFO - 2024-06-25 02:46:30 --> Session: Class initialized using 'CodeIgniter\Session\Handlers\FileHandler' driver.
WARNING - 2024-06-25 02:46:30 --> Session: Sessions is enabled, and one exists. Please don't $session->start();
INFO - 2024-06-25 02:46:30 --> Session: Class initialized using 'CodeIgniter\Session\Handlers\FileHandler' driver.
WARNING - 2024-06-25 02:46:30 --> Session: Sessions is enabled, and one exists. Please don't $session->start();
INFO - 2024-06-25 02:46:33 --> Session: Class initialized using 'CodeIgniter\Session\Handlers\FileHandler' driver.
WARNING - 2024-06-25 02:46:33 --> Session: Sessions is enabled, and one exists. Please don't $session->start();
CRITICAL - 2024-06-25 02:46:33 --> ErrorException: Undefined variable $userid
in APPPATH\Views\myviews1.php on line 15.
 1 APPPATH\Views\myviews1.php(15): CodeIgniter\Debug\Exceptions->errorHandler(2, 'Undefined variable $userid', 'C:\\xampp\\htdocs\\ci\\app\\Views\\myviews1.php', 15)
 2 SYSTEMPATH\View\View.php(228): include('C:\\xampp\\htdocs\\ci\\app\\Views\\myviews1.php')
 3 SYSTEMPATH\View\View.php(231): CodeIgniter\View\View->CodeIgniter\View\{closure}()
 4 SYSTEMPATH\Common.php(1178): CodeIgniter\View\View->render('myviews1', [], true)
 5 APPPATH\Controllers\test.php(149): view('myviews1')
 6 SYSTEMPATH\CodeIgniter.php(941): App\Controllers\test->login()
 7 SYSTEMPATH\CodeIgniter.php(502): CodeIgniter\CodeIgniter->runController(Object(App\Controllers\test))
 8 SYSTEMPATH\CodeIgniter.php(361): CodeIgniter\CodeIgniter->handleRequest(null, Object(Config\Cache), false)
 9 FCPATH\index.php(85): CodeIgniter\CodeIgniter->run()
INFO - 2024-06-25 02:47:32 --> Session: Class initialized using 'CodeIgniter\Session\Handlers\FileHandler' driver.
WARNING - 2024-06-25 02:47:32 --> Session: Sessions is enabled, and one exists. Please don't $session->start();
INFO - 2024-06-25 02:47:36 --> Session: Class initialized using 'CodeIgniter\Session\Handlers\FileHandler' driver.
WARNING - 2024-06-25 02:47:36 --> Session: Sessions is enabled, and one exists. Please don't $session->start();
INFO - 2024-06-25 02:47:36 --> Session: Class initialized using 'CodeIgniter\Session\Handlers\FileHandler' driver.
WARNING - 2024-06-25 02:47:36 --> Session: Sessions is enabled, and one exists. Please don't $session->start();
INFO - 2024-06-25 02:47:41 --> Session: Class initialized using 'CodeIgniter\Session\Handlers\FileHandler' driver.
WARNING - 2024-06-25 02:47:41 --> Session: Sessions is enabled, and one exists. Please don't $session->start();
CRITICAL - 2024-06-25 02:47:41 --> ErrorException: Undefined variable $userid
in APPPATH\Views\myviews1.php on line 15.
 1 APPPATH\Views\myviews1.php(15): CodeIgniter\Debug\Exceptions->errorHandler(2, 'Undefined variable $userid', 'C:\\xampp\\htdocs\\ci\\app\\Views\\myviews1.php', 15)
 2 SYSTEMPATH\View\View.php(228): include('C:\\xampp\\htdocs\\ci\\app\\Views\\myviews1.php')
 3 SYSTEMPATH\View\View.php(231): CodeIgniter\View\View->CodeIgniter\View\{closure}()
 4 SYSTEMPATH\Common.php(1178): CodeIgniter\View\View->render('myviews1', [], true)
 5 APPPATH\Controllers\test.php(149): view('myviews1')
 6 SYSTEMPATH\CodeIgniter.php(941): App\Controllers\test->login()
 7 SYSTEMPATH\CodeIgniter.php(502): CodeIgniter\CodeIgniter->runController(Object(App\Controllers\test))
 8 SYSTEMPATH\CodeIgniter.php(361): CodeIgniter\CodeIgniter->handleRequest(null, Object(Config\Cache), false)
 9 FCPATH\index.php(85): CodeIgniter\CodeIgniter->run()
INFO - 2024-06-25 02:49:30 --> Session: Class initialized using 'CodeIgniter\Session\Handlers\FileHandler' driver.
WARNING - 2024-06-25 02:49:30 --> Session: Sessions is enabled, and one exists. Please don't $session->start();
CRITICAL - 2024-06-25 02:49:30 --> ErrorException: Undefined variable $userid
in APPPATH\Views\myviews1.php on line 15.
 1 APPPATH\Views\myviews1.php(15): CodeIgniter\Debug\Exceptions->errorHandler(2, 'Undefined variable $userid', 'C:\\xampp\\htdocs\\ci\\app\\Views\\myviews1.php', 15)
 2 SYSTEMPATH\View\View.php(228): include('C:\\xampp\\htdocs\\ci\\app\\Views\\myviews1.php')
 3 SYSTEMPATH\View\View.php(231): CodeIgniter\View\View->CodeIgniter\View\{closure}()
 4 SYSTEMPATH\Common.php(1178): CodeIgniter\View\View->render('myviews1', [], true)
 5 APPPATH\Controllers\test.php(149): view('myviews1')
 6 SYSTEMPATH\CodeIgniter.php(941): App\Controllers\test->login()
 7 SYSTEMPATH\CodeIgniter.php(502): CodeIgniter\CodeIgniter->runController(Object(App\Controllers\test))
 8 SYSTEMPATH\CodeIgniter.php(361): CodeIgniter\CodeIgniter->handleRequest(null, Object(Config\Cache), false)
 9 FCPATH\index.php(85): CodeIgniter\CodeIgniter->run()
INFO - 2024-06-25 02:49:34 --> Session: Class initialized using 'CodeIgniter\Session\Handlers\FileHandler' driver.
WARNING - 2024-06-25 02:49:34 --> Session: Sessions is enabled, and one exists. Please don't $session->start();
INFO - 2024-06-25 02:49:45 --> Session: Class initialized using 'CodeIgniter\Session\Handlers\FileHandler' driver.
WARNING - 2024-06-25 02:49:45 --> Session: Sessions is enabled, and one exists. Please don't $session->start();
INFO - 2024-06-25 02:49:50 --> Session: Class initialized using 'CodeIgniter\Session\Handlers\FileHandler' driver.
WARNING - 2024-06-25 02:49:50 --> Session: Sessions is enabled, and one exists. Please don't $session->start();
CRITICAL - 2024-06-25 02:49:50 --> ErrorException: Undefined variable $userid
in APPPATH\Views\myviews1.php on line 15.
 1 APPPATH\Views\myviews1.php(15): CodeIgniter\Debug\Exceptions->errorHandler(2, 'Undefined variable $userid', 'C:\\xampp\\htdocs\\ci\\app\\Views\\myviews1.php', 15)
 2 SYSTEMPATH\View\View.php(228): include('C:\\xampp\\htdocs\\ci\\app\\Views\\myviews1.php')
 3 SYSTEMPATH\View\View.php(231): CodeIgniter\View\View->CodeIgniter\View\{closure}()
 4 SYSTEMPATH\Common.php(1178): CodeIgniter\View\View->render('myviews1', [], true)
 5 APPPATH\Controllers\test.php(149): view('myviews1')
 6 SYSTEMPATH\CodeIgniter.php(941): App\Controllers\test->login()
 7 SYSTEMPATH\CodeIgniter.php(502): CodeIgniter\CodeIgniter->runController(Object(App\Controllers\test))
 8 SYSTEMPATH\CodeIgniter.php(361): CodeIgniter\CodeIgniter->handleRequest(null, Object(Config\Cache), false)
 9 FCPATH\index.php(85): CodeIgniter\CodeIgniter->run()
INFO - 2024-06-25 02:50:33 --> Session: Class initialized using 'CodeIgniter\Session\Handlers\FileHandler' driver.
WARNING - 2024-06-25 02:50:33 --> Session: Sessions is enabled, and one exists. Please don't $session->start();
CRITICAL - 2024-06-25 02:50:33 --> ErrorException: Undefined variable $userid
in APPPATH\Views\myviews1.php on line 15.
 1 APPPATH\Views\myviews1.php(15): CodeIgniter\Debug\Exceptions->errorHandler(2, 'Undefined variable $userid', 'C:\\xampp\\htdocs\\ci\\app\\Views\\myviews1.php', 15)
 2 SYSTEMPATH\View\View.php(228): include('C:\\xampp\\htdocs\\ci\\app\\Views\\myviews1.php')
 3 SYSTEMPATH\View\View.php(231): CodeIgniter\View\View->CodeIgniter\View\{closure}()
 4 SYSTEMPATH\Common.php(1178): CodeIgniter\View\View->render('myviews1', [], true)
 5 APPPATH\Controllers\test.php(149): view('myviews1')
 6 SYSTEMPATH\CodeIgniter.php(941): App\Controllers\test->login()
 7 SYSTEMPATH\CodeIgniter.php(502): CodeIgniter\CodeIgniter->runController(Object(App\Controllers\test))
 8 SYSTEMPATH\CodeIgniter.php(361): CodeIgniter\CodeIgniter->handleRequest(null, Object(Config\Cache), false)
 9 FCPATH\index.php(85): CodeIgniter\CodeIgniter->run()
INFO - 2024-06-25 02:50:38 --> Session: Class initialized using 'CodeIgniter\Session\Handlers\FileHandler' driver.
WARNING - 2024-06-25 02:50:38 --> Session: Sessions is enabled, and one exists. Please don't $session->start();
CRITICAL - 2024-06-25 02:50:38 --> ErrorException: Undefined variable $userid
in APPPATH\Controllers\test.php on line 30.
 1 APPPATH\Controllers\test.php(30): CodeIgniter\Debug\Exceptions->errorHandler(2, 'Undefined variable $userid', 'C:\\xampp\\htdocs\\ci\\app\\Controllers\\test.php', 30)
 2 SYSTEMPATH\CodeIgniter.php(941): App\Controllers\test->index()
 3 SYSTEMPATH\CodeIgniter.php(502): CodeIgniter\CodeIgniter->runController(Object(App\Controllers\test))
 4 SYSTEMPATH\CodeIgniter.php(361): CodeIgniter\CodeIgniter->handleRequest(null, Object(Config\Cache), false)
 5 FCPATH\index.php(85): CodeIgniter\CodeIgniter->run()
INFO - 2024-06-25 02:50:39 --> Session: Class initialized using 'CodeIgniter\Session\Handlers\FileHandler' driver.
WARNING - 2024-06-25 02:50:39 --> Session: Sessions is enabled, and one exists. Please don't $session->start();
CRITICAL - 2024-06-25 02:50:39 --> ErrorException: Undefined variable $userid
in APPPATH\Controllers\test.php on line 30.
 1 APPPATH\Controllers\test.php(30): CodeIgniter\Debug\Exceptions->errorHandler(2, 'Undefined variable $userid', 'C:\\xampp\\htdocs\\ci\\app\\Controllers\\test.php', 30)
 2 SYSTEMPATH\CodeIgniter.php(941): App\Controllers\test->index()
 3 SYSTEMPATH\CodeIgniter.php(502): CodeIgniter\CodeIgniter->runController(Object(App\Controllers\test))
 4 SYSTEMPATH\CodeIgniter.php(361): CodeIgniter\CodeIgniter->handleRequest(null, Object(Config\Cache), false)
 5 FCPATH\index.php(85): CodeIgniter\CodeIgniter->run()
INFO - 2024-06-25 02:50:52 --> Session: Class initialized using 'CodeIgniter\Session\Handlers\FileHandler' driver.
WARNING - 2024-06-25 02:50:52 --> Session: Sessions is enabled, and one exists. Please don't $session->start();
CRITICAL - 2024-06-25 02:50:52 --> ErrorException: Undefined variable $userid
in APPPATH\Controllers\test.php on line 30.
 1 APPPATH\Controllers\test.php(30): CodeIgniter\Debug\Exceptions->errorHandler(2, 'Undefined variable $userid', 'C:\\xampp\\htdocs\\ci\\app\\Controllers\\test.php', 30)
 2 SYSTEMPATH\CodeIgniter.php(941): App\Controllers\test->index()
 3 SYSTEMPATH\CodeIgniter.php(502): CodeIgniter\CodeIgniter->runController(Object(App\Controllers\test))
 4 SYSTEMPATH\CodeIgniter.php(361): CodeIgniter\CodeIgniter->handleRequest(null, Object(Config\Cache), false)
 5 FCPATH\index.php(85): CodeIgniter\CodeIgniter->run()
INFO - 2024-06-25 02:50:54 --> Session: Class initialized using 'CodeIgniter\Session\Handlers\FileHandler' driver.
WARNING - 2024-06-25 02:50:54 --> Session: Sessions is enabled, and one exists. Please don't $session->start();
CRITICAL - 2024-06-25 02:50:54 --> ErrorException: Undefined variable $userid
in APPPATH\Controllers\test.php on line 30.
 1 APPPATH\Controllers\test.php(30): CodeIgniter\Debug\Exceptions->errorHandler(2, 'Undefined variable $userid', 'C:\\xampp\\htdocs\\ci\\app\\Controllers\\test.php', 30)
 2 SYSTEMPATH\CodeIgniter.php(941): App\Controllers\test->index()
 3 SYSTEMPATH\CodeIgniter.php(502): CodeIgniter\CodeIgniter->runController(Object(App\Controllers\test))
 4 SYSTEMPATH\CodeIgniter.php(361): CodeIgniter\CodeIgniter->handleRequest(null, Object(Config\Cache), false)
 5 FCPATH\index.php(85): CodeIgniter\CodeIgniter->run()
INFO - 2024-06-25 02:50:56 --> Session: Class initialized using 'CodeIgniter\Session\Handlers\FileHandler' driver.
WARNING - 2024-06-25 02:50:56 --> Session: Sessions is enabled, and one exists. Please don't $session->start();
CRITICAL - 2024-06-25 02:50:56 --> ErrorException: Undefined variable $userid
in APPPATH\Controllers\test.php on line 30.
 1 APPPATH\Controllers\test.php(30): CodeIgniter\Debug\Exceptions->errorHandler(2, 'Undefined variable $userid', 'C:\\xampp\\htdocs\\ci\\app\\Controllers\\test.php', 30)
 2 SYSTEMPATH\CodeIgniter.php(941): App\Controllers\test->index()
 3 SYSTEMPATH\CodeIgniter.php(502): CodeIgniter\CodeIgniter->runController(Object(App\Controllers\test))
 4 SYSTEMPATH\CodeIgniter.php(361): CodeIgniter\CodeIgniter->handleRequest(null, Object(Config\Cache), false)
 5 FCPATH\index.php(85): CodeIgniter\CodeIgniter->run()
INFO - 2024-06-25 02:50:56 --> Session: Class initialized using 'CodeIgniter\Session\Handlers\FileHandler' driver.
WARNING - 2024-06-25 02:50:56 --> Session: Sessions is enabled, and one exists. Please don't $session->start();
CRITICAL - 2024-06-25 02:50:56 --> ErrorException: Undefined variable $userid
in APPPATH\Views\myviews1.php on line 15.
 1 APPPATH\Views\myviews1.php(15): CodeIgniter\Debug\Exceptions->errorHandler(2, 'Undefined variable $userid', 'C:\\xampp\\htdocs\\ci\\app\\Views\\myviews1.php', 15)
 2 SYSTEMPATH\View\View.php(228): include('C:\\xampp\\htdocs\\ci\\app\\Views\\myviews1.php')
 3 SYSTEMPATH\View\View.php(231): CodeIgniter\View\View->CodeIgniter\View\{closure}()
 4 SYSTEMPATH\Common.php(1178): CodeIgniter\View\View->render('myviews1', [], true)
 5 APPPATH\Controllers\test.php(149): view('myviews1')
 6 SYSTEMPATH\CodeIgniter.php(941): App\Controllers\test->login()
 7 SYSTEMPATH\CodeIgniter.php(502): CodeIgniter\CodeIgniter->runController(Object(App\Controllers\test))
 8 SYSTEMPATH\CodeIgniter.php(361): CodeIgniter\CodeIgniter->handleRequest(null, Object(Config\Cache), false)
 9 FCPATH\index.php(85): CodeIgniter\CodeIgniter->run()
INFO - 2024-06-25 02:50:57 --> Session: Class initialized using 'CodeIgniter\Session\Handlers\FileHandler' driver.
WARNING - 2024-06-25 02:50:57 --> Session: Sessions is enabled, and one exists. Please don't $session->start();
CRITICAL - 2024-06-25 02:50:57 --> ErrorException: Undefined variable $userid
in APPPATH\Controllers\test.php on line 30.
 1 APPPATH\Controllers\test.php(30): CodeIgniter\Debug\Exceptions->errorHandler(2, 'Undefined variable $userid', 'C:\\xampp\\htdocs\\ci\\app\\Controllers\\test.php', 30)
 2 SYSTEMPATH\CodeIgniter.php(941): App\Controllers\test->index()
 3 SYSTEMPATH\CodeIgniter.php(502): CodeIgniter\CodeIgniter->runController(Object(App\Controllers\test))
 4 SYSTEMPATH\CodeIgniter.php(361): CodeIgniter\CodeIgniter->handleRequest(null, Object(Config\Cache), false)
 5 FCPATH\index.php(85): CodeIgniter\CodeIgniter->run()
INFO - 2024-06-25 02:50:58 --> Session: Class initialized using 'CodeIgniter\Session\Handlers\FileHandler' driver.
WARNING - 2024-06-25 02:50:58 --> Session: Sessions is enabled, and one exists. Please don't $session->start();
CRITICAL - 2024-06-25 02:50:58 --> ErrorException: Undefined variable $userid
in APPPATH\Controllers\test.php on line 30.
 1 APPPATH\Controllers\test.php(30): CodeIgniter\Debug\Exceptions->errorHandler(2, 'Undefined variable $userid', 'C:\\xampp\\htdocs\\ci\\app\\Controllers\\test.php', 30)
 2 SYSTEMPATH\CodeIgniter.php(941): App\Controllers\test->index()
 3 SYSTEMPATH\CodeIgniter.php(502): CodeIgniter\CodeIgniter->runController(Object(App\Controllers\test))
 4 SYSTEMPATH\CodeIgniter.php(361): CodeIgniter\CodeIgniter->handleRequest(null, Object(Config\Cache), false)
 5 FCPATH\index.php(85): CodeIgniter\CodeIgniter->run()
INFO - 2024-06-25 02:50:59 --> Session: Class initialized using 'CodeIgniter\Session\Handlers\FileHandler' driver.
WARNING - 2024-06-25 02:50:59 --> Session: Sessions is enabled, and one exists. Please don't $session->start();
CRITICAL - 2024-06-25 02:50:59 --> ErrorException: Undefined variable $userid
in APPPATH\Controllers\test.php on line 30.
 1 APPPATH\Controllers\test.php(30): CodeIgniter\Debug\Exceptions->errorHandler(2, 'Undefined variable $userid', 'C:\\xampp\\htdocs\\ci\\app\\Controllers\\test.php', 30)
 2 SYSTEMPATH\CodeIgniter.php(941): App\Controllers\test->index()
 3 SYSTEMPATH\CodeIgniter.php(502): CodeIgniter\CodeIgniter->runController(Object(App\Controllers\test))
 4 SYSTEMPATH\CodeIgniter.php(361): CodeIgniter\CodeIgniter->handleRequest(null, Object(Config\Cache), false)
 5 FCPATH\index.php(85): CodeIgniter\CodeIgniter->run()
INFO - 2024-06-25 02:51:00 --> Session: Class initialized using 'CodeIgniter\Session\Handlers\FileHandler' driver.
WARNING - 2024-06-25 02:51:00 --> Session: Sessions is enabled, and one exists. Please don't $session->start();
CRITICAL - 2024-06-25 02:51:00 --> ErrorException: Undefined variable $userid
in APPPATH\Controllers\test.php on line 30.
 1 APPPATH\Controllers\test.php(30): CodeIgniter\Debug\Exceptions->errorHandler(2, 'Undefined variable $userid', 'C:\\xampp\\htdocs\\ci\\app\\Controllers\\test.php', 30)
 2 SYSTEMPATH\CodeIgniter.php(941): App\Controllers\test->index()
 3 SYSTEMPATH\CodeIgniter.php(502): CodeIgniter\CodeIgniter->runController(Object(App\Controllers\test))
 4 SYSTEMPATH\CodeIgniter.php(361): CodeIgniter\CodeIgniter->handleRequest(null, Object(Config\Cache), false)
 5 FCPATH\index.php(85): CodeIgniter\CodeIgniter->run()
INFO - 2024-06-25 02:51:26 --> Session: Class initialized using 'CodeIgniter\Session\Handlers\FileHandler' driver.
WARNING - 2024-06-25 02:51:26 --> Session: Sessions is enabled, and one exists. Please don't $session->start();
INFO - 2024-06-25 02:51:34 --> Session: Class initialized using 'CodeIgniter\Session\Handlers\FileHandler' driver.
WARNING - 2024-06-25 02:51:34 --> Session: Sessions is enabled, and one exists. Please don't $session->start();
CRITICAL - 2024-06-25 02:51:34 --> ErrorException: Undefined variable $userid
in APPPATH\Controllers\test.php on line 31.
 1 APPPATH\Controllers\test.php(31): CodeIgniter\Debug\Exceptions->errorHandler(2, 'Undefined variable $userid', 'C:\\xampp\\htdocs\\ci\\app\\Controllers\\test.php', 31)
 2 SYSTEMPATH\CodeIgniter.php(941): App\Controllers\test->index()
 3 SYSTEMPATH\CodeIgniter.php(502): CodeIgniter\CodeIgniter->runController(Object(App\Controllers\test))
 4 SYSTEMPATH\CodeIgniter.php(361): CodeIgniter\CodeIgniter->handleRequest(null, Object(Config\Cache), false)
 5 FCPATH\index.php(85): CodeIgniter\CodeIgniter->run()
INFO - 2024-06-25 02:52:03 --> Session: Class initialized using 'CodeIgniter\Session\Handlers\FileHandler' driver.
WARNING - 2024-06-25 02:52:03 --> Session: Sessions is enabled, and one exists. Please don't $session->start();
INFO - 2024-06-25 02:52:30 --> Session: Class initialized using 'CodeIgniter\Session\Handlers\FileHandler' driver.
WARNING - 2024-06-25 02:52:30 --> Session: Sessions is enabled, and one exists. Please don't $session->start();
INFO - 2024-06-25 02:54:20 --> Session: Class initialized using 'CodeIgniter\Session\Handlers\FileHandler' driver.
WARNING - 2024-06-25 02:54:20 --> Session: Sessions is enabled, and one exists. Please don't $session->start();
INFO - 2024-06-25 03:21:18 --> Session: Class initialized using 'CodeIgniter\Session\Handlers\FileHandler' driver.
WARNING - 2024-06-25 03:21:18 --> Session: Sessions is enabled, and one exists. Please don't $session->start();
