CRITICAL - 2024-07-02 02:02:28 --> ParseError: syntax error, unexpected token ")"
in APPPATH\Controllers\Movie_test.php on line 105.
 1 SYSTEMPATH\Router\Router.php(514): CodeIgniter\Router\AutoRouter->getRoute('movie_test', 'get')
 2 SYSTEMPATH\Router\Router.php(210): CodeIgniter\Router\Router->autoRoute('movie_test')
 3 SYSTEMPATH\CodeIgniter.php(823): CodeIgniter\Router\Router->handle('movie_test')
 4 SYSTEMPATH\CodeIgniter.php(450): CodeIgniter\CodeIgniter->tryToRouteIt(Object(CodeIgniter\Router\RouteCollection))
 5 SYSTEMPATH\CodeIgniter.php(361): CodeIgniter\CodeIgniter->handleRequest(null, Object(Config\Cache), false)
 6 FCPATH\index.php(85): CodeIgniter\CodeIgniter->run()
CRITICAL - 2024-07-02 02:05:03 --> ParseError: syntax error, unexpected token "<<", expecting "function" or "const"
in APPPATH\Controllers\Movie_test.php on line 102.
 1 SYSTEMPATH\Router\Router.php(514): CodeIgniter\Router\AutoRouter->getRoute('Movie_test', 'get')
 2 SYSTEMPATH\Router\Router.php(210): CodeIgniter\Router\Router->autoRoute('Movie_test')
 3 SYSTEMPATH\CodeIgniter.php(823): CodeIgniter\Router\Router->handle('Movie_test')
 4 SYSTEMPATH\CodeIgniter.php(450): CodeIgniter\CodeIgniter->tryToRouteIt(Object(CodeIgniter\Router\RouteCollection))
 5 SYSTEMPATH\CodeIgniter.php(361): CodeIgniter\CodeIgniter->handleRequest(null, Object(Config\Cache), false)
 6 FCPATH\index.php(85): CodeIgniter\CodeIgniter->run()
CRITICAL - 2024-07-02 02:05:04 --> ParseError: syntax error, unexpected token "<<", expecting "function" or "const"
in APPPATH\Controllers\Movie_test.php on line 102.
 1 SYSTEMPATH\Router\Router.php(514): CodeIgniter\Router\AutoRouter->getRoute('Movie_test', 'get')
 2 SYSTEMPATH\Router\Router.php(210): CodeIgniter\Router\Router->autoRoute('Movie_test')
 3 SYSTEMPATH\CodeIgniter.php(823): CodeIgniter\Router\Router->handle('Movie_test')
 4 SYSTEMPATH\CodeIgniter.php(450): CodeIgniter\CodeIgniter->tryToRouteIt(Object(CodeIgniter\Router\RouteCollection))
 5 SYSTEMPATH\CodeIgniter.php(361): CodeIgniter\CodeIgniter->handleRequest(null, Object(Config\Cache), false)
 6 FCPATH\index.php(85): CodeIgniter\CodeIgniter->run()
CRITICAL - 2024-07-02 02:05:42 --> ParseError: syntax error, unexpected token "<<", expecting "function" or "const"
in APPPATH\Controllers\Movie_test.php on line 102.
 1 SYSTEMPATH\Router\Router.php(514): CodeIgniter\Router\AutoRouter->getRoute('Movie_test', 'get')
 2 SYSTEMPATH\Router\Router.php(210): CodeIgniter\Router\Router->autoRoute('Movie_test')
 3 SYSTEMPATH\CodeIgniter.php(823): CodeIgniter\Router\Router->handle('Movie_test')
 4 SYSTEMPATH\CodeIgniter.php(450): CodeIgniter\CodeIgniter->tryToRouteIt(Object(CodeIgniter\Router\RouteCollection))
 5 SYSTEMPATH\CodeIgniter.php(361): CodeIgniter\CodeIgniter->handleRequest(null, Object(Config\Cache), false)
 6 FCPATH\index.php(85): CodeIgniter\CodeIgniter->run()
CRITICAL - 2024-07-02 02:32:33 --> ErrorException: Undefined property: stdClass::$available_seats
in APPPATH\Views\viewsmovie.php on line 84.
 1 APPPATH\Views\viewsmovie.php(84): CodeIgniter\Debug\Exceptions->errorHandler(2, 'Undefined property: stdClass::$available_seats', 'C:\\xampp\\htdocs\\ci\\app\\Views\\viewsmovie.php', 84)
 2 SYSTEMPATH\View\View.php(228): include('C:\\xampp\\htdocs\\ci\\app\\Views\\viewsmovie.php')
 3 SYSTEMPATH\View\View.php(231): CodeIgniter\View\View->CodeIgniter\View\{closure}()
 4 SYSTEMPATH\Common.php(1178): CodeIgniter\View\View->render('viewsmovie', [], true)
 5 APPPATH\Controllers\Movie_test.php(24): view('viewsmovie', [...])
 6 SYSTEMPATH\CodeIgniter.php(941): App\Controllers\Movie_test->index()
 7 SYSTEMPATH\CodeIgniter.php(502): CodeIgniter\CodeIgniter->runController(Object(App\Controllers\Movie_test))
 8 SYSTEMPATH\CodeIgniter.php(361): CodeIgniter\CodeIgniter->handleRequest(null, Object(Config\Cache), false)
 9 FCPATH\index.php(85): CodeIgniter\CodeIgniter->run()
INFO - 2024-07-02 02:33:04 --> Session: Class initialized using 'CodeIgniter\Session\Handlers\FileHandler' driver.
WARNING - 2024-07-02 02:33:04 --> Session: Sessions is enabled, and one exists. Please don't $session->start();
CRITICAL - 2024-07-02 02:33:04 --> ErrorException: Undefined property: stdClass::$available_seats
in APPPATH\Views\viewsmovie.php on line 84.
 1 APPPATH\Views\viewsmovie.php(84): CodeIgniter\Debug\Exceptions->errorHandler(2, 'Undefined property: stdClass::$available_seats', 'C:\\xampp\\htdocs\\ci\\app\\Views\\viewsmovie.php', 84)
 2 SYSTEMPATH\View\View.php(228): include('C:\\xampp\\htdocs\\ci\\app\\Views\\viewsmovie.php')
 3 SYSTEMPATH\View\View.php(231): CodeIgniter\View\View->CodeIgniter\View\{closure}()
 4 SYSTEMPATH\Common.php(1178): CodeIgniter\View\View->render('viewsmovie', [], true)
 5 APPPATH\Controllers\Movie_test.php(24): view('viewsmovie', [...])
 6 SYSTEMPATH\CodeIgniter.php(941): App\Controllers\Movie_test->index()
 7 SYSTEMPATH\CodeIgniter.php(502): CodeIgniter\CodeIgniter->runController(Object(App\Controllers\Movie_test))
 8 SYSTEMPATH\CodeIgniter.php(361): CodeIgniter\CodeIgniter->handleRequest(null, Object(Config\Cache), false)
 9 FCPATH\index.php(85): CodeIgniter\CodeIgniter->run()
INFO - 2024-07-02 02:35:07 --> Session: Class initialized using 'CodeIgniter\Session\Handlers\FileHandler' driver.
WARNING - 2024-07-02 02:35:07 --> Session: Sessions is enabled, and one exists. Please don't $session->start();
CRITICAL - 2024-07-02 02:35:07 --> ErrorException: Undefined property: stdClass::$available_seats
in APPPATH\Views\viewsmovie.php on line 84.
 1 APPPATH\Views\viewsmovie.php(84): CodeIgniter\Debug\Exceptions->errorHandler(2, 'Undefined property: stdClass::$available_seats', 'C:\\xampp\\htdocs\\ci\\app\\Views\\viewsmovie.php', 84)
 2 SYSTEMPATH\View\View.php(228): include('C:\\xampp\\htdocs\\ci\\app\\Views\\viewsmovie.php')
 3 SYSTEMPATH\View\View.php(231): CodeIgniter\View\View->CodeIgniter\View\{closure}()
 4 SYSTEMPATH\Common.php(1178): CodeIgniter\View\View->render('viewsmovie', [], true)
 5 APPPATH\Controllers\Movie_test.php(24): view('viewsmovie', [...])
 6 SYSTEMPATH\CodeIgniter.php(941): App\Controllers\Movie_test->index()
 7 SYSTEMPATH\CodeIgniter.php(502): CodeIgniter\CodeIgniter->runController(Object(App\Controllers\Movie_test))
 8 SYSTEMPATH\CodeIgniter.php(361): CodeIgniter\CodeIgniter->handleRequest(null, Object(Config\Cache), false)
 9 FCPATH\index.php(85): CodeIgniter\CodeIgniter->run()
INFO - 2024-07-02 02:35:08 --> Session: Class initialized using 'CodeIgniter\Session\Handlers\FileHandler' driver.
WARNING - 2024-07-02 02:35:08 --> Session: Sessions is enabled, and one exists. Please don't $session->start();
CRITICAL - 2024-07-02 02:35:08 --> ErrorException: Undefined property: stdClass::$available_seats
in APPPATH\Views\viewsmovie.php on line 84.
 1 APPPATH\Views\viewsmovie.php(84): CodeIgniter\Debug\Exceptions->errorHandler(2, 'Undefined property: stdClass::$available_seats', 'C:\\xampp\\htdocs\\ci\\app\\Views\\viewsmovie.php', 84)
 2 SYSTEMPATH\View\View.php(228): include('C:\\xampp\\htdocs\\ci\\app\\Views\\viewsmovie.php')
 3 SYSTEMPATH\View\View.php(231): CodeIgniter\View\View->CodeIgniter\View\{closure}()
 4 SYSTEMPATH\Common.php(1178): CodeIgniter\View\View->render('viewsmovie', [], true)
 5 APPPATH\Controllers\Movie_test.php(24): view('viewsmovie', [...])
 6 SYSTEMPATH\CodeIgniter.php(941): App\Controllers\Movie_test->index()
 7 SYSTEMPATH\CodeIgniter.php(502): CodeIgniter\CodeIgniter->runController(Object(App\Controllers\Movie_test))
 8 SYSTEMPATH\CodeIgniter.php(361): CodeIgniter\CodeIgniter->handleRequest(null, Object(Config\Cache), false)
 9 FCPATH\index.php(85): CodeIgniter\CodeIgniter->run()
INFO - 2024-07-02 02:35:08 --> Session: Class initialized using 'CodeIgniter\Session\Handlers\FileHandler' driver.
WARNING - 2024-07-02 02:35:08 --> Session: Sessions is enabled, and one exists. Please don't $session->start();
CRITICAL - 2024-07-02 02:35:08 --> ErrorException: Undefined property: stdClass::$available_seats
in APPPATH\Views\viewsmovie.php on line 84.
 1 APPPATH\Views\viewsmovie.php(84): CodeIgniter\Debug\Exceptions->errorHandler(2, 'Undefined property: stdClass::$available_seats', 'C:\\xampp\\htdocs\\ci\\app\\Views\\viewsmovie.php', 84)
 2 SYSTEMPATH\View\View.php(228): include('C:\\xampp\\htdocs\\ci\\app\\Views\\viewsmovie.php')
 3 SYSTEMPATH\View\View.php(231): CodeIgniter\View\View->CodeIgniter\View\{closure}()
 4 SYSTEMPATH\Common.php(1178): CodeIgniter\View\View->render('viewsmovie', [], true)
 5 APPPATH\Controllers\Movie_test.php(24): view('viewsmovie', [...])
 6 SYSTEMPATH\CodeIgniter.php(941): App\Controllers\Movie_test->index()
 7 SYSTEMPATH\CodeIgniter.php(502): CodeIgniter\CodeIgniter->runController(Object(App\Controllers\Movie_test))
 8 SYSTEMPATH\CodeIgniter.php(361): CodeIgniter\CodeIgniter->handleRequest(null, Object(Config\Cache), false)
 9 FCPATH\index.php(85): CodeIgniter\CodeIgniter->run()
INFO - 2024-07-02 02:35:09 --> Session: Class initialized using 'CodeIgniter\Session\Handlers\FileHandler' driver.
WARNING - 2024-07-02 02:35:09 --> Session: Sessions is enabled, and one exists. Please don't $session->start();
CRITICAL - 2024-07-02 02:35:09 --> ErrorException: Undefined property: stdClass::$available_seats
in APPPATH\Views\viewsmovie.php on line 84.
 1 APPPATH\Views\viewsmovie.php(84): CodeIgniter\Debug\Exceptions->errorHandler(2, 'Undefined property: stdClass::$available_seats', 'C:\\xampp\\htdocs\\ci\\app\\Views\\viewsmovie.php', 84)
 2 SYSTEMPATH\View\View.php(228): include('C:\\xampp\\htdocs\\ci\\app\\Views\\viewsmovie.php')
 3 SYSTEMPATH\View\View.php(231): CodeIgniter\View\View->CodeIgniter\View\{closure}()
 4 SYSTEMPATH\Common.php(1178): CodeIgniter\View\View->render('viewsmovie', [], true)
 5 APPPATH\Controllers\Movie_test.php(24): view('viewsmovie', [...])
 6 SYSTEMPATH\CodeIgniter.php(941): App\Controllers\Movie_test->index()
 7 SYSTEMPATH\CodeIgniter.php(502): CodeIgniter\CodeIgniter->runController(Object(App\Controllers\Movie_test))
 8 SYSTEMPATH\CodeIgniter.php(361): CodeIgniter\CodeIgniter->handleRequest(null, Object(Config\Cache), false)
 9 FCPATH\index.php(85): CodeIgniter\CodeIgniter->run()
INFO - 2024-07-02 02:35:10 --> Session: Class initialized using 'CodeIgniter\Session\Handlers\FileHandler' driver.
WARNING - 2024-07-02 02:35:10 --> Session: Sessions is enabled, and one exists. Please don't $session->start();
CRITICAL - 2024-07-02 02:35:10 --> ErrorException: Undefined property: stdClass::$available_seats
in APPPATH\Views\viewsmovie.php on line 84.
 1 APPPATH\Views\viewsmovie.php(84): CodeIgniter\Debug\Exceptions->errorHandler(2, 'Undefined property: stdClass::$available_seats', 'C:\\xampp\\htdocs\\ci\\app\\Views\\viewsmovie.php', 84)
 2 SYSTEMPATH\View\View.php(228): include('C:\\xampp\\htdocs\\ci\\app\\Views\\viewsmovie.php')
 3 SYSTEMPATH\View\View.php(231): CodeIgniter\View\View->CodeIgniter\View\{closure}()
 4 SYSTEMPATH\Common.php(1178): CodeIgniter\View\View->render('viewsmovie', [], true)
 5 APPPATH\Controllers\Movie_test.php(24): view('viewsmovie', [...])
 6 SYSTEMPATH\CodeIgniter.php(941): App\Controllers\Movie_test->index()
 7 SYSTEMPATH\CodeIgniter.php(502): CodeIgniter\CodeIgniter->runController(Object(App\Controllers\Movie_test))
 8 SYSTEMPATH\CodeIgniter.php(361): CodeIgniter\CodeIgniter->handleRequest(null, Object(Config\Cache), false)
 9 FCPATH\index.php(85): CodeIgniter\CodeIgniter->run()
INFO - 2024-07-02 02:35:17 --> Session: Class initialized using 'CodeIgniter\Session\Handlers\FileHandler' driver.
WARNING - 2024-07-02 02:35:17 --> Session: Sessions is enabled, and one exists. Please don't $session->start();
CRITICAL - 2024-07-02 02:35:17 --> ErrorException: Undefined property: stdClass::$available_seats
in APPPATH\Views\viewsmovie.php on line 84.
 1 APPPATH\Views\viewsmovie.php(84): CodeIgniter\Debug\Exceptions->errorHandler(2, 'Undefined property: stdClass::$available_seats', 'C:\\xampp\\htdocs\\ci\\app\\Views\\viewsmovie.php', 84)
 2 SYSTEMPATH\View\View.php(228): include('C:\\xampp\\htdocs\\ci\\app\\Views\\viewsmovie.php')
 3 SYSTEMPATH\View\View.php(231): CodeIgniter\View\View->CodeIgniter\View\{closure}()
 4 SYSTEMPATH\Common.php(1178): CodeIgniter\View\View->render('viewsmovie', [], true)
 5 APPPATH\Controllers\Movie_test.php(24): view('viewsmovie', [...])
 6 SYSTEMPATH\CodeIgniter.php(941): App\Controllers\Movie_test->index()
 7 SYSTEMPATH\CodeIgniter.php(502): CodeIgniter\CodeIgniter->runController(Object(App\Controllers\Movie_test))
 8 SYSTEMPATH\CodeIgniter.php(361): CodeIgniter\CodeIgniter->handleRequest(null, Object(Config\Cache), false)
 9 FCPATH\index.php(85): CodeIgniter\CodeIgniter->run()
INFO - 2024-07-02 02:37:18 --> Session: Class initialized using 'CodeIgniter\Session\Handlers\FileHandler' driver.
WARNING - 2024-07-02 02:37:18 --> Session: Sessions is enabled, and one exists. Please don't $session->start();
CRITICAL - 2024-07-02 02:37:18 --> ErrorException: Undefined property: stdClass::$available_seats
in APPPATH\Views\viewsmovie.php on line 84.
 1 APPPATH\Views\viewsmovie.php(84): CodeIgniter\Debug\Exceptions->errorHandler(2, 'Undefined property: stdClass::$available_seats', 'C:\\xampp\\htdocs\\ci\\app\\Views\\viewsmovie.php', 84)
 2 SYSTEMPATH\View\View.php(228): include('C:\\xampp\\htdocs\\ci\\app\\Views\\viewsmovie.php')
 3 SYSTEMPATH\View\View.php(231): CodeIgniter\View\View->CodeIgniter\View\{closure}()
 4 SYSTEMPATH\Common.php(1178): CodeIgniter\View\View->render('viewsmovie', [], true)
 5 APPPATH\Controllers\Movie_test.php(24): view('viewsmovie', [...])
 6 SYSTEMPATH\CodeIgniter.php(941): App\Controllers\Movie_test->index()
 7 SYSTEMPATH\CodeIgniter.php(502): CodeIgniter\CodeIgniter->runController(Object(App\Controllers\Movie_test))
 8 SYSTEMPATH\CodeIgniter.php(361): CodeIgniter\CodeIgniter->handleRequest(null, Object(Config\Cache), false)
 9 FCPATH\index.php(85): CodeIgniter\CodeIgniter->run()
INFO - 2024-07-02 02:47:45 --> Session: Class initialized using 'CodeIgniter\Session\Handlers\FileHandler' driver.
WARNING - 2024-07-02 02:47:45 --> Session: Sessions is enabled, and one exists. Please don't $session->start();
CRITICAL - 2024-07-02 02:47:45 --> ErrorException: Undefined property: stdClass::$available_seats
in APPPATH\Views\viewsmovie.php on line 65.
 1 APPPATH\Views\viewsmovie.php(65): CodeIgniter\Debug\Exceptions->errorHandler(2, 'Undefined property: stdClass::$available_seats', 'C:\\xampp\\htdocs\\ci\\app\\Views\\viewsmovie.php', 65)
 2 SYSTEMPATH\View\View.php(228): include('C:\\xampp\\htdocs\\ci\\app\\Views\\viewsmovie.php')
 3 SYSTEMPATH\View\View.php(231): CodeIgniter\View\View->CodeIgniter\View\{closure}()
 4 SYSTEMPATH\Common.php(1178): CodeIgniter\View\View->render('viewsmovie', [], true)
 5 APPPATH\Controllers\Movie_test.php(24): view('viewsmovie', [...])
 6 SYSTEMPATH\CodeIgniter.php(941): App\Controllers\Movie_test->index()
 7 SYSTEMPATH\CodeIgniter.php(502): CodeIgniter\CodeIgniter->runController(Object(App\Controllers\Movie_test))
 8 SYSTEMPATH\CodeIgniter.php(361): CodeIgniter\CodeIgniter->handleRequest(null, Object(Config\Cache), false)
 9 FCPATH\index.php(85): CodeIgniter\CodeIgniter->run()
INFO - 2024-07-02 02:47:46 --> Session: Class initialized using 'CodeIgniter\Session\Handlers\FileHandler' driver.
WARNING - 2024-07-02 02:47:46 --> Session: Sessions is enabled, and one exists. Please don't $session->start();
CRITICAL - 2024-07-02 02:47:46 --> ErrorException: Undefined property: stdClass::$available_seats
in APPPATH\Views\viewsmovie.php on line 65.
 1 APPPATH\Views\viewsmovie.php(65): CodeIgniter\Debug\Exceptions->errorHandler(2, 'Undefined property: stdClass::$available_seats', 'C:\\xampp\\htdocs\\ci\\app\\Views\\viewsmovie.php', 65)
 2 SYSTEMPATH\View\View.php(228): include('C:\\xampp\\htdocs\\ci\\app\\Views\\viewsmovie.php')
 3 SYSTEMPATH\View\View.php(231): CodeIgniter\View\View->CodeIgniter\View\{closure}()
 4 SYSTEMPATH\Common.php(1178): CodeIgniter\View\View->render('viewsmovie', [], true)
 5 APPPATH\Controllers\Movie_test.php(24): view('viewsmovie', [...])
 6 SYSTEMPATH\CodeIgniter.php(941): App\Controllers\Movie_test->index()
 7 SYSTEMPATH\CodeIgniter.php(502): CodeIgniter\CodeIgniter->runController(Object(App\Controllers\Movie_test))
 8 SYSTEMPATH\CodeIgniter.php(361): CodeIgniter\CodeIgniter->handleRequest(null, Object(Config\Cache), false)
 9 FCPATH\index.php(85): CodeIgniter\CodeIgniter->run()
INFO - 2024-07-02 02:50:35 --> Session: Class initialized using 'CodeIgniter\Session\Handlers\FileHandler' driver.
WARNING - 2024-07-02 02:50:35 --> Session: Sessions is enabled, and one exists. Please don't $session->start();
INFO - 2024-07-02 02:51:35 --> Session: Class initialized using 'CodeIgniter\Session\Handlers\FileHandler' driver.
WARNING - 2024-07-02 02:51:35 --> Session: Sessions is enabled, and one exists. Please don't $session->start();
INFO - 2024-07-02 02:54:50 --> Session: Class initialized using 'CodeIgniter\Session\Handlers\FileHandler' driver.
WARNING - 2024-07-02 02:54:50 --> Session: Sessions is enabled, and one exists. Please don't $session->start();
INFO - 2024-07-02 02:54:55 --> Session: Class initialized using 'CodeIgniter\Session\Handlers\FileHandler' driver.
WARNING - 2024-07-02 02:54:55 --> Session: Sessions is enabled, and one exists. Please don't $session->start();
INFO - 2024-07-02 02:55:02 --> Session: Class initialized using 'CodeIgniter\Session\Handlers\FileHandler' driver.
WARNING - 2024-07-02 02:55:02 --> Session: Sessions is enabled, and one exists. Please don't $session->start();
INFO - 2024-07-02 02:55:04 --> Session: Class initialized using 'CodeIgniter\Session\Handlers\FileHandler' driver.
WARNING - 2024-07-02 02:55:04 --> Session: Sessions is enabled, and one exists. Please don't $session->start();
INFO - 2024-07-02 03:14:44 --> Session: Class initialized using 'CodeIgniter\Session\Handlers\FileHandler' driver.
WARNING - 2024-07-02 03:14:44 --> Session: Sessions is enabled, and one exists. Please don't $session->start();
INFO - 2024-07-02 03:15:56 --> Session: Class initialized using 'CodeIgniter\Session\Handlers\FileHandler' driver.
WARNING - 2024-07-02 03:15:56 --> Session: Sessions is enabled, and one exists. Please don't $session->start();
INFO - 2024-07-02 03:17:04 --> Session: Class initialized using 'CodeIgniter\Session\Handlers\FileHandler' driver.
WARNING - 2024-07-02 03:17:04 --> Session: Sessions is enabled, and one exists. Please don't $session->start();
INFO - 2024-07-02 03:17:16 --> Session: Class initialized using 'CodeIgniter\Session\Handlers\FileHandler' driver.
WARNING - 2024-07-02 03:17:16 --> Session: Sessions is enabled, and one exists. Please don't $session->start();
INFO - 2024-07-02 03:18:45 --> Session: Class initialized using 'CodeIgniter\Session\Handlers\FileHandler' driver.
WARNING - 2024-07-02 03:18:45 --> Session: Sessions is enabled, and one exists. Please don't $session->start();
INFO - 2024-07-02 03:19:16 --> Session: Class initialized using 'CodeIgniter\Session\Handlers\FileHandler' driver.
WARNING - 2024-07-02 03:19:16 --> Session: Sessions is enabled, and one exists. Please don't $session->start();
INFO - 2024-07-02 03:19:45 --> Session: Class initialized using 'CodeIgniter\Session\Handlers\FileHandler' driver.
WARNING - 2024-07-02 03:19:45 --> Session: Sessions is enabled, and one exists. Please don't $session->start();
INFO - 2024-07-02 03:34:09 --> Session: Class initialized using 'CodeIgniter\Session\Handlers\FileHandler' driver.
WARNING - 2024-07-02 03:34:09 --> Session: Sessions is enabled, and one exists. Please don't $session->start();
INFO - 2024-07-02 03:34:37 --> Session: Class initialized using 'CodeIgniter\Session\Handlers\FileHandler' driver.
WARNING - 2024-07-02 03:34:37 --> Session: Sessions is enabled, and one exists. Please don't $session->start();
INFO - 2024-07-02 03:38:47 --> Session: Class initialized using 'CodeIgniter\Session\Handlers\FileHandler' driver.
WARNING - 2024-07-02 03:38:47 --> Session: Sessions is enabled, and one exists. Please don't $session->start();
INFO - 2024-07-02 03:39:00 --> Session: Class initialized using 'CodeIgniter\Session\Handlers\FileHandler' driver.
WARNING - 2024-07-02 03:39:00 --> Session: Sessions is enabled, and one exists. Please don't $session->start();
INFO - 2024-07-02 03:47:05 --> Session: Class initialized using 'CodeIgniter\Session\Handlers\FileHandler' driver.
WARNING - 2024-07-02 03:47:05 --> Session: Sessions is enabled, and one exists. Please don't $session->start();
INFO - 2024-07-02 03:47:34 --> Session: Class initialized using 'CodeIgniter\Session\Handlers\FileHandler' driver.
WARNING - 2024-07-02 03:47:34 --> Session: Sessions is enabled, and one exists. Please don't $session->start();
INFO - 2024-07-02 03:47:41 --> Session: Class initialized using 'CodeIgniter\Session\Handlers\FileHandler' driver.
WARNING - 2024-07-02 03:47:41 --> Session: Sessions is enabled, and one exists. Please don't $session->start();
INFO - 2024-07-02 03:48:19 --> Session: Class initialized using 'CodeIgniter\Session\Handlers\FileHandler' driver.
WARNING - 2024-07-02 03:48:19 --> Session: Sessions is enabled, and one exists. Please don't $session->start();
INFO - 2024-07-02 03:59:37 --> Session: Class initialized using 'CodeIgniter\Session\Handlers\FileHandler' driver.
WARNING - 2024-07-02 03:59:37 --> Session: Sessions is enabled, and one exists. Please don't $session->start();
INFO - 2024-07-02 04:00:00 --> Session: Class initialized using 'CodeIgniter\Session\Handlers\FileHandler' driver.
WARNING - 2024-07-02 04:00:00 --> Session: Sessions is enabled, and one exists. Please don't $session->start();
INFO - 2024-07-02 04:03:02 --> Session: Class initialized using 'CodeIgniter\Session\Handlers\FileHandler' driver.
WARNING - 2024-07-02 04:03:02 --> Session: Sessions is enabled, and one exists. Please don't $session->start();
INFO - 2024-07-02 04:03:12 --> Session: Class initialized using 'CodeIgniter\Session\Handlers\FileHandler' driver.
WARNING - 2024-07-02 04:03:12 --> Session: Sessions is enabled, and one exists. Please don't $session->start();
INFO - 2024-07-02 04:04:01 --> Session: Class initialized using 'CodeIgniter\Session\Handlers\FileHandler' driver.
WARNING - 2024-07-02 04:04:01 --> Session: Sessions is enabled, and one exists. Please don't $session->start();
INFO - 2024-07-02 04:04:34 --> Session: Class initialized using 'CodeIgniter\Session\Handlers\FileHandler' driver.
WARNING - 2024-07-02 04:04:34 --> Session: Sessions is enabled, and one exists. Please don't $session->start();
INFO - 2024-07-02 04:04:39 --> Session: Class initialized using 'CodeIgniter\Session\Handlers\FileHandler' driver.
WARNING - 2024-07-02 04:04:39 --> Session: Sessions is enabled, and one exists. Please don't $session->start();
INFO - 2024-07-02 04:04:45 --> Session: Class initialized using 'CodeIgniter\Session\Handlers\FileHandler' driver.
WARNING - 2024-07-02 04:04:45 --> Session: Sessions is enabled, and one exists. Please don't $session->start();
INFO - 2024-07-02 04:04:52 --> Session: Class initialized using 'CodeIgniter\Session\Handlers\FileHandler' driver.
WARNING - 2024-07-02 04:04:52 --> Session: Sessions is enabled, and one exists. Please don't $session->start();
INFO - 2024-07-02 04:05:14 --> Session: Class initialized using 'CodeIgniter\Session\Handlers\FileHandler' driver.
WARNING - 2024-07-02 04:05:14 --> Session: Sessions is enabled, and one exists. Please don't $session->start();
INFO - 2024-07-02 04:08:51 --> Session: Class initialized using 'CodeIgniter\Session\Handlers\FileHandler' driver.
WARNING - 2024-07-02 04:08:51 --> Session: Sessions is enabled, and one exists. Please don't $session->start();
INFO - 2024-07-02 04:17:30 --> Session: Class initialized using 'CodeIgniter\Session\Handlers\FileHandler' driver.
WARNING - 2024-07-02 04:17:30 --> Session: Sessions is enabled, and one exists. Please don't $session->start();
INFO - 2024-07-02 04:17:46 --> Session: Class initialized using 'CodeIgniter\Session\Handlers\FileHandler' driver.
WARNING - 2024-07-02 04:17:46 --> Session: Sessions is enabled, and one exists. Please don't $session->start();
INFO - 2024-07-02 04:17:58 --> Session: Class initialized using 'CodeIgniter\Session\Handlers\FileHandler' driver.
WARNING - 2024-07-02 04:17:58 --> Session: Sessions is enabled, and one exists. Please don't $session->start();
INFO - 2024-07-02 04:17:59 --> Session: Class initialized using 'CodeIgniter\Session\Handlers\FileHandler' driver.
WARNING - 2024-07-02 04:17:59 --> Session: Sessions is enabled, and one exists. Please don't $session->start();
INFO - 2024-07-02 04:19:31 --> Session: Class initialized using 'CodeIgniter\Session\Handlers\FileHandler' driver.
WARNING - 2024-07-02 04:19:31 --> Session: Sessions is enabled, and one exists. Please don't $session->start();
INFO - 2024-07-02 04:19:38 --> Session: Class initialized using 'CodeIgniter\Session\Handlers\FileHandler' driver.
WARNING - 2024-07-02 04:19:38 --> Session: Sessions is enabled, and one exists. Please don't $session->start();
INFO - 2024-07-02 04:20:14 --> Session: Class initialized using 'CodeIgniter\Session\Handlers\FileHandler' driver.
WARNING - 2024-07-02 04:20:14 --> Session: Sessions is enabled, and one exists. Please don't $session->start();
INFO - 2024-07-02 04:20:34 --> Session: Class initialized using 'CodeIgniter\Session\Handlers\FileHandler' driver.
WARNING - 2024-07-02 04:20:34 --> Session: Sessions is enabled, and one exists. Please don't $session->start();
INFO - 2024-07-02 04:20:49 --> Session: Class initialized using 'CodeIgniter\Session\Handlers\FileHandler' driver.
WARNING - 2024-07-02 04:20:49 --> Session: Sessions is enabled, and one exists. Please don't $session->start();
INFO - 2024-07-02 04:21:32 --> Session: Class initialized using 'CodeIgniter\Session\Handlers\FileHandler' driver.
WARNING - 2024-07-02 04:21:32 --> Session: Sessions is enabled, and one exists. Please don't $session->start();
INFO - 2024-07-02 04:22:37 --> Session: Class initialized using 'CodeIgniter\Session\Handlers\FileHandler' driver.
WARNING - 2024-07-02 04:22:37 --> Session: Sessions is enabled, and one exists. Please don't $session->start();
INFO - 2024-07-02 04:22:45 --> Session: Class initialized using 'CodeIgniter\Session\Handlers\FileHandler' driver.
WARNING - 2024-07-02 04:22:45 --> Session: Sessions is enabled, and one exists. Please don't $session->start();
INFO - 2024-07-02 04:23:19 --> Session: Class initialized using 'CodeIgniter\Session\Handlers\FileHandler' driver.
WARNING - 2024-07-02 04:23:19 --> Session: Sessions is enabled, and one exists. Please don't $session->start();
INFO - 2024-07-02 04:23:45 --> Session: Class initialized using 'CodeIgniter\Session\Handlers\FileHandler' driver.
WARNING - 2024-07-02 04:23:45 --> Session: Sessions is enabled, and one exists. Please don't $session->start();
INFO - 2024-07-02 04:23:55 --> Session: Class initialized using 'CodeIgniter\Session\Handlers\FileHandler' driver.
WARNING - 2024-07-02 04:23:55 --> Session: Sessions is enabled, and one exists. Please don't $session->start();
CRITICAL - 2024-07-02 04:45:29 --> ParseError: syntax error, unexpected variable "$respones"
in APPPATH\Controllers\Appshow.php on line 25.
 1 SYSTEMPATH\Router\Router.php(514): CodeIgniter\Router\AutoRouter->getRoute('Appshow', 'get')
 2 SYSTEMPATH\Router\Router.php(210): CodeIgniter\Router\Router->autoRoute('Appshow')
 3 SYSTEMPATH\CodeIgniter.php(823): CodeIgniter\Router\Router->handle('Appshow')
 4 SYSTEMPATH\CodeIgniter.php(450): CodeIgniter\CodeIgniter->tryToRouteIt(Object(CodeIgniter\Router\RouteCollection))
 5 SYSTEMPATH\CodeIgniter.php(361): CodeIgniter\CodeIgniter->handleRequest(null, Object(Config\Cache), false)
 6 FCPATH\index.php(85): CodeIgniter\CodeIgniter->run()
INFO - 2024-07-02 04:48:52 --> Session: Class initialized using 'CodeIgniter\Session\Handlers\FileHandler' driver.
WARNING - 2024-07-02 04:48:52 --> Session: Sessions is enabled, and one exists. Please don't $session->start();
CRITICAL - 2024-07-02 04:48:52 --> ErrorException: Undefined property: App\Controllers\Appshow::$curl
in APPPATH\Controllers\Appshow.php on line 25.
 1 APPPATH\Controllers\Appshow.php(25): CodeIgniter\Debug\Exceptions->errorHandler(2, 'Undefined property: App\\Controllers\\Appshow::$curl', 'C:\\xampp\\htdocs\\ci\\app\\Controllers\\Appshow.php', 25)
 2 SYSTEMPATH\CodeIgniter.php(941): App\Controllers\Appshow->index()
 3 SYSTEMPATH\CodeIgniter.php(502): CodeIgniter\CodeIgniter->runController(Object(App\Controllers\Appshow))
 4 SYSTEMPATH\CodeIgniter.php(361): CodeIgniter\CodeIgniter->handleRequest(null, Object(Config\Cache), false)
 5 FCPATH\index.php(85): CodeIgniter\CodeIgniter->run()
INFO - 2024-07-02 04:50:24 --> Session: Class initialized using 'CodeIgniter\Session\Handlers\FileHandler' driver.
WARNING - 2024-07-02 04:50:24 --> Session: Sessions is enabled, and one exists. Please don't $session->start();
CRITICAL - 2024-07-02 04:50:24 --> Error: Call to a member function get() on null
in APPPATH\Controllers\Appshow.php on line 26.
 1 SYSTEMPATH\CodeIgniter.php(941): App\Controllers\Appshow->index()
 2 SYSTEMPATH\CodeIgniter.php(502): CodeIgniter\CodeIgniter->runController(Object(App\Controllers\Appshow))
 3 SYSTEMPATH\CodeIgniter.php(361): CodeIgniter\CodeIgniter->handleRequest(null, Object(Config\Cache), false)
 4 FCPATH\index.php(85): CodeIgniter\CodeIgniter->run()
INFO - 2024-07-02 04:50:26 --> Session: Class initialized using 'CodeIgniter\Session\Handlers\FileHandler' driver.
WARNING - 2024-07-02 04:50:26 --> Session: Sessions is enabled, and one exists. Please don't $session->start();
CRITICAL - 2024-07-02 04:50:26 --> Error: Call to a member function get() on null
in APPPATH\Controllers\Appshow.php on line 26.
 1 SYSTEMPATH\CodeIgniter.php(941): App\Controllers\Appshow->index()
 2 SYSTEMPATH\CodeIgniter.php(502): CodeIgniter\CodeIgniter->runController(Object(App\Controllers\Appshow))
 3 SYSTEMPATH\CodeIgniter.php(361): CodeIgniter\CodeIgniter->handleRequest(null, Object(Config\Cache), false)
 4 FCPATH\index.php(85): CodeIgniter\CodeIgniter->run()
INFO - 2024-07-02 04:51:31 --> Session: Class initialized using 'CodeIgniter\Session\Handlers\FileHandler' driver.
WARNING - 2024-07-02 04:51:31 --> Session: Sessions is enabled, and one exists. Please don't $session->start();
CRITICAL - 2024-07-02 04:51:31 --> Error: Call to a member function get() on null
in APPPATH\Controllers\Appshow.php on line 29.
 1 SYSTEMPATH\CodeIgniter.php(941): App\Controllers\Appshow->index()
 2 SYSTEMPATH\CodeIgniter.php(502): CodeIgniter\CodeIgniter->runController(Object(App\Controllers\Appshow))
 3 SYSTEMPATH\CodeIgniter.php(361): CodeIgniter\CodeIgniter->handleRequest(null, Object(Config\Cache), false)
 4 FCPATH\index.php(85): CodeIgniter\CodeIgniter->run()
INFO - 2024-07-02 04:51:32 --> Session: Class initialized using 'CodeIgniter\Session\Handlers\FileHandler' driver.
WARNING - 2024-07-02 04:51:32 --> Session: Sessions is enabled, and one exists. Please don't $session->start();
CRITICAL - 2024-07-02 04:51:32 --> Error: Call to a member function get() on null
in APPPATH\Controllers\Appshow.php on line 29.
 1 SYSTEMPATH\CodeIgniter.php(941): App\Controllers\Appshow->index()
 2 SYSTEMPATH\CodeIgniter.php(502): CodeIgniter\CodeIgniter->runController(Object(App\Controllers\Appshow))
 3 SYSTEMPATH\CodeIgniter.php(361): CodeIgniter\CodeIgniter->handleRequest(null, Object(Config\Cache), false)
 4 FCPATH\index.php(85): CodeIgniter\CodeIgniter->run()
INFO - 2024-07-02 04:53:00 --> Session: Class initialized using 'CodeIgniter\Session\Handlers\FileHandler' driver.
WARNING - 2024-07-02 04:53:00 --> Session: Sessions is enabled, and one exists. Please don't $session->start();
CRITICAL - 2024-07-02 04:53:00 --> ErrorException: Undefined variable $users
in APPPATH\Views\appshow_views.php on line 28.
 1 APPPATH\Views\appshow_views.php(28): CodeIgniter\Debug\Exceptions->errorHandler(2, 'Undefined variable $users', 'C:\\xampp\\htdocs\\ci\\app\\Views\\appshow_views.php', 28)
 2 SYSTEMPATH\View\View.php(228): include('C:\\xampp\\htdocs\\ci\\app\\Views\\appshow_views.php')
 3 SYSTEMPATH\View\View.php(231): CodeIgniter\View\View->CodeIgniter\View\{closure}()
 4 SYSTEMPATH\Common.php(1178): CodeIgniter\View\View->render('appshow_views', [], true)
 5 APPPATH\Controllers\Appshow.php(37): view('appshow_views')
 6 SYSTEMPATH\CodeIgniter.php(941): App\Controllers\Appshow->index()
 7 SYSTEMPATH\CodeIgniter.php(502): CodeIgniter\CodeIgniter->runController(Object(App\Controllers\Appshow))
 8 SYSTEMPATH\CodeIgniter.php(361): CodeIgniter\CodeIgniter->handleRequest(null, Object(Config\Cache), false)
 9 FCPATH\index.php(85): CodeIgniter\CodeIgniter->run()
INFO - 2024-07-02 04:56:52 --> Session: Class initialized using 'CodeIgniter\Session\Handlers\FileHandler' driver.
WARNING - 2024-07-02 04:56:52 --> Session: Sessions is enabled, and one exists. Please don't $session->start();
INFO - 2024-07-02 05:02:38 --> Session: Class initialized using 'CodeIgniter\Session\Handlers\FileHandler' driver.
WARNING - 2024-07-02 05:02:38 --> Session: Sessions is enabled, and one exists. Please don't $session->start();
INFO - 2024-07-02 05:20:50 --> Session: Class initialized using 'CodeIgniter\Session\Handlers\FileHandler' driver.
WARNING - 2024-07-02 05:20:50 --> Session: Sessions is enabled, and one exists. Please don't $session->start();
INFO - 2024-07-02 05:22:47 --> Session: Class initialized using 'CodeIgniter\Session\Handlers\FileHandler' driver.
WARNING - 2024-07-02 05:22:47 --> Session: Sessions is enabled, and one exists. Please don't $session->start();
INFO - 2024-07-02 05:24:49 --> Session: Class initialized using 'CodeIgniter\Session\Handlers\FileHandler' driver.
WARNING - 2024-07-02 05:24:49 --> Session: Sessions is enabled, and one exists. Please don't $session->start();
INFO - 2024-07-02 05:31:12 --> Session: Class initialized using 'CodeIgniter\Session\Handlers\FileHandler' driver.
WARNING - 2024-07-02 05:31:12 --> Session: Sessions is enabled, and one exists. Please don't $session->start();
INFO - 2024-07-02 05:31:35 --> Session: Class initialized using 'CodeIgniter\Session\Handlers\FileHandler' driver.
WARNING - 2024-07-02 05:31:35 --> Session: Sessions is enabled, and one exists. Please don't $session->start();
