CRITICAL - 2024-07-05 04:19:57 --> Error: Class "App\Controllers\Contoller" not found
in APPPATH\Controllers\Marketplace_Contoller.php on line 11.
 1 SYSTEMPATH\Router\AutoRouter.php(161): include_once()
 2 SYSTEMPATH\Router\Router.php(514): CodeIgniter\Router\AutoRouter->getRoute('Marketplace_Contoller', 'get')
 3 SYSTEMPATH\Router\Router.php(210): CodeIgniter\Router\Router->autoRoute('Marketplace_Contoller')
 4 SYSTEMPATH\CodeIgniter.php(823): CodeIgniter\Router\Router->handle('Marketplace_Contoller')
 5 SYSTEMPATH\CodeIgniter.php(450): CodeIgniter\CodeIgniter->tryToRouteIt(Object(CodeIgniter\Router\RouteCollection))
 6 SYSTEMPATH\CodeIgniter.php(361): CodeIgniter\CodeIgniter->handleRequest(null, Object(Config\Cache), false)
 7 FCPATH\index.php(85): CodeIgniter\CodeIgniter->run()
CRITICAL - 2024-07-05 04:20:23 --> Error: Class "App\Controllers\Contoller" not found
in APPPATH\Controllers\Marketplace_Contoller.php on line 11.
 1 SYSTEMPATH\Router\AutoRouter.php(161): include_once()
 2 SYSTEMPATH\Router\Router.php(514): CodeIgniter\Router\AutoRouter->getRoute('Marketplace_Contoller', 'get')
 3 SYSTEMPATH\Router\Router.php(210): CodeIgniter\Router\Router->autoRoute('Marketplace_Contoller')
 4 SYSTEMPATH\CodeIgniter.php(823): CodeIgniter\Router\Router->handle('Marketplace_Contoller')
 5 SYSTEMPATH\CodeIgniter.php(450): CodeIgniter\CodeIgniter->tryToRouteIt(Object(CodeIgniter\Router\RouteCollection))
 6 SYSTEMPATH\CodeIgniter.php(361): CodeIgniter\CodeIgniter->handleRequest(null, Object(Config\Cache), false)
 7 FCPATH\index.php(85): CodeIgniter\CodeIgniter->run()
CRITICAL - 2024-07-05 04:21:07 --> Error: Class "App\Controllers\Contoller" not found
in APPPATH\Controllers\Marketplace_Contoller.php on line 11.
 1 SYSTEMPATH\Router\AutoRouter.php(161): include_once()
 2 SYSTEMPATH\Router\Router.php(514): CodeIgniter\Router\AutoRouter->getRoute('Marketplace_Contoller', 'get')
 3 SYSTEMPATH\Router\Router.php(210): CodeIgniter\Router\Router->autoRoute('Marketplace_Contoller')
 4 SYSTEMPATH\CodeIgniter.php(823): CodeIgniter\Router\Router->handle('Marketplace_Contoller')
 5 SYSTEMPATH\CodeIgniter.php(450): CodeIgniter\CodeIgniter->tryToRouteIt(Object(CodeIgniter\Router\RouteCollection))
 6 SYSTEMPATH\CodeIgniter.php(361): CodeIgniter\CodeIgniter->handleRequest(null, Object(Config\Cache), false)
 7 FCPATH\index.php(85): CodeIgniter\CodeIgniter->run()
INFO - 2024-07-05 04:21:27 --> Session: Class initialized using 'CodeIgniter\Session\Handlers\FileHandler' driver.
WARNING - 2024-07-05 04:21:27 --> Session: Sessions is enabled, and one exists. Please don't $session->start();
CRITICAL - 2024-07-05 04:21:28 --> CodeIgniter\View\Exceptions\ViewException: Invalid file: "Marketplace_views.php"
in SYSTEMPATH\Exceptions\FrameworkException.php on line 39.
 1 SYSTEMPATH\View\View.php(216): CodeIgniter\Exceptions\FrameworkException::forInvalidFile('Marketplace_views.php')
 2 SYSTEMPATH\Common.php(1178): CodeIgniter\View\View->render('Marketplace_views', [], true)
 3 APPPATH\Controllers\Marketplace_Contoller.php(27): view('Marketplace_views')
 4 SYSTEMPATH\CodeIgniter.php(941): App\Controllers\Marketplace_Contoller->index()
 5 SYSTEMPATH\CodeIgniter.php(502): CodeIgniter\CodeIgniter->runController(Object(App\Controllers\Marketplace_Contoller))
 6 SYSTEMPATH\CodeIgniter.php(361): CodeIgniter\CodeIgniter->handleRequest(null, Object(Config\Cache), false)
 7 FCPATH\index.php(85): CodeIgniter\CodeIgniter->run()
INFO - 2024-07-05 04:21:51 --> Session: Class initialized using 'CodeIgniter\Session\Handlers\FileHandler' driver.
WARNING - 2024-07-05 04:21:51 --> Session: Sessions is enabled, and one exists. Please don't $session->start();
INFO - 2024-07-05 04:22:06 --> Session: Class initialized using 'CodeIgniter\Session\Handlers\FileHandler' driver.
WARNING - 2024-07-05 04:22:06 --> Session: Sessions is enabled, and one exists. Please don't $session->start();
INFO - 2024-07-05 04:22:50 --> Session: Class initialized using 'CodeIgniter\Session\Handlers\FileHandler' driver.
WARNING - 2024-07-05 04:22:50 --> Session: Sessions is enabled, and one exists. Please don't $session->start();
INFO - 2024-07-05 04:23:23 --> Session: Class initialized using 'CodeIgniter\Session\Handlers\FileHandler' driver.
WARNING - 2024-07-05 04:23:23 --> Session: Sessions is enabled, and one exists. Please don't $session->start();
INFO - 2024-07-05 04:45:32 --> Session: Class initialized using 'CodeIgniter\Session\Handlers\FileHandler' driver.
WARNING - 2024-07-05 04:45:32 --> Session: Sessions is enabled, and one exists. Please don't $session->start();
INFO - 2024-07-05 05:29:28 --> Session: Class initialized using 'CodeIgniter\Session\Handlers\FileHandler' driver.
WARNING - 2024-07-05 05:29:28 --> Session: Sessions is enabled, and one exists. Please don't $session->start();
INFO - 2024-07-05 05:41:31 --> Session: Class initialized using 'CodeIgniter\Session\Handlers\FileHandler' driver.
WARNING - 2024-07-05 05:41:31 --> Session: Sessions is enabled, and one exists. Please don't $session->start();
INFO - 2024-07-05 06:15:43 --> Session: Class initialized using 'CodeIgniter\Session\Handlers\FileHandler' driver.
WARNING - 2024-07-05 06:15:43 --> Session: Sessions is enabled, and one exists. Please don't $session->start();
INFO - 2024-07-05 06:19:57 --> Session: Class initialized using 'CodeIgniter\Session\Handlers\FileHandler' driver.
WARNING - 2024-07-05 06:19:57 --> Session: Sessions is enabled, and one exists. Please don't $session->start();
INFO - 2024-07-05 06:22:29 --> Session: Class initialized using 'CodeIgniter\Session\Handlers\FileHandler' driver.
WARNING - 2024-07-05 06:22:29 --> Session: Sessions is enabled, and one exists. Please don't $session->start();
INFO - 2024-07-05 06:36:18 --> Session: Class initialized using 'CodeIgniter\Session\Handlers\FileHandler' driver.
WARNING - 2024-07-05 06:36:18 --> Session: Sessions is enabled, and one exists. Please don't $session->start();
INFO - 2024-07-05 06:36:56 --> Session: Class initialized using 'CodeIgniter\Session\Handlers\FileHandler' driver.
WARNING - 2024-07-05 06:36:56 --> Session: Sessions is enabled, and one exists. Please don't $session->start();
INFO - 2024-07-05 06:37:13 --> Session: Class initialized using 'CodeIgniter\Session\Handlers\FileHandler' driver.
WARNING - 2024-07-05 06:37:13 --> Session: Sessions is enabled, and one exists. Please don't $session->start();
INFO - 2024-07-05 06:38:18 --> Session: Class initialized using 'CodeIgniter\Session\Handlers\FileHandler' driver.
WARNING - 2024-07-05 06:38:18 --> Session: Sessions is enabled, and one exists. Please don't $session->start();
INFO - 2024-07-05 06:41:37 --> Session: Class initialized using 'CodeIgniter\Session\Handlers\FileHandler' driver.
WARNING - 2024-07-05 06:41:37 --> Session: Sessions is enabled, and one exists. Please don't $session->start();
INFO - 2024-07-05 06:41:46 --> Session: Class initialized using 'CodeIgniter\Session\Handlers\FileHandler' driver.
WARNING - 2024-07-05 06:41:46 --> Session: Sessions is enabled, and one exists. Please don't $session->start();
INFO - 2024-07-05 06:42:39 --> Session: Class initialized using 'CodeIgniter\Session\Handlers\FileHandler' driver.
WARNING - 2024-07-05 06:42:39 --> Session: Sessions is enabled, and one exists. Please don't $session->start();
INFO - 2024-07-05 06:44:41 --> Session: Class initialized using 'CodeIgniter\Session\Handlers\FileHandler' driver.
WARNING - 2024-07-05 06:44:41 --> Session: Sessions is enabled, and one exists. Please don't $session->start();
INFO - 2024-07-05 06:45:12 --> Session: Class initialized using 'CodeIgniter\Session\Handlers\FileHandler' driver.
WARNING - 2024-07-05 06:45:12 --> Session: Sessions is enabled, and one exists. Please don't $session->start();
INFO - 2024-07-05 06:49:06 --> Session: Class initialized using 'CodeIgniter\Session\Handlers\FileHandler' driver.
WARNING - 2024-07-05 06:49:06 --> Session: Sessions is enabled, and one exists. Please don't $session->start();
INFO - 2024-07-05 06:50:13 --> Session: Class initialized using 'CodeIgniter\Session\Handlers\FileHandler' driver.
WARNING - 2024-07-05 06:50:13 --> Session: Sessions is enabled, and one exists. Please don't $session->start();
INFO - 2024-07-05 06:50:25 --> Session: Class initialized using 'CodeIgniter\Session\Handlers\FileHandler' driver.
WARNING - 2024-07-05 06:50:25 --> Session: Sessions is enabled, and one exists. Please don't $session->start();
INFO - 2024-07-05 06:57:14 --> Session: Class initialized using 'CodeIgniter\Session\Handlers\FileHandler' driver.
WARNING - 2024-07-05 06:57:14 --> Session: Sessions is enabled, and one exists. Please don't $session->start();
INFO - 2024-07-05 07:34:23 --> Session: Class initialized using 'CodeIgniter\Session\Handlers\FileHandler' driver.
WARNING - 2024-07-05 07:34:23 --> Session: Sessions is enabled, and one exists. Please don't $session->start();
INFO - 2024-07-05 07:34:50 --> Session: Class initialized using 'CodeIgniter\Session\Handlers\FileHandler' driver.
WARNING - 2024-07-05 07:34:50 --> Session: Sessions is enabled, and one exists. Please don't $session->start();
INFO - 2024-07-05 07:38:25 --> Session: Class initialized using 'CodeIgniter\Session\Handlers\FileHandler' driver.
WARNING - 2024-07-05 07:38:25 --> Session: Sessions is enabled, and one exists. Please don't $session->start();
INFO - 2024-07-05 07:39:50 --> Session: Class initialized using 'CodeIgniter\Session\Handlers\FileHandler' driver.
WARNING - 2024-07-05 07:39:50 --> Session: Sessions is enabled, and one exists. Please don't $session->start();
INFO - 2024-07-05 07:40:18 --> Session: Class initialized using 'CodeIgniter\Session\Handlers\FileHandler' driver.
WARNING - 2024-07-05 07:40:18 --> Session: Sessions is enabled, and one exists. Please don't $session->start();
INFO - 2024-07-05 07:41:21 --> Session: Class initialized using 'CodeIgniter\Session\Handlers\FileHandler' driver.
WARNING - 2024-07-05 07:41:21 --> Session: Sessions is enabled, and one exists. Please don't $session->start();
INFO - 2024-07-05 07:41:42 --> Session: Class initialized using 'CodeIgniter\Session\Handlers\FileHandler' driver.
WARNING - 2024-07-05 07:41:42 --> Session: Sessions is enabled, and one exists. Please don't $session->start();
INFO - 2024-07-05 07:41:57 --> Session: Class initialized using 'CodeIgniter\Session\Handlers\FileHandler' driver.
WARNING - 2024-07-05 07:41:57 --> Session: Sessions is enabled, and one exists. Please don't $session->start();
INFO - 2024-07-05 07:44:18 --> Session: Class initialized using 'CodeIgniter\Session\Handlers\FileHandler' driver.
WARNING - 2024-07-05 07:44:18 --> Session: Sessions is enabled, and one exists. Please don't $session->start();
INFO - 2024-07-05 07:44:33 --> Session: Class initialized using 'CodeIgniter\Session\Handlers\FileHandler' driver.
WARNING - 2024-07-05 07:44:33 --> Session: Sessions is enabled, and one exists. Please don't $session->start();
INFO - 2024-07-05 07:44:35 --> Session: Class initialized using 'CodeIgniter\Session\Handlers\FileHandler' driver.
WARNING - 2024-07-05 07:44:35 --> Session: Sessions is enabled, and one exists. Please don't $session->start();
INFO - 2024-07-05 07:44:37 --> Session: Class initialized using 'CodeIgniter\Session\Handlers\FileHandler' driver.
WARNING - 2024-07-05 07:44:37 --> Session: Sessions is enabled, and one exists. Please don't $session->start();
INFO - 2024-07-05 07:44:45 --> Session: Class initialized using 'CodeIgniter\Session\Handlers\FileHandler' driver.
WARNING - 2024-07-05 07:44:45 --> Session: Sessions is enabled, and one exists. Please don't $session->start();
INFO - 2024-07-05 07:44:51 --> Session: Class initialized using 'CodeIgniter\Session\Handlers\FileHandler' driver.
WARNING - 2024-07-05 07:44:51 --> Session: Sessions is enabled, and one exists. Please don't $session->start();
INFO - 2024-07-05 07:54:08 --> Session: Class initialized using 'CodeIgniter\Session\Handlers\FileHandler' driver.
WARNING - 2024-07-05 07:54:08 --> Session: Sessions is enabled, and one exists. Please don't $session->start();
INFO - 2024-07-05 07:54:11 --> Session: Class initialized using 'CodeIgniter\Session\Handlers\FileHandler' driver.
WARNING - 2024-07-05 07:54:11 --> Session: Sessions is enabled, and one exists. Please don't $session->start();
INFO - 2024-07-05 07:54:31 --> Session: Class initialized using 'CodeIgniter\Session\Handlers\FileHandler' driver.
WARNING - 2024-07-05 07:54:31 --> Session: Sessions is enabled, and one exists. Please don't $session->start();
INFO - 2024-07-05 07:55:18 --> Session: Class initialized using 'CodeIgniter\Session\Handlers\FileHandler' driver.
WARNING - 2024-07-05 07:55:18 --> Session: Sessions is enabled, and one exists. Please don't $session->start();
INFO - 2024-07-05 07:55:19 --> Session: Class initialized using 'CodeIgniter\Session\Handlers\FileHandler' driver.
WARNING - 2024-07-05 07:55:19 --> Session: Sessions is enabled, and one exists. Please don't $session->start();
INFO - 2024-07-05 08:01:37 --> Session: Class initialized using 'CodeIgniter\Session\Handlers\FileHandler' driver.
WARNING - 2024-07-05 08:01:37 --> Session: Sessions is enabled, and one exists. Please don't $session->start();
INFO - 2024-07-05 08:01:39 --> Session: Class initialized using 'CodeIgniter\Session\Handlers\FileHandler' driver.
WARNING - 2024-07-05 08:01:39 --> Session: Sessions is enabled, and one exists. Please don't $session->start();
INFO - 2024-07-05 08:01:44 --> Session: Class initialized using 'CodeIgniter\Session\Handlers\FileHandler' driver.
WARNING - 2024-07-05 08:01:44 --> Session: Sessions is enabled, and one exists. Please don't $session->start();
INFO - 2024-07-05 08:01:49 --> Session: Class initialized using 'CodeIgniter\Session\Handlers\FileHandler' driver.
WARNING - 2024-07-05 08:01:49 --> Session: Sessions is enabled, and one exists. Please don't $session->start();
INFO - 2024-07-05 08:01:51 --> Session: Class initialized using 'CodeIgniter\Session\Handlers\FileHandler' driver.
WARNING - 2024-07-05 08:01:51 --> Session: Sessions is enabled, and one exists. Please don't $session->start();
INFO - 2024-07-05 08:21:00 --> Session: Class initialized using 'CodeIgniter\Session\Handlers\FileHandler' driver.
WARNING - 2024-07-05 08:21:00 --> Session: Sessions is enabled, and one exists. Please don't $session->start();
INFO - 2024-07-05 08:21:02 --> Session: Class initialized using 'CodeIgniter\Session\Handlers\FileHandler' driver.
WARNING - 2024-07-05 08:21:02 --> Session: Sessions is enabled, and one exists. Please don't $session->start();
INFO - 2024-07-05 08:23:05 --> Session: Class initialized using 'CodeIgniter\Session\Handlers\FileHandler' driver.
WARNING - 2024-07-05 08:23:05 --> Session: Sessions is enabled, and one exists. Please don't $session->start();
INFO - 2024-07-05 08:23:07 --> Session: Class initialized using 'CodeIgniter\Session\Handlers\FileHandler' driver.
WARNING - 2024-07-05 08:23:07 --> Session: Sessions is enabled, and one exists. Please don't $session->start();
INFO - 2024-07-05 08:23:13 --> Session: Class initialized using 'CodeIgniter\Session\Handlers\FileHandler' driver.
WARNING - 2024-07-05 08:23:13 --> Session: Sessions is enabled, and one exists. Please don't $session->start();
