CRITICAL - 2024-06-14 03:51:20 --> Error: Class "App\Config\BaseController" not found
in APPPATH\Controllers\Home.php on line 7.
 1 SYSTEMPATH\Autoloader\Autoloader.php(309): include_once()
 2 SYSTEMPATH\Autoloader\Autoloader.php(288): CodeIgniter\Autoloader\Autoloader->includeFile('C:\\xampp\\htdocs\\ci\\app\\Controllers\\Home.php')
 3 SYSTEMPATH\Autoloader\Autoloader.php(266): CodeIgniter\Autoloader\Autoloader->loadInNamespace('App\\Controllers\\Home')
 4 [internal function]: CodeIgniter\Autoloader\Autoloader->loadClass('App\\Controllers\\Home')
 5 SYSTEMPATH\CodeIgniter.php(899): class_exists('\\App\\Controllers\\Home', true)
 6 SYSTEMPATH\CodeIgniter.php(489): CodeIgniter\CodeIgniter->startController()
 7 SYSTEMPATH\CodeIgniter.php(361): CodeIgniter\CodeIgniter->handleRequest(null, Object(Config\Cache), false)
 8 FCPATH\index.php(85): CodeIgniter\CodeIgniter->run()
CRITICAL - 2024-06-14 03:53:46 --> Error: Class "App\Config\BaseController" not found
in APPPATH\Controllers\Home.php on line 7.
 1 SYSTEMPATH\Router\AutoRouter.php(161): include_once()
 2 SYSTEMPATH\Router\Router.php(514): CodeIgniter\Router\AutoRouter->getRoute('Home/testConfigVal', 'get')
 3 SYSTEMPATH\Router\Router.php(210): CodeIgniter\Router\Router->autoRoute('Home/testConfigVal')
 4 SYSTEMPATH\CodeIgniter.php(823): CodeIgniter\Router\Router->handle('Home/testConfigVal')
 5 SYSTEMPATH\CodeIgniter.php(450): CodeIgniter\CodeIgniter->tryToRouteIt(Object(CodeIgniter\Router\RouteCollection))
 6 SYSTEMPATH\CodeIgniter.php(361): CodeIgniter\CodeIgniter->handleRequest(null, Object(Config\Cache), false)
 7 FCPATH\index.php(85): CodeIgniter\CodeIgniter->run()
CRITICAL - 2024-06-14 03:54:24 --> ErrorException: Undefined property: Config\App::$token_key
in APPPATH\Controllers\Home.php on line 15.
 1 APPPATH\Controllers\Home.php(15): CodeIgniter\Debug\Exceptions->errorHandler(2, 'Undefined property: Config\\App::$token_key', 'C:\\xampp\\htdocs\\ci\\app\\Controllers\\Home.php', 15)
 2 SYSTEMPATH\CodeIgniter.php(941): App\Controllers\Home->testConfigVal()
 3 SYSTEMPATH\CodeIgniter.php(502): CodeIgniter\CodeIgniter->runController(Object(App\Controllers\Home))
 4 SYSTEMPATH\CodeIgniter.php(361): CodeIgniter\CodeIgniter->handleRequest(null, Object(Config\Cache), false)
 5 FCPATH\index.php(85): CodeIgniter\CodeIgniter->run()
CRITICAL - 2024-06-14 03:55:29 --> ErrorException: Undefined property: Config\App::$token_key
in APPPATH\Controllers\Home.php on line 16.
 1 APPPATH\Controllers\Home.php(16): CodeIgniter\Debug\Exceptions->errorHandler(2, 'Undefined property: Config\\App::$token_key', 'C:\\xampp\\htdocs\\ci\\app\\Controllers\\Home.php', 16)
 2 SYSTEMPATH\CodeIgniter.php(941): App\Controllers\Home->testConfigVal()
 3 SYSTEMPATH\CodeIgniter.php(502): CodeIgniter\CodeIgniter->runController(Object(App\Controllers\Home))
 4 SYSTEMPATH\CodeIgniter.php(361): CodeIgniter\CodeIgniter->handleRequest(null, Object(Config\Cache), false)
 5 FCPATH\index.php(85): CodeIgniter\CodeIgniter->run()
CRITICAL - 2024-06-14 03:55:53 --> ErrorException: Undefined property: Config\App::$token_key
in APPPATH\Controllers\Home.php on line 16.
 1 APPPATH\Controllers\Home.php(16): CodeIgniter\Debug\Exceptions->errorHandler(2, 'Undefined property: Config\\App::$token_key', 'C:\\xampp\\htdocs\\ci\\app\\Controllers\\Home.php', 16)
 2 SYSTEMPATH\CodeIgniter.php(941): App\Controllers\Home->testConfigVal()
 3 SYSTEMPATH\CodeIgniter.php(502): CodeIgniter\CodeIgniter->runController(Object(App\Controllers\Home))
 4 SYSTEMPATH\CodeIgniter.php(361): CodeIgniter\CodeIgniter->handleRequest(null, Object(Config\Cache), false)
 5 FCPATH\index.php(85): CodeIgniter\CodeIgniter->run()
CRITICAL - 2024-06-14 04:18:00 --> InvalidArgumentException: db_user is not a valid database connection group.
in SYSTEMPATH\Database\Config.php on line 70.
 1 SYSTEMPATH\Model.php(153): CodeIgniter\Database\Config::connect('db_user')
 2 APPPATH\Models\Mydev_model.php(20): CodeIgniter\Model->__construct()
 3 APPPATH\Controllers\Home.php(11): App\Models\Mydev_model->__construct()
 4 SYSTEMPATH\CodeIgniter.php(913): App\Controllers\Home->__construct()
 5 SYSTEMPATH\CodeIgniter.php(493): CodeIgniter\CodeIgniter->createController()
 6 SYSTEMPATH\CodeIgniter.php(361): CodeIgniter\CodeIgniter->handleRequest(null, Object(Config\Cache), false)
 7 FCPATH\index.php(85): CodeIgniter\CodeIgniter->run()
CRITICAL - 2024-06-14 04:21:15 --> InvalidArgumentException: db_user is not a valid database connection group.
in SYSTEMPATH\Database\Config.php on line 70.
 1 SYSTEMPATH\Model.php(153): CodeIgniter\Database\Config::connect('db_user')
 2 APPPATH\Models\Mydev_model.php(20): CodeIgniter\Model->__construct()
 3 APPPATH\Controllers\Home.php(11): App\Models\Mydev_model->__construct()
 4 SYSTEMPATH\CodeIgniter.php(913): App\Controllers\Home->__construct()
 5 SYSTEMPATH\CodeIgniter.php(493): CodeIgniter\CodeIgniter->createController()
 6 SYSTEMPATH\CodeIgniter.php(361): CodeIgniter\CodeIgniter->handleRequest(null, Object(Config\Cache), false)
 7 FCPATH\index.php(85): CodeIgniter\CodeIgniter->run()
CRITICAL - 2024-06-14 04:22:40 --> InvalidArgumentException: db_user is not a valid database connection group.
in SYSTEMPATH\Database\Config.php on line 70.
 1 SYSTEMPATH\Model.php(153): CodeIgniter\Database\Config::connect('db_user')
 2 APPPATH\Models\Mydev_model.php(20): CodeIgniter\Model->__construct()
 3 APPPATH\Controllers\Home.php(11): App\Models\Mydev_model->__construct()
 4 SYSTEMPATH\CodeIgniter.php(913): App\Controllers\Home->__construct()
 5 SYSTEMPATH\CodeIgniter.php(493): CodeIgniter\CodeIgniter->createController()
 6 SYSTEMPATH\CodeIgniter.php(361): CodeIgniter\CodeIgniter->handleRequest(null, Object(Config\Cache), false)
 7 FCPATH\index.php(85): CodeIgniter\CodeIgniter->run()
CRITICAL - 2024-06-14 04:43:07 --> ErrorException: Undefined array key "username"
in APPPATH\Controllers\Home.php on line 45.
 1 APPPATH\Controllers\Home.php(45): CodeIgniter\Debug\Exceptions->errorHandler(2, 'Undefined array key "username"', 'C:\\xampp\\htdocs\\ci\\app\\Controllers\\Home.php', 45)
 2 SYSTEMPATH\CodeIgniter.php(941): App\Controllers\Home->process_views()
 3 SYSTEMPATH\CodeIgniter.php(502): CodeIgniter\CodeIgniter->runController(Object(App\Controllers\Home))
 4 SYSTEMPATH\CodeIgniter.php(361): CodeIgniter\CodeIgniter->handleRequest(null, Object(Config\Cache), false)
 5 FCPATH\index.php(85): CodeIgniter\CodeIgniter->run()
CRITICAL - 2024-06-14 04:44:14 --> ErrorException: Undefined array key "username"
in APPPATH\Controllers\Home.php on line 45.
 1 APPPATH\Controllers\Home.php(45): CodeIgniter\Debug\Exceptions->errorHandler(2, 'Undefined array key "username"', 'C:\\xampp\\htdocs\\ci\\app\\Controllers\\Home.php', 45)
 2 SYSTEMPATH\CodeIgniter.php(941): App\Controllers\Home->process_views()
 3 SYSTEMPATH\CodeIgniter.php(502): CodeIgniter\CodeIgniter->runController(Object(App\Controllers\Home))
 4 SYSTEMPATH\CodeIgniter.php(361): CodeIgniter\CodeIgniter->handleRequest(null, Object(Config\Cache), false)
 5 FCPATH\index.php(85): CodeIgniter\CodeIgniter->run()
CRITICAL - 2024-06-14 04:44:15 --> ErrorException: Undefined array key "username"
in APPPATH\Controllers\Home.php on line 45.
 1 APPPATH\Controllers\Home.php(45): CodeIgniter\Debug\Exceptions->errorHandler(2, 'Undefined array key "username"', 'C:\\xampp\\htdocs\\ci\\app\\Controllers\\Home.php', 45)
 2 SYSTEMPATH\CodeIgniter.php(941): App\Controllers\Home->process_views()
 3 SYSTEMPATH\CodeIgniter.php(502): CodeIgniter\CodeIgniter->runController(Object(App\Controllers\Home))
 4 SYSTEMPATH\CodeIgniter.php(361): CodeIgniter\CodeIgniter->handleRequest(null, Object(Config\Cache), false)
 5 FCPATH\index.php(85): CodeIgniter\CodeIgniter->run()
CRITICAL - 2024-06-14 04:44:16 --> ErrorException: Undefined array key "username"
in APPPATH\Controllers\Home.php on line 45.
 1 APPPATH\Controllers\Home.php(45): CodeIgniter\Debug\Exceptions->errorHandler(2, 'Undefined array key "username"', 'C:\\xampp\\htdocs\\ci\\app\\Controllers\\Home.php', 45)
 2 SYSTEMPATH\CodeIgniter.php(941): App\Controllers\Home->process_views()
 3 SYSTEMPATH\CodeIgniter.php(502): CodeIgniter\CodeIgniter->runController(Object(App\Controllers\Home))
 4 SYSTEMPATH\CodeIgniter.php(361): CodeIgniter\CodeIgniter->handleRequest(null, Object(Config\Cache), false)
 5 FCPATH\index.php(85): CodeIgniter\CodeIgniter->run()
CRITICAL - 2024-06-14 04:44:16 --> ErrorException: Undefined array key "username"
in APPPATH\Controllers\Home.php on line 45.
 1 APPPATH\Controllers\Home.php(45): CodeIgniter\Debug\Exceptions->errorHandler(2, 'Undefined array key "username"', 'C:\\xampp\\htdocs\\ci\\app\\Controllers\\Home.php', 45)
 2 SYSTEMPATH\CodeIgniter.php(941): App\Controllers\Home->process_views()
 3 SYSTEMPATH\CodeIgniter.php(502): CodeIgniter\CodeIgniter->runController(Object(App\Controllers\Home))
 4 SYSTEMPATH\CodeIgniter.php(361): CodeIgniter\CodeIgniter->handleRequest(null, Object(Config\Cache), false)
 5 FCPATH\index.php(85): CodeIgniter\CodeIgniter->run()
CRITICAL - 2024-06-14 04:44:16 --> ErrorException: Undefined array key "username"
in APPPATH\Controllers\Home.php on line 45.
 1 APPPATH\Controllers\Home.php(45): CodeIgniter\Debug\Exceptions->errorHandler(2, 'Undefined array key "username"', 'C:\\xampp\\htdocs\\ci\\app\\Controllers\\Home.php', 45)
 2 SYSTEMPATH\CodeIgniter.php(941): App\Controllers\Home->process_views()
 3 SYSTEMPATH\CodeIgniter.php(502): CodeIgniter\CodeIgniter->runController(Object(App\Controllers\Home))
 4 SYSTEMPATH\CodeIgniter.php(361): CodeIgniter\CodeIgniter->handleRequest(null, Object(Config\Cache), false)
 5 FCPATH\index.php(85): CodeIgniter\CodeIgniter->run()
CRITICAL - 2024-06-14 04:44:33 --> ErrorException: Undefined array key "username"
in APPPATH\Controllers\Home.php on line 45.
 1 APPPATH\Controllers\Home.php(45): CodeIgniter\Debug\Exceptions->errorHandler(2, 'Undefined array key "username"', 'C:\\xampp\\htdocs\\ci\\app\\Controllers\\Home.php', 45)
 2 SYSTEMPATH\CodeIgniter.php(941): App\Controllers\Home->process_views()
 3 SYSTEMPATH\CodeIgniter.php(502): CodeIgniter\CodeIgniter->runController(Object(App\Controllers\Home))
 4 SYSTEMPATH\CodeIgniter.php(361): CodeIgniter\CodeIgniter->handleRequest(null, Object(Config\Cache), false)
 5 FCPATH\index.php(85): CodeIgniter\CodeIgniter->run()
CRITICAL - 2024-06-14 04:44:33 --> ErrorException: Undefined array key "username"
in APPPATH\Controllers\Home.php on line 45.
 1 APPPATH\Controllers\Home.php(45): CodeIgniter\Debug\Exceptions->errorHandler(2, 'Undefined array key "username"', 'C:\\xampp\\htdocs\\ci\\app\\Controllers\\Home.php', 45)
 2 SYSTEMPATH\CodeIgniter.php(941): App\Controllers\Home->process_views()
 3 SYSTEMPATH\CodeIgniter.php(502): CodeIgniter\CodeIgniter->runController(Object(App\Controllers\Home))
 4 SYSTEMPATH\CodeIgniter.php(361): CodeIgniter\CodeIgniter->handleRequest(null, Object(Config\Cache), false)
 5 FCPATH\index.php(85): CodeIgniter\CodeIgniter->run()
CRITICAL - 2024-06-14 04:44:34 --> ErrorException: Undefined array key "username"
in APPPATH\Controllers\Home.php on line 45.
 1 APPPATH\Controllers\Home.php(45): CodeIgniter\Debug\Exceptions->errorHandler(2, 'Undefined array key "username"', 'C:\\xampp\\htdocs\\ci\\app\\Controllers\\Home.php', 45)
 2 SYSTEMPATH\CodeIgniter.php(941): App\Controllers\Home->process_views()
 3 SYSTEMPATH\CodeIgniter.php(502): CodeIgniter\CodeIgniter->runController(Object(App\Controllers\Home))
 4 SYSTEMPATH\CodeIgniter.php(361): CodeIgniter\CodeIgniter->handleRequest(null, Object(Config\Cache), false)
 5 FCPATH\index.php(85): CodeIgniter\CodeIgniter->run()
CRITICAL - 2024-06-14 04:44:34 --> ErrorException: Undefined array key "username"
in APPPATH\Controllers\Home.php on line 45.
 1 APPPATH\Controllers\Home.php(45): CodeIgniter\Debug\Exceptions->errorHandler(2, 'Undefined array key "username"', 'C:\\xampp\\htdocs\\ci\\app\\Controllers\\Home.php', 45)
 2 SYSTEMPATH\CodeIgniter.php(941): App\Controllers\Home->process_views()
 3 SYSTEMPATH\CodeIgniter.php(502): CodeIgniter\CodeIgniter->runController(Object(App\Controllers\Home))
 4 SYSTEMPATH\CodeIgniter.php(361): CodeIgniter\CodeIgniter->handleRequest(null, Object(Config\Cache), false)
 5 FCPATH\index.php(85): CodeIgniter\CodeIgniter->run()
CRITICAL - 2024-06-14 04:48:23 --> ErrorException: Undefined array key "username"
in APPPATH\Controllers\Home.php on line 45.
 1 APPPATH\Controllers\Home.php(45): CodeIgniter\Debug\Exceptions->errorHandler(2, 'Undefined array key "username"', 'C:\\xampp\\htdocs\\ci\\app\\Controllers\\Home.php', 45)
 2 SYSTEMPATH\CodeIgniter.php(941): App\Controllers\Home->process_views()
 3 SYSTEMPATH\CodeIgniter.php(502): CodeIgniter\CodeIgniter->runController(Object(App\Controllers\Home))
 4 SYSTEMPATH\CodeIgniter.php(361): CodeIgniter\CodeIgniter->handleRequest(null, Object(Config\Cache), false)
 5 FCPATH\index.php(85): CodeIgniter\CodeIgniter->run()
CRITICAL - 2024-06-14 04:48:24 --> ErrorException: Undefined array key "username"
in APPPATH\Controllers\Home.php on line 45.
 1 APPPATH\Controllers\Home.php(45): CodeIgniter\Debug\Exceptions->errorHandler(2, 'Undefined array key "username"', 'C:\\xampp\\htdocs\\ci\\app\\Controllers\\Home.php', 45)
 2 SYSTEMPATH\CodeIgniter.php(941): App\Controllers\Home->process_views()
 3 SYSTEMPATH\CodeIgniter.php(502): CodeIgniter\CodeIgniter->runController(Object(App\Controllers\Home))
 4 SYSTEMPATH\CodeIgniter.php(361): CodeIgniter\CodeIgniter->handleRequest(null, Object(Config\Cache), false)
 5 FCPATH\index.php(85): CodeIgniter\CodeIgniter->run()
CRITICAL - 2024-06-14 04:49:27 --> ErrorException: Undefined array key "username"
in APPPATH\Controllers\Home.php on line 45.
 1 APPPATH\Controllers\Home.php(45): CodeIgniter\Debug\Exceptions->errorHandler(2, 'Undefined array key "username"', 'C:\\xampp\\htdocs\\ci\\app\\Controllers\\Home.php', 45)
 2 SYSTEMPATH\CodeIgniter.php(941): App\Controllers\Home->process_views()
 3 SYSTEMPATH\CodeIgniter.php(502): CodeIgniter\CodeIgniter->runController(Object(App\Controllers\Home))
 4 SYSTEMPATH\CodeIgniter.php(361): CodeIgniter\CodeIgniter->handleRequest(null, Object(Config\Cache), false)
 5 FCPATH\index.php(85): CodeIgniter\CodeIgniter->run()
CRITICAL - 2024-06-14 04:50:28 --> ErrorException: Undefined array key "username"
in APPPATH\Controllers\Home.php on line 45.
 1 APPPATH\Controllers\Home.php(45): CodeIgniter\Debug\Exceptions->errorHandler(2, 'Undefined array key "username"', 'C:\\xampp\\htdocs\\ci\\app\\Controllers\\Home.php', 45)
 2 SYSTEMPATH\CodeIgniter.php(941): App\Controllers\Home->process_views()
 3 SYSTEMPATH\CodeIgniter.php(502): CodeIgniter\CodeIgniter->runController(Object(App\Controllers\Home))
 4 SYSTEMPATH\CodeIgniter.php(361): CodeIgniter\CodeIgniter->handleRequest(null, Object(Config\Cache), false)
 5 FCPATH\index.php(85): CodeIgniter\CodeIgniter->run()
CRITICAL - 2024-06-14 04:50:29 --> ErrorException: Undefined array key "username"
in APPPATH\Controllers\Home.php on line 45.
 1 APPPATH\Controllers\Home.php(45): CodeIgniter\Debug\Exceptions->errorHandler(2, 'Undefined array key "username"', 'C:\\xampp\\htdocs\\ci\\app\\Controllers\\Home.php', 45)
 2 SYSTEMPATH\CodeIgniter.php(941): App\Controllers\Home->process_views()
 3 SYSTEMPATH\CodeIgniter.php(502): CodeIgniter\CodeIgniter->runController(Object(App\Controllers\Home))
 4 SYSTEMPATH\CodeIgniter.php(361): CodeIgniter\CodeIgniter->handleRequest(null, Object(Config\Cache), false)
 5 FCPATH\index.php(85): CodeIgniter\CodeIgniter->run()
CRITICAL - 2024-06-14 04:52:40 --> ErrorException: Undefined array key "username"
in APPPATH\Controllers\Home.php on line 45.
 1 APPPATH\Controllers\Home.php(45): CodeIgniter\Debug\Exceptions->errorHandler(2, 'Undefined array key "username"', 'C:\\xampp\\htdocs\\ci\\app\\Controllers\\Home.php', 45)
 2 SYSTEMPATH\CodeIgniter.php(941): App\Controllers\Home->process_views()
 3 SYSTEMPATH\CodeIgniter.php(502): CodeIgniter\CodeIgniter->runController(Object(App\Controllers\Home))
 4 SYSTEMPATH\CodeIgniter.php(361): CodeIgniter\CodeIgniter->handleRequest(null, Object(Config\Cache), false)
 5 FCPATH\index.php(85): CodeIgniter\CodeIgniter->run()
CRITICAL - 2024-06-14 04:52:42 --> ErrorException: Undefined array key "username"
in APPPATH\Controllers\Home.php on line 45.
 1 APPPATH\Controllers\Home.php(45): CodeIgniter\Debug\Exceptions->errorHandler(2, 'Undefined array key "username"', 'C:\\xampp\\htdocs\\ci\\app\\Controllers\\Home.php', 45)
 2 SYSTEMPATH\CodeIgniter.php(941): App\Controllers\Home->process_views()
 3 SYSTEMPATH\CodeIgniter.php(502): CodeIgniter\CodeIgniter->runController(Object(App\Controllers\Home))
 4 SYSTEMPATH\CodeIgniter.php(361): CodeIgniter\CodeIgniter->handleRequest(null, Object(Config\Cache), false)
 5 FCPATH\index.php(85): CodeIgniter\CodeIgniter->run()
CRITICAL - 2024-06-14 04:52:42 --> ErrorException: Undefined array key "username"
in APPPATH\Controllers\Home.php on line 45.
 1 APPPATH\Controllers\Home.php(45): CodeIgniter\Debug\Exceptions->errorHandler(2, 'Undefined array key "username"', 'C:\\xampp\\htdocs\\ci\\app\\Controllers\\Home.php', 45)
 2 SYSTEMPATH\CodeIgniter.php(941): App\Controllers\Home->process_views()
 3 SYSTEMPATH\CodeIgniter.php(502): CodeIgniter\CodeIgniter->runController(Object(App\Controllers\Home))
 4 SYSTEMPATH\CodeIgniter.php(361): CodeIgniter\CodeIgniter->handleRequest(null, Object(Config\Cache), false)
 5 FCPATH\index.php(85): CodeIgniter\CodeIgniter->run()
CRITICAL - 2024-06-14 04:57:51 --> ErrorException: Undefined array key "username"
in APPPATH\Controllers\Home.php on line 40.
 1 APPPATH\Controllers\Home.php(40): CodeIgniter\Debug\Exceptions->errorHandler(2, 'Undefined array key "username"', 'C:\\xampp\\htdocs\\ci\\app\\Controllers\\Home.php', 40)
 2 SYSTEMPATH\CodeIgniter.php(941): App\Controllers\Home->process_views()
 3 SYSTEMPATH\CodeIgniter.php(502): CodeIgniter\CodeIgniter->runController(Object(App\Controllers\Home))
 4 SYSTEMPATH\CodeIgniter.php(361): CodeIgniter\CodeIgniter->handleRequest(null, Object(Config\Cache), false)
 5 FCPATH\index.php(85): CodeIgniter\CodeIgniter->run()
CRITICAL - 2024-06-14 05:01:25 --> ErrorException: Undefined array key "username"
in APPPATH\Controllers\Home.php on line 40.
 1 APPPATH\Controllers\Home.php(40): CodeIgniter\Debug\Exceptions->errorHandler(2, 'Undefined array key "username"', 'C:\\xampp\\htdocs\\ci\\app\\Controllers\\Home.php', 40)
 2 SYSTEMPATH\CodeIgniter.php(941): App\Controllers\Home->process_views()
 3 SYSTEMPATH\CodeIgniter.php(502): CodeIgniter\CodeIgniter->runController(Object(App\Controllers\Home))
 4 SYSTEMPATH\CodeIgniter.php(361): CodeIgniter\CodeIgniter->handleRequest(null, Object(Config\Cache), false)
 5 FCPATH\index.php(85): CodeIgniter\CodeIgniter->run()
CRITICAL - 2024-06-14 05:02:33 --> ErrorException: Undefined array key "username"
in APPPATH\Controllers\Home.php on line 40.
 1 APPPATH\Controllers\Home.php(40): CodeIgniter\Debug\Exceptions->errorHandler(2, 'Undefined array key "username"', 'C:\\xampp\\htdocs\\ci\\app\\Controllers\\Home.php', 40)
 2 SYSTEMPATH\CodeIgniter.php(941): App\Controllers\Home->process_views()
 3 SYSTEMPATH\CodeIgniter.php(502): CodeIgniter\CodeIgniter->runController(Object(App\Controllers\Home))
 4 SYSTEMPATH\CodeIgniter.php(361): CodeIgniter\CodeIgniter->handleRequest(null, Object(Config\Cache), false)
 5 FCPATH\index.php(85): CodeIgniter\CodeIgniter->run()
CRITICAL - 2024-06-14 05:02:33 --> ErrorException: Undefined array key "username"
in APPPATH\Controllers\Home.php on line 40.
 1 APPPATH\Controllers\Home.php(40): CodeIgniter\Debug\Exceptions->errorHandler(2, 'Undefined array key "username"', 'C:\\xampp\\htdocs\\ci\\app\\Controllers\\Home.php', 40)
 2 SYSTEMPATH\CodeIgniter.php(941): App\Controllers\Home->process_views()
 3 SYSTEMPATH\CodeIgniter.php(502): CodeIgniter\CodeIgniter->runController(Object(App\Controllers\Home))
 4 SYSTEMPATH\CodeIgniter.php(361): CodeIgniter\CodeIgniter->handleRequest(null, Object(Config\Cache), false)
 5 FCPATH\index.php(85): CodeIgniter\CodeIgniter->run()
CRITICAL - 2024-06-14 05:04:09 --> ErrorException: Undefined array key "username"
in APPPATH\Controllers\Home.php on line 40.
 1 APPPATH\Controllers\Home.php(40): CodeIgniter\Debug\Exceptions->errorHandler(2, 'Undefined array key "username"', 'C:\\xampp\\htdocs\\ci\\app\\Controllers\\Home.php', 40)
 2 SYSTEMPATH\CodeIgniter.php(941): App\Controllers\Home->process_views()
 3 SYSTEMPATH\CodeIgniter.php(502): CodeIgniter\CodeIgniter->runController(Object(App\Controllers\Home))
 4 SYSTEMPATH\CodeIgniter.php(361): CodeIgniter\CodeIgniter->handleRequest(null, Object(Config\Cache), false)
 5 FCPATH\index.php(85): CodeIgniter\CodeIgniter->run()
CRITICAL - 2024-06-14 05:04:09 --> ErrorException: Undefined array key "username"
in APPPATH\Controllers\Home.php on line 40.
 1 APPPATH\Controllers\Home.php(40): CodeIgniter\Debug\Exceptions->errorHandler(2, 'Undefined array key "username"', 'C:\\xampp\\htdocs\\ci\\app\\Controllers\\Home.php', 40)
 2 SYSTEMPATH\CodeIgniter.php(941): App\Controllers\Home->process_views()
 3 SYSTEMPATH\CodeIgniter.php(502): CodeIgniter\CodeIgniter->runController(Object(App\Controllers\Home))
 4 SYSTEMPATH\CodeIgniter.php(361): CodeIgniter\CodeIgniter->handleRequest(null, Object(Config\Cache), false)
 5 FCPATH\index.php(85): CodeIgniter\CodeIgniter->run()
CRITICAL - 2024-06-14 05:04:09 --> ErrorException: Undefined array key "username"
in APPPATH\Controllers\Home.php on line 40.
 1 APPPATH\Controllers\Home.php(40): CodeIgniter\Debug\Exceptions->errorHandler(2, 'Undefined array key "username"', 'C:\\xampp\\htdocs\\ci\\app\\Controllers\\Home.php', 40)
 2 SYSTEMPATH\CodeIgniter.php(941): App\Controllers\Home->process_views()
 3 SYSTEMPATH\CodeIgniter.php(502): CodeIgniter\CodeIgniter->runController(Object(App\Controllers\Home))
 4 SYSTEMPATH\CodeIgniter.php(361): CodeIgniter\CodeIgniter->handleRequest(null, Object(Config\Cache), false)
 5 FCPATH\index.php(85): CodeIgniter\CodeIgniter->run()
CRITICAL - 2024-06-14 05:07:04 --> ErrorException: Undefined property: App\Controllers\Home::$myviews
in APPPATH\Controllers\Home.php on line 19.
 1 APPPATH\Controllers\Home.php(19): CodeIgniter\Debug\Exceptions->errorHandler(2, 'Undefined property: App\\Controllers\\Home::$myviews', 'C:\\xampp\\htdocs\\ci\\app\\Controllers\\Home.php', 19)
 2 SYSTEMPATH\CodeIgniter.php(941): App\Controllers\Home->testConMysql()
 3 SYSTEMPATH\CodeIgniter.php(502): CodeIgniter\CodeIgniter->runController(Object(App\Controllers\Home))
 4 SYSTEMPATH\CodeIgniter.php(361): CodeIgniter\CodeIgniter->handleRequest(null, Object(Config\Cache), false)
 5 FCPATH\index.php(85): CodeIgniter\CodeIgniter->run()
CRITICAL - 2024-06-14 05:54:21 --> ErrorException: Undefined variable $sql
in APPPATH\Controllers\Home.php on line 26.
 1 APPPATH\Controllers\Home.php(26): CodeIgniter\Debug\Exceptions->errorHandler(2, 'Undefined variable $sql', 'C:\\xampp\\htdocs\\ci\\app\\Controllers\\Home.php', 26)
 2 SYSTEMPATH\CodeIgniter.php(941): App\Controllers\Home->viewMysql()
 3 SYSTEMPATH\CodeIgniter.php(502): CodeIgniter\CodeIgniter->runController(Object(App\Controllers\Home))
 4 SYSTEMPATH\CodeIgniter.php(361): CodeIgniter\CodeIgniter->handleRequest(null, Object(Config\Cache), false)
 5 FCPATH\index.php(85): CodeIgniter\CodeIgniter->run()
CRITICAL - 2024-06-14 05:54:53 --> ErrorException: Undefined variable $datamysql
in APPPATH\Views\viewmysql.php on line 2.
 1 APPPATH\Views\viewmysql.php(2): CodeIgniter\Debug\Exceptions->errorHandler(2, 'Undefined variable $datamysql', 'C:\\xampp\\htdocs\\ci\\app\\Views\\viewmysql.php', 2)
 2 SYSTEMPATH\View\View.php(228): include('C:\\xampp\\htdocs\\ci\\app\\Views\\viewmysql.php')
 3 SYSTEMPATH\View\View.php(231): CodeIgniter\View\View->CodeIgniter\View\{closure}()
 4 SYSTEMPATH\Common.php(1178): CodeIgniter\View\View->render('viewMysql', [], true)
 5 APPPATH\Controllers\Home.php(30): view('viewMysql')
 6 SYSTEMPATH\CodeIgniter.php(941): App\Controllers\Home->viewMysql()
 7 SYSTEMPATH\CodeIgniter.php(502): CodeIgniter\CodeIgniter->runController(Object(App\Controllers\Home))
 8 SYSTEMPATH\CodeIgniter.php(361): CodeIgniter\CodeIgniter->handleRequest(null, Object(Config\Cache), false)
 9 FCPATH\index.php(85): CodeIgniter\CodeIgniter->run()
CRITICAL - 2024-06-14 05:55:23 --> ErrorException: Undefined variable $datamysql
in APPPATH\Views\viewmysql.php on line 2.
 1 APPPATH\Views\viewmysql.php(2): CodeIgniter\Debug\Exceptions->errorHandler(2, 'Undefined variable $datamysql', 'C:\\xampp\\htdocs\\ci\\app\\Views\\viewmysql.php', 2)
 2 SYSTEMPATH\View\View.php(228): include('C:\\xampp\\htdocs\\ci\\app\\Views\\viewmysql.php')
 3 SYSTEMPATH\View\View.php(231): CodeIgniter\View\View->CodeIgniter\View\{closure}()
 4 SYSTEMPATH\Common.php(1178): CodeIgniter\View\View->render('viewMysql', [], true)
 5 APPPATH\Controllers\Home.php(30): view('viewMysql')
 6 SYSTEMPATH\CodeIgniter.php(941): App\Controllers\Home->viewMysql()
 7 SYSTEMPATH\CodeIgniter.php(502): CodeIgniter\CodeIgniter->runController(Object(App\Controllers\Home))
 8 SYSTEMPATH\CodeIgniter.php(361): CodeIgniter\CodeIgniter->handleRequest(null, Object(Config\Cache), false)
 9 FCPATH\index.php(85): CodeIgniter\CodeIgniter->run()
CRITICAL - 2024-06-14 06:13:53 --> ParseError: syntax error, unexpected token ")", expecting ";"
in APPPATH\Views\viewmysql.php on line 38.
 1 SYSTEMPATH\View\View.php(231): CodeIgniter\View\View->CodeIgniter\View\{closure}()
 2 SYSTEMPATH\Common.php(1178): CodeIgniter\View\View->render('viewMysql', [], true)
 3 APPPATH\Controllers\Home.php(30): view('viewMysql', [...])
 4 SYSTEMPATH\CodeIgniter.php(941): App\Controllers\Home->viewMysql()
 5 SYSTEMPATH\CodeIgniter.php(502): CodeIgniter\CodeIgniter->runController(Object(App\Controllers\Home))
 6 SYSTEMPATH\CodeIgniter.php(361): CodeIgniter\CodeIgniter->handleRequest(null, Object(Config\Cache), false)
 7 FCPATH\index.php(85): CodeIgniter\CodeIgniter->run()
CRITICAL - 2024-06-14 06:13:53 --> ParseError: syntax error, unexpected token ")", expecting ";"
in APPPATH\Views\viewmysql.php on line 38.
 1 SYSTEMPATH\View\View.php(231): CodeIgniter\View\View->CodeIgniter\View\{closure}()
 2 SYSTEMPATH\Common.php(1178): CodeIgniter\View\View->render('viewMysql', [], true)
 3 APPPATH\Controllers\Home.php(30): view('viewMysql', [...])
 4 SYSTEMPATH\CodeIgniter.php(941): App\Controllers\Home->viewMysql()
 5 SYSTEMPATH\CodeIgniter.php(502): CodeIgniter\CodeIgniter->runController(Object(App\Controllers\Home))
 6 SYSTEMPATH\CodeIgniter.php(361): CodeIgniter\CodeIgniter->handleRequest(null, Object(Config\Cache), false)
 7 FCPATH\index.php(85): CodeIgniter\CodeIgniter->run()
CRITICAL - 2024-06-14 06:16:52 --> ErrorException: Array to string conversion
in APPPATH\Views\viewmysql.php on line 38.
 1 APPPATH\Views\viewmysql.php(38): CodeIgniter\Debug\Exceptions->errorHandler(2, 'Array to string conversion', 'C:\\xampp\\htdocs\\ci\\app\\Views\\viewmysql.php', 38)
 2 SYSTEMPATH\View\View.php(228): include('C:\\xampp\\htdocs\\ci\\app\\Views\\viewmysql.php')
 3 SYSTEMPATH\View\View.php(231): CodeIgniter\View\View->CodeIgniter\View\{closure}()
 4 SYSTEMPATH\Common.php(1178): CodeIgniter\View\View->render('viewMysql', [], true)
 5 APPPATH\Controllers\Home.php(30): view('viewMysql', [...])
 6 SYSTEMPATH\CodeIgniter.php(941): App\Controllers\Home->viewMysql()
 7 SYSTEMPATH\CodeIgniter.php(502): CodeIgniter\CodeIgniter->runController(Object(App\Controllers\Home))
 8 SYSTEMPATH\CodeIgniter.php(361): CodeIgniter\CodeIgniter->handleRequest(null, Object(Config\Cache), false)
 9 FCPATH\index.php(85): CodeIgniter\CodeIgniter->run()
CRITICAL - 2024-06-14 06:18:38 --> ParseError: syntax error, unexpected token ">"
in APPPATH\Views\viewmysql.php on line 39.
 1 SYSTEMPATH\View\View.php(231): CodeIgniter\View\View->CodeIgniter\View\{closure}()
 2 SYSTEMPATH\Common.php(1178): CodeIgniter\View\View->render('viewMysql', [], true)
 3 APPPATH\Controllers\Home.php(30): view('viewMysql', [...])
 4 SYSTEMPATH\CodeIgniter.php(941): App\Controllers\Home->viewMysql()
 5 SYSTEMPATH\CodeIgniter.php(502): CodeIgniter\CodeIgniter->runController(Object(App\Controllers\Home))
 6 SYSTEMPATH\CodeIgniter.php(361): CodeIgniter\CodeIgniter->handleRequest(null, Object(Config\Cache), false)
 7 FCPATH\index.php(85): CodeIgniter\CodeIgniter->run()
CRITICAL - 2024-06-14 06:20:44 --> ErrorException: Array to string conversion
in APPPATH\Views\viewmysql.php on line 39.
 1 APPPATH\Views\viewmysql.php(39): CodeIgniter\Debug\Exceptions->errorHandler(2, 'Array to string conversion', 'C:\\xampp\\htdocs\\ci\\app\\Views\\viewmysql.php', 39)
 2 SYSTEMPATH\View\View.php(228): include('C:\\xampp\\htdocs\\ci\\app\\Views\\viewmysql.php')
 3 SYSTEMPATH\View\View.php(231): CodeIgniter\View\View->CodeIgniter\View\{closure}()
 4 SYSTEMPATH\Common.php(1178): CodeIgniter\View\View->render('viewMysql', [], true)
 5 APPPATH\Controllers\Home.php(30): view('viewMysql', [...])
 6 SYSTEMPATH\CodeIgniter.php(941): App\Controllers\Home->viewMysql()
 7 SYSTEMPATH\CodeIgniter.php(502): CodeIgniter\CodeIgniter->runController(Object(App\Controllers\Home))
 8 SYSTEMPATH\CodeIgniter.php(361): CodeIgniter\CodeIgniter->handleRequest(null, Object(Config\Cache), false)
 9 FCPATH\index.php(85): CodeIgniter\CodeIgniter->run()
CRITICAL - 2024-06-14 06:22:27 --> ErrorException: Undefined array key "data_usre"
in APPPATH\Views\viewmysql.php on line 39.
 1 APPPATH\Views\viewmysql.php(39): CodeIgniter\Debug\Exceptions->errorHandler(2, 'Undefined array key "data_usre"', 'C:\\xampp\\htdocs\\ci\\app\\Views\\viewmysql.php', 39)
 2 SYSTEMPATH\View\View.php(228): include('C:\\xampp\\htdocs\\ci\\app\\Views\\viewmysql.php')
 3 SYSTEMPATH\View\View.php(231): CodeIgniter\View\View->CodeIgniter\View\{closure}()
 4 SYSTEMPATH\Common.php(1178): CodeIgniter\View\View->render('viewMysql', [], true)
 5 APPPATH\Controllers\Home.php(30): view('viewMysql', [...])
 6 SYSTEMPATH\CodeIgniter.php(941): App\Controllers\Home->viewMysql()
 7 SYSTEMPATH\CodeIgniter.php(502): CodeIgniter\CodeIgniter->runController(Object(App\Controllers\Home))
 8 SYSTEMPATH\CodeIgniter.php(361): CodeIgniter\CodeIgniter->handleRequest(null, Object(Config\Cache), false)
 9 FCPATH\index.php(85): CodeIgniter\CodeIgniter->run()
CRITICAL - 2024-06-14 06:22:45 --> ErrorException: Undefined array key "data_usre"
in APPPATH\Views\viewmysql.php on line 39.
 1 APPPATH\Views\viewmysql.php(39): CodeIgniter\Debug\Exceptions->errorHandler(2, 'Undefined array key "data_usre"', 'C:\\xampp\\htdocs\\ci\\app\\Views\\viewmysql.php', 39)
 2 SYSTEMPATH\View\View.php(228): include('C:\\xampp\\htdocs\\ci\\app\\Views\\viewmysql.php')
 3 SYSTEMPATH\View\View.php(231): CodeIgniter\View\View->CodeIgniter\View\{closure}()
 4 SYSTEMPATH\Common.php(1178): CodeIgniter\View\View->render('viewMysql', [], true)
 5 APPPATH\Controllers\Home.php(30): view('viewMysql', [...])
 6 SYSTEMPATH\CodeIgniter.php(941): App\Controllers\Home->viewMysql()
 7 SYSTEMPATH\CodeIgniter.php(502): CodeIgniter\CodeIgniter->runController(Object(App\Controllers\Home))
 8 SYSTEMPATH\CodeIgniter.php(361): CodeIgniter\CodeIgniter->handleRequest(null, Object(Config\Cache), false)
 9 FCPATH\index.php(85): CodeIgniter\CodeIgniter->run()
CRITICAL - 2024-06-14 06:23:10 --> ErrorException: Undefined array key "username"
in APPPATH\Views\viewmysql.php on line 39.
 1 APPPATH\Views\viewmysql.php(39): CodeIgniter\Debug\Exceptions->errorHandler(2, 'Undefined array key "username"', 'C:\\xampp\\htdocs\\ci\\app\\Views\\viewmysql.php', 39)
 2 SYSTEMPATH\View\View.php(228): include('C:\\xampp\\htdocs\\ci\\app\\Views\\viewmysql.php')
 3 SYSTEMPATH\View\View.php(231): CodeIgniter\View\View->CodeIgniter\View\{closure}()
 4 SYSTEMPATH\Common.php(1178): CodeIgniter\View\View->render('viewMysql', [], true)
 5 APPPATH\Controllers\Home.php(30): view('viewMysql', [...])
 6 SYSTEMPATH\CodeIgniter.php(941): App\Controllers\Home->viewMysql()
 7 SYSTEMPATH\CodeIgniter.php(502): CodeIgniter\CodeIgniter->runController(Object(App\Controllers\Home))
 8 SYSTEMPATH\CodeIgniter.php(361): CodeIgniter\CodeIgniter->handleRequest(null, Object(Config\Cache), false)
 9 FCPATH\index.php(85): CodeIgniter\CodeIgniter->run()
CRITICAL - 2024-06-14 06:31:38 --> ParseError: syntax error, unexpected token "if", expecting "," or ";"
in APPPATH\Views\viewmysql.php on line 48.
 1 SYSTEMPATH\View\View.php(231): CodeIgniter\View\View->CodeIgniter\View\{closure}()
 2 SYSTEMPATH\Common.php(1178): CodeIgniter\View\View->render('viewMysql', [], true)
 3 APPPATH\Controllers\Home.php(30): view('viewMysql', [...])
 4 SYSTEMPATH\CodeIgniter.php(941): App\Controllers\Home->viewMysql()
 5 SYSTEMPATH\CodeIgniter.php(502): CodeIgniter\CodeIgniter->runController(Object(App\Controllers\Home))
 6 SYSTEMPATH\CodeIgniter.php(361): CodeIgniter\CodeIgniter->handleRequest(null, Object(Config\Cache), false)
 7 FCPATH\index.php(85): CodeIgniter\CodeIgniter->run()
CRITICAL - 2024-06-14 06:34:18 --> ParseError: syntax error, unexpected token ")"
in APPPATH\Views\viewmysql.php on line 50.
 1 SYSTEMPATH\View\View.php(231): CodeIgniter\View\View->CodeIgniter\View\{closure}()
 2 SYSTEMPATH\Common.php(1178): CodeIgniter\View\View->render('viewMysql', [], true)
 3 APPPATH\Controllers\Home.php(30): view('viewMysql', [...])
 4 SYSTEMPATH\CodeIgniter.php(941): App\Controllers\Home->viewMysql()
 5 SYSTEMPATH\CodeIgniter.php(502): CodeIgniter\CodeIgniter->runController(Object(App\Controllers\Home))
 6 SYSTEMPATH\CodeIgniter.php(361): CodeIgniter\CodeIgniter->handleRequest(null, Object(Config\Cache), false)
 7 FCPATH\index.php(85): CodeIgniter\CodeIgniter->run()
