CRITICAL - 2024-07-01 02:49:04 --> ErrorException: Undefined variable $movies
in APPPATH\Views\viewsmovie.php on line 15.
 1 APPPATH\Views\viewsmovie.php(15): CodeIgniter\Debug\Exceptions->errorHandler(2, 'Undefined variable $movies', 'C:\\xampp\\htdocs\\ci\\app\\Views\\viewsmovie.php', 15)
 2 SYSTEMPATH\View\View.php(228): include('C:\\xampp\\htdocs\\ci\\app\\Views\\viewsmovie.php')
 3 SYSTEMPATH\View\View.php(231): CodeIgniter\View\View->CodeIgniter\View\{closure}()
 4 SYSTEMPATH\Common.php(1178): CodeIgniter\View\View->render('viewsmovie', [], true)
 5 APPPATH\Controllers\Movie_test.php(23): view('viewsmovie')
 6 SYSTEMPATH\CodeIgniter.php(941): App\Controllers\Movie_test->index()
 7 SYSTEMPATH\CodeIgniter.php(502): CodeIgniter\CodeIgniter->runController(Object(App\Controllers\Movie_test))
 8 SYSTEMPATH\CodeIgniter.php(361): CodeIgniter\CodeIgniter->handleRequest(null, Object(Config\Cache), false)
 9 FCPATH\index.php(85): CodeIgniter\CodeIgniter->run()
CRITICAL - 2024-07-01 02:49:20 --> ErrorException: Undefined variable $movies
in APPPATH\Views\viewsmovie.php on line 15.
 1 APPPATH\Views\viewsmovie.php(15): CodeIgniter\Debug\Exceptions->errorHandler(2, 'Undefined variable $movies', 'C:\\xampp\\htdocs\\ci\\app\\Views\\viewsmovie.php', 15)
 2 SYSTEMPATH\View\View.php(228): include('C:\\xampp\\htdocs\\ci\\app\\Views\\viewsmovie.php')
 3 SYSTEMPATH\View\View.php(231): CodeIgniter\View\View->CodeIgniter\View\{closure}()
 4 SYSTEMPATH\Common.php(1178): CodeIgniter\View\View->render('viewsmovie', [], true)
 5 APPPATH\Controllers\Movie_test.php(23): view('viewsmovie')
 6 SYSTEMPATH\CodeIgniter.php(941): App\Controllers\Movie_test->index()
 7 SYSTEMPATH\CodeIgniter.php(502): CodeIgniter\CodeIgniter->runController(Object(App\Controllers\Movie_test))
 8 SYSTEMPATH\CodeIgniter.php(361): CodeIgniter\CodeIgniter->handleRequest(null, Object(Config\Cache), false)
 9 FCPATH\index.php(85): CodeIgniter\CodeIgniter->run()
CRITICAL - 2024-07-01 02:52:13 --> ErrorException: Undefined variable $movies
in APPPATH\Views\viewsmovie.php on line 15.
 1 APPPATH\Views\viewsmovie.php(15): CodeIgniter\Debug\Exceptions->errorHandler(2, 'Undefined variable $movies', 'C:\\xampp\\htdocs\\ci\\app\\Views\\viewsmovie.php', 15)
 2 SYSTEMPATH\View\View.php(228): include('C:\\xampp\\htdocs\\ci\\app\\Views\\viewsmovie.php')
 3 SYSTEMPATH\View\View.php(231): CodeIgniter\View\View->CodeIgniter\View\{closure}()
 4 SYSTEMPATH\Common.php(1178): CodeIgniter\View\View->render('viewsmovie', [], true)
 5 APPPATH\Controllers\Movie_test.php(23): view('viewsmovie')
 6 SYSTEMPATH\CodeIgniter.php(941): App\Controllers\Movie_test->index()
 7 SYSTEMPATH\CodeIgniter.php(502): CodeIgniter\CodeIgniter->runController(Object(App\Controllers\Movie_test))
 8 SYSTEMPATH\CodeIgniter.php(361): CodeIgniter\CodeIgniter->handleRequest(null, Object(Config\Cache), false)
 9 FCPATH\index.php(85): CodeIgniter\CodeIgniter->run()
CRITICAL - 2024-07-01 02:52:14 --> ErrorException: Undefined variable $movies
in APPPATH\Views\viewsmovie.php on line 15.
 1 APPPATH\Views\viewsmovie.php(15): CodeIgniter\Debug\Exceptions->errorHandler(2, 'Undefined variable $movies', 'C:\\xampp\\htdocs\\ci\\app\\Views\\viewsmovie.php', 15)
 2 SYSTEMPATH\View\View.php(228): include('C:\\xampp\\htdocs\\ci\\app\\Views\\viewsmovie.php')
 3 SYSTEMPATH\View\View.php(231): CodeIgniter\View\View->CodeIgniter\View\{closure}()
 4 SYSTEMPATH\Common.php(1178): CodeIgniter\View\View->render('viewsmovie', [], true)
 5 APPPATH\Controllers\Movie_test.php(23): view('viewsmovie')
 6 SYSTEMPATH\CodeIgniter.php(941): App\Controllers\Movie_test->index()
 7 SYSTEMPATH\CodeIgniter.php(502): CodeIgniter\CodeIgniter->runController(Object(App\Controllers\Movie_test))
 8 SYSTEMPATH\CodeIgniter.php(361): CodeIgniter\CodeIgniter->handleRequest(null, Object(Config\Cache), false)
 9 FCPATH\index.php(85): CodeIgniter\CodeIgniter->run()
CRITICAL - 2024-07-01 02:52:15 --> ErrorException: Undefined variable $movies
in APPPATH\Views\viewsmovie.php on line 15.
 1 APPPATH\Views\viewsmovie.php(15): CodeIgniter\Debug\Exceptions->errorHandler(2, 'Undefined variable $movies', 'C:\\xampp\\htdocs\\ci\\app\\Views\\viewsmovie.php', 15)
 2 SYSTEMPATH\View\View.php(228): include('C:\\xampp\\htdocs\\ci\\app\\Views\\viewsmovie.php')
 3 SYSTEMPATH\View\View.php(231): CodeIgniter\View\View->CodeIgniter\View\{closure}()
 4 SYSTEMPATH\Common.php(1178): CodeIgniter\View\View->render('viewsmovie', [], true)
 5 APPPATH\Controllers\Movie_test.php(23): view('viewsmovie')
 6 SYSTEMPATH\CodeIgniter.php(941): App\Controllers\Movie_test->index()
 7 SYSTEMPATH\CodeIgniter.php(502): CodeIgniter\CodeIgniter->runController(Object(App\Controllers\Movie_test))
 8 SYSTEMPATH\CodeIgniter.php(361): CodeIgniter\CodeIgniter->handleRequest(null, Object(Config\Cache), false)
 9 FCPATH\index.php(85): CodeIgniter\CodeIgniter->run()
CRITICAL - 2024-07-01 02:52:38 --> ParseError: syntax error, unexpected end of file, expecting "elseif" or "else" or "endif"
in APPPATH\Views\viewsmovie.php on line 66.
 1 SYSTEMPATH\View\View.php(231): CodeIgniter\View\View->CodeIgniter\View\{closure}()
 2 SYSTEMPATH\Common.php(1178): CodeIgniter\View\View->render('viewsmovie', [], true)
 3 APPPATH\Controllers\Movie_test.php(23): view('viewsmovie')
 4 SYSTEMPATH\CodeIgniter.php(941): App\Controllers\Movie_test->index()
 5 SYSTEMPATH\CodeIgniter.php(502): CodeIgniter\CodeIgniter->runController(Object(App\Controllers\Movie_test))
 6 SYSTEMPATH\CodeIgniter.php(361): CodeIgniter\CodeIgniter->handleRequest(null, Object(Config\Cache), false)
 7 FCPATH\index.php(85): CodeIgniter\CodeIgniter->run()
CRITICAL - 2024-07-01 03:03:15 --> CodeIgniter\Database\Exceptions\DatabaseException: You must set the database table to be used with your query.
in SYSTEMPATH\Database\BaseConnection.php on line 884.
 1 SYSTEMPATH\Model.php(662): CodeIgniter\Database\BaseConnection->table(null)
 2 SYSTEMPATH\Model.php(864): CodeIgniter\Model->builder()
 3 APPPATH\Controllers\Movie_test.php(29): CodeIgniter\Model->__call('query', [...])
 4 SYSTEMPATH\CodeIgniter.php(941): App\Controllers\Movie_test->get_movie()
 5 SYSTEMPATH\CodeIgniter.php(502): CodeIgniter\CodeIgniter->runController(Object(App\Controllers\Movie_test))
 6 SYSTEMPATH\CodeIgniter.php(361): CodeIgniter\CodeIgniter->handleRequest(null, Object(Config\Cache), false)
 7 FCPATH\index.php(85): CodeIgniter\CodeIgniter->run()
CRITICAL - 2024-07-01 03:03:17 --> CodeIgniter\Database\Exceptions\DatabaseException: You must set the database table to be used with your query.
in SYSTEMPATH\Database\BaseConnection.php on line 884.
 1 SYSTEMPATH\Model.php(662): CodeIgniter\Database\BaseConnection->table(null)
 2 SYSTEMPATH\Model.php(864): CodeIgniter\Model->builder()
 3 APPPATH\Controllers\Movie_test.php(29): CodeIgniter\Model->__call('query', [...])
 4 SYSTEMPATH\CodeIgniter.php(941): App\Controllers\Movie_test->get_movie()
 5 SYSTEMPATH\CodeIgniter.php(502): CodeIgniter\CodeIgniter->runController(Object(App\Controllers\Movie_test))
 6 SYSTEMPATH\CodeIgniter.php(361): CodeIgniter\CodeIgniter->handleRequest(null, Object(Config\Cache), false)
 7 FCPATH\index.php(85): CodeIgniter\CodeIgniter->run()
CRITICAL - 2024-07-01 03:03:17 --> CodeIgniter\Database\Exceptions\DatabaseException: You must set the database table to be used with your query.
in SYSTEMPATH\Database\BaseConnection.php on line 884.
 1 SYSTEMPATH\Model.php(662): CodeIgniter\Database\BaseConnection->table(null)
 2 SYSTEMPATH\Model.php(864): CodeIgniter\Model->builder()
 3 APPPATH\Controllers\Movie_test.php(29): CodeIgniter\Model->__call('query', [...])
 4 SYSTEMPATH\CodeIgniter.php(941): App\Controllers\Movie_test->get_movie()
 5 SYSTEMPATH\CodeIgniter.php(502): CodeIgniter\CodeIgniter->runController(Object(App\Controllers\Movie_test))
 6 SYSTEMPATH\CodeIgniter.php(361): CodeIgniter\CodeIgniter->handleRequest(null, Object(Config\Cache), false)
 7 FCPATH\index.php(85): CodeIgniter\CodeIgniter->run()
CRITICAL - 2024-07-01 03:04:35 --> CodeIgniter\Database\Exceptions\DatabaseException: You must set the database table to be used with your query.
in SYSTEMPATH\Database\BaseConnection.php on line 884.
 1 SYSTEMPATH\Model.php(662): CodeIgniter\Database\BaseConnection->table(null)
 2 SYSTEMPATH\Model.php(864): CodeIgniter\Model->builder()
 3 APPPATH\Controllers\Movie_test.php(29): CodeIgniter\Model->__call('query', [...])
 4 SYSTEMPATH\CodeIgniter.php(941): App\Controllers\Movie_test->get_movie()
 5 SYSTEMPATH\CodeIgniter.php(502): CodeIgniter\CodeIgniter->runController(Object(App\Controllers\Movie_test))
 6 SYSTEMPATH\CodeIgniter.php(361): CodeIgniter\CodeIgniter->handleRequest(null, Object(Config\Cache), false)
 7 FCPATH\index.php(85): CodeIgniter\CodeIgniter->run()
CRITICAL - 2024-07-01 03:04:35 --> CodeIgniter\Database\Exceptions\DatabaseException: You must set the database table to be used with your query.
in SYSTEMPATH\Database\BaseConnection.php on line 884.
 1 SYSTEMPATH\Model.php(662): CodeIgniter\Database\BaseConnection->table(null)
 2 SYSTEMPATH\Model.php(864): CodeIgniter\Model->builder()
 3 APPPATH\Controllers\Movie_test.php(29): CodeIgniter\Model->__call('query', [...])
 4 SYSTEMPATH\CodeIgniter.php(941): App\Controllers\Movie_test->get_movie()
 5 SYSTEMPATH\CodeIgniter.php(502): CodeIgniter\CodeIgniter->runController(Object(App\Controllers\Movie_test))
 6 SYSTEMPATH\CodeIgniter.php(361): CodeIgniter\CodeIgniter->handleRequest(null, Object(Config\Cache), false)
 7 FCPATH\index.php(85): CodeIgniter\CodeIgniter->run()
CRITICAL - 2024-07-01 03:04:35 --> CodeIgniter\Database\Exceptions\DatabaseException: You must set the database table to be used with your query.
in SYSTEMPATH\Database\BaseConnection.php on line 884.
 1 SYSTEMPATH\Model.php(662): CodeIgniter\Database\BaseConnection->table(null)
 2 SYSTEMPATH\Model.php(864): CodeIgniter\Model->builder()
 3 APPPATH\Controllers\Movie_test.php(29): CodeIgniter\Model->__call('query', [...])
 4 SYSTEMPATH\CodeIgniter.php(941): App\Controllers\Movie_test->get_movie()
 5 SYSTEMPATH\CodeIgniter.php(502): CodeIgniter\CodeIgniter->runController(Object(App\Controllers\Movie_test))
 6 SYSTEMPATH\CodeIgniter.php(361): CodeIgniter\CodeIgniter->handleRequest(null, Object(Config\Cache), false)
 7 FCPATH\index.php(85): CodeIgniter\CodeIgniter->run()
CRITICAL - 2024-07-01 03:04:35 --> CodeIgniter\Database\Exceptions\DatabaseException: You must set the database table to be used with your query.
in SYSTEMPATH\Database\BaseConnection.php on line 884.
 1 SYSTEMPATH\Model.php(662): CodeIgniter\Database\BaseConnection->table(null)
 2 SYSTEMPATH\Model.php(864): CodeIgniter\Model->builder()
 3 APPPATH\Controllers\Movie_test.php(29): CodeIgniter\Model->__call('query', [...])
 4 SYSTEMPATH\CodeIgniter.php(941): App\Controllers\Movie_test->get_movie()
 5 SYSTEMPATH\CodeIgniter.php(502): CodeIgniter\CodeIgniter->runController(Object(App\Controllers\Movie_test))
 6 SYSTEMPATH\CodeIgniter.php(361): CodeIgniter\CodeIgniter->handleRequest(null, Object(Config\Cache), false)
 7 FCPATH\index.php(85): CodeIgniter\CodeIgniter->run()
CRITICAL - 2024-07-01 03:07:32 --> CodeIgniter\Database\Exceptions\DatabaseException: You must set the database table to be used with your query.
in SYSTEMPATH\Database\BaseConnection.php on line 884.
 1 SYSTEMPATH\Model.php(662): CodeIgniter\Database\BaseConnection->table(null)
 2 SYSTEMPATH\Model.php(864): CodeIgniter\Model->builder()
 3 APPPATH\Controllers\Movie_test.php(24): CodeIgniter\Model->__call('query', [...])
 4 SYSTEMPATH\CodeIgniter.php(941): App\Controllers\Movie_test->index()
 5 SYSTEMPATH\CodeIgniter.php(502): CodeIgniter\CodeIgniter->runController(Object(App\Controllers\Movie_test))
 6 SYSTEMPATH\CodeIgniter.php(361): CodeIgniter\CodeIgniter->handleRequest(null, Object(Config\Cache), false)
 7 FCPATH\index.php(85): CodeIgniter\CodeIgniter->run()
CRITICAL - 2024-07-01 03:08:22 --> CodeIgniter\Database\Exceptions\DatabaseException: You must set the database table to be used with your query.
in SYSTEMPATH\Database\BaseConnection.php on line 884.
 1 SYSTEMPATH\Model.php(662): CodeIgniter\Database\BaseConnection->table(null)
 2 SYSTEMPATH\Model.php(864): CodeIgniter\Model->builder()
 3 APPPATH\Controllers\Movie_test.php(24): CodeIgniter\Model->__call('query', [...])
 4 SYSTEMPATH\CodeIgniter.php(941): App\Controllers\Movie_test->index()
 5 SYSTEMPATH\CodeIgniter.php(502): CodeIgniter\CodeIgniter->runController(Object(App\Controllers\Movie_test))
 6 SYSTEMPATH\CodeIgniter.php(361): CodeIgniter\CodeIgniter->handleRequest(null, Object(Config\Cache), false)
 7 FCPATH\index.php(85): CodeIgniter\CodeIgniter->run()
CRITICAL - 2024-07-01 03:08:23 --> CodeIgniter\Database\Exceptions\DatabaseException: You must set the database table to be used with your query.
in SYSTEMPATH\Database\BaseConnection.php on line 884.
 1 SYSTEMPATH\Model.php(662): CodeIgniter\Database\BaseConnection->table(null)
 2 SYSTEMPATH\Model.php(864): CodeIgniter\Model->builder()
 3 APPPATH\Controllers\Movie_test.php(24): CodeIgniter\Model->__call('query', [...])
 4 SYSTEMPATH\CodeIgniter.php(941): App\Controllers\Movie_test->index()
 5 SYSTEMPATH\CodeIgniter.php(502): CodeIgniter\CodeIgniter->runController(Object(App\Controllers\Movie_test))
 6 SYSTEMPATH\CodeIgniter.php(361): CodeIgniter\CodeIgniter->handleRequest(null, Object(Config\Cache), false)
 7 FCPATH\index.php(85): CodeIgniter\CodeIgniter->run()
CRITICAL - 2024-07-01 03:08:52 --> CodeIgniter\Database\Exceptions\DatabaseException: You must set the database table to be used with your query.
in SYSTEMPATH\Database\BaseConnection.php on line 884.
 1 SYSTEMPATH\Model.php(662): CodeIgniter\Database\BaseConnection->table(null)
 2 SYSTEMPATH\Model.php(864): CodeIgniter\Model->builder()
 3 APPPATH\Controllers\Movie_test.php(24): CodeIgniter\Model->__call('query', [...])
 4 SYSTEMPATH\CodeIgniter.php(941): App\Controllers\Movie_test->index()
 5 SYSTEMPATH\CodeIgniter.php(502): CodeIgniter\CodeIgniter->runController(Object(App\Controllers\Movie_test))
 6 SYSTEMPATH\CodeIgniter.php(361): CodeIgniter\CodeIgniter->handleRequest(null, Object(Config\Cache), false)
 7 FCPATH\index.php(85): CodeIgniter\CodeIgniter->run()
CRITICAL - 2024-07-01 03:08:53 --> CodeIgniter\Database\Exceptions\DatabaseException: You must set the database table to be used with your query.
in SYSTEMPATH\Database\BaseConnection.php on line 884.
 1 SYSTEMPATH\Model.php(662): CodeIgniter\Database\BaseConnection->table(null)
 2 SYSTEMPATH\Model.php(864): CodeIgniter\Model->builder()
 3 APPPATH\Controllers\Movie_test.php(24): CodeIgniter\Model->__call('query', [...])
 4 SYSTEMPATH\CodeIgniter.php(941): App\Controllers\Movie_test->index()
 5 SYSTEMPATH\CodeIgniter.php(502): CodeIgniter\CodeIgniter->runController(Object(App\Controllers\Movie_test))
 6 SYSTEMPATH\CodeIgniter.php(361): CodeIgniter\CodeIgniter->handleRequest(null, Object(Config\Cache), false)
 7 FCPATH\index.php(85): CodeIgniter\CodeIgniter->run()
CRITICAL - 2024-07-01 03:09:43 --> CodeIgniter\Database\Exceptions\DatabaseException: You must set the database table to be used with your query.
in SYSTEMPATH\Database\BaseConnection.php on line 884.
 1 SYSTEMPATH\Model.php(662): CodeIgniter\Database\BaseConnection->table(null)
 2 SYSTEMPATH\Model.php(864): CodeIgniter\Model->builder()
 3 APPPATH\Controllers\Movie_test.php(24): CodeIgniter\Model->__call('query', [...])
 4 SYSTEMPATH\CodeIgniter.php(941): App\Controllers\Movie_test->index()
 5 SYSTEMPATH\CodeIgniter.php(502): CodeIgniter\CodeIgniter->runController(Object(App\Controllers\Movie_test))
 6 SYSTEMPATH\CodeIgniter.php(361): CodeIgniter\CodeIgniter->handleRequest(null, Object(Config\Cache), false)
 7 FCPATH\index.php(85): CodeIgniter\CodeIgniter->run()
CRITICAL - 2024-07-01 03:09:45 --> CodeIgniter\Database\Exceptions\DatabaseException: You must set the database table to be used with your query.
in SYSTEMPATH\Database\BaseConnection.php on line 884.
 1 SYSTEMPATH\Model.php(662): CodeIgniter\Database\BaseConnection->table(null)
 2 SYSTEMPATH\Model.php(864): CodeIgniter\Model->builder()
 3 APPPATH\Controllers\Movie_test.php(24): CodeIgniter\Model->__call('query', [...])
 4 SYSTEMPATH\CodeIgniter.php(941): App\Controllers\Movie_test->index()
 5 SYSTEMPATH\CodeIgniter.php(502): CodeIgniter\CodeIgniter->runController(Object(App\Controllers\Movie_test))
 6 SYSTEMPATH\CodeIgniter.php(361): CodeIgniter\CodeIgniter->handleRequest(null, Object(Config\Cache), false)
 7 FCPATH\index.php(85): CodeIgniter\CodeIgniter->run()
CRITICAL - 2024-07-01 03:10:12 --> CodeIgniter\Database\Exceptions\DatabaseException: You must set the database table to be used with your query.
in SYSTEMPATH\Database\BaseConnection.php on line 884.
 1 SYSTEMPATH\Model.php(662): CodeIgniter\Database\BaseConnection->table(null)
 2 SYSTEMPATH\Model.php(864): CodeIgniter\Model->builder()
 3 APPPATH\Controllers\Movie_test.php(24): CodeIgniter\Model->__call('query', [...])
 4 SYSTEMPATH\CodeIgniter.php(941): App\Controllers\Movie_test->index()
 5 SYSTEMPATH\CodeIgniter.php(502): CodeIgniter\CodeIgniter->runController(Object(App\Controllers\Movie_test))
 6 SYSTEMPATH\CodeIgniter.php(361): CodeIgniter\CodeIgniter->handleRequest(null, Object(Config\Cache), false)
 7 FCPATH\index.php(85): CodeIgniter\CodeIgniter->run()
CRITICAL - 2024-07-01 03:10:13 --> CodeIgniter\Database\Exceptions\DatabaseException: You must set the database table to be used with your query.
in SYSTEMPATH\Database\BaseConnection.php on line 884.
 1 SYSTEMPATH\Model.php(662): CodeIgniter\Database\BaseConnection->table(null)
 2 SYSTEMPATH\Model.php(864): CodeIgniter\Model->builder()
 3 APPPATH\Controllers\Movie_test.php(24): CodeIgniter\Model->__call('query', [...])
 4 SYSTEMPATH\CodeIgniter.php(941): App\Controllers\Movie_test->index()
 5 SYSTEMPATH\CodeIgniter.php(502): CodeIgniter\CodeIgniter->runController(Object(App\Controllers\Movie_test))
 6 SYSTEMPATH\CodeIgniter.php(361): CodeIgniter\CodeIgniter->handleRequest(null, Object(Config\Cache), false)
 7 FCPATH\index.php(85): CodeIgniter\CodeIgniter->run()
CRITICAL - 2024-07-01 03:10:14 --> CodeIgniter\Database\Exceptions\DatabaseException: You must set the database table to be used with your query.
in SYSTEMPATH\Database\BaseConnection.php on line 884.
 1 SYSTEMPATH\Model.php(662): CodeIgniter\Database\BaseConnection->table(null)
 2 SYSTEMPATH\Model.php(864): CodeIgniter\Model->builder()
 3 APPPATH\Controllers\Movie_test.php(24): CodeIgniter\Model->__call('query', [...])
 4 SYSTEMPATH\CodeIgniter.php(941): App\Controllers\Movie_test->index()
 5 SYSTEMPATH\CodeIgniter.php(502): CodeIgniter\CodeIgniter->runController(Object(App\Controllers\Movie_test))
 6 SYSTEMPATH\CodeIgniter.php(361): CodeIgniter\CodeIgniter->handleRequest(null, Object(Config\Cache), false)
 7 FCPATH\index.php(85): CodeIgniter\CodeIgniter->run()
CRITICAL - 2024-07-01 03:10:15 --> CodeIgniter\Database\Exceptions\DatabaseException: You must set the database table to be used with your query.
in SYSTEMPATH\Database\BaseConnection.php on line 884.
 1 SYSTEMPATH\Model.php(662): CodeIgniter\Database\BaseConnection->table(null)
 2 SYSTEMPATH\Model.php(864): CodeIgniter\Model->builder()
 3 APPPATH\Controllers\Movie_test.php(24): CodeIgniter\Model->__call('query', [...])
 4 SYSTEMPATH\CodeIgniter.php(941): App\Controllers\Movie_test->index()
 5 SYSTEMPATH\CodeIgniter.php(502): CodeIgniter\CodeIgniter->runController(Object(App\Controllers\Movie_test))
 6 SYSTEMPATH\CodeIgniter.php(361): CodeIgniter\CodeIgniter->handleRequest(null, Object(Config\Cache), false)
 7 FCPATH\index.php(85): CodeIgniter\CodeIgniter->run()
CRITICAL - 2024-07-01 03:11:46 --> CodeIgniter\Database\Exceptions\DatabaseException: You must set the database table to be used with your query.
in SYSTEMPATH\Database\BaseConnection.php on line 884.
 1 SYSTEMPATH\Model.php(662): CodeIgniter\Database\BaseConnection->table(null)
 2 SYSTEMPATH\Model.php(864): CodeIgniter\Model->builder()
 3 APPPATH\Controllers\Movie_test.php(24): CodeIgniter\Model->__call('query', [...])
 4 SYSTEMPATH\CodeIgniter.php(941): App\Controllers\Movie_test->index()
 5 SYSTEMPATH\CodeIgniter.php(502): CodeIgniter\CodeIgniter->runController(Object(App\Controllers\Movie_test))
 6 SYSTEMPATH\CodeIgniter.php(361): CodeIgniter\CodeIgniter->handleRequest(null, Object(Config\Cache), false)
 7 FCPATH\index.php(85): CodeIgniter\CodeIgniter->run()
CRITICAL - 2024-07-01 03:11:47 --> CodeIgniter\Database\Exceptions\DatabaseException: You must set the database table to be used with your query.
in SYSTEMPATH\Database\BaseConnection.php on line 884.
 1 SYSTEMPATH\Model.php(662): CodeIgniter\Database\BaseConnection->table(null)
 2 SYSTEMPATH\Model.php(864): CodeIgniter\Model->builder()
 3 APPPATH\Controllers\Movie_test.php(24): CodeIgniter\Model->__call('query', [...])
 4 SYSTEMPATH\CodeIgniter.php(941): App\Controllers\Movie_test->index()
 5 SYSTEMPATH\CodeIgniter.php(502): CodeIgniter\CodeIgniter->runController(Object(App\Controllers\Movie_test))
 6 SYSTEMPATH\CodeIgniter.php(361): CodeIgniter\CodeIgniter->handleRequest(null, Object(Config\Cache), false)
 7 FCPATH\index.php(85): CodeIgniter\CodeIgniter->run()
CRITICAL - 2024-07-01 03:16:28 --> Error: Call to undefined method App\Controllers\Movie_test::get_movies()
in APPPATH\Controllers\Movie_test.php on line 23.
 1 SYSTEMPATH\CodeIgniter.php(941): App\Controllers\Movie_test->index()
 2 SYSTEMPATH\CodeIgniter.php(502): CodeIgniter\CodeIgniter->runController(Object(App\Controllers\Movie_test))
 3 SYSTEMPATH\CodeIgniter.php(361): CodeIgniter\CodeIgniter->handleRequest(null, Object(Config\Cache), false)
 4 FCPATH\index.php(85): CodeIgniter\CodeIgniter->run()
CRITICAL - 2024-07-01 03:16:51 --> CodeIgniter\Database\Exceptions\DatabaseException: You must set the database table to be used with your query.
in SYSTEMPATH\Database\BaseConnection.php on line 884.
 1 SYSTEMPATH\Model.php(662): CodeIgniter\Database\BaseConnection->table(null)
 2 SYSTEMPATH\Model.php(864): CodeIgniter\Model->builder()
 3 APPPATH\Controllers\Movie_test.php(30): CodeIgniter\Model->__call('query', [...])
 4 APPPATH\Controllers\Movie_test.php(23): App\Controllers\Movie_test->get_movie()
 5 SYSTEMPATH\CodeIgniter.php(941): App\Controllers\Movie_test->index()
 6 SYSTEMPATH\CodeIgniter.php(502): CodeIgniter\CodeIgniter->runController(Object(App\Controllers\Movie_test))
 7 SYSTEMPATH\CodeIgniter.php(361): CodeIgniter\CodeIgniter->handleRequest(null, Object(Config\Cache), false)
 8 FCPATH\index.php(85): CodeIgniter\CodeIgniter->run()
CRITICAL - 2024-07-01 03:19:00 --> CodeIgniter\Database\Exceptions\DatabaseException: You must set the database table to be used with your query.
in SYSTEMPATH\Database\BaseConnection.php on line 884.
 1 SYSTEMPATH\Model.php(662): CodeIgniter\Database\BaseConnection->table(null)
 2 SYSTEMPATH\Model.php(864): CodeIgniter\Model->builder()
 3 APPPATH\Controllers\Movie_test.php(30): CodeIgniter\Model->__call('query', [...])
 4 APPPATH\Controllers\Movie_test.php(23): App\Controllers\Movie_test->get_movie()
 5 SYSTEMPATH\CodeIgniter.php(941): App\Controllers\Movie_test->index()
 6 SYSTEMPATH\CodeIgniter.php(502): CodeIgniter\CodeIgniter->runController(Object(App\Controllers\Movie_test))
 7 SYSTEMPATH\CodeIgniter.php(361): CodeIgniter\CodeIgniter->handleRequest(null, Object(Config\Cache), false)
 8 FCPATH\index.php(85): CodeIgniter\CodeIgniter->run()
CRITICAL - 2024-07-01 03:19:02 --> CodeIgniter\Database\Exceptions\DatabaseException: You must set the database table to be used with your query.
in SYSTEMPATH\Database\BaseConnection.php on line 884.
 1 SYSTEMPATH\Model.php(662): CodeIgniter\Database\BaseConnection->table(null)
 2 SYSTEMPATH\Model.php(864): CodeIgniter\Model->builder()
 3 APPPATH\Controllers\Movie_test.php(30): CodeIgniter\Model->__call('query', [...])
 4 APPPATH\Controllers\Movie_test.php(23): App\Controllers\Movie_test->get_movie()
 5 SYSTEMPATH\CodeIgniter.php(941): App\Controllers\Movie_test->index()
 6 SYSTEMPATH\CodeIgniter.php(502): CodeIgniter\CodeIgniter->runController(Object(App\Controllers\Movie_test))
 7 SYSTEMPATH\CodeIgniter.php(361): CodeIgniter\CodeIgniter->handleRequest(null, Object(Config\Cache), false)
 8 FCPATH\index.php(85): CodeIgniter\CodeIgniter->run()
CRITICAL - 2024-07-01 03:21:04 --> CodeIgniter\Database\Exceptions\DatabaseException: You must set the database table to be used with your query.
in SYSTEMPATH\Database\BaseConnection.php on line 884.
 1 SYSTEMPATH\Model.php(662): CodeIgniter\Database\BaseConnection->table(null)
 2 SYSTEMPATH\Model.php(864): CodeIgniter\Model->builder()
 3 APPPATH\Controllers\Movie_test.php(30): CodeIgniter\Model->__call('query', [...])
 4 APPPATH\Controllers\Movie_test.php(23): App\Controllers\Movie_test->get_movie()
 5 SYSTEMPATH\CodeIgniter.php(941): App\Controllers\Movie_test->index()
 6 SYSTEMPATH\CodeIgniter.php(502): CodeIgniter\CodeIgniter->runController(Object(App\Controllers\Movie_test))
 7 SYSTEMPATH\CodeIgniter.php(361): CodeIgniter\CodeIgniter->handleRequest(null, Object(Config\Cache), false)
 8 FCPATH\index.php(85): CodeIgniter\CodeIgniter->run()
CRITICAL - 2024-07-01 03:21:05 --> CodeIgniter\Database\Exceptions\DatabaseException: You must set the database table to be used with your query.
in SYSTEMPATH\Database\BaseConnection.php on line 884.
 1 SYSTEMPATH\Model.php(662): CodeIgniter\Database\BaseConnection->table(null)
 2 SYSTEMPATH\Model.php(864): CodeIgniter\Model->builder()
 3 APPPATH\Controllers\Movie_test.php(30): CodeIgniter\Model->__call('query', [...])
 4 APPPATH\Controllers\Movie_test.php(23): App\Controllers\Movie_test->get_movie()
 5 SYSTEMPATH\CodeIgniter.php(941): App\Controllers\Movie_test->index()
 6 SYSTEMPATH\CodeIgniter.php(502): CodeIgniter\CodeIgniter->runController(Object(App\Controllers\Movie_test))
 7 SYSTEMPATH\CodeIgniter.php(361): CodeIgniter\CodeIgniter->handleRequest(null, Object(Config\Cache), false)
 8 FCPATH\index.php(85): CodeIgniter\CodeIgniter->run()
CRITICAL - 2024-07-01 03:24:59 --> CodeIgniter\Database\Exceptions\DatabaseException: You must set the database table to be used with your query.
in SYSTEMPATH\Database\BaseConnection.php on line 884.
 1 SYSTEMPATH\Model.php(662): CodeIgniter\Database\BaseConnection->table(null)
 2 SYSTEMPATH\Model.php(864): CodeIgniter\Model->builder()
 3 APPPATH\Controllers\Movie_test.php(30): CodeIgniter\Model->__call('query', [...])
 4 APPPATH\Controllers\Movie_test.php(23): App\Controllers\Movie_test->get_movie()
 5 SYSTEMPATH\CodeIgniter.php(941): App\Controllers\Movie_test->index()
 6 SYSTEMPATH\CodeIgniter.php(502): CodeIgniter\CodeIgniter->runController(Object(App\Controllers\Movie_test))
 7 SYSTEMPATH\CodeIgniter.php(361): CodeIgniter\CodeIgniter->handleRequest(null, Object(Config\Cache), false)
 8 FCPATH\index.php(85): CodeIgniter\CodeIgniter->run()
CRITICAL - 2024-07-01 03:25:01 --> CodeIgniter\Database\Exceptions\DatabaseException: You must set the database table to be used with your query.
in SYSTEMPATH\Database\BaseConnection.php on line 884.
 1 SYSTEMPATH\Model.php(662): CodeIgniter\Database\BaseConnection->table(null)
 2 SYSTEMPATH\Model.php(864): CodeIgniter\Model->builder()
 3 APPPATH\Controllers\Movie_test.php(30): CodeIgniter\Model->__call('query', [...])
 4 APPPATH\Controllers\Movie_test.php(23): App\Controllers\Movie_test->get_movie()
 5 SYSTEMPATH\CodeIgniter.php(941): App\Controllers\Movie_test->index()
 6 SYSTEMPATH\CodeIgniter.php(502): CodeIgniter\CodeIgniter->runController(Object(App\Controllers\Movie_test))
 7 SYSTEMPATH\CodeIgniter.php(361): CodeIgniter\CodeIgniter->handleRequest(null, Object(Config\Cache), false)
 8 FCPATH\index.php(85): CodeIgniter\CodeIgniter->run()
CRITICAL - 2024-07-01 03:25:02 --> CodeIgniter\Database\Exceptions\DatabaseException: You must set the database table to be used with your query.
in SYSTEMPATH\Database\BaseConnection.php on line 884.
 1 SYSTEMPATH\Model.php(662): CodeIgniter\Database\BaseConnection->table(null)
 2 SYSTEMPATH\Model.php(864): CodeIgniter\Model->builder()
 3 APPPATH\Controllers\Movie_test.php(30): CodeIgniter\Model->__call('query', [...])
 4 APPPATH\Controllers\Movie_test.php(23): App\Controllers\Movie_test->get_movie()
 5 SYSTEMPATH\CodeIgniter.php(941): App\Controllers\Movie_test->index()
 6 SYSTEMPATH\CodeIgniter.php(502): CodeIgniter\CodeIgniter->runController(Object(App\Controllers\Movie_test))
 7 SYSTEMPATH\CodeIgniter.php(361): CodeIgniter\CodeIgniter->handleRequest(null, Object(Config\Cache), false)
 8 FCPATH\index.php(85): CodeIgniter\CodeIgniter->run()
