CRITICAL - 2024-07-03 02:45:04 --> CodeIgniter\View\Exceptions\ViewException: Invalid file: "admin/login.php"
in SYSTEMPATH\Exceptions\FrameworkException.php on line 39.
 1 SYSTEMPATH\View\View.php(216): CodeIgniter\Exceptions\FrameworkException::forInvalidFile('admin/login.php')
 2 SYSTEMPATH\Common.php(1178): CodeIgniter\View\View->render('admin/login', [], true)
 3 APPPATH\Controllers\Admin.php(53): view('admin/login')
 4 SYSTEMPATH\CodeIgniter.php(941): App\Controllers\Admin->login()
 5 SYSTEMPATH\CodeIgniter.php(502): CodeIgniter\CodeIgniter->runController(Object(App\Controllers\Admin))
 6 SYSTEMPATH\CodeIgniter.php(361): CodeIgniter\CodeIgniter->handleRequest(null, Object(Config\Cache), false)
 7 FCPATH\index.php(85): CodeIgniter\CodeIgniter->run()
INFO - 2024-07-03 02:45:39 --> Session: Class initialized using 'CodeIgniter\Session\Handlers\FileHandler' driver.
WARNING - 2024-07-03 02:45:39 --> Session: Sessions is enabled, and one exists. Please don't $session->start();
CRITICAL - 2024-07-03 02:45:39 --> CodeIgniter\View\Exceptions\ViewException: Invalid file: "admin/login.php"
in SYSTEMPATH\Exceptions\FrameworkException.php on line 39.
 1 SYSTEMPATH\View\View.php(216): CodeIgniter\Exceptions\FrameworkException::forInvalidFile('admin/login.php')
 2 SYSTEMPATH\Common.php(1178): CodeIgniter\View\View->render('admin/login', [], true)
 3 APPPATH\Controllers\Admin.php(53): view('admin/login')
 4 SYSTEMPATH\CodeIgniter.php(941): App\Controllers\Admin->login()
 5 SYSTEMPATH\CodeIgniter.php(502): CodeIgniter\CodeIgniter->runController(Object(App\Controllers\Admin))
 6 SYSTEMPATH\CodeIgniter.php(361): CodeIgniter\CodeIgniter->handleRequest(null, Object(Config\Cache), false)
 7 FCPATH\index.php(85): CodeIgniter\CodeIgniter->run()
INFO - 2024-07-03 03:14:47 --> Session: Class initialized using 'CodeIgniter\Session\Handlers\FileHandler' driver.
WARNING - 2024-07-03 03:14:47 --> Session: Sessions is enabled, and one exists. Please don't $session->start();
CRITICAL - 2024-07-03 03:14:47 --> TypeError: json_decode(): Argument #1 ($json) must be of type string, App\Libraries\curl given
in APPPATH\Controllers\Takeme.php on line 36.
 1 APPPATH\Controllers\Takeme.php(36): json_decode(Object(App\Libraries\curl), true)
 2 SYSTEMPATH\CodeIgniter.php(941): App\Controllers\Takeme->index()
 3 SYSTEMPATH\CodeIgniter.php(502): CodeIgniter\CodeIgniter->runController(Object(App\Controllers\Takeme))
 4 SYSTEMPATH\CodeIgniter.php(361): CodeIgniter\CodeIgniter->handleRequest(null, Object(Config\Cache), false)
 5 FCPATH\index.php(85): CodeIgniter\CodeIgniter->run()
INFO - 2024-07-03 03:15:22 --> Session: Class initialized using 'CodeIgniter\Session\Handlers\FileHandler' driver.
WARNING - 2024-07-03 03:15:22 --> Session: Sessions is enabled, and one exists. Please don't $session->start();
CRITICAL - 2024-07-03 03:15:23 --> TypeError: json_decode(): Argument #1 ($json) must be of type string, App\Libraries\curl given
in APPPATH\Controllers\Takeme.php on line 36.
 1 APPPATH\Controllers\Takeme.php(36): json_decode(Object(App\Libraries\curl), true)
 2 SYSTEMPATH\CodeIgniter.php(941): App\Controllers\Takeme->index()
 3 SYSTEMPATH\CodeIgniter.php(502): CodeIgniter\CodeIgniter->runController(Object(App\Controllers\Takeme))
 4 SYSTEMPATH\CodeIgniter.php(361): CodeIgniter\CodeIgniter->handleRequest(null, Object(Config\Cache), false)
 5 FCPATH\index.php(85): CodeIgniter\CodeIgniter->run()
INFO - 2024-07-03 03:15:30 --> Session: Class initialized using 'CodeIgniter\Session\Handlers\FileHandler' driver.
WARNING - 2024-07-03 03:15:30 --> Session: Sessions is enabled, and one exists. Please don't $session->start();
INFO - 2024-07-03 03:16:46 --> Session: Class initialized using 'CodeIgniter\Session\Handlers\FileHandler' driver.
WARNING - 2024-07-03 03:16:46 --> Session: Sessions is enabled, and one exists. Please don't $session->start();
INFO - 2024-07-03 03:17:52 --> Session: Class initialized using 'CodeIgniter\Session\Handlers\FileHandler' driver.
WARNING - 2024-07-03 03:17:52 --> Session: Sessions is enabled, and one exists. Please don't $session->start();
INFO - 2024-07-03 03:19:47 --> Session: Class initialized using 'CodeIgniter\Session\Handlers\FileHandler' driver.
WARNING - 2024-07-03 03:19:47 --> Session: Sessions is enabled, and one exists. Please don't $session->start();
CRITICAL - 2024-07-03 03:19:48 --> CodeIgniter\View\Exceptions\ViewException: Invalid file: "index.php"
in SYSTEMPATH\Exceptions\FrameworkException.php on line 39.
 1 SYSTEMPATH\View\View.php(216): CodeIgniter\Exceptions\FrameworkException::forInvalidFile('index.php')
 2 SYSTEMPATH\Common.php(1178): CodeIgniter\View\View->render('index', [], true)
 3 APPPATH\Controllers\Takeme.php(44): view('index', [...])
 4 SYSTEMPATH\CodeIgniter.php(941): App\Controllers\Takeme->index()
 5 SYSTEMPATH\CodeIgniter.php(502): CodeIgniter\CodeIgniter->runController(Object(App\Controllers\Takeme))
 6 SYSTEMPATH\CodeIgniter.php(361): CodeIgniter\CodeIgniter->handleRequest(null, Object(Config\Cache), false)
 7 FCPATH\index.php(85): CodeIgniter\CodeIgniter->run()
INFO - 2024-07-03 03:20:43 --> Session: Class initialized using 'CodeIgniter\Session\Handlers\FileHandler' driver.
WARNING - 2024-07-03 03:20:43 --> Session: Sessions is enabled, and one exists. Please don't $session->start();
CRITICAL - 2024-07-03 03:20:43 --> CodeIgniter\View\Exceptions\ViewException: Invalid file: "index.php"
in SYSTEMPATH\Exceptions\FrameworkException.php on line 39.
 1 SYSTEMPATH\View\View.php(216): CodeIgniter\Exceptions\FrameworkException::forInvalidFile('index.php')
 2 SYSTEMPATH\Common.php(1178): CodeIgniter\View\View->render('index', [], true)
 3 APPPATH\Controllers\Takeme.php(44): view('index', [...])
 4 SYSTEMPATH\CodeIgniter.php(941): App\Controllers\Takeme->index()
 5 SYSTEMPATH\CodeIgniter.php(502): CodeIgniter\CodeIgniter->runController(Object(App\Controllers\Takeme))
 6 SYSTEMPATH\CodeIgniter.php(361): CodeIgniter\CodeIgniter->handleRequest(null, Object(Config\Cache), false)
 7 FCPATH\index.php(85): CodeIgniter\CodeIgniter->run()
INFO - 2024-07-03 03:23:29 --> Session: Class initialized using 'CodeIgniter\Session\Handlers\FileHandler' driver.
WARNING - 2024-07-03 03:23:29 --> Session: Sessions is enabled, and one exists. Please don't $session->start();
INFO - 2024-07-03 03:24:08 --> Session: Class initialized using 'CodeIgniter\Session\Handlers\FileHandler' driver.
WARNING - 2024-07-03 03:24:08 --> Session: Sessions is enabled, and one exists. Please don't $session->start();
INFO - 2024-07-03 03:24:09 --> Session: Class initialized using 'CodeIgniter\Session\Handlers\FileHandler' driver.
WARNING - 2024-07-03 03:24:09 --> Session: Sessions is enabled, and one exists. Please don't $session->start();
INFO - 2024-07-03 03:25:07 --> Session: Class initialized using 'CodeIgniter\Session\Handlers\FileHandler' driver.
WARNING - 2024-07-03 03:25:07 --> Session: Sessions is enabled, and one exists. Please don't $session->start();
INFO - 2024-07-03 03:25:09 --> Session: Class initialized using 'CodeIgniter\Session\Handlers\FileHandler' driver.
WARNING - 2024-07-03 03:25:09 --> Session: Sessions is enabled, and one exists. Please don't $session->start();
INFO - 2024-07-03 03:26:10 --> Session: Class initialized using 'CodeIgniter\Session\Handlers\FileHandler' driver.
WARNING - 2024-07-03 03:26:10 --> Session: Sessions is enabled, and one exists. Please don't $session->start();
INFO - 2024-07-03 03:40:25 --> Session: Class initialized using 'CodeIgniter\Session\Handlers\FileHandler' driver.
WARNING - 2024-07-03 03:40:25 --> Session: Sessions is enabled, and one exists. Please don't $session->start();
CRITICAL - 2024-07-03 03:40:25 --> CodeIgniter\View\Exceptions\ViewException: Invalid file: "admin/login.php"
in SYSTEMPATH\Exceptions\FrameworkException.php on line 39.
 1 SYSTEMPATH\View\View.php(216): CodeIgniter\Exceptions\FrameworkException::forInvalidFile('admin/login.php')
 2 SYSTEMPATH\Common.php(1178): CodeIgniter\View\View->render('admin/login', [], true)
 3 APPPATH\Controllers\Admin.php(53): view('admin/login')
 4 SYSTEMPATH\CodeIgniter.php(941): App\Controllers\Admin->login()
 5 SYSTEMPATH\CodeIgniter.php(502): CodeIgniter\CodeIgniter->runController(Object(App\Controllers\Admin))
 6 SYSTEMPATH\CodeIgniter.php(361): CodeIgniter\CodeIgniter->handleRequest(null, Object(Config\Cache), false)
 7 FCPATH\index.php(85): CodeIgniter\CodeIgniter->run()
INFO - 2024-07-03 03:57:04 --> Session: Class initialized using 'CodeIgniter\Session\Handlers\FileHandler' driver.
WARNING - 2024-07-03 03:57:04 --> Session: Sessions is enabled, and one exists. Please don't $session->start();
INFO - 2024-07-03 03:57:12 --> Session: Class initialized using 'CodeIgniter\Session\Handlers\FileHandler' driver.
WARNING - 2024-07-03 03:57:12 --> Session: Sessions is enabled, and one exists. Please don't $session->start();
INFO - 2024-07-03 04:04:27 --> Session: Class initialized using 'CodeIgniter\Session\Handlers\FileHandler' driver.
WARNING - 2024-07-03 04:04:27 --> Session: Sessions is enabled, and one exists. Please don't $session->start();
INFO - 2024-07-03 04:34:47 --> Session: Class initialized using 'CodeIgniter\Session\Handlers\FileHandler' driver.
WARNING - 2024-07-03 04:34:47 --> Session: Sessions is enabled, and one exists. Please don't $session->start();
INFO - 2024-07-03 06:53:17 --> Session: Class initialized using 'CodeIgniter\Session\Handlers\FileHandler' driver.
WARNING - 2024-07-03 06:53:17 --> Session: Sessions is enabled, and one exists. Please don't $session->start();
INFO - 2024-07-03 07:16:38 --> Session: Class initialized using 'CodeIgniter\Session\Handlers\FileHandler' driver.
WARNING - 2024-07-03 07:16:38 --> Session: Sessions is enabled, and one exists. Please don't $session->start();
INFO - 2024-07-03 07:20:31 --> Session: Class initialized using 'CodeIgniter\Session\Handlers\FileHandler' driver.
WARNING - 2024-07-03 07:20:31 --> Session: Sessions is enabled, and one exists. Please don't $session->start();
INFO - 2024-07-03 09:00:34 --> Session: Class initialized using 'CodeIgniter\Session\Handlers\FileHandler' driver.
WARNING - 2024-07-03 09:00:34 --> Session: Sessions is enabled, and one exists. Please don't $session->start();
INFO - 2024-07-03 09:20:59 --> Session: Class initialized using 'CodeIgniter\Session\Handlers\FileHandler' driver.
WARNING - 2024-07-03 09:20:59 --> Session: Sessions is enabled, and one exists. Please don't $session->start();
INFO - 2024-07-03 09:22:23 --> Session: Class initialized using 'CodeIgniter\Session\Handlers\FileHandler' driver.
WARNING - 2024-07-03 09:22:23 --> Session: Sessions is enabled, and one exists. Please don't $session->start();
INFO - 2024-07-03 09:23:27 --> Session: Class initialized using 'CodeIgniter\Session\Handlers\FileHandler' driver.
WARNING - 2024-07-03 09:23:27 --> Session: Sessions is enabled, and one exists. Please don't $session->start();
CRITICAL - 2024-07-03 09:23:27 --> ErrorException: Undefined variable $data
in APPPATH\Views\views_api.php on line 2.
 1 APPPATH\Views\views_api.php(2): CodeIgniter\Debug\Exceptions->errorHandler(2, 'Undefined variable $data', 'C:\\xampp\\htdocs\\ci\\app\\Views\\views_api.php', 2)
 2 SYSTEMPATH\View\View.php(228): include('C:\\xampp\\htdocs\\ci\\app\\Views\\views_api.php')
 3 SYSTEMPATH\View\View.php(231): CodeIgniter\View\View->CodeIgniter\View\{closure}()
 4 SYSTEMPATH\Common.php(1178): CodeIgniter\View\View->render('views_api', [], true)
 5 APPPATH\Controllers\Api.php(27): view('views_api')
 6 SYSTEMPATH\CodeIgniter.php(941): App\Controllers\Api->index()
 7 SYSTEMPATH\CodeIgniter.php(502): CodeIgniter\CodeIgniter->runController(Object(App\Controllers\Api))
 8 SYSTEMPATH\CodeIgniter.php(361): CodeIgniter\CodeIgniter->handleRequest(null, Object(Config\Cache), false)
 9 FCPATH\index.php(85): CodeIgniter\CodeIgniter->run()
INFO - 2024-07-03 09:23:52 --> Session: Class initialized using 'CodeIgniter\Session\Handlers\FileHandler' driver.
WARNING - 2024-07-03 09:23:52 --> Session: Sessions is enabled, and one exists. Please don't $session->start();
CRITICAL - 2024-07-03 09:23:52 --> ErrorException: Undefined variable $data
in APPPATH\Views\views_api.php on line 2.
 1 APPPATH\Views\views_api.php(2): CodeIgniter\Debug\Exceptions->errorHandler(2, 'Undefined variable $data', 'C:\\xampp\\htdocs\\ci\\app\\Views\\views_api.php', 2)
 2 SYSTEMPATH\View\View.php(228): include('C:\\xampp\\htdocs\\ci\\app\\Views\\views_api.php')
 3 SYSTEMPATH\View\View.php(231): CodeIgniter\View\View->CodeIgniter\View\{closure}()
 4 SYSTEMPATH\Common.php(1178): CodeIgniter\View\View->render('views_api', [], true)
 5 APPPATH\Controllers\Api.php(27): view('views_api')
 6 SYSTEMPATH\CodeIgniter.php(941): App\Controllers\Api->index()
 7 SYSTEMPATH\CodeIgniter.php(502): CodeIgniter\CodeIgniter->runController(Object(App\Controllers\Api))
 8 SYSTEMPATH\CodeIgniter.php(361): CodeIgniter\CodeIgniter->handleRequest(null, Object(Config\Cache), false)
 9 FCPATH\index.php(85): CodeIgniter\CodeIgniter->run()
INFO - 2024-07-03 09:25:36 --> Session: Class initialized using 'CodeIgniter\Session\Handlers\FileHandler' driver.
WARNING - 2024-07-03 09:25:36 --> Session: Sessions is enabled, and one exists. Please don't $session->start();
CRITICAL - 2024-07-03 09:25:36 --> ErrorException: Undefined variable $data
in APPPATH\Views\views_api.php on line 2.
 1 APPPATH\Views\views_api.php(2): CodeIgniter\Debug\Exceptions->errorHandler(2, 'Undefined variable $data', 'C:\\xampp\\htdocs\\ci\\app\\Views\\views_api.php', 2)
 2 SYSTEMPATH\View\View.php(228): include('C:\\xampp\\htdocs\\ci\\app\\Views\\views_api.php')
 3 SYSTEMPATH\View\View.php(231): CodeIgniter\View\View->CodeIgniter\View\{closure}()
 4 SYSTEMPATH\Common.php(1178): CodeIgniter\View\View->render('views_api', [], true)
 5 APPPATH\Controllers\Api.php(27): view('views_api')
 6 SYSTEMPATH\CodeIgniter.php(941): App\Controllers\Api->index()
 7 SYSTEMPATH\CodeIgniter.php(502): CodeIgniter\CodeIgniter->runController(Object(App\Controllers\Api))
 8 SYSTEMPATH\CodeIgniter.php(361): CodeIgniter\CodeIgniter->handleRequest(null, Object(Config\Cache), false)
 9 FCPATH\index.php(85): CodeIgniter\CodeIgniter->run()
INFO - 2024-07-03 09:25:39 --> Session: Class initialized using 'CodeIgniter\Session\Handlers\FileHandler' driver.
WARNING - 2024-07-03 09:25:39 --> Session: Sessions is enabled, and one exists. Please don't $session->start();
CRITICAL - 2024-07-03 09:25:39 --> ErrorException: Undefined variable $data
in APPPATH\Views\views_api.php on line 2.
 1 APPPATH\Views\views_api.php(2): CodeIgniter\Debug\Exceptions->errorHandler(2, 'Undefined variable $data', 'C:\\xampp\\htdocs\\ci\\app\\Views\\views_api.php', 2)
 2 SYSTEMPATH\View\View.php(228): include('C:\\xampp\\htdocs\\ci\\app\\Views\\views_api.php')
 3 SYSTEMPATH\View\View.php(231): CodeIgniter\View\View->CodeIgniter\View\{closure}()
 4 SYSTEMPATH\Common.php(1178): CodeIgniter\View\View->render('views_api', [], true)
 5 APPPATH\Controllers\Api.php(27): view('views_api')
 6 SYSTEMPATH\CodeIgniter.php(941): App\Controllers\Api->index()
 7 SYSTEMPATH\CodeIgniter.php(502): CodeIgniter\CodeIgniter->runController(Object(App\Controllers\Api))
 8 SYSTEMPATH\CodeIgniter.php(361): CodeIgniter\CodeIgniter->handleRequest(null, Object(Config\Cache), false)
 9 FCPATH\index.php(85): CodeIgniter\CodeIgniter->run()
INFO - 2024-07-03 09:25:53 --> Session: Class initialized using 'CodeIgniter\Session\Handlers\FileHandler' driver.
WARNING - 2024-07-03 09:25:53 --> Session: Sessions is enabled, and one exists. Please don't $session->start();
INFO - 2024-07-03 09:26:01 --> Session: Class initialized using 'CodeIgniter\Session\Handlers\FileHandler' driver.
WARNING - 2024-07-03 09:26:01 --> Session: Sessions is enabled, and one exists. Please don't $session->start();
INFO - 2024-07-03 09:26:18 --> Session: Class initialized using 'CodeIgniter\Session\Handlers\FileHandler' driver.
WARNING - 2024-07-03 09:26:18 --> Session: Sessions is enabled, and one exists. Please don't $session->start();
INFO - 2024-07-03 09:29:04 --> Session: Class initialized using 'CodeIgniter\Session\Handlers\FileHandler' driver.
WARNING - 2024-07-03 09:29:04 --> Session: Sessions is enabled, and one exists. Please don't $session->start();
CRITICAL - 2024-07-03 09:29:04 --> Error: Call to undefined function insert()
in APPPATH\Views\views_api.php on line 2.
 1 SYSTEMPATH\View\View.php(228): include()
 2 SYSTEMPATH\View\View.php(231): CodeIgniter\View\View->CodeIgniter\View\{closure}()
 3 SYSTEMPATH\Common.php(1178): CodeIgniter\View\View->render('views_api', [], true)
 4 APPPATH\Controllers\Api.php(27): view('views_api')
 5 SYSTEMPATH\CodeIgniter.php(941): App\Controllers\Api->index()
 6 SYSTEMPATH\CodeIgniter.php(502): CodeIgniter\CodeIgniter->runController(Object(App\Controllers\Api))
 7 SYSTEMPATH\CodeIgniter.php(361): CodeIgniter\CodeIgniter->handleRequest(null, Object(Config\Cache), false)
 8 FCPATH\index.php(85): CodeIgniter\CodeIgniter->run()
INFO - 2024-07-03 09:30:17 --> Session: Class initialized using 'CodeIgniter\Session\Handlers\FileHandler' driver.
WARNING - 2024-07-03 09:30:17 --> Session: Sessions is enabled, and one exists. Please don't $session->start();
CRITICAL - 2024-07-03 09:30:17 --> Error: Call to undefined function insert()
in APPPATH\Views\views_api.php on line 2.
 1 SYSTEMPATH\View\View.php(228): include()
 2 SYSTEMPATH\View\View.php(231): CodeIgniter\View\View->CodeIgniter\View\{closure}()
 3 SYSTEMPATH\Common.php(1178): CodeIgniter\View\View->render('views_api', [], true)
 4 APPPATH\Controllers\Api.php(27): view('views_api')
 5 SYSTEMPATH\CodeIgniter.php(941): App\Controllers\Api->index()
 6 SYSTEMPATH\CodeIgniter.php(502): CodeIgniter\CodeIgniter->runController(Object(App\Controllers\Api))
 7 SYSTEMPATH\CodeIgniter.php(361): CodeIgniter\CodeIgniter->handleRequest(null, Object(Config\Cache), false)
 8 FCPATH\index.php(85): CodeIgniter\CodeIgniter->run()
INFO - 2024-07-03 09:30:24 --> Session: Class initialized using 'CodeIgniter\Session\Handlers\FileHandler' driver.
WARNING - 2024-07-03 09:30:24 --> Session: Sessions is enabled, and one exists. Please don't $session->start();
INFO - 2024-07-03 09:30:26 --> Session: Class initialized using 'CodeIgniter\Session\Handlers\FileHandler' driver.
WARNING - 2024-07-03 09:30:26 --> Session: Sessions is enabled, and one exists. Please don't $session->start();
INFO - 2024-07-03 09:31:09 --> Session: Class initialized using 'CodeIgniter\Session\Handlers\FileHandler' driver.
WARNING - 2024-07-03 09:31:09 --> Session: Sessions is enabled, and one exists. Please don't $session->start();
INFO - 2024-07-03 09:31:17 --> Session: Class initialized using 'CodeIgniter\Session\Handlers\FileHandler' driver.
WARNING - 2024-07-03 09:31:17 --> Session: Sessions is enabled, and one exists. Please don't $session->start();
INFO - 2024-07-03 09:31:39 --> Session: Class initialized using 'CodeIgniter\Session\Handlers\FileHandler' driver.
WARNING - 2024-07-03 09:31:39 --> Session: Sessions is enabled, and one exists. Please don't $session->start();
INFO - 2024-07-03 09:36:29 --> Session: Class initialized using 'CodeIgniter\Session\Handlers\FileHandler' driver.
WARNING - 2024-07-03 09:36:29 --> Session: Sessions is enabled, and one exists. Please don't $session->start();
INFO - 2024-07-03 09:37:47 --> Session: Class initialized using 'CodeIgniter\Session\Handlers\FileHandler' driver.
WARNING - 2024-07-03 09:37:47 --> Session: Sessions is enabled, and one exists. Please don't $session->start();
INFO - 2024-07-03 09:38:41 --> Session: Class initialized using 'CodeIgniter\Session\Handlers\FileHandler' driver.
WARNING - 2024-07-03 09:38:41 --> Session: Sessions is enabled, and one exists. Please don't $session->start();
INFO - 2024-07-03 09:41:05 --> Session: Class initialized using 'CodeIgniter\Session\Handlers\FileHandler' driver.
WARNING - 2024-07-03 09:41:05 --> Session: Sessions is enabled, and one exists. Please don't $session->start();
CRITICAL - 2024-07-03 09:41:05 --> ParseError: syntax error, unexpected end of file, expecting "elseif" or "else" or "endif"
in APPPATH\Views\views_api.php on line 21.
 1 SYSTEMPATH\View\View.php(231): CodeIgniter\View\View->CodeIgniter\View\{closure}()
 2 SYSTEMPATH\Common.php(1178): CodeIgniter\View\View->render('views_api', [], true)
 3 APPPATH\Controllers\Api.php(29): view('views_api')
 4 SYSTEMPATH\CodeIgniter.php(941): App\Controllers\Api->index()
 5 SYSTEMPATH\CodeIgniter.php(502): CodeIgniter\CodeIgniter->runController(Object(App\Controllers\Api))
 6 SYSTEMPATH\CodeIgniter.php(361): CodeIgniter\CodeIgniter->handleRequest(null, Object(Config\Cache), false)
 7 FCPATH\index.php(85): CodeIgniter\CodeIgniter->run()
INFO - 2024-07-03 09:41:18 --> Session: Class initialized using 'CodeIgniter\Session\Handlers\FileHandler' driver.
WARNING - 2024-07-03 09:41:18 --> Session: Sessions is enabled, and one exists. Please don't $session->start();
INFO - 2024-07-03 09:50:54 --> Session: Class initialized using 'CodeIgniter\Session\Handlers\FileHandler' driver.
WARNING - 2024-07-03 09:50:54 --> Session: Sessions is enabled, and one exists. Please don't $session->start();
INFO - 2024-07-03 09:51:16 --> Session: Class initialized using 'CodeIgniter\Session\Handlers\FileHandler' driver.
WARNING - 2024-07-03 09:51:16 --> Session: Sessions is enabled, and one exists. Please don't $session->start();
ERROR - 2024-07-03 09:51:16 --> mysqli_sql_exception: Table 'db_user.event_master' doesn't exist in C:\xampp\htdocs\ci\system\Database\MySQLi\Connection.php:306
Stack trace:
#0 C:\xampp\htdocs\ci\system\Database\MySQLi\Connection.php(306): mysqli->query('SELECT * FROM e...', 0)
#1 C:\xampp\htdocs\ci\system\Database\BaseConnection.php(693): CodeIgniter\Database\MySQLi\Connection->execute('SELECT * FROM e...')
#2 C:\xampp\htdocs\ci\system\Database\BaseConnection.php(607): CodeIgniter\Database\BaseConnection->simpleQuery('SELECT * FROM e...')
#3 C:\xampp\htdocs\ci\app\Models\Mydev_model.php(32): CodeIgniter\Database\BaseConnection->query('SELECT * FROM e...')
#4 C:\xampp\htdocs\ci\app\Controllers\Api.php(36): App\Models\Mydev_model->select('SELECT * FROM e...')
#5 C:\xampp\htdocs\ci\system\CodeIgniter.php(941): App\Controllers\Api->insert()
#6 C:\xampp\htdocs\ci\system\CodeIgniter.php(502): CodeIgniter\CodeIgniter->runController(Object(App\Controllers\Api))
#7 C:\xampp\htdocs\ci\system\CodeIgniter.php(361): CodeIgniter\CodeIgniter->handleRequest(NULL, Object(Config\Cache), false)
#8 C:\xampp\htdocs\ci\public\index.php(85): CodeIgniter\CodeIgniter->run()
#9 {main}
CRITICAL - 2024-07-03 09:51:16 --> CodeIgniter\Database\Exceptions\DatabaseException: Table 'db_user.event_master' doesn't exist
in SYSTEMPATH\Database\BaseConnection.php on line 647.
 1 APPPATH\Models\Mydev_model.php(32): CodeIgniter\Database\BaseConnection->query('SELECT * FROM event_master')
 2 APPPATH\Controllers\Api.php(36): App\Models\Mydev_model->select('SELECT * FROM event_master')
 3 SYSTEMPATH\CodeIgniter.php(941): App\Controllers\Api->insert()
 4 SYSTEMPATH\CodeIgniter.php(502): CodeIgniter\CodeIgniter->runController(Object(App\Controllers\Api))
 5 SYSTEMPATH\CodeIgniter.php(361): CodeIgniter\CodeIgniter->handleRequest(null, Object(Config\Cache), false)
 6 FCPATH\index.php(85): CodeIgniter\CodeIgniter->run()
CRITICAL - 2024-07-03 09:51:16 --> [Caused by] CodeIgniter\Database\Exceptions\DatabaseException: Table 'db_user.event_master' doesn't exist
in SYSTEMPATH\Database\MySQLi\Connection.php on line 311.
 1 SYSTEMPATH\Database\BaseConnection.php(693): CodeIgniter\Database\MySQLi\Connection->execute('SELECT * FROM event_master')
 2 SYSTEMPATH\Database\BaseConnection.php(607): CodeIgniter\Database\BaseConnection->simpleQuery('SELECT * FROM event_master')
 3 APPPATH\Models\Mydev_model.php(32): CodeIgniter\Database\BaseConnection->query('SELECT * FROM event_master')
 4 APPPATH\Controllers\Api.php(36): App\Models\Mydev_model->select('SELECT * FROM event_master')
 5 SYSTEMPATH\CodeIgniter.php(941): App\Controllers\Api->insert()
 6 SYSTEMPATH\CodeIgniter.php(502): CodeIgniter\CodeIgniter->runController(Object(App\Controllers\Api))
 7 SYSTEMPATH\CodeIgniter.php(361): CodeIgniter\CodeIgniter->handleRequest(null, Object(Config\Cache), false)
 8 FCPATH\index.php(85): CodeIgniter\CodeIgniter->run()
CRITICAL - 2024-07-03 09:51:16 --> [Caused by] mysqli_sql_exception: Table 'db_user.event_master' doesn't exist
in SYSTEMPATH\Database\MySQLi\Connection.php on line 306.
 1 SYSTEMPATH\Database\MySQLi\Connection.php(306): mysqli->query('SELECT * FROM event_master', 0)
 2 SYSTEMPATH\Database\BaseConnection.php(693): CodeIgniter\Database\MySQLi\Connection->execute('SELECT * FROM event_master')
 3 SYSTEMPATH\Database\BaseConnection.php(607): CodeIgniter\Database\BaseConnection->simpleQuery('SELECT * FROM event_master')
 4 APPPATH\Models\Mydev_model.php(32): CodeIgniter\Database\BaseConnection->query('SELECT * FROM event_master')
 5 APPPATH\Controllers\Api.php(36): App\Models\Mydev_model->select('SELECT * FROM event_master')
 6 SYSTEMPATH\CodeIgniter.php(941): App\Controllers\Api->insert()
 7 SYSTEMPATH\CodeIgniter.php(502): CodeIgniter\CodeIgniter->runController(Object(App\Controllers\Api))
 8 SYSTEMPATH\CodeIgniter.php(361): CodeIgniter\CodeIgniter->handleRequest(null, Object(Config\Cache), false)
 9 FCPATH\index.php(85): CodeIgniter\CodeIgniter->run()
INFO - 2024-07-03 09:52:40 --> Session: Class initialized using 'CodeIgniter\Session\Handlers\FileHandler' driver.
WARNING - 2024-07-03 09:52:40 --> Session: Sessions is enabled, and one exists. Please don't $session->start();
INFO - 2024-07-03 09:53:48 --> Session: Class initialized using 'CodeIgniter\Session\Handlers\FileHandler' driver.
WARNING - 2024-07-03 09:53:48 --> Session: Sessions is enabled, and one exists. Please don't $session->start();
INFO - 2024-07-03 10:06:44 --> Session: Class initialized using 'CodeIgniter\Session\Handlers\FileHandler' driver.
WARNING - 2024-07-03 10:06:44 --> Session: Sessions is enabled, and one exists. Please don't $session->start();
CRITICAL - 2024-07-03 10:06:44 --> ErrorException: foreach() argument must be of type array|object, string given
in APPPATH\Controllers\Api.php on line 38.
 1 APPPATH\Controllers\Api.php(38): CodeIgniter\Debug\Exceptions->errorHandler(2, 'foreach() argument must be of type array|object, string given', 'C:\\xampp\\htdocs\\ci\\app\\Controllers\\Api.php', 38)
 2 SYSTEMPATH\CodeIgniter.php(941): App\Controllers\Api->insert()
 3 SYSTEMPATH\CodeIgniter.php(502): CodeIgniter\CodeIgniter->runController(Object(App\Controllers\Api))
 4 SYSTEMPATH\CodeIgniter.php(361): CodeIgniter\CodeIgniter->handleRequest(null, Object(Config\Cache), false)
 5 FCPATH\index.php(85): CodeIgniter\CodeIgniter->run()
INFO - 2024-07-03 10:09:33 --> Session: Class initialized using 'CodeIgniter\Session\Handlers\FileHandler' driver.
WARNING - 2024-07-03 10:09:33 --> Session: Sessions is enabled, and one exists. Please don't $session->start();
CRITICAL - 2024-07-03 10:09:33 --> TypeError: json_decode(): Argument #1 ($json) must be of type string, stdClass given
in APPPATH\Controllers\Api.php on line 34.
 1 APPPATH\Controllers\Api.php(34): json_decode(Object(stdClass), true)
 2 SYSTEMPATH\CodeIgniter.php(941): App\Controllers\Api->insert()
 3 SYSTEMPATH\CodeIgniter.php(502): CodeIgniter\CodeIgniter->runController(Object(App\Controllers\Api))
 4 SYSTEMPATH\CodeIgniter.php(361): CodeIgniter\CodeIgniter->handleRequest(null, Object(Config\Cache), false)
 5 FCPATH\index.php(85): CodeIgniter\CodeIgniter->run()
INFO - 2024-07-03 10:09:54 --> Session: Class initialized using 'CodeIgniter\Session\Handlers\FileHandler' driver.
WARNING - 2024-07-03 10:09:54 --> Session: Sessions is enabled, and one exists. Please don't $session->start();
CRITICAL - 2024-07-03 10:09:55 --> TypeError: json_decode(): Argument #1 ($json) must be of type string, stdClass given
in APPPATH\Controllers\Api.php on line 34.
 1 APPPATH\Controllers\Api.php(34): json_decode(Object(stdClass))
 2 SYSTEMPATH\CodeIgniter.php(941): App\Controllers\Api->insert()
 3 SYSTEMPATH\CodeIgniter.php(502): CodeIgniter\CodeIgniter->runController(Object(App\Controllers\Api))
 4 SYSTEMPATH\CodeIgniter.php(361): CodeIgniter\CodeIgniter->handleRequest(null, Object(Config\Cache), false)
 5 FCPATH\index.php(85): CodeIgniter\CodeIgniter->run()
INFO - 2024-07-03 10:10:24 --> Session: Class initialized using 'CodeIgniter\Session\Handlers\FileHandler' driver.
WARNING - 2024-07-03 10:10:24 --> Session: Sessions is enabled, and one exists. Please don't $session->start();
CRITICAL - 2024-07-03 10:10:24 --> ErrorException: Attempt to read property "user_id" on string
in APPPATH\Controllers\Api.php on line 41.
 1 APPPATH\Controllers\Api.php(41): CodeIgniter\Debug\Exceptions->errorHandler(2, 'Attempt to read property "user_id" on string', 'C:\\xampp\\htdocs\\ci\\app\\Controllers\\Api.php', 41)
 2 SYSTEMPATH\CodeIgniter.php(941): App\Controllers\Api->insert()
 3 SYSTEMPATH\CodeIgniter.php(502): CodeIgniter\CodeIgniter->runController(Object(App\Controllers\Api))
 4 SYSTEMPATH\CodeIgniter.php(361): CodeIgniter\CodeIgniter->handleRequest(null, Object(Config\Cache), false)
 5 FCPATH\index.php(85): CodeIgniter\CodeIgniter->run()
INFO - 2024-07-03 10:10:55 --> Session: Class initialized using 'CodeIgniter\Session\Handlers\FileHandler' driver.
WARNING - 2024-07-03 10:10:55 --> Session: Sessions is enabled, and one exists. Please don't $session->start();
CRITICAL - 2024-07-03 10:10:55 --> ErrorException: Attempt to read property "user_id" on string
in APPPATH\Controllers\Api.php on line 41.
 1 APPPATH\Controllers\Api.php(41): CodeIgniter\Debug\Exceptions->errorHandler(2, 'Attempt to read property "user_id" on string', 'C:\\xampp\\htdocs\\ci\\app\\Controllers\\Api.php', 41)
 2 SYSTEMPATH\CodeIgniter.php(941): App\Controllers\Api->insert()
 3 SYSTEMPATH\CodeIgniter.php(502): CodeIgniter\CodeIgniter->runController(Object(App\Controllers\Api))
 4 SYSTEMPATH\CodeIgniter.php(361): CodeIgniter\CodeIgniter->handleRequest(null, Object(Config\Cache), false)
 5 FCPATH\index.php(85): CodeIgniter\CodeIgniter->run()
INFO - 2024-07-03 10:11:56 --> Session: Class initialized using 'CodeIgniter\Session\Handlers\FileHandler' driver.
WARNING - 2024-07-03 10:11:56 --> Session: Sessions is enabled, and one exists. Please don't $session->start();
CRITICAL - 2024-07-03 10:11:56 --> ErrorException: Attempt to read property "user_id" on string
in APPPATH\Controllers\Api.php on line 43.
 1 APPPATH\Controllers\Api.php(43): CodeIgniter\Debug\Exceptions->errorHandler(2, 'Attempt to read property "user_id" on string', 'C:\\xampp\\htdocs\\ci\\app\\Controllers\\Api.php', 43)
 2 SYSTEMPATH\CodeIgniter.php(941): App\Controllers\Api->insert()
 3 SYSTEMPATH\CodeIgniter.php(502): CodeIgniter\CodeIgniter->runController(Object(App\Controllers\Api))
 4 SYSTEMPATH\CodeIgniter.php(361): CodeIgniter\CodeIgniter->handleRequest(null, Object(Config\Cache), false)
 5 FCPATH\index.php(85): CodeIgniter\CodeIgniter->run()
INFO - 2024-07-03 10:12:24 --> Session: Class initialized using 'CodeIgniter\Session\Handlers\FileHandler' driver.
WARNING - 2024-07-03 10:12:24 --> Session: Sessions is enabled, and one exists. Please don't $session->start();
CRITICAL - 2024-07-03 10:12:24 --> ErrorException: Array to string conversion
in APPPATH\Controllers\Api.php on line 41.
 1 APPPATH\Controllers\Api.php(41): CodeIgniter\Debug\Exceptions->errorHandler(2, 'Array to string conversion', 'C:\\xampp\\htdocs\\ci\\app\\Controllers\\Api.php', 41)
 2 SYSTEMPATH\CodeIgniter.php(941): App\Controllers\Api->insert()
 3 SYSTEMPATH\CodeIgniter.php(502): CodeIgniter\CodeIgniter->runController(Object(App\Controllers\Api))
 4 SYSTEMPATH\CodeIgniter.php(361): CodeIgniter\CodeIgniter->handleRequest(null, Object(Config\Cache), false)
 5 FCPATH\index.php(85): CodeIgniter\CodeIgniter->run()
INFO - 2024-07-03 10:13:06 --> Session: Class initialized using 'CodeIgniter\Session\Handlers\FileHandler' driver.
WARNING - 2024-07-03 10:13:06 --> Session: Sessions is enabled, and one exists. Please don't $session->start();
CRITICAL - 2024-07-03 10:13:06 --> ErrorException: Attempt to read property "user_id" on string
in APPPATH\Controllers\Api.php on line 41.
 1 APPPATH\Controllers\Api.php(41): CodeIgniter\Debug\Exceptions->errorHandler(2, 'Attempt to read property "user_id" on string', 'C:\\xampp\\htdocs\\ci\\app\\Controllers\\Api.php', 41)
 2 SYSTEMPATH\CodeIgniter.php(941): App\Controllers\Api->insert()
 3 SYSTEMPATH\CodeIgniter.php(502): CodeIgniter\CodeIgniter->runController(Object(App\Controllers\Api))
 4 SYSTEMPATH\CodeIgniter.php(361): CodeIgniter\CodeIgniter->handleRequest(null, Object(Config\Cache), false)
 5 FCPATH\index.php(85): CodeIgniter\CodeIgniter->run()
INFO - 2024-07-03 10:15:06 --> Session: Class initialized using 'CodeIgniter\Session\Handlers\FileHandler' driver.
WARNING - 2024-07-03 10:15:06 --> Session: Sessions is enabled, and one exists. Please don't $session->start();
CRITICAL - 2024-07-03 10:15:06 --> ErrorException: Attempt to read property "user_id" on string
in APPPATH\Controllers\Api.php on line 42.
 1 APPPATH\Controllers\Api.php(42): CodeIgniter\Debug\Exceptions->errorHandler(2, 'Attempt to read property "user_id" on string', 'C:\\xampp\\htdocs\\ci\\app\\Controllers\\Api.php', 42)
 2 SYSTEMPATH\CodeIgniter.php(941): App\Controllers\Api->insert()
 3 SYSTEMPATH\CodeIgniter.php(502): CodeIgniter\CodeIgniter->runController(Object(App\Controllers\Api))
 4 SYSTEMPATH\CodeIgniter.php(361): CodeIgniter\CodeIgniter->handleRequest(null, Object(Config\Cache), false)
 5 FCPATH\index.php(85): CodeIgniter\CodeIgniter->run()
INFO - 2024-07-03 10:15:12 --> Session: Class initialized using 'CodeIgniter\Session\Handlers\FileHandler' driver.
WARNING - 2024-07-03 10:15:12 --> Session: Sessions is enabled, and one exists. Please don't $session->start();
INFO - 2024-07-03 10:16:20 --> Session: Class initialized using 'CodeIgniter\Session\Handlers\FileHandler' driver.
WARNING - 2024-07-03 10:16:20 --> Session: Sessions is enabled, and one exists. Please don't $session->start();
INFO - 2024-07-03 10:19:13 --> Session: Class initialized using 'CodeIgniter\Session\Handlers\FileHandler' driver.
WARNING - 2024-07-03 10:19:13 --> Session: Sessions is enabled, and one exists. Please don't $session->start();
CRITICAL - 2024-07-03 10:19:13 --> ErrorException: Array to string conversion
in APPPATH\Controllers\Api.php on line 46.
 1 APPPATH\Controllers\Api.php(46): CodeIgniter\Debug\Exceptions->errorHandler(2, 'Array to string conversion', 'C:\\xampp\\htdocs\\ci\\app\\Controllers\\Api.php', 46)
 2 SYSTEMPATH\CodeIgniter.php(941): App\Controllers\Api->insert()
 3 SYSTEMPATH\CodeIgniter.php(502): CodeIgniter\CodeIgniter->runController(Object(App\Controllers\Api))
 4 SYSTEMPATH\CodeIgniter.php(361): CodeIgniter\CodeIgniter->handleRequest(null, Object(Config\Cache), false)
 5 FCPATH\index.php(85): CodeIgniter\CodeIgniter->run()
INFO - 2024-07-03 10:19:37 --> Session: Class initialized using 'CodeIgniter\Session\Handlers\FileHandler' driver.
WARNING - 2024-07-03 10:19:37 --> Session: Sessions is enabled, and one exists. Please don't $session->start();
INFO - 2024-07-03 10:22:36 --> Session: Class initialized using 'CodeIgniter\Session\Handlers\FileHandler' driver.
WARNING - 2024-07-03 10:22:36 --> Session: Sessions is enabled, and one exists. Please don't $session->start();
INFO - 2024-07-03 10:22:44 --> Session: Class initialized using 'CodeIgniter\Session\Handlers\FileHandler' driver.
WARNING - 2024-07-03 10:22:44 --> Session: Sessions is enabled, and one exists. Please don't $session->start();
INFO - 2024-07-03 10:23:22 --> Session: Class initialized using 'CodeIgniter\Session\Handlers\FileHandler' driver.
WARNING - 2024-07-03 10:23:22 --> Session: Sessions is enabled, and one exists. Please don't $session->start();
INFO - 2024-07-03 10:23:30 --> Session: Class initialized using 'CodeIgniter\Session\Handlers\FileHandler' driver.
WARNING - 2024-07-03 10:23:30 --> Session: Sessions is enabled, and one exists. Please don't $session->start();
INFO - 2024-07-03 10:23:43 --> Session: Class initialized using 'CodeIgniter\Session\Handlers\FileHandler' driver.
WARNING - 2024-07-03 10:23:43 --> Session: Sessions is enabled, and one exists. Please don't $session->start();
INFO - 2024-07-03 10:23:44 --> Session: Class initialized using 'CodeIgniter\Session\Handlers\FileHandler' driver.
WARNING - 2024-07-03 10:23:44 --> Session: Sessions is enabled, and one exists. Please don't $session->start();
INFO - 2024-07-03 10:23:45 --> Session: Class initialized using 'CodeIgniter\Session\Handlers\FileHandler' driver.
WARNING - 2024-07-03 10:23:45 --> Session: Sessions is enabled, and one exists. Please don't $session->start();
INFO - 2024-07-03 10:23:57 --> Session: Class initialized using 'CodeIgniter\Session\Handlers\FileHandler' driver.
WARNING - 2024-07-03 10:23:57 --> Session: Sessions is enabled, and one exists. Please don't $session->start();
INFO - 2024-07-03 10:23:59 --> Session: Class initialized using 'CodeIgniter\Session\Handlers\FileHandler' driver.
WARNING - 2024-07-03 10:23:59 --> Session: Sessions is enabled, and one exists. Please don't $session->start();
INFO - 2024-07-03 10:24:11 --> Session: Class initialized using 'CodeIgniter\Session\Handlers\FileHandler' driver.
WARNING - 2024-07-03 10:24:11 --> Session: Sessions is enabled, and one exists. Please don't $session->start();
INFO - 2024-07-03 10:24:54 --> Session: Class initialized using 'CodeIgniter\Session\Handlers\FileHandler' driver.
WARNING - 2024-07-03 10:24:54 --> Session: Sessions is enabled, and one exists. Please don't $session->start();
INFO - 2024-07-03 10:24:55 --> Session: Class initialized using 'CodeIgniter\Session\Handlers\FileHandler' driver.
WARNING - 2024-07-03 10:24:55 --> Session: Sessions is enabled, and one exists. Please don't $session->start();
INFO - 2024-07-03 10:24:56 --> Session: Class initialized using 'CodeIgniter\Session\Handlers\FileHandler' driver.
WARNING - 2024-07-03 10:24:56 --> Session: Sessions is enabled, and one exists. Please don't $session->start();
INFO - 2024-07-03 10:24:59 --> Session: Class initialized using 'CodeIgniter\Session\Handlers\FileHandler' driver.
WARNING - 2024-07-03 10:24:59 --> Session: Sessions is enabled, and one exists. Please don't $session->start();
INFO - 2024-07-03 10:25:20 --> Session: Class initialized using 'CodeIgniter\Session\Handlers\FileHandler' driver.
WARNING - 2024-07-03 10:25:20 --> Session: Sessions is enabled, and one exists. Please don't $session->start();
INFO - 2024-07-03 10:25:28 --> Session: Class initialized using 'CodeIgniter\Session\Handlers\FileHandler' driver.
WARNING - 2024-07-03 10:25:28 --> Session: Sessions is enabled, and one exists. Please don't $session->start();
INFO - 2024-07-03 10:25:38 --> Session: Class initialized using 'CodeIgniter\Session\Handlers\FileHandler' driver.
WARNING - 2024-07-03 10:25:38 --> Session: Sessions is enabled, and one exists. Please don't $session->start();
INFO - 2024-07-03 10:29:29 --> Session: Class initialized using 'CodeIgniter\Session\Handlers\FileHandler' driver.
WARNING - 2024-07-03 10:29:29 --> Session: Sessions is enabled, and one exists. Please don't $session->start();
INFO - 2024-07-03 10:29:40 --> Session: Class initialized using 'CodeIgniter\Session\Handlers\FileHandler' driver.
WARNING - 2024-07-03 10:29:40 --> Session: Sessions is enabled, and one exists. Please don't $session->start();
INFO - 2024-07-03 10:29:51 --> Session: Class initialized using 'CodeIgniter\Session\Handlers\FileHandler' driver.
WARNING - 2024-07-03 10:29:51 --> Session: Sessions is enabled, and one exists. Please don't $session->start();
INFO - 2024-07-03 10:30:12 --> Session: Class initialized using 'CodeIgniter\Session\Handlers\FileHandler' driver.
WARNING - 2024-07-03 10:30:12 --> Session: Sessions is enabled, and one exists. Please don't $session->start();
INFO - 2024-07-03 10:30:12 --> Session: Class initialized using 'CodeIgniter\Session\Handlers\FileHandler' driver.
WARNING - 2024-07-03 10:30:12 --> Session: Sessions is enabled, and one exists. Please don't $session->start();
INFO - 2024-07-03 10:30:14 --> Session: Class initialized using 'CodeIgniter\Session\Handlers\FileHandler' driver.
WARNING - 2024-07-03 10:30:14 --> Session: Sessions is enabled, and one exists. Please don't $session->start();
INFO - 2024-07-03 10:30:41 --> Session: Class initialized using 'CodeIgniter\Session\Handlers\FileHandler' driver.
WARNING - 2024-07-03 10:30:41 --> Session: Sessions is enabled, and one exists. Please don't $session->start();
CRITICAL - 2024-07-03 10:30:42 --> ErrorException: Array to string conversion
in APPPATH\Controllers\Api.php on line 35.
 1 APPPATH\Controllers\Api.php(35): CodeIgniter\Debug\Exceptions->errorHandler(2, 'Array to string conversion', 'C:\\xampp\\htdocs\\ci\\app\\Controllers\\Api.php', 35)
 2 SYSTEMPATH\CodeIgniter.php(941): App\Controllers\Api->insert()
 3 SYSTEMPATH\CodeIgniter.php(502): CodeIgniter\CodeIgniter->runController(Object(App\Controllers\Api))
 4 SYSTEMPATH\CodeIgniter.php(361): CodeIgniter\CodeIgniter->handleRequest(null, Object(Config\Cache), false)
 5 FCPATH\index.php(85): CodeIgniter\CodeIgniter->run()
INFO - 2024-07-03 10:31:06 --> Session: Class initialized using 'CodeIgniter\Session\Handlers\FileHandler' driver.
WARNING - 2024-07-03 10:31:06 --> Session: Sessions is enabled, and one exists. Please don't $session->start();
CRITICAL - 2024-07-03 10:31:06 --> ErrorException: Array to string conversion
in APPPATH\Controllers\Api.php on line 35.
 1 APPPATH\Controllers\Api.php(35): CodeIgniter\Debug\Exceptions->errorHandler(2, 'Array to string conversion', 'C:\\xampp\\htdocs\\ci\\app\\Controllers\\Api.php', 35)
 2 SYSTEMPATH\CodeIgniter.php(941): App\Controllers\Api->insert()
 3 SYSTEMPATH\CodeIgniter.php(502): CodeIgniter\CodeIgniter->runController(Object(App\Controllers\Api))
 4 SYSTEMPATH\CodeIgniter.php(361): CodeIgniter\CodeIgniter->handleRequest(null, Object(Config\Cache), false)
 5 FCPATH\index.php(85): CodeIgniter\CodeIgniter->run()
INFO - 2024-07-03 10:31:38 --> Session: Class initialized using 'CodeIgniter\Session\Handlers\FileHandler' driver.
WARNING - 2024-07-03 10:31:38 --> Session: Sessions is enabled, and one exists. Please don't $session->start();
INFO - 2024-07-03 10:33:01 --> Session: Class initialized using 'CodeIgniter\Session\Handlers\FileHandler' driver.
WARNING - 2024-07-03 10:33:01 --> Session: Sessions is enabled, and one exists. Please don't $session->start();
INFO - 2024-07-03 10:33:06 --> Session: Class initialized using 'CodeIgniter\Session\Handlers\FileHandler' driver.
WARNING - 2024-07-03 10:33:06 --> Session: Sessions is enabled, and one exists. Please don't $session->start();
INFO - 2024-07-03 10:33:16 --> Session: Class initialized using 'CodeIgniter\Session\Handlers\FileHandler' driver.
WARNING - 2024-07-03 10:33:16 --> Session: Sessions is enabled, and one exists. Please don't $session->start();
INFO - 2024-07-03 10:36:05 --> Session: Class initialized using 'CodeIgniter\Session\Handlers\FileHandler' driver.
WARNING - 2024-07-03 10:36:05 --> Session: Sessions is enabled, and one exists. Please don't $session->start();
INFO - 2024-07-03 10:36:47 --> Session: Class initialized using 'CodeIgniter\Session\Handlers\FileHandler' driver.
WARNING - 2024-07-03 10:36:47 --> Session: Sessions is enabled, and one exists. Please don't $session->start();
INFO - 2024-07-03 10:37:09 --> Session: Class initialized using 'CodeIgniter\Session\Handlers\FileHandler' driver.
WARNING - 2024-07-03 10:37:09 --> Session: Sessions is enabled, and one exists. Please don't $session->start();
CRITICAL - 2024-07-03 10:37:09 --> ErrorException: Undefined property: stdClass::$event_id
in APPPATH\Controllers\Api.php on line 49.
 1 APPPATH\Controllers\Api.php(49): CodeIgniter\Debug\Exceptions->errorHandler(2, 'Undefined property: stdClass::$event_id', 'C:\\xampp\\htdocs\\ci\\app\\Controllers\\Api.php', 49)
 2 SYSTEMPATH\CodeIgniter.php(941): App\Controllers\Api->insert()
 3 SYSTEMPATH\CodeIgniter.php(502): CodeIgniter\CodeIgniter->runController(Object(App\Controllers\Api))
 4 SYSTEMPATH\CodeIgniter.php(361): CodeIgniter\CodeIgniter->handleRequest(null, Object(Config\Cache), false)
 5 FCPATH\index.php(85): CodeIgniter\CodeIgniter->run()
INFO - 2024-07-03 10:37:17 --> Session: Class initialized using 'CodeIgniter\Session\Handlers\FileHandler' driver.
WARNING - 2024-07-03 10:37:17 --> Session: Sessions is enabled, and one exists. Please don't $session->start();
CRITICAL - 2024-07-03 10:38:25 --> ParseError: syntax error, unexpected token "\"
in APPPATH\Controllers\Api.php on line 58.
 1 SYSTEMPATH\Router\Router.php(514): CodeIgniter\Router\AutoRouter->getRoute('Api/insert', 'get')
 2 SYSTEMPATH\Router\Router.php(210): CodeIgniter\Router\Router->autoRoute('Api/insert')
 3 SYSTEMPATH\CodeIgniter.php(823): CodeIgniter\Router\Router->handle('Api/insert')
 4 SYSTEMPATH\CodeIgniter.php(450): CodeIgniter\CodeIgniter->tryToRouteIt(Object(CodeIgniter\Router\RouteCollection))
 5 SYSTEMPATH\CodeIgniter.php(361): CodeIgniter\CodeIgniter->handleRequest(null, Object(Config\Cache), false)
 6 FCPATH\index.php(85): CodeIgniter\CodeIgniter->run()
INFO - 2024-07-03 10:38:43 --> Session: Class initialized using 'CodeIgniter\Session\Handlers\FileHandler' driver.
WARNING - 2024-07-03 10:38:43 --> Session: Sessions is enabled, and one exists. Please don't $session->start();
INFO - 2024-07-03 10:39:47 --> Session: Class initialized using 'CodeIgniter\Session\Handlers\FileHandler' driver.
WARNING - 2024-07-03 10:39:47 --> Session: Sessions is enabled, and one exists. Please don't $session->start();
INFO - 2024-07-03 10:42:05 --> Session: Class initialized using 'CodeIgniter\Session\Handlers\FileHandler' driver.
WARNING - 2024-07-03 10:42:05 --> Session: Sessions is enabled, and one exists. Please don't $session->start();
INFO - 2024-07-03 10:44:38 --> Session: Class initialized using 'CodeIgniter\Session\Handlers\FileHandler' driver.
WARNING - 2024-07-03 10:44:38 --> Session: Sessions is enabled, and one exists. Please don't $session->start();
INFO - 2024-07-03 10:50:03 --> Session: Class initialized using 'CodeIgniter\Session\Handlers\FileHandler' driver.
WARNING - 2024-07-03 10:50:03 --> Session: Sessions is enabled, and one exists. Please don't $session->start();
INFO - 2024-07-03 10:51:05 --> Session: Class initialized using 'CodeIgniter\Session\Handlers\FileHandler' driver.
WARNING - 2024-07-03 10:51:05 --> Session: Sessions is enabled, and one exists. Please don't $session->start();
INFO - 2024-07-03 10:52:07 --> Session: Class initialized using 'CodeIgniter\Session\Handlers\FileHandler' driver.
WARNING - 2024-07-03 10:52:07 --> Session: Sessions is enabled, and one exists. Please don't $session->start();
ERROR - 2024-07-03 10:52:07 --> mysqli_sql_exception: Duplicate entry '1-101028743' for key 'event_id' in C:\xampp\htdocs\ci\system\Database\MySQLi\Connection.php:306
Stack trace:
#0 C:\xampp\htdocs\ci\system\Database\MySQLi\Connection.php(306): mysqli->query('INSERT INTO eve...', 0)
#1 C:\xampp\htdocs\ci\system\Database\BaseConnection.php(693): CodeIgniter\Database\MySQLi\Connection->execute('INSERT INTO eve...')
#2 C:\xampp\htdocs\ci\system\Database\BaseConnection.php(607): CodeIgniter\Database\BaseConnection->simpleQuery('INSERT INTO eve...')
#3 C:\xampp\htdocs\ci\app\Models\Mydev_model.php(22): CodeIgniter\Database\BaseConnection->query('INSERT INTO eve...')
#4 C:\xampp\htdocs\ci\app\Controllers\Api.php(59): App\Models\Mydev_model->execute('INSERT INTO eve...')
#5 C:\xampp\htdocs\ci\system\CodeIgniter.php(941): App\Controllers\Api->insert()
#6 C:\xampp\htdocs\ci\system\CodeIgniter.php(502): CodeIgniter\CodeIgniter->runController(Object(App\Controllers\Api))
#7 C:\xampp\htdocs\ci\system\CodeIgniter.php(361): CodeIgniter\CodeIgniter->handleRequest(NULL, Object(Config\Cache), false)
#8 C:\xampp\htdocs\ci\public\index.php(85): CodeIgniter\CodeIgniter->run()
#9 {main}
CRITICAL - 2024-07-03 10:52:07 --> CodeIgniter\Database\Exceptions\DatabaseException: Duplicate entry '1-101028743' for key 'event_id'
in SYSTEMPATH\Database\BaseConnection.php on line 647.
 1 APPPATH\Models\Mydev_model.php(22): CodeIgniter\Database\BaseConnection->query('INSERT INTO event_detail (event_id,user_id,user_name,user_logo,count_gift,updatetime) 
            VALUES (1, \'101028743\',\'[WoW] มอนเตอร์\',\'https://image.takeme.la/20231019/2023101903325788e27d1bfa9e8c1da2a311583e744ddcae.jpg\',\'1505\',NOW())')
 2 APPPATH\Controllers\Api.php(59): App\Models\Mydev_model->execute('INSERT INTO event_detail (event_id,user_id,user_name,user_logo,count_gift,updatetime) 
            VALUES (1, \'101028743\',\'[WoW] มอนเตอร์\',\'https://image.takeme.la/20231019/2023101903325788e27d1bfa9e8c1da2a311583e744ddcae.jpg\',\'1505\',NOW())')
 3 SYSTEMPATH\CodeIgniter.php(941): App\Controllers\Api->insert()
 4 SYSTEMPATH\CodeIgniter.php(502): CodeIgniter\CodeIgniter->runController(Object(App\Controllers\Api))
 5 SYSTEMPATH\CodeIgniter.php(361): CodeIgniter\CodeIgniter->handleRequest(null, Object(Config\Cache), false)
 6 FCPATH\index.php(85): CodeIgniter\CodeIgniter->run()
CRITICAL - 2024-07-03 10:52:07 --> [Caused by] CodeIgniter\Database\Exceptions\DatabaseException: Duplicate entry '1-101028743' for key 'event_id'
in SYSTEMPATH\Database\MySQLi\Connection.php on line 311.
 1 SYSTEMPATH\Database\BaseConnection.php(693): CodeIgniter\Database\MySQLi\Connection->execute('INSERT INTO event_detail (event_id,user_id,user_name,user_logo,count_gift,updatetime) 
            VALUES (1, \'101028743\',\'[WoW] มอนเตอร์\',\'https://image.takeme.la/20231019/2023101903325788e27d1bfa9e8c1da2a311583e744ddcae.jpg\',\'1505\',NOW())')
 2 SYSTEMPATH\Database\BaseConnection.php(607): CodeIgniter\Database\BaseConnection->simpleQuery('INSERT INTO event_detail (event_id,user_id,user_name,user_logo,count_gift,updatetime) 
            VALUES (1, \'101028743\',\'[WoW] มอนเตอร์\',\'https://image.takeme.la/20231019/2023101903325788e27d1bfa9e8c1da2a311583e744ddcae.jpg\',\'1505\',NOW())')
 3 APPPATH\Models\Mydev_model.php(22): CodeIgniter\Database\BaseConnection->query('INSERT INTO event_detail (event_id,user_id,user_name,user_logo,count_gift,updatetime) 
            VALUES (1, \'101028743\',\'[WoW] มอนเตอร์\',\'https://image.takeme.la/20231019/2023101903325788e27d1bfa9e8c1da2a311583e744ddcae.jpg\',\'1505\',NOW())')
 4 APPPATH\Controllers\Api.php(59): App\Models\Mydev_model->execute('INSERT INTO event_detail (event_id,user_id,user_name,user_logo,count_gift,updatetime) 
            VALUES (1, \'101028743\',\'[WoW] มอนเตอร์\',\'https://image.takeme.la/20231019/2023101903325788e27d1bfa9e8c1da2a311583e744ddcae.jpg\',\'1505\',NOW())')
 5 SYSTEMPATH\CodeIgniter.php(941): App\Controllers\Api->insert()
 6 SYSTEMPATH\CodeIgniter.php(502): CodeIgniter\CodeIgniter->runController(Object(App\Controllers\Api))
 7 SYSTEMPATH\CodeIgniter.php(361): CodeIgniter\CodeIgniter->handleRequest(null, Object(Config\Cache), false)
 8 FCPATH\index.php(85): CodeIgniter\CodeIgniter->run()
CRITICAL - 2024-07-03 10:52:07 --> [Caused by] mysqli_sql_exception: Duplicate entry '1-101028743' for key 'event_id'
in SYSTEMPATH\Database\MySQLi\Connection.php on line 306.
 1 SYSTEMPATH\Database\MySQLi\Connection.php(306): mysqli->query('INSERT INTO event_detail (event_id,user_id,user_name,user_logo,count_gift,updatetime) 
            VALUES (1, \'101028743\',\'[WoW] มอนเตอร์\',\'https://image.takeme.la/20231019/2023101903325788e27d1bfa9e8c1da2a311583e744ddcae.jpg\',\'1505\',NOW())', 0)
 2 SYSTEMPATH\Database\BaseConnection.php(693): CodeIgniter\Database\MySQLi\Connection->execute('INSERT INTO event_detail (event_id,user_id,user_name,user_logo,count_gift,updatetime) 
            VALUES (1, \'101028743\',\'[WoW] มอนเตอร์\',\'https://image.takeme.la/20231019/2023101903325788e27d1bfa9e8c1da2a311583e744ddcae.jpg\',\'1505\',NOW())')
 3 SYSTEMPATH\Database\BaseConnection.php(607): CodeIgniter\Database\BaseConnection->simpleQuery('INSERT INTO event_detail (event_id,user_id,user_name,user_logo,count_gift,updatetime) 
            VALUES (1, \'101028743\',\'[WoW] มอนเตอร์\',\'https://image.takeme.la/20231019/2023101903325788e27d1bfa9e8c1da2a311583e744ddcae.jpg\',\'1505\',NOW())')
 4 APPPATH\Models\Mydev_model.php(22): CodeIgniter\Database\BaseConnection->query('INSERT INTO event_detail (event_id,user_id,user_name,user_logo,count_gift,updatetime) 
            VALUES (1, \'101028743\',\'[WoW] มอนเตอร์\',\'https://image.takeme.la/20231019/2023101903325788e27d1bfa9e8c1da2a311583e744ddcae.jpg\',\'1505\',NOW())')
 5 APPPATH\Controllers\Api.php(59): App\Models\Mydev_model->execute('INSERT INTO event_detail (event_id,user_id,user_name,user_logo,count_gift,updatetime) 
            VALUES (1, \'101028743\',\'[WoW] มอนเตอร์\',\'https://image.takeme.la/20231019/2023101903325788e27d1bfa9e8c1da2a311583e744ddcae.jpg\',\'1505\',NOW())')
 6 SYSTEMPATH\CodeIgniter.php(941): App\Controllers\Api->insert()
 7 SYSTEMPATH\CodeIgniter.php(502): CodeIgniter\CodeIgniter->runController(Object(App\Controllers\Api))
 8 SYSTEMPATH\CodeIgniter.php(361): CodeIgniter\CodeIgniter->handleRequest(null, Object(Config\Cache), false)
 9 FCPATH\index.php(85): CodeIgniter\CodeIgniter->run()
INFO - 2024-07-03 10:52:35 --> Session: Class initialized using 'CodeIgniter\Session\Handlers\FileHandler' driver.
WARNING - 2024-07-03 10:52:35 --> Session: Sessions is enabled, and one exists. Please don't $session->start();
INFO - 2024-07-03 11:02:45 --> Session: Class initialized using 'CodeIgniter\Session\Handlers\FileHandler' driver.
WARNING - 2024-07-03 11:02:45 --> Session: Sessions is enabled, and one exists. Please don't $session->start();
