ERROR - 2024-07-04 02:01:48 --> mysqli_sql_exception: Duplicate entry '1-101028743' for key 'event_id' in C:\xampp\htdocs\ci\system\Database\MySQLi\Connection.php:306
Stack trace:
#0 C:\xampp\htdocs\ci\system\Database\MySQLi\Connection.php(306): mysqli->query('INSERT INTO eve...', 0)
#1 C:\xampp\htdocs\ci\system\Database\BaseConnection.php(693): CodeIgniter\Database\MySQLi\Connection->execute('INSERT INTO eve...')
#2 C:\xampp\htdocs\ci\system\Database\BaseConnection.php(607): CodeIgniter\Database\BaseConnection->simpleQuery('INSERT INTO eve...')
#3 C:\xampp\htdocs\ci\app\Models\Mydev_model.php(22): CodeIgniter\Database\BaseConnection->query('INSERT INTO eve...')
#4 C:\xampp\htdocs\ci\app\Controllers\Api.php(59): App\Models\Mydev_model->execute('INSERT INTO eve...')
#5 C:\xampp\htdocs\ci\system\CodeIgniter.php(941): App\Controllers\Api->insert()
#6 C:\xampp\htdocs\ci\system\CodeIgniter.php(502): CodeIgniter\CodeIgniter->runController(Object(App\Controllers\Api))
#7 C:\xampp\htdocs\ci\system\CodeIgniter.php(361): CodeIgniter\CodeIgniter->handleRequest(NULL, Object(Config\Cache), false)
#8 C:\xampp\htdocs\ci\public\index.php(85): CodeIgniter\CodeIgniter->run()
#9 {main}
CRITICAL - 2024-07-04 02:01:48 --> CodeIgniter\Database\Exceptions\DatabaseException: Duplicate entry '1-101028743' for key 'event_id'
in SYSTEMPATH\Database\BaseConnection.php on line 647.
 1 APPPATH\Models\Mydev_model.php(22): CodeIgniter\Database\BaseConnection->query('INSERT INTO event_detail (event_id,user_id,user_name,user_logo,count_gift,updatetime) 
                VALUES (1, \'101028743\',\'[WoW] มอนเตอร์\',\'https://image.takeme.la/20231019/2023101903325788e27d1bfa9e8c1da2a311583e744ddcae.jpg\',\'1505\',NOW())')
 2 APPPATH\Controllers\Api.php(59): App\Models\Mydev_model->execute('INSERT INTO event_detail (event_id,user_id,user_name,user_logo,count_gift,updatetime) 
                VALUES (1, \'101028743\',\'[WoW] มอนเตอร์\',\'https://image.takeme.la/20231019/2023101903325788e27d1bfa9e8c1da2a311583e744ddcae.jpg\',\'1505\',NOW())')
 3 SYSTEMPATH\CodeIgniter.php(941): App\Controllers\Api->insert()
 4 SYSTEMPATH\CodeIgniter.php(502): CodeIgniter\CodeIgniter->runController(Object(App\Controllers\Api))
 5 SYSTEMPATH\CodeIgniter.php(361): CodeIgniter\CodeIgniter->handleRequest(null, Object(Config\Cache), false)
 6 FCPATH\index.php(85): CodeIgniter\CodeIgniter->run()
CRITICAL - 2024-07-04 02:01:48 --> [Caused by] CodeIgniter\Database\Exceptions\DatabaseException: Duplicate entry '1-101028743' for key 'event_id'
in SYSTEMPATH\Database\MySQLi\Connection.php on line 311.
 1 SYSTEMPATH\Database\BaseConnection.php(693): CodeIgniter\Database\MySQLi\Connection->execute('INSERT INTO event_detail (event_id,user_id,user_name,user_logo,count_gift,updatetime) 
                VALUES (1, \'101028743\',\'[WoW] มอนเตอร์\',\'https://image.takeme.la/20231019/2023101903325788e27d1bfa9e8c1da2a311583e744ddcae.jpg\',\'1505\',NOW())')
 2 SYSTEMPATH\Database\BaseConnection.php(607): CodeIgniter\Database\BaseConnection->simpleQuery('INSERT INTO event_detail (event_id,user_id,user_name,user_logo,count_gift,updatetime) 
                VALUES (1, \'101028743\',\'[WoW] มอนเตอร์\',\'https://image.takeme.la/20231019/2023101903325788e27d1bfa9e8c1da2a311583e744ddcae.jpg\',\'1505\',NOW())')
 3 APPPATH\Models\Mydev_model.php(22): CodeIgniter\Database\BaseConnection->query('INSERT INTO event_detail (event_id,user_id,user_name,user_logo,count_gift,updatetime) 
                VALUES (1, \'101028743\',\'[WoW] มอนเตอร์\',\'https://image.takeme.la/20231019/2023101903325788e27d1bfa9e8c1da2a311583e744ddcae.jpg\',\'1505\',NOW())')
 4 APPPATH\Controllers\Api.php(59): App\Models\Mydev_model->execute('INSERT INTO event_detail (event_id,user_id,user_name,user_logo,count_gift,updatetime) 
                VALUES (1, \'101028743\',\'[WoW] มอนเตอร์\',\'https://image.takeme.la/20231019/2023101903325788e27d1bfa9e8c1da2a311583e744ddcae.jpg\',\'1505\',NOW())')
 5 SYSTEMPATH\CodeIgniter.php(941): App\Controllers\Api->insert()
 6 SYSTEMPATH\CodeIgniter.php(502): CodeIgniter\CodeIgniter->runController(Object(App\Controllers\Api))
 7 SYSTEMPATH\CodeIgniter.php(361): CodeIgniter\CodeIgniter->handleRequest(null, Object(Config\Cache), false)
 8 FCPATH\index.php(85): CodeIgniter\CodeIgniter->run()
CRITICAL - 2024-07-04 02:01:48 --> [Caused by] mysqli_sql_exception: Duplicate entry '1-101028743' for key 'event_id'
in SYSTEMPATH\Database\MySQLi\Connection.php on line 306.
 1 SYSTEMPATH\Database\MySQLi\Connection.php(306): mysqli->query('INSERT INTO event_detail (event_id,user_id,user_name,user_logo,count_gift,updatetime) 
                VALUES (1, \'101028743\',\'[WoW] มอนเตอร์\',\'https://image.takeme.la/20231019/2023101903325788e27d1bfa9e8c1da2a311583e744ddcae.jpg\',\'1505\',NOW())', 0)
 2 SYSTEMPATH\Database\BaseConnection.php(693): CodeIgniter\Database\MySQLi\Connection->execute('INSERT INTO event_detail (event_id,user_id,user_name,user_logo,count_gift,updatetime) 
                VALUES (1, \'101028743\',\'[WoW] มอนเตอร์\',\'https://image.takeme.la/20231019/2023101903325788e27d1bfa9e8c1da2a311583e744ddcae.jpg\',\'1505\',NOW())')
 3 SYSTEMPATH\Database\BaseConnection.php(607): CodeIgniter\Database\BaseConnection->simpleQuery('INSERT INTO event_detail (event_id,user_id,user_name,user_logo,count_gift,updatetime) 
                VALUES (1, \'101028743\',\'[WoW] มอนเตอร์\',\'https://image.takeme.la/20231019/2023101903325788e27d1bfa9e8c1da2a311583e744ddcae.jpg\',\'1505\',NOW())')
 4 APPPATH\Models\Mydev_model.php(22): CodeIgniter\Database\BaseConnection->query('INSERT INTO event_detail (event_id,user_id,user_name,user_logo,count_gift,updatetime) 
                VALUES (1, \'101028743\',\'[WoW] มอนเตอร์\',\'https://image.takeme.la/20231019/2023101903325788e27d1bfa9e8c1da2a311583e744ddcae.jpg\',\'1505\',NOW())')
 5 APPPATH\Controllers\Api.php(59): App\Models\Mydev_model->execute('INSERT INTO event_detail (event_id,user_id,user_name,user_logo,count_gift,updatetime) 
                VALUES (1, \'101028743\',\'[WoW] มอนเตอร์\',\'https://image.takeme.la/20231019/2023101903325788e27d1bfa9e8c1da2a311583e744ddcae.jpg\',\'1505\',NOW())')
 6 SYSTEMPATH\CodeIgniter.php(941): App\Controllers\Api->insert()
 7 SYSTEMPATH\CodeIgniter.php(502): CodeIgniter\CodeIgniter->runController(Object(App\Controllers\Api))
 8 SYSTEMPATH\CodeIgniter.php(361): CodeIgniter\CodeIgniter->handleRequest(null, Object(Config\Cache), false)
 9 FCPATH\index.php(85): CodeIgniter\CodeIgniter->run()
INFO - 2024-07-04 02:02:21 --> Session: Class initialized using 'CodeIgniter\Session\Handlers\FileHandler' driver.
WARNING - 2024-07-04 02:02:21 --> Session: Sessions is enabled, and one exists. Please don't $session->start();
ERROR - 2024-07-04 02:02:21 --> mysqli_sql_exception: Duplicate entry '1-101028743' for key 'event_id' in C:\xampp\htdocs\ci\system\Database\MySQLi\Connection.php:306
Stack trace:
#0 C:\xampp\htdocs\ci\system\Database\MySQLi\Connection.php(306): mysqli->query('INSERT INTO eve...', 0)
#1 C:\xampp\htdocs\ci\system\Database\BaseConnection.php(693): CodeIgniter\Database\MySQLi\Connection->execute('INSERT INTO eve...')
#2 C:\xampp\htdocs\ci\system\Database\BaseConnection.php(607): CodeIgniter\Database\BaseConnection->simpleQuery('INSERT INTO eve...')
#3 C:\xampp\htdocs\ci\app\Models\Mydev_model.php(22): CodeIgniter\Database\BaseConnection->query('INSERT INTO eve...')
#4 C:\xampp\htdocs\ci\app\Controllers\Api.php(59): App\Models\Mydev_model->execute('INSERT INTO eve...')
#5 C:\xampp\htdocs\ci\system\CodeIgniter.php(941): App\Controllers\Api->insert()
#6 C:\xampp\htdocs\ci\system\CodeIgniter.php(502): CodeIgniter\CodeIgniter->runController(Object(App\Controllers\Api))
#7 C:\xampp\htdocs\ci\system\CodeIgniter.php(361): CodeIgniter\CodeIgniter->handleRequest(NULL, Object(Config\Cache), false)
#8 C:\xampp\htdocs\ci\public\index.php(85): CodeIgniter\CodeIgniter->run()
#9 {main}
CRITICAL - 2024-07-04 02:02:21 --> CodeIgniter\Database\Exceptions\DatabaseException: Duplicate entry '1-101028743' for key 'event_id'
in SYSTEMPATH\Database\BaseConnection.php on line 647.
 1 APPPATH\Models\Mydev_model.php(22): CodeIgniter\Database\BaseConnection->query('INSERT INTO event_detail (event_id,user_id,user_name,user_logo,count_gift,updatetime) 
                VALUES (1, \'101028743\',\'[WoW] มอนเตอร์\',\'https://image.takeme.la/20231019/2023101903325788e27d1bfa9e8c1da2a311583e744ddcae.jpg\',\'1505\',NOW())')
 2 APPPATH\Controllers\Api.php(59): App\Models\Mydev_model->execute('INSERT INTO event_detail (event_id,user_id,user_name,user_logo,count_gift,updatetime) 
                VALUES (1, \'101028743\',\'[WoW] มอนเตอร์\',\'https://image.takeme.la/20231019/2023101903325788e27d1bfa9e8c1da2a311583e744ddcae.jpg\',\'1505\',NOW())')
 3 SYSTEMPATH\CodeIgniter.php(941): App\Controllers\Api->insert()
 4 SYSTEMPATH\CodeIgniter.php(502): CodeIgniter\CodeIgniter->runController(Object(App\Controllers\Api))
 5 SYSTEMPATH\CodeIgniter.php(361): CodeIgniter\CodeIgniter->handleRequest(null, Object(Config\Cache), false)
 6 FCPATH\index.php(85): CodeIgniter\CodeIgniter->run()
CRITICAL - 2024-07-04 02:02:21 --> [Caused by] CodeIgniter\Database\Exceptions\DatabaseException: Duplicate entry '1-101028743' for key 'event_id'
in SYSTEMPATH\Database\MySQLi\Connection.php on line 311.
 1 SYSTEMPATH\Database\BaseConnection.php(693): CodeIgniter\Database\MySQLi\Connection->execute('INSERT INTO event_detail (event_id,user_id,user_name,user_logo,count_gift,updatetime) 
                VALUES (1, \'101028743\',\'[WoW] มอนเตอร์\',\'https://image.takeme.la/20231019/2023101903325788e27d1bfa9e8c1da2a311583e744ddcae.jpg\',\'1505\',NOW())')
 2 SYSTEMPATH\Database\BaseConnection.php(607): CodeIgniter\Database\BaseConnection->simpleQuery('INSERT INTO event_detail (event_id,user_id,user_name,user_logo,count_gift,updatetime) 
                VALUES (1, \'101028743\',\'[WoW] มอนเตอร์\',\'https://image.takeme.la/20231019/2023101903325788e27d1bfa9e8c1da2a311583e744ddcae.jpg\',\'1505\',NOW())')
 3 APPPATH\Models\Mydev_model.php(22): CodeIgniter\Database\BaseConnection->query('INSERT INTO event_detail (event_id,user_id,user_name,user_logo,count_gift,updatetime) 
                VALUES (1, \'101028743\',\'[WoW] มอนเตอร์\',\'https://image.takeme.la/20231019/2023101903325788e27d1bfa9e8c1da2a311583e744ddcae.jpg\',\'1505\',NOW())')
 4 APPPATH\Controllers\Api.php(59): App\Models\Mydev_model->execute('INSERT INTO event_detail (event_id,user_id,user_name,user_logo,count_gift,updatetime) 
                VALUES (1, \'101028743\',\'[WoW] มอนเตอร์\',\'https://image.takeme.la/20231019/2023101903325788e27d1bfa9e8c1da2a311583e744ddcae.jpg\',\'1505\',NOW())')
 5 SYSTEMPATH\CodeIgniter.php(941): App\Controllers\Api->insert()
 6 SYSTEMPATH\CodeIgniter.php(502): CodeIgniter\CodeIgniter->runController(Object(App\Controllers\Api))
 7 SYSTEMPATH\CodeIgniter.php(361): CodeIgniter\CodeIgniter->handleRequest(null, Object(Config\Cache), false)
 8 FCPATH\index.php(85): CodeIgniter\CodeIgniter->run()
CRITICAL - 2024-07-04 02:02:21 --> [Caused by] mysqli_sql_exception: Duplicate entry '1-101028743' for key 'event_id'
in SYSTEMPATH\Database\MySQLi\Connection.php on line 306.
 1 SYSTEMPATH\Database\MySQLi\Connection.php(306): mysqli->query('INSERT INTO event_detail (event_id,user_id,user_name,user_logo,count_gift,updatetime) 
                VALUES (1, \'101028743\',\'[WoW] มอนเตอร์\',\'https://image.takeme.la/20231019/2023101903325788e27d1bfa9e8c1da2a311583e744ddcae.jpg\',\'1505\',NOW())', 0)
 2 SYSTEMPATH\Database\BaseConnection.php(693): CodeIgniter\Database\MySQLi\Connection->execute('INSERT INTO event_detail (event_id,user_id,user_name,user_logo,count_gift,updatetime) 
                VALUES (1, \'101028743\',\'[WoW] มอนเตอร์\',\'https://image.takeme.la/20231019/2023101903325788e27d1bfa9e8c1da2a311583e744ddcae.jpg\',\'1505\',NOW())')
 3 SYSTEMPATH\Database\BaseConnection.php(607): CodeIgniter\Database\BaseConnection->simpleQuery('INSERT INTO event_detail (event_id,user_id,user_name,user_logo,count_gift,updatetime) 
                VALUES (1, \'101028743\',\'[WoW] มอนเตอร์\',\'https://image.takeme.la/20231019/2023101903325788e27d1bfa9e8c1da2a311583e744ddcae.jpg\',\'1505\',NOW())')
 4 APPPATH\Models\Mydev_model.php(22): CodeIgniter\Database\BaseConnection->query('INSERT INTO event_detail (event_id,user_id,user_name,user_logo,count_gift,updatetime) 
                VALUES (1, \'101028743\',\'[WoW] มอนเตอร์\',\'https://image.takeme.la/20231019/2023101903325788e27d1bfa9e8c1da2a311583e744ddcae.jpg\',\'1505\',NOW())')
 5 APPPATH\Controllers\Api.php(59): App\Models\Mydev_model->execute('INSERT INTO event_detail (event_id,user_id,user_name,user_logo,count_gift,updatetime) 
                VALUES (1, \'101028743\',\'[WoW] มอนเตอร์\',\'https://image.takeme.la/20231019/2023101903325788e27d1bfa9e8c1da2a311583e744ddcae.jpg\',\'1505\',NOW())')
 6 SYSTEMPATH\CodeIgniter.php(941): App\Controllers\Api->insert()
 7 SYSTEMPATH\CodeIgniter.php(502): CodeIgniter\CodeIgniter->runController(Object(App\Controllers\Api))
 8 SYSTEMPATH\CodeIgniter.php(361): CodeIgniter\CodeIgniter->handleRequest(null, Object(Config\Cache), false)
 9 FCPATH\index.php(85): CodeIgniter\CodeIgniter->run()
INFO - 2024-07-04 02:03:33 --> Session: Class initialized using 'CodeIgniter\Session\Handlers\FileHandler' driver.
WARNING - 2024-07-04 02:03:33 --> Session: Sessions is enabled, and one exists. Please don't $session->start();
ERROR - 2024-07-04 02:03:33 --> mysqli_sql_exception: Duplicate entry '1-101028743' for key 'event_id' in C:\xampp\htdocs\ci\system\Database\MySQLi\Connection.php:306
Stack trace:
#0 C:\xampp\htdocs\ci\system\Database\MySQLi\Connection.php(306): mysqli->query('INSERT INTO eve...', 0)
#1 C:\xampp\htdocs\ci\system\Database\BaseConnection.php(693): CodeIgniter\Database\MySQLi\Connection->execute('INSERT INTO eve...')
#2 C:\xampp\htdocs\ci\system\Database\BaseConnection.php(607): CodeIgniter\Database\BaseConnection->simpleQuery('INSERT INTO eve...')
#3 C:\xampp\htdocs\ci\app\Models\Mydev_model.php(22): CodeIgniter\Database\BaseConnection->query('INSERT INTO eve...')
#4 C:\xampp\htdocs\ci\app\Controllers\Api.php(59): App\Models\Mydev_model->execute('INSERT INTO eve...')
#5 C:\xampp\htdocs\ci\system\CodeIgniter.php(941): App\Controllers\Api->insert()
#6 C:\xampp\htdocs\ci\system\CodeIgniter.php(502): CodeIgniter\CodeIgniter->runController(Object(App\Controllers\Api))
#7 C:\xampp\htdocs\ci\system\CodeIgniter.php(361): CodeIgniter\CodeIgniter->handleRequest(NULL, Object(Config\Cache), false)
#8 C:\xampp\htdocs\ci\public\index.php(85): CodeIgniter\CodeIgniter->run()
#9 {main}
CRITICAL - 2024-07-04 02:03:33 --> CodeIgniter\Database\Exceptions\DatabaseException: Duplicate entry '1-101028743' for key 'event_id'
in SYSTEMPATH\Database\BaseConnection.php on line 647.
 1 APPPATH\Models\Mydev_model.php(22): CodeIgniter\Database\BaseConnection->query('INSERT INTO event_detail (event_id,user_id,user_name,user_logo,count_gift,updatetime) 
                VALUES (1, \'101028743\',\'[WoW] มอนเตอร์\',\'https://image.takeme.la/20231019/2023101903325788e27d1bfa9e8c1da2a311583e744ddcae.jpg\',\'1505\',NOW())')
 2 APPPATH\Controllers\Api.php(59): App\Models\Mydev_model->execute('INSERT INTO event_detail (event_id,user_id,user_name,user_logo,count_gift,updatetime) 
                VALUES (1, \'101028743\',\'[WoW] มอนเตอร์\',\'https://image.takeme.la/20231019/2023101903325788e27d1bfa9e8c1da2a311583e744ddcae.jpg\',\'1505\',NOW())')
 3 SYSTEMPATH\CodeIgniter.php(941): App\Controllers\Api->insert()
 4 SYSTEMPATH\CodeIgniter.php(502): CodeIgniter\CodeIgniter->runController(Object(App\Controllers\Api))
 5 SYSTEMPATH\CodeIgniter.php(361): CodeIgniter\CodeIgniter->handleRequest(null, Object(Config\Cache), false)
 6 FCPATH\index.php(85): CodeIgniter\CodeIgniter->run()
CRITICAL - 2024-07-04 02:03:33 --> [Caused by] CodeIgniter\Database\Exceptions\DatabaseException: Duplicate entry '1-101028743' for key 'event_id'
in SYSTEMPATH\Database\MySQLi\Connection.php on line 311.
 1 SYSTEMPATH\Database\BaseConnection.php(693): CodeIgniter\Database\MySQLi\Connection->execute('INSERT INTO event_detail (event_id,user_id,user_name,user_logo,count_gift,updatetime) 
                VALUES (1, \'101028743\',\'[WoW] มอนเตอร์\',\'https://image.takeme.la/20231019/2023101903325788e27d1bfa9e8c1da2a311583e744ddcae.jpg\',\'1505\',NOW())')
 2 SYSTEMPATH\Database\BaseConnection.php(607): CodeIgniter\Database\BaseConnection->simpleQuery('INSERT INTO event_detail (event_id,user_id,user_name,user_logo,count_gift,updatetime) 
                VALUES (1, \'101028743\',\'[WoW] มอนเตอร์\',\'https://image.takeme.la/20231019/2023101903325788e27d1bfa9e8c1da2a311583e744ddcae.jpg\',\'1505\',NOW())')
 3 APPPATH\Models\Mydev_model.php(22): CodeIgniter\Database\BaseConnection->query('INSERT INTO event_detail (event_id,user_id,user_name,user_logo,count_gift,updatetime) 
                VALUES (1, \'101028743\',\'[WoW] มอนเตอร์\',\'https://image.takeme.la/20231019/2023101903325788e27d1bfa9e8c1da2a311583e744ddcae.jpg\',\'1505\',NOW())')
 4 APPPATH\Controllers\Api.php(59): App\Models\Mydev_model->execute('INSERT INTO event_detail (event_id,user_id,user_name,user_logo,count_gift,updatetime) 
                VALUES (1, \'101028743\',\'[WoW] มอนเตอร์\',\'https://image.takeme.la/20231019/2023101903325788e27d1bfa9e8c1da2a311583e744ddcae.jpg\',\'1505\',NOW())')
 5 SYSTEMPATH\CodeIgniter.php(941): App\Controllers\Api->insert()
 6 SYSTEMPATH\CodeIgniter.php(502): CodeIgniter\CodeIgniter->runController(Object(App\Controllers\Api))
 7 SYSTEMPATH\CodeIgniter.php(361): CodeIgniter\CodeIgniter->handleRequest(null, Object(Config\Cache), false)
 8 FCPATH\index.php(85): CodeIgniter\CodeIgniter->run()
CRITICAL - 2024-07-04 02:03:33 --> [Caused by] mysqli_sql_exception: Duplicate entry '1-101028743' for key 'event_id'
in SYSTEMPATH\Database\MySQLi\Connection.php on line 306.
 1 SYSTEMPATH\Database\MySQLi\Connection.php(306): mysqli->query('INSERT INTO event_detail (event_id,user_id,user_name,user_logo,count_gift,updatetime) 
                VALUES (1, \'101028743\',\'[WoW] มอนเตอร์\',\'https://image.takeme.la/20231019/2023101903325788e27d1bfa9e8c1da2a311583e744ddcae.jpg\',\'1505\',NOW())', 0)
 2 SYSTEMPATH\Database\BaseConnection.php(693): CodeIgniter\Database\MySQLi\Connection->execute('INSERT INTO event_detail (event_id,user_id,user_name,user_logo,count_gift,updatetime) 
                VALUES (1, \'101028743\',\'[WoW] มอนเตอร์\',\'https://image.takeme.la/20231019/2023101903325788e27d1bfa9e8c1da2a311583e744ddcae.jpg\',\'1505\',NOW())')
 3 SYSTEMPATH\Database\BaseConnection.php(607): CodeIgniter\Database\BaseConnection->simpleQuery('INSERT INTO event_detail (event_id,user_id,user_name,user_logo,count_gift,updatetime) 
                VALUES (1, \'101028743\',\'[WoW] มอนเตอร์\',\'https://image.takeme.la/20231019/2023101903325788e27d1bfa9e8c1da2a311583e744ddcae.jpg\',\'1505\',NOW())')
 4 APPPATH\Models\Mydev_model.php(22): CodeIgniter\Database\BaseConnection->query('INSERT INTO event_detail (event_id,user_id,user_name,user_logo,count_gift,updatetime) 
                VALUES (1, \'101028743\',\'[WoW] มอนเตอร์\',\'https://image.takeme.la/20231019/2023101903325788e27d1bfa9e8c1da2a311583e744ddcae.jpg\',\'1505\',NOW())')
 5 APPPATH\Controllers\Api.php(59): App\Models\Mydev_model->execute('INSERT INTO event_detail (event_id,user_id,user_name,user_logo,count_gift,updatetime) 
                VALUES (1, \'101028743\',\'[WoW] มอนเตอร์\',\'https://image.takeme.la/20231019/2023101903325788e27d1bfa9e8c1da2a311583e744ddcae.jpg\',\'1505\',NOW())')
 6 SYSTEMPATH\CodeIgniter.php(941): App\Controllers\Api->insert()
 7 SYSTEMPATH\CodeIgniter.php(502): CodeIgniter\CodeIgniter->runController(Object(App\Controllers\Api))
 8 SYSTEMPATH\CodeIgniter.php(361): CodeIgniter\CodeIgniter->handleRequest(null, Object(Config\Cache), false)
 9 FCPATH\index.php(85): CodeIgniter\CodeIgniter->run()
INFO - 2024-07-04 02:03:51 --> Session: Class initialized using 'CodeIgniter\Session\Handlers\FileHandler' driver.
WARNING - 2024-07-04 02:03:51 --> Session: Sessions is enabled, and one exists. Please don't $session->start();
INFO - 2024-07-04 02:03:54 --> Session: Class initialized using 'CodeIgniter\Session\Handlers\FileHandler' driver.
WARNING - 2024-07-04 02:03:54 --> Session: Sessions is enabled, and one exists. Please don't $session->start();
ERROR - 2024-07-04 02:03:55 --> mysqli_sql_exception: Duplicate entry '1-101028743' for key 'event_id' in C:\xampp\htdocs\ci\system\Database\MySQLi\Connection.php:306
Stack trace:
#0 C:\xampp\htdocs\ci\system\Database\MySQLi\Connection.php(306): mysqli->query('INSERT INTO eve...', 0)
#1 C:\xampp\htdocs\ci\system\Database\BaseConnection.php(693): CodeIgniter\Database\MySQLi\Connection->execute('INSERT INTO eve...')
#2 C:\xampp\htdocs\ci\system\Database\BaseConnection.php(607): CodeIgniter\Database\BaseConnection->simpleQuery('INSERT INTO eve...')
#3 C:\xampp\htdocs\ci\app\Models\Mydev_model.php(22): CodeIgniter\Database\BaseConnection->query('INSERT INTO eve...')
#4 C:\xampp\htdocs\ci\app\Controllers\Api.php(59): App\Models\Mydev_model->execute('INSERT INTO eve...')
#5 C:\xampp\htdocs\ci\system\CodeIgniter.php(941): App\Controllers\Api->insert()
#6 C:\xampp\htdocs\ci\system\CodeIgniter.php(502): CodeIgniter\CodeIgniter->runController(Object(App\Controllers\Api))
#7 C:\xampp\htdocs\ci\system\CodeIgniter.php(361): CodeIgniter\CodeIgniter->handleRequest(NULL, Object(Config\Cache), false)
#8 C:\xampp\htdocs\ci\public\index.php(85): CodeIgniter\CodeIgniter->run()
#9 {main}
CRITICAL - 2024-07-04 02:03:55 --> CodeIgniter\Database\Exceptions\DatabaseException: Duplicate entry '1-101028743' for key 'event_id'
in SYSTEMPATH\Database\BaseConnection.php on line 647.
 1 APPPATH\Models\Mydev_model.php(22): CodeIgniter\Database\BaseConnection->query('INSERT INTO event_detail (event_id,user_id,user_name,user_logo,count_gift,updatetime) 
                VALUES (1, \'101028743\',\'[WoW] มอนเตอร์\',\'https://image.takeme.la/20231019/2023101903325788e27d1bfa9e8c1da2a311583e744ddcae.jpg\',\'1505\',NOW())')
 2 APPPATH\Controllers\Api.php(59): App\Models\Mydev_model->execute('INSERT INTO event_detail (event_id,user_id,user_name,user_logo,count_gift,updatetime) 
                VALUES (1, \'101028743\',\'[WoW] มอนเตอร์\',\'https://image.takeme.la/20231019/2023101903325788e27d1bfa9e8c1da2a311583e744ddcae.jpg\',\'1505\',NOW())')
 3 SYSTEMPATH\CodeIgniter.php(941): App\Controllers\Api->insert()
 4 SYSTEMPATH\CodeIgniter.php(502): CodeIgniter\CodeIgniter->runController(Object(App\Controllers\Api))
 5 SYSTEMPATH\CodeIgniter.php(361): CodeIgniter\CodeIgniter->handleRequest(null, Object(Config\Cache), false)
 6 FCPATH\index.php(85): CodeIgniter\CodeIgniter->run()
CRITICAL - 2024-07-04 02:03:55 --> [Caused by] CodeIgniter\Database\Exceptions\DatabaseException: Duplicate entry '1-101028743' for key 'event_id'
in SYSTEMPATH\Database\MySQLi\Connection.php on line 311.
 1 SYSTEMPATH\Database\BaseConnection.php(693): CodeIgniter\Database\MySQLi\Connection->execute('INSERT INTO event_detail (event_id,user_id,user_name,user_logo,count_gift,updatetime) 
                VALUES (1, \'101028743\',\'[WoW] มอนเตอร์\',\'https://image.takeme.la/20231019/2023101903325788e27d1bfa9e8c1da2a311583e744ddcae.jpg\',\'1505\',NOW())')
 2 SYSTEMPATH\Database\BaseConnection.php(607): CodeIgniter\Database\BaseConnection->simpleQuery('INSERT INTO event_detail (event_id,user_id,user_name,user_logo,count_gift,updatetime) 
                VALUES (1, \'101028743\',\'[WoW] มอนเตอร์\',\'https://image.takeme.la/20231019/2023101903325788e27d1bfa9e8c1da2a311583e744ddcae.jpg\',\'1505\',NOW())')
 3 APPPATH\Models\Mydev_model.php(22): CodeIgniter\Database\BaseConnection->query('INSERT INTO event_detail (event_id,user_id,user_name,user_logo,count_gift,updatetime) 
                VALUES (1, \'101028743\',\'[WoW] มอนเตอร์\',\'https://image.takeme.la/20231019/2023101903325788e27d1bfa9e8c1da2a311583e744ddcae.jpg\',\'1505\',NOW())')
 4 APPPATH\Controllers\Api.php(59): App\Models\Mydev_model->execute('INSERT INTO event_detail (event_id,user_id,user_name,user_logo,count_gift,updatetime) 
                VALUES (1, \'101028743\',\'[WoW] มอนเตอร์\',\'https://image.takeme.la/20231019/2023101903325788e27d1bfa9e8c1da2a311583e744ddcae.jpg\',\'1505\',NOW())')
 5 SYSTEMPATH\CodeIgniter.php(941): App\Controllers\Api->insert()
 6 SYSTEMPATH\CodeIgniter.php(502): CodeIgniter\CodeIgniter->runController(Object(App\Controllers\Api))
 7 SYSTEMPATH\CodeIgniter.php(361): CodeIgniter\CodeIgniter->handleRequest(null, Object(Config\Cache), false)
 8 FCPATH\index.php(85): CodeIgniter\CodeIgniter->run()
CRITICAL - 2024-07-04 02:03:55 --> [Caused by] mysqli_sql_exception: Duplicate entry '1-101028743' for key 'event_id'
in SYSTEMPATH\Database\MySQLi\Connection.php on line 306.
 1 SYSTEMPATH\Database\MySQLi\Connection.php(306): mysqli->query('INSERT INTO event_detail (event_id,user_id,user_name,user_logo,count_gift,updatetime) 
                VALUES (1, \'101028743\',\'[WoW] มอนเตอร์\',\'https://image.takeme.la/20231019/2023101903325788e27d1bfa9e8c1da2a311583e744ddcae.jpg\',\'1505\',NOW())', 0)
 2 SYSTEMPATH\Database\BaseConnection.php(693): CodeIgniter\Database\MySQLi\Connection->execute('INSERT INTO event_detail (event_id,user_id,user_name,user_logo,count_gift,updatetime) 
                VALUES (1, \'101028743\',\'[WoW] มอนเตอร์\',\'https://image.takeme.la/20231019/2023101903325788e27d1bfa9e8c1da2a311583e744ddcae.jpg\',\'1505\',NOW())')
 3 SYSTEMPATH\Database\BaseConnection.php(607): CodeIgniter\Database\BaseConnection->simpleQuery('INSERT INTO event_detail (event_id,user_id,user_name,user_logo,count_gift,updatetime) 
                VALUES (1, \'101028743\',\'[WoW] มอนเตอร์\',\'https://image.takeme.la/20231019/2023101903325788e27d1bfa9e8c1da2a311583e744ddcae.jpg\',\'1505\',NOW())')
 4 APPPATH\Models\Mydev_model.php(22): CodeIgniter\Database\BaseConnection->query('INSERT INTO event_detail (event_id,user_id,user_name,user_logo,count_gift,updatetime) 
                VALUES (1, \'101028743\',\'[WoW] มอนเตอร์\',\'https://image.takeme.la/20231019/2023101903325788e27d1bfa9e8c1da2a311583e744ddcae.jpg\',\'1505\',NOW())')
 5 APPPATH\Controllers\Api.php(59): App\Models\Mydev_model->execute('INSERT INTO event_detail (event_id,user_id,user_name,user_logo,count_gift,updatetime) 
                VALUES (1, \'101028743\',\'[WoW] มอนเตอร์\',\'https://image.takeme.la/20231019/2023101903325788e27d1bfa9e8c1da2a311583e744ddcae.jpg\',\'1505\',NOW())')
 6 SYSTEMPATH\CodeIgniter.php(941): App\Controllers\Api->insert()
 7 SYSTEMPATH\CodeIgniter.php(502): CodeIgniter\CodeIgniter->runController(Object(App\Controllers\Api))
 8 SYSTEMPATH\CodeIgniter.php(361): CodeIgniter\CodeIgniter->handleRequest(null, Object(Config\Cache), false)
 9 FCPATH\index.php(85): CodeIgniter\CodeIgniter->run()
INFO - 2024-07-04 02:08:30 --> Session: Class initialized using 'CodeIgniter\Session\Handlers\FileHandler' driver.
WARNING - 2024-07-04 02:08:30 --> Session: Sessions is enabled, and one exists. Please don't $session->start();
INFO - 2024-07-04 02:08:51 --> Session: Class initialized using 'CodeIgniter\Session\Handlers\FileHandler' driver.
WARNING - 2024-07-04 02:08:51 --> Session: Sessions is enabled, and one exists. Please don't $session->start();
INFO - 2024-07-04 02:08:59 --> Session: Class initialized using 'CodeIgniter\Session\Handlers\FileHandler' driver.
WARNING - 2024-07-04 02:08:59 --> Session: Sessions is enabled, and one exists. Please don't $session->start();
INFO - 2024-07-04 02:09:01 --> Session: Class initialized using 'CodeIgniter\Session\Handlers\FileHandler' driver.
WARNING - 2024-07-04 02:09:01 --> Session: Sessions is enabled, and one exists. Please don't $session->start();
INFO - 2024-07-04 02:52:19 --> Session: Class initialized using 'CodeIgniter\Session\Handlers\FileHandler' driver.
WARNING - 2024-07-04 02:52:19 --> Session: Sessions is enabled, and one exists. Please don't $session->start();
INFO - 2024-07-04 02:52:25 --> Session: Class initialized using 'CodeIgniter\Session\Handlers\FileHandler' driver.
WARNING - 2024-07-04 02:52:25 --> Session: Sessions is enabled, and one exists. Please don't $session->start();
INFO - 2024-07-04 02:52:27 --> Session: Class initialized using 'CodeIgniter\Session\Handlers\FileHandler' driver.
WARNING - 2024-07-04 02:52:27 --> Session: Sessions is enabled, and one exists. Please don't $session->start();
CRITICAL - 2024-07-04 02:52:27 --> CodeIgniter\View\Exceptions\ViewException: Invalid file: "admin/login.php"
in SYSTEMPATH\Exceptions\FrameworkException.php on line 39.
 1 SYSTEMPATH\View\View.php(216): CodeIgniter\Exceptions\FrameworkException::forInvalidFile('admin/login.php')
 2 SYSTEMPATH\Common.php(1178): CodeIgniter\View\View->render('admin/login', [], true)
 3 APPPATH\Controllers\Admin.php(53): view('admin/login')
 4 SYSTEMPATH\CodeIgniter.php(941): App\Controllers\Admin->login()
 5 SYSTEMPATH\CodeIgniter.php(502): CodeIgniter\CodeIgniter->runController(Object(App\Controllers\Admin))
 6 SYSTEMPATH\CodeIgniter.php(361): CodeIgniter\CodeIgniter->handleRequest(null, Object(Config\Cache), false)
 7 FCPATH\index.php(85): CodeIgniter\CodeIgniter->run()
INFO - 2024-07-04 02:59:41 --> Session: Class initialized using 'CodeIgniter\Session\Handlers\FileHandler' driver.
WARNING - 2024-07-04 02:59:41 --> Session: Sessions is enabled, and one exists. Please don't $session->start();
INFO - 2024-07-04 02:59:57 --> Session: Class initialized using 'CodeIgniter\Session\Handlers\FileHandler' driver.
WARNING - 2024-07-04 02:59:57 --> Session: Sessions is enabled, and one exists. Please don't $session->start();
CRITICAL - 2024-07-04 02:59:57 --> CodeIgniter\Filters\Exceptions\FilterException: "authGuard" filter must have a matching alias defined.
in SYSTEMPATH\Filters\Filters.php on line 352.
 1 SYSTEMPATH\Filters\Filters.php(352): CodeIgniter\Filters\Exceptions\FilterException::forNoAlias('authGuard')
 2 SYSTEMPATH\CodeIgniter.php(467): CodeIgniter\Filters\Filters->enableFilter('authGuard', 'before')
 3 SYSTEMPATH\CodeIgniter.php(361): CodeIgniter\CodeIgniter->handleRequest(null, Object(Config\Cache), false)
 4 FCPATH\index.php(85): CodeIgniter\CodeIgniter->run()
ERROR - 2024-07-04 04:12:24 --> mysqli_sql_exception: Duplicate entry '1-101028743' for key 'event_id' in C:\xampp\htdocs\ci\system\Database\MySQLi\Connection.php:306
Stack trace:
#0 C:\xampp\htdocs\ci\system\Database\MySQLi\Connection.php(306): mysqli->query('INSERT INTO eve...', 0)
#1 C:\xampp\htdocs\ci\system\Database\BaseConnection.php(693): CodeIgniter\Database\MySQLi\Connection->execute('INSERT INTO eve...')
#2 C:\xampp\htdocs\ci\system\Database\BaseConnection.php(607): CodeIgniter\Database\BaseConnection->simpleQuery('INSERT INTO eve...')
#3 C:\xampp\htdocs\ci\app\Models\Mydev_model.php(22): CodeIgniter\Database\BaseConnection->query('INSERT INTO eve...')
#4 C:\xampp\htdocs\ci\app\Controllers\Api.php(44): App\Models\Mydev_model->execute('INSERT INTO eve...')
#5 C:\xampp\htdocs\ci\app\Controllers\Api.php(60): App\Controllers\Api->insert()
#6 C:\xampp\htdocs\ci\system\CodeIgniter.php(941): App\Controllers\Api->getapi()
#7 C:\xampp\htdocs\ci\system\CodeIgniter.php(502): CodeIgniter\CodeIgniter->runController(Object(App\Controllers\Api))
#8 C:\xampp\htdocs\ci\system\CodeIgniter.php(361): CodeIgniter\CodeIgniter->handleRequest(NULL, Object(Config\Cache), false)
#9 C:\xampp\htdocs\ci\public\index.php(85): CodeIgniter\CodeIgniter->run()
#10 {main}
ERROR - 2024-07-04 04:12:24 --> mysqli_sql_exception: Duplicate entry '1-101028743' for key 'event_id' in C:\xampp\htdocs\ci\system\Database\MySQLi\Connection.php:306
Stack trace:
#0 C:\xampp\htdocs\ci\system\Database\MySQLi\Connection.php(306): mysqli->query('INSERT INTO eve...', 0)
#1 C:\xampp\htdocs\ci\system\Database\BaseConnection.php(693): CodeIgniter\Database\MySQLi\Connection->execute('INSERT INTO eve...')
#2 C:\xampp\htdocs\ci\system\Database\BaseConnection.php(607): CodeIgniter\Database\BaseConnection->simpleQuery('INSERT INTO eve...')
#3 C:\xampp\htdocs\ci\app\Models\Mydev_model.php(22): CodeIgniter\Database\BaseConnection->query('INSERT INTO eve...')
#4 C:\xampp\htdocs\ci\app\Controllers\Api.php(44): App\Models\Mydev_model->execute('INSERT INTO eve...')
#5 C:\xampp\htdocs\ci\app\Controllers\Api.php(60): App\Controllers\Api->insert()
#6 C:\xampp\htdocs\ci\system\CodeIgniter.php(941): App\Controllers\Api->getapi()
#7 C:\xampp\htdocs\ci\system\CodeIgniter.php(502): CodeIgniter\CodeIgniter->runController(Object(App\Controllers\Api))
#8 C:\xampp\htdocs\ci\system\CodeIgniter.php(361): CodeIgniter\CodeIgniter->handleRequest(NULL, Object(Config\Cache), false)
#9 C:\xampp\htdocs\ci\public\index.php(85): CodeIgniter\CodeIgniter->run()
#10 {main}
CRITICAL - 2024-07-04 04:12:24 --> CodeIgniter\Database\Exceptions\DatabaseException: Duplicate entry '1-101028743' for key 'event_id'
in SYSTEMPATH\Database\BaseConnection.php on line 647.
 1 APPPATH\Models\Mydev_model.php(22): CodeIgniter\Database\BaseConnection->query('INSERT INTO event_detail (event_id,user_id,user_name,user_logo,count_gift,updatetime) 
                    VALUES (1, \'101028743\',\'[WoW] มอนเตอร์\',\'https://image.takeme.la/20231019/2023101903325788e27d1bfa9e8c1da2a311583e744ddcae.jpg\',\'1505\',NOW())')
 2 APPPATH\Controllers\Api.php(44): App\Models\Mydev_model->execute('INSERT INTO event_detail (event_id,user_id,user_name,user_logo,count_gift,updatetime) 
                    VALUES (1, \'101028743\',\'[WoW] มอนเตอร์\',\'https://image.takeme.la/20231019/2023101903325788e27d1bfa9e8c1da2a311583e744ddcae.jpg\',\'1505\',NOW())')
 3 APPPATH\Controllers\Api.php(60): App\Controllers\Api->insert()
 4 SYSTEMPATH\CodeIgniter.php(941): App\Controllers\Api->getapi()
 5 SYSTEMPATH\CodeIgniter.php(502): CodeIgniter\CodeIgniter->runController(Object(App\Controllers\Api))
 6 SYSTEMPATH\CodeIgniter.php(361): CodeIgniter\CodeIgniter->handleRequest(null, Object(Config\Cache), false)
 7 FCPATH\index.php(85): CodeIgniter\CodeIgniter->run()
CRITICAL - 2024-07-04 04:12:24 --> CodeIgniter\Database\Exceptions\DatabaseException: Duplicate entry '1-101028743' for key 'event_id'
in SYSTEMPATH\Database\BaseConnection.php on line 647.
 1 APPPATH\Models\Mydev_model.php(22): CodeIgniter\Database\BaseConnection->query('INSERT INTO event_detail (event_id,user_id,user_name,user_logo,count_gift,updatetime) 
                    VALUES (1, \'101028743\',\'[WoW] มอนเตอร์\',\'https://image.takeme.la/20231019/2023101903325788e27d1bfa9e8c1da2a311583e744ddcae.jpg\',\'1505\',NOW())')
 2 APPPATH\Controllers\Api.php(44): App\Models\Mydev_model->execute('INSERT INTO event_detail (event_id,user_id,user_name,user_logo,count_gift,updatetime) 
                    VALUES (1, \'101028743\',\'[WoW] มอนเตอร์\',\'https://image.takeme.la/20231019/2023101903325788e27d1bfa9e8c1da2a311583e744ddcae.jpg\',\'1505\',NOW())')
 3 APPPATH\Controllers\Api.php(60): App\Controllers\Api->insert()
 4 SYSTEMPATH\CodeIgniter.php(941): App\Controllers\Api->getapi()
 5 SYSTEMPATH\CodeIgniter.php(502): CodeIgniter\CodeIgniter->runController(Object(App\Controllers\Api))
 6 SYSTEMPATH\CodeIgniter.php(361): CodeIgniter\CodeIgniter->handleRequest(null, Object(Config\Cache), false)
 7 FCPATH\index.php(85): CodeIgniter\CodeIgniter->run()
CRITICAL - 2024-07-04 04:12:24 --> [Caused by] CodeIgniter\Database\Exceptions\DatabaseException: Duplicate entry '1-101028743' for key 'event_id'
in SYSTEMPATH\Database\MySQLi\Connection.php on line 311.
 1 SYSTEMPATH\Database\BaseConnection.php(693): CodeIgniter\Database\MySQLi\Connection->execute('INSERT INTO event_detail (event_id,user_id,user_name,user_logo,count_gift,updatetime) 
                    VALUES (1, \'101028743\',\'[WoW] มอนเตอร์\',\'https://image.takeme.la/20231019/2023101903325788e27d1bfa9e8c1da2a311583e744ddcae.jpg\',\'1505\',NOW())')
 2 SYSTEMPATH\Database\BaseConnection.php(607): CodeIgniter\Database\BaseConnection->simpleQuery('INSERT INTO event_detail (event_id,user_id,user_name,user_logo,count_gift,updatetime) 
                    VALUES (1, \'101028743\',\'[WoW] มอนเตอร์\',\'https://image.takeme.la/20231019/2023101903325788e27d1bfa9e8c1da2a311583e744ddcae.jpg\',\'1505\',NOW())')
 3 APPPATH\Models\Mydev_model.php(22): CodeIgniter\Database\BaseConnection->query('INSERT INTO event_detail (event_id,user_id,user_name,user_logo,count_gift,updatetime) 
                    VALUES (1, \'101028743\',\'[WoW] มอนเตอร์\',\'https://image.takeme.la/20231019/2023101903325788e27d1bfa9e8c1da2a311583e744ddcae.jpg\',\'1505\',NOW())')
 4 APPPATH\Controllers\Api.php(44): App\Models\Mydev_model->execute('INSERT INTO event_detail (event_id,user_id,user_name,user_logo,count_gift,updatetime) 
                    VALUES (1, \'101028743\',\'[WoW] มอนเตอร์\',\'https://image.takeme.la/20231019/2023101903325788e27d1bfa9e8c1da2a311583e744ddcae.jpg\',\'1505\',NOW())')
 5 APPPATH\Controllers\Api.php(60): App\Controllers\Api->insert()
 6 SYSTEMPATH\CodeIgniter.php(941): App\Controllers\Api->getapi()
 7 SYSTEMPATH\CodeIgniter.php(502): CodeIgniter\CodeIgniter->runController(Object(App\Controllers\Api))
 8 SYSTEMPATH\CodeIgniter.php(361): CodeIgniter\CodeIgniter->handleRequest(null, Object(Config\Cache), false)
 9 FCPATH\index.php(85): CodeIgniter\CodeIgniter->run()
CRITICAL - 2024-07-04 04:12:24 --> [Caused by] CodeIgniter\Database\Exceptions\DatabaseException: Duplicate entry '1-101028743' for key 'event_id'
in SYSTEMPATH\Database\MySQLi\Connection.php on line 311.
 1 SYSTEMPATH\Database\BaseConnection.php(693): CodeIgniter\Database\MySQLi\Connection->execute('INSERT INTO event_detail (event_id,user_id,user_name,user_logo,count_gift,updatetime) 
                    VALUES (1, \'101028743\',\'[WoW] มอนเตอร์\',\'https://image.takeme.la/20231019/2023101903325788e27d1bfa9e8c1da2a311583e744ddcae.jpg\',\'1505\',NOW())')
 2 SYSTEMPATH\Database\BaseConnection.php(607): CodeIgniter\Database\BaseConnection->simpleQuery('INSERT INTO event_detail (event_id,user_id,user_name,user_logo,count_gift,updatetime) 
                    VALUES (1, \'101028743\',\'[WoW] มอนเตอร์\',\'https://image.takeme.la/20231019/2023101903325788e27d1bfa9e8c1da2a311583e744ddcae.jpg\',\'1505\',NOW())')
 3 APPPATH\Models\Mydev_model.php(22): CodeIgniter\Database\BaseConnection->query('INSERT INTO event_detail (event_id,user_id,user_name,user_logo,count_gift,updatetime) 
                    VALUES (1, \'101028743\',\'[WoW] มอนเตอร์\',\'https://image.takeme.la/20231019/2023101903325788e27d1bfa9e8c1da2a311583e744ddcae.jpg\',\'1505\',NOW())')
 4 APPPATH\Controllers\Api.php(44): App\Models\Mydev_model->execute('INSERT INTO event_detail (event_id,user_id,user_name,user_logo,count_gift,updatetime) 
                    VALUES (1, \'101028743\',\'[WoW] มอนเตอร์\',\'https://image.takeme.la/20231019/2023101903325788e27d1bfa9e8c1da2a311583e744ddcae.jpg\',\'1505\',NOW())')
 5 APPPATH\Controllers\Api.php(60): App\Controllers\Api->insert()
 6 SYSTEMPATH\CodeIgniter.php(941): App\Controllers\Api->getapi()
 7 SYSTEMPATH\CodeIgniter.php(502): CodeIgniter\CodeIgniter->runController(Object(App\Controllers\Api))
 8 SYSTEMPATH\CodeIgniter.php(361): CodeIgniter\CodeIgniter->handleRequest(null, Object(Config\Cache), false)
 9 FCPATH\index.php(85): CodeIgniter\CodeIgniter->run()
CRITICAL - 2024-07-04 04:12:24 --> [Caused by] mysqli_sql_exception: Duplicate entry '1-101028743' for key 'event_id'
in SYSTEMPATH\Database\MySQLi\Connection.php on line 306.
 1 SYSTEMPATH\Database\MySQLi\Connection.php(306): mysqli->query('INSERT INTO event_detail (event_id,user_id,user_name,user_logo,count_gift,updatetime) 
                    VALUES (1, \'101028743\',\'[WoW] มอนเตอร์\',\'https://image.takeme.la/20231019/2023101903325788e27d1bfa9e8c1da2a311583e744ddcae.jpg\',\'1505\',NOW())', 0)
 2 SYSTEMPATH\Database\BaseConnection.php(693): CodeIgniter\Database\MySQLi\Connection->execute('INSERT INTO event_detail (event_id,user_id,user_name,user_logo,count_gift,updatetime) 
                    VALUES (1, \'101028743\',\'[WoW] มอนเตอร์\',\'https://image.takeme.la/20231019/2023101903325788e27d1bfa9e8c1da2a311583e744ddcae.jpg\',\'1505\',NOW())')
 3 SYSTEMPATH\Database\BaseConnection.php(607): CodeIgniter\Database\BaseConnection->simpleQuery('INSERT INTO event_detail (event_id,user_id,user_name,user_logo,count_gift,updatetime) 
                    VALUES (1, \'101028743\',\'[WoW] มอนเตอร์\',\'https://image.takeme.la/20231019/2023101903325788e27d1bfa9e8c1da2a311583e744ddcae.jpg\',\'1505\',NOW())')
 4 APPPATH\Models\Mydev_model.php(22): CodeIgniter\Database\BaseConnection->query('INSERT INTO event_detail (event_id,user_id,user_name,user_logo,count_gift,updatetime) 
                    VALUES (1, \'101028743\',\'[WoW] มอนเตอร์\',\'https://image.takeme.la/20231019/2023101903325788e27d1bfa9e8c1da2a311583e744ddcae.jpg\',\'1505\',NOW())')
 5 APPPATH\Controllers\Api.php(44): App\Models\Mydev_model->execute('INSERT INTO event_detail (event_id,user_id,user_name,user_logo,count_gift,updatetime) 
                    VALUES (1, \'101028743\',\'[WoW] มอนเตอร์\',\'https://image.takeme.la/20231019/2023101903325788e27d1bfa9e8c1da2a311583e744ddcae.jpg\',\'1505\',NOW())')
 6 APPPATH\Controllers\Api.php(60): App\Controllers\Api->insert()
 7 SYSTEMPATH\CodeIgniter.php(941): App\Controllers\Api->getapi()
 8 SYSTEMPATH\CodeIgniter.php(502): CodeIgniter\CodeIgniter->runController(Object(App\Controllers\Api))
 9 SYSTEMPATH\CodeIgniter.php(361): CodeIgniter\CodeIgniter->handleRequest(null, Object(Config\Cache), false)
10 FCPATH\index.php(85): CodeIgniter\CodeIgniter->run()
CRITICAL - 2024-07-04 04:12:24 --> [Caused by] mysqli_sql_exception: Duplicate entry '1-101028743' for key 'event_id'
in SYSTEMPATH\Database\MySQLi\Connection.php on line 306.
 1 SYSTEMPATH\Database\MySQLi\Connection.php(306): mysqli->query('INSERT INTO event_detail (event_id,user_id,user_name,user_logo,count_gift,updatetime) 
                    VALUES (1, \'101028743\',\'[WoW] มอนเตอร์\',\'https://image.takeme.la/20231019/2023101903325788e27d1bfa9e8c1da2a311583e744ddcae.jpg\',\'1505\',NOW())', 0)
 2 SYSTEMPATH\Database\BaseConnection.php(693): CodeIgniter\Database\MySQLi\Connection->execute('INSERT INTO event_detail (event_id,user_id,user_name,user_logo,count_gift,updatetime) 
                    VALUES (1, \'101028743\',\'[WoW] มอนเตอร์\',\'https://image.takeme.la/20231019/2023101903325788e27d1bfa9e8c1da2a311583e744ddcae.jpg\',\'1505\',NOW())')
 3 SYSTEMPATH\Database\BaseConnection.php(607): CodeIgniter\Database\BaseConnection->simpleQuery('INSERT INTO event_detail (event_id,user_id,user_name,user_logo,count_gift,updatetime) 
                    VALUES (1, \'101028743\',\'[WoW] มอนเตอร์\',\'https://image.takeme.la/20231019/2023101903325788e27d1bfa9e8c1da2a311583e744ddcae.jpg\',\'1505\',NOW())')
 4 APPPATH\Models\Mydev_model.php(22): CodeIgniter\Database\BaseConnection->query('INSERT INTO event_detail (event_id,user_id,user_name,user_logo,count_gift,updatetime) 
                    VALUES (1, \'101028743\',\'[WoW] มอนเตอร์\',\'https://image.takeme.la/20231019/2023101903325788e27d1bfa9e8c1da2a311583e744ddcae.jpg\',\'1505\',NOW())')
 5 APPPATH\Controllers\Api.php(44): App\Models\Mydev_model->execute('INSERT INTO event_detail (event_id,user_id,user_name,user_logo,count_gift,updatetime) 
                    VALUES (1, \'101028743\',\'[WoW] มอนเตอร์\',\'https://image.takeme.la/20231019/2023101903325788e27d1bfa9e8c1da2a311583e744ddcae.jpg\',\'1505\',NOW())')
 6 APPPATH\Controllers\Api.php(60): App\Controllers\Api->insert()
 7 SYSTEMPATH\CodeIgniter.php(941): App\Controllers\Api->getapi()
 8 SYSTEMPATH\CodeIgniter.php(502): CodeIgniter\CodeIgniter->runController(Object(App\Controllers\Api))
 9 SYSTEMPATH\CodeIgniter.php(361): CodeIgniter\CodeIgniter->handleRequest(null, Object(Config\Cache), false)
10 FCPATH\index.php(85): CodeIgniter\CodeIgniter->run()
CRITICAL - 2024-07-04 04:51:07 --> Error: Cannot call constructor
in APPPATH\Controllers\ApiDataController.php on line 16.
 1 SYSTEMPATH\CodeIgniter.php(913): App\Controllers\ApiDataController->__construct()
 2 SYSTEMPATH\CodeIgniter.php(493): CodeIgniter\CodeIgniter->createController()
 3 SYSTEMPATH\CodeIgniter.php(361): CodeIgniter\CodeIgniter->handleRequest(null, Object(Config\Cache), false)
 4 FCPATH\index.php(85): CodeIgniter\CodeIgniter->run()
INFO - 2024-07-04 04:51:33 --> Session: Class initialized using 'CodeIgniter\Session\Handlers\FileHandler' driver.
WARNING - 2024-07-04 04:51:33 --> Session: Sessions is enabled, and one exists. Please don't $session->start();
CRITICAL - 2024-07-04 04:51:34 --> ErrorException: Undefined property: App\Controllers\ApiDataController::$load
in APPPATH\Controllers\ApiDataController.php on line 37.
 1 APPPATH\Controllers\ApiDataController.php(37): CodeIgniter\Debug\Exceptions->errorHandler(2, 'Undefined property: App\\Controllers\\ApiDataController::$load', 'C:\\xampp\\htdocs\\ci\\app\\Controllers\\ApiDataController.php', 37)
 2 SYSTEMPATH\CodeIgniter.php(941): App\Controllers\ApiDataController->index()
 3 SYSTEMPATH\CodeIgniter.php(502): CodeIgniter\CodeIgniter->runController(Object(App\Controllers\ApiDataController))
 4 SYSTEMPATH\CodeIgniter.php(361): CodeIgniter\CodeIgniter->handleRequest(null, Object(Config\Cache), false)
 5 FCPATH\index.php(85): CodeIgniter\CodeIgniter->run()
INFO - 2024-07-04 04:53:02 --> Session: Class initialized using 'CodeIgniter\Session\Handlers\FileHandler' driver.
WARNING - 2024-07-04 04:53:02 --> Session: Sessions is enabled, and one exists. Please don't $session->start();
CRITICAL - 2024-07-04 04:53:02 --> CodeIgniter\View\Exceptions\ViewException: Invalid file: "index.php"
in SYSTEMPATH\Exceptions\FrameworkException.php on line 39.
 1 SYSTEMPATH\View\View.php(216): CodeIgniter\Exceptions\FrameworkException::forInvalidFile('index.php')
 2 SYSTEMPATH\Common.php(1178): CodeIgniter\View\View->render('index', [], true)
 3 APPPATH\Controllers\ApiDataController.php(26): view('index')
 4 SYSTEMPATH\CodeIgniter.php(941): App\Controllers\ApiDataController->index()
 5 SYSTEMPATH\CodeIgniter.php(502): CodeIgniter\CodeIgniter->runController(Object(App\Controllers\ApiDataController))
 6 SYSTEMPATH\CodeIgniter.php(361): CodeIgniter\CodeIgniter->handleRequest(null, Object(Config\Cache), false)
 7 FCPATH\index.php(85): CodeIgniter\CodeIgniter->run()
INFO - 2024-07-04 04:54:00 --> Session: Class initialized using 'CodeIgniter\Session\Handlers\FileHandler' driver.
WARNING - 2024-07-04 04:54:00 --> Session: Sessions is enabled, and one exists. Please don't $session->start();
INFO - 2024-07-04 04:55:03 --> Session: Class initialized using 'CodeIgniter\Session\Handlers\FileHandler' driver.
WARNING - 2024-07-04 04:55:03 --> Session: Sessions is enabled, and one exists. Please don't $session->start();
CRITICAL - 2024-07-04 04:56:19 --> ParseError: syntax error, unexpected token "}", expecting ";"
in APPPATH\Controllers\ApiDataController.php on line 28.
 1 SYSTEMPATH\Router\Router.php(514): CodeIgniter\Router\AutoRouter->getRoute('apiDataController', 'get')
 2 SYSTEMPATH\Router\Router.php(210): CodeIgniter\Router\Router->autoRoute('apiDataController')
 3 SYSTEMPATH\CodeIgniter.php(823): CodeIgniter\Router\Router->handle('apiDataController')
 4 SYSTEMPATH\CodeIgniter.php(450): CodeIgniter\CodeIgniter->tryToRouteIt(Object(CodeIgniter\Router\RouteCollection))
 5 SYSTEMPATH\CodeIgniter.php(361): CodeIgniter\CodeIgniter->handleRequest(null, Object(Config\Cache), false)
 6 FCPATH\index.php(85): CodeIgniter\CodeIgniter->run()
INFO - 2024-07-04 04:56:26 --> Session: Class initialized using 'CodeIgniter\Session\Handlers\FileHandler' driver.
WARNING - 2024-07-04 04:56:26 --> Session: Sessions is enabled, and one exists. Please don't $session->start();
INFO - 2024-07-04 04:57:09 --> Session: Class initialized using 'CodeIgniter\Session\Handlers\FileHandler' driver.
WARNING - 2024-07-04 04:57:09 --> Session: Sessions is enabled, and one exists. Please don't $session->start();
INFO - 2024-07-04 04:57:36 --> Session: Class initialized using 'CodeIgniter\Session\Handlers\FileHandler' driver.
WARNING - 2024-07-04 04:57:36 --> Session: Sessions is enabled, and one exists. Please don't $session->start();
INFO - 2024-07-04 05:00:30 --> Session: Class initialized using 'CodeIgniter\Session\Handlers\FileHandler' driver.
WARNING - 2024-07-04 05:00:30 --> Session: Sessions is enabled, and one exists. Please don't $session->start();
INFO - 2024-07-04 05:00:36 --> Session: Class initialized using 'CodeIgniter\Session\Handlers\FileHandler' driver.
WARNING - 2024-07-04 05:00:36 --> Session: Sessions is enabled, and one exists. Please don't $session->start();
INFO - 2024-07-04 05:23:06 --> Session: Class initialized using 'CodeIgniter\Session\Handlers\FileHandler' driver.
WARNING - 2024-07-04 05:23:06 --> Session: Sessions is enabled, and one exists. Please don't $session->start();
CRITICAL - 2024-07-04 05:23:06 --> CodeIgniter\View\Exceptions\ViewException: Invalid file: "../Views/Callplay/TH/html/index.php"
in SYSTEMPATH\Exceptions\FrameworkException.php on line 39.
 1 SYSTEMPATH\View\View.php(216): CodeIgniter\Exceptions\FrameworkException::forInvalidFile('../Views/Callplay/TH/html/index.php')
 2 SYSTEMPATH\Common.php(1178): CodeIgniter\View\View->render('../Views/Callplay/TH/html/index.php', [], true)
 3 APPPATH\Controllers\ApiDataController.php(26): view('../Views/Callplay/TH/html/index.php')
 4 SYSTEMPATH\CodeIgniter.php(941): App\Controllers\ApiDataController->index()
 5 SYSTEMPATH\CodeIgniter.php(502): CodeIgniter\CodeIgniter->runController(Object(App\Controllers\ApiDataController))
 6 SYSTEMPATH\CodeIgniter.php(361): CodeIgniter\CodeIgniter->handleRequest(null, Object(Config\Cache), false)
 7 FCPATH\index.php(85): CodeIgniter\CodeIgniter->run()
INFO - 2024-07-04 05:23:48 --> Session: Class initialized using 'CodeIgniter\Session\Handlers\FileHandler' driver.
WARNING - 2024-07-04 05:23:48 --> Session: Sessions is enabled, and one exists. Please don't $session->start();
CRITICAL - 2024-07-04 05:23:48 --> CodeIgniter\View\Exceptions\ViewException: Invalid file: "../Views/Callplay/TH/html/index.php"
in SYSTEMPATH\Exceptions\FrameworkException.php on line 39.
 1 SYSTEMPATH\View\View.php(216): CodeIgniter\Exceptions\FrameworkException::forInvalidFile('../Views/Callplay/TH/html/index.php')
 2 SYSTEMPATH\Common.php(1178): CodeIgniter\View\View->render('../Views/Callplay/TH/html/index.php', [], true)
 3 APPPATH\Controllers\ApiDataController.php(26): view('../Views/Callplay/TH/html/index.php')
 4 SYSTEMPATH\CodeIgniter.php(941): App\Controllers\ApiDataController->index()
 5 SYSTEMPATH\CodeIgniter.php(502): CodeIgniter\CodeIgniter->runController(Object(App\Controllers\ApiDataController))
 6 SYSTEMPATH\CodeIgniter.php(361): CodeIgniter\CodeIgniter->handleRequest(null, Object(Config\Cache), false)
 7 FCPATH\index.php(85): CodeIgniter\CodeIgniter->run()
INFO - 2024-07-04 05:23:49 --> Session: Class initialized using 'CodeIgniter\Session\Handlers\FileHandler' driver.
WARNING - 2024-07-04 05:23:49 --> Session: Sessions is enabled, and one exists. Please don't $session->start();
CRITICAL - 2024-07-04 05:23:49 --> CodeIgniter\View\Exceptions\ViewException: Invalid file: "../Views/Callplay/TH/html/index.php"
in SYSTEMPATH\Exceptions\FrameworkException.php on line 39.
 1 SYSTEMPATH\View\View.php(216): CodeIgniter\Exceptions\FrameworkException::forInvalidFile('../Views/Callplay/TH/html/index.php')
 2 SYSTEMPATH\Common.php(1178): CodeIgniter\View\View->render('../Views/Callplay/TH/html/index.php', [], true)
 3 APPPATH\Controllers\ApiDataController.php(26): view('../Views/Callplay/TH/html/index.php')
 4 SYSTEMPATH\CodeIgniter.php(941): App\Controllers\ApiDataController->index()
 5 SYSTEMPATH\CodeIgniter.php(502): CodeIgniter\CodeIgniter->runController(Object(App\Controllers\ApiDataController))
 6 SYSTEMPATH\CodeIgniter.php(361): CodeIgniter\CodeIgniter->handleRequest(null, Object(Config\Cache), false)
 7 FCPATH\index.php(85): CodeIgniter\CodeIgniter->run()
INFO - 2024-07-04 05:24:48 --> Session: Class initialized using 'CodeIgniter\Session\Handlers\FileHandler' driver.
WARNING - 2024-07-04 05:24:48 --> Session: Sessions is enabled, and one exists. Please don't $session->start();
INFO - 2024-07-04 05:25:59 --> Session: Class initialized using 'CodeIgniter\Session\Handlers\FileHandler' driver.
WARNING - 2024-07-04 05:25:59 --> Session: Sessions is enabled, and one exists. Please don't $session->start();
INFO - 2024-07-04 05:33:57 --> Session: Class initialized using 'CodeIgniter\Session\Handlers\FileHandler' driver.
WARNING - 2024-07-04 05:33:57 --> Session: Sessions is enabled, and one exists. Please don't $session->start();
CRITICAL - 2024-07-04 05:33:57 --> CodeIgniter\View\Exceptions\ViewException: Invalid file: "../Views/Callplay/TH/html/index.php"
in SYSTEMPATH\Exceptions\FrameworkException.php on line 39.
 1 SYSTEMPATH\View\View.php(216): CodeIgniter\Exceptions\FrameworkException::forInvalidFile('../Views/Callplay/TH/html/index.php')
 2 SYSTEMPATH\Common.php(1178): CodeIgniter\View\View->render('../Views/Callplay/TH/html/index.php', [], true)
 3 APPPATH\Controllers\ApiDataController.php(26): view('../Views/Callplay/TH/html/index.php')
 4 SYSTEMPATH\CodeIgniter.php(941): App\Controllers\ApiDataController->index()
 5 SYSTEMPATH\CodeIgniter.php(502): CodeIgniter\CodeIgniter->runController(Object(App\Controllers\ApiDataController))
 6 SYSTEMPATH\CodeIgniter.php(361): CodeIgniter\CodeIgniter->handleRequest(null, Object(Config\Cache), false)
 7 FCPATH\index.php(85): CodeIgniter\CodeIgniter->run()
INFO - 2024-07-04 05:34:53 --> Session: Class initialized using 'CodeIgniter\Session\Handlers\FileHandler' driver.
WARNING - 2024-07-04 05:34:53 --> Session: Sessions is enabled, and one exists. Please don't $session->start();
INFO - 2024-07-04 05:35:53 --> Session: Class initialized using 'CodeIgniter\Session\Handlers\FileHandler' driver.
WARNING - 2024-07-04 05:35:53 --> Session: Sessions is enabled, and one exists. Please don't $session->start();
INFO - 2024-07-04 05:36:16 --> Session: Class initialized using 'CodeIgniter\Session\Handlers\FileHandler' driver.
WARNING - 2024-07-04 05:36:16 --> Session: Sessions is enabled, and one exists. Please don't $session->start();
INFO - 2024-07-04 05:37:54 --> Session: Class initialized using 'CodeIgniter\Session\Handlers\FileHandler' driver.
WARNING - 2024-07-04 05:37:54 --> Session: Sessions is enabled, and one exists. Please don't $session->start();
INFO - 2024-07-04 05:38:38 --> Session: Class initialized using 'CodeIgniter\Session\Handlers\FileHandler' driver.
WARNING - 2024-07-04 05:38:38 --> Session: Sessions is enabled, and one exists. Please don't $session->start();
INFO - 2024-07-04 05:39:16 --> Session: Class initialized using 'CodeIgniter\Session\Handlers\FileHandler' driver.
WARNING - 2024-07-04 05:39:16 --> Session: Sessions is enabled, and one exists. Please don't $session->start();
INFO - 2024-07-04 05:39:33 --> Session: Class initialized using 'CodeIgniter\Session\Handlers\FileHandler' driver.
WARNING - 2024-07-04 05:39:33 --> Session: Sessions is enabled, and one exists. Please don't $session->start();
INFO - 2024-07-04 05:41:04 --> Session: Class initialized using 'CodeIgniter\Session\Handlers\FileHandler' driver.
WARNING - 2024-07-04 05:41:04 --> Session: Sessions is enabled, and one exists. Please don't $session->start();
INFO - 2024-07-04 05:50:32 --> Session: Class initialized using 'CodeIgniter\Session\Handlers\FileHandler' driver.
WARNING - 2024-07-04 05:50:32 --> Session: Sessions is enabled, and one exists. Please don't $session->start();
INFO - 2024-07-04 05:50:32 --> Session: Class initialized using 'CodeIgniter\Session\Handlers\FileHandler' driver.
WARNING - 2024-07-04 05:50:32 --> Session: Sessions is enabled, and one exists. Please don't $session->start();
INFO - 2024-07-04 05:50:32 --> Session: Class initialized using 'CodeIgniter\Session\Handlers\FileHandler' driver.
WARNING - 2024-07-04 05:50:32 --> Session: Sessions is enabled, and one exists. Please don't $session->start();
INFO - 2024-07-04 05:50:32 --> Session: Class initialized using 'CodeIgniter\Session\Handlers\FileHandler' driver.
WARNING - 2024-07-04 05:50:32 --> Session: Sessions is enabled, and one exists. Please don't $session->start();
INFO - 2024-07-04 05:52:30 --> Session: Class initialized using 'CodeIgniter\Session\Handlers\FileHandler' driver.
WARNING - 2024-07-04 05:52:30 --> Session: Sessions is enabled, and one exists. Please don't $session->start();
INFO - 2024-07-04 05:52:31 --> Session: Class initialized using 'CodeIgniter\Session\Handlers\FileHandler' driver.
WARNING - 2024-07-04 05:52:31 --> Session: Sessions is enabled, and one exists. Please don't $session->start();
INFO - 2024-07-04 05:52:31 --> Session: Class initialized using 'CodeIgniter\Session\Handlers\FileHandler' driver.
WARNING - 2024-07-04 05:52:31 --> Session: Sessions is enabled, and one exists. Please don't $session->start();
INFO - 2024-07-04 05:52:31 --> Session: Class initialized using 'CodeIgniter\Session\Handlers\FileHandler' driver.
WARNING - 2024-07-04 05:52:31 --> Session: Sessions is enabled, and one exists. Please don't $session->start();
INFO - 2024-07-04 05:53:40 --> Session: Class initialized using 'CodeIgniter\Session\Handlers\FileHandler' driver.
WARNING - 2024-07-04 05:53:40 --> Session: Sessions is enabled, and one exists. Please don't $session->start();
INFO - 2024-07-04 05:53:40 --> Session: Class initialized using 'CodeIgniter\Session\Handlers\FileHandler' driver.
WARNING - 2024-07-04 05:53:40 --> Session: Sessions is enabled, and one exists. Please don't $session->start();
INFO - 2024-07-04 05:53:41 --> Session: Class initialized using 'CodeIgniter\Session\Handlers\FileHandler' driver.
WARNING - 2024-07-04 05:53:41 --> Session: Sessions is enabled, and one exists. Please don't $session->start();
INFO - 2024-07-04 05:53:41 --> Session: Class initialized using 'CodeIgniter\Session\Handlers\FileHandler' driver.
WARNING - 2024-07-04 05:53:41 --> Session: Sessions is enabled, and one exists. Please don't $session->start();
INFO - 2024-07-04 05:54:41 --> Session: Class initialized using 'CodeIgniter\Session\Handlers\FileHandler' driver.
WARNING - 2024-07-04 05:54:41 --> Session: Sessions is enabled, and one exists. Please don't $session->start();
INFO - 2024-07-04 05:54:41 --> Session: Class initialized using 'CodeIgniter\Session\Handlers\FileHandler' driver.
WARNING - 2024-07-04 05:54:41 --> Session: Sessions is enabled, and one exists. Please don't $session->start();
INFO - 2024-07-04 05:54:41 --> Session: Class initialized using 'CodeIgniter\Session\Handlers\FileHandler' driver.
WARNING - 2024-07-04 05:54:41 --> Session: Sessions is enabled, and one exists. Please don't $session->start();
INFO - 2024-07-04 05:54:41 --> Session: Class initialized using 'CodeIgniter\Session\Handlers\FileHandler' driver.
WARNING - 2024-07-04 05:54:41 --> Session: Sessions is enabled, and one exists. Please don't $session->start();
INFO - 2024-07-04 05:55:39 --> Session: Class initialized using 'CodeIgniter\Session\Handlers\FileHandler' driver.
WARNING - 2024-07-04 05:55:39 --> Session: Sessions is enabled, and one exists. Please don't $session->start();
INFO - 2024-07-04 05:55:40 --> Session: Class initialized using 'CodeIgniter\Session\Handlers\FileHandler' driver.
WARNING - 2024-07-04 05:55:40 --> Session: Sessions is enabled, and one exists. Please don't $session->start();
INFO - 2024-07-04 05:55:40 --> Session: Class initialized using 'CodeIgniter\Session\Handlers\FileHandler' driver.
WARNING - 2024-07-04 05:55:40 --> Session: Sessions is enabled, and one exists. Please don't $session->start();
INFO - 2024-07-04 05:55:40 --> Session: Class initialized using 'CodeIgniter\Session\Handlers\FileHandler' driver.
WARNING - 2024-07-04 05:55:40 --> Session: Sessions is enabled, and one exists. Please don't $session->start();
INFO - 2024-07-04 05:59:16 --> Session: Class initialized using 'CodeIgniter\Session\Handlers\FileHandler' driver.
WARNING - 2024-07-04 05:59:16 --> Session: Sessions is enabled, and one exists. Please don't $session->start();
INFO - 2024-07-04 05:59:16 --> Session: Class initialized using 'CodeIgniter\Session\Handlers\FileHandler' driver.
WARNING - 2024-07-04 05:59:16 --> Session: Sessions is enabled, and one exists. Please don't $session->start();
INFO - 2024-07-04 05:59:16 --> Session: Class initialized using 'CodeIgniter\Session\Handlers\FileHandler' driver.
WARNING - 2024-07-04 05:59:16 --> Session: Sessions is enabled, and one exists. Please don't $session->start();
INFO - 2024-07-04 06:00:52 --> Session: Class initialized using 'CodeIgniter\Session\Handlers\FileHandler' driver.
WARNING - 2024-07-04 06:00:52 --> Session: Sessions is enabled, and one exists. Please don't $session->start();
INFO - 2024-07-04 06:00:52 --> Session: Class initialized using 'CodeIgniter\Session\Handlers\FileHandler' driver.
WARNING - 2024-07-04 06:00:52 --> Session: Sessions is enabled, and one exists. Please don't $session->start();
INFO - 2024-07-04 06:01:23 --> Session: Class initialized using 'CodeIgniter\Session\Handlers\FileHandler' driver.
WARNING - 2024-07-04 06:01:23 --> Session: Sessions is enabled, and one exists. Please don't $session->start();
INFO - 2024-07-04 06:01:24 --> Session: Class initialized using 'CodeIgniter\Session\Handlers\FileHandler' driver.
WARNING - 2024-07-04 06:01:24 --> Session: Sessions is enabled, and one exists. Please don't $session->start();
INFO - 2024-07-04 06:01:38 --> Session: Class initialized using 'CodeIgniter\Session\Handlers\FileHandler' driver.
WARNING - 2024-07-04 06:01:38 --> Session: Sessions is enabled, and one exists. Please don't $session->start();
INFO - 2024-07-04 06:01:38 --> Session: Class initialized using 'CodeIgniter\Session\Handlers\FileHandler' driver.
WARNING - 2024-07-04 06:01:38 --> Session: Sessions is enabled, and one exists. Please don't $session->start();
INFO - 2024-07-04 06:02:05 --> Session: Class initialized using 'CodeIgniter\Session\Handlers\FileHandler' driver.
WARNING - 2024-07-04 06:02:05 --> Session: Sessions is enabled, and one exists. Please don't $session->start();
INFO - 2024-07-04 06:03:51 --> Session: Class initialized using 'CodeIgniter\Session\Handlers\FileHandler' driver.
WARNING - 2024-07-04 06:03:51 --> Session: Sessions is enabled, and one exists. Please don't $session->start();
INFO - 2024-07-04 06:07:53 --> Session: Class initialized using 'CodeIgniter\Session\Handlers\FileHandler' driver.
WARNING - 2024-07-04 06:07:53 --> Session: Sessions is enabled, and one exists. Please don't $session->start();
INFO - 2024-07-04 06:09:37 --> Session: Class initialized using 'CodeIgniter\Session\Handlers\FileHandler' driver.
WARNING - 2024-07-04 06:09:37 --> Session: Sessions is enabled, and one exists. Please don't $session->start();
INFO - 2024-07-04 06:09:43 --> Session: Class initialized using 'CodeIgniter\Session\Handlers\FileHandler' driver.
WARNING - 2024-07-04 06:09:43 --> Session: Sessions is enabled, and one exists. Please don't $session->start();
INFO - 2024-07-04 06:12:03 --> Session: Class initialized using 'CodeIgniter\Session\Handlers\FileHandler' driver.
WARNING - 2024-07-04 06:12:03 --> Session: Sessions is enabled, and one exists. Please don't $session->start();
INFO - 2024-07-04 06:12:41 --> Session: Class initialized using 'CodeIgniter\Session\Handlers\FileHandler' driver.
WARNING - 2024-07-04 06:12:41 --> Session: Sessions is enabled, and one exists. Please don't $session->start();
INFO - 2024-07-04 06:14:43 --> Session: Class initialized using 'CodeIgniter\Session\Handlers\FileHandler' driver.
WARNING - 2024-07-04 06:14:43 --> Session: Sessions is enabled, and one exists. Please don't $session->start();
INFO - 2024-07-04 06:33:04 --> Session: Class initialized using 'CodeIgniter\Session\Handlers\FileHandler' driver.
WARNING - 2024-07-04 06:33:04 --> Session: Sessions is enabled, and one exists. Please don't $session->start();
CRITICAL - 2024-07-04 06:33:38 --> ParseError: syntax error, unexpected token "return"
in APPPATH\Controllers\ApiDataController.php on line 35.
 1 SYSTEMPATH\Router\Router.php(514): CodeIgniter\Router\AutoRouter->getRoute('ApiDataController', 'get')
 2 SYSTEMPATH\Router\Router.php(210): CodeIgniter\Router\Router->autoRoute('ApiDataController')
 3 SYSTEMPATH\CodeIgniter.php(823): CodeIgniter\Router\Router->handle('ApiDataController')
 4 SYSTEMPATH\CodeIgniter.php(450): CodeIgniter\CodeIgniter->tryToRouteIt(Object(CodeIgniter\Router\RouteCollection))
 5 SYSTEMPATH\CodeIgniter.php(361): CodeIgniter\CodeIgniter->handleRequest(null, Object(Config\Cache), false)
 6 FCPATH\index.php(85): CodeIgniter\CodeIgniter->run()
CRITICAL - 2024-07-04 06:33:53 --> ParseError: syntax error, unexpected token "}"
in APPPATH\Controllers\ApiDataController.php on line 36.
 1 SYSTEMPATH\Router\Router.php(514): CodeIgniter\Router\AutoRouter->getRoute('ApiDataController', 'get')
 2 SYSTEMPATH\Router\Router.php(210): CodeIgniter\Router\Router->autoRoute('ApiDataController')
 3 SYSTEMPATH\CodeIgniter.php(823): CodeIgniter\Router\Router->handle('ApiDataController')
 4 SYSTEMPATH\CodeIgniter.php(450): CodeIgniter\CodeIgniter->tryToRouteIt(Object(CodeIgniter\Router\RouteCollection))
 5 SYSTEMPATH\CodeIgniter.php(361): CodeIgniter\CodeIgniter->handleRequest(null, Object(Config\Cache), false)
 6 FCPATH\index.php(85): CodeIgniter\CodeIgniter->run()
CRITICAL - 2024-07-04 06:34:10 --> ParseError: syntax error, unexpected token "}"
in APPPATH\Controllers\ApiDataController.php on line 36.
 1 SYSTEMPATH\Router\Router.php(514): CodeIgniter\Router\AutoRouter->getRoute('ApiDataController/getapi', 'get')
 2 SYSTEMPATH\Router\Router.php(210): CodeIgniter\Router\Router->autoRoute('ApiDataController/getapi')
 3 SYSTEMPATH\CodeIgniter.php(823): CodeIgniter\Router\Router->handle('ApiDataController/getapi')
 4 SYSTEMPATH\CodeIgniter.php(450): CodeIgniter\CodeIgniter->tryToRouteIt(Object(CodeIgniter\Router\RouteCollection))
 5 SYSTEMPATH\CodeIgniter.php(361): CodeIgniter\CodeIgniter->handleRequest(null, Object(Config\Cache), false)
 6 FCPATH\index.php(85): CodeIgniter\CodeIgniter->run()
INFO - 2024-07-04 06:35:17 --> Session: Class initialized using 'CodeIgniter\Session\Handlers\FileHandler' driver.
WARNING - 2024-07-04 06:35:17 --> Session: Sessions is enabled, and one exists. Please don't $session->start();
CRITICAL - 2024-07-04 06:35:17 --> Error: Object of class App\Controllers\ApiDataController could not be converted to string
in APPPATH\Controllers\ApiDataController.php on line 64.
 1 SYSTEMPATH\CodeIgniter.php(941): App\Controllers\ApiDataController->getapi()
 2 SYSTEMPATH\CodeIgniter.php(502): CodeIgniter\CodeIgniter->runController(Object(App\Controllers\ApiDataController))
 3 SYSTEMPATH\CodeIgniter.php(361): CodeIgniter\CodeIgniter->handleRequest(null, Object(Config\Cache), false)
 4 FCPATH\index.php(85): CodeIgniter\CodeIgniter->run()
INFO - 2024-07-04 06:36:18 --> Session: Class initialized using 'CodeIgniter\Session\Handlers\FileHandler' driver.
WARNING - 2024-07-04 06:36:18 --> Session: Sessions is enabled, and one exists. Please don't $session->start();
INFO - 2024-07-04 06:36:51 --> Session: Class initialized using 'CodeIgniter\Session\Handlers\FileHandler' driver.
WARNING - 2024-07-04 06:36:51 --> Session: Sessions is enabled, and one exists. Please don't $session->start();
CRITICAL - 2024-07-04 06:36:51 --> ErrorException: Undefined variable $data
in APPPATH\Controllers\ApiDataController.php on line 77.
 1 APPPATH\Controllers\ApiDataController.php(77): CodeIgniter\Debug\Exceptions->errorHandler(2, 'Undefined variable $data', 'C:\\xampp\\htdocs\\ci\\app\\Controllers\\ApiDataController.php', 77)
 2 SYSTEMPATH\CodeIgniter.php(941): App\Controllers\ApiDataController->getapi()
 3 SYSTEMPATH\CodeIgniter.php(502): CodeIgniter\CodeIgniter->runController(Object(App\Controllers\ApiDataController))
 4 SYSTEMPATH\CodeIgniter.php(361): CodeIgniter\CodeIgniter->handleRequest(null, Object(Config\Cache), false)
 5 FCPATH\index.php(85): CodeIgniter\CodeIgniter->run()
INFO - 2024-07-04 06:38:57 --> Session: Class initialized using 'CodeIgniter\Session\Handlers\FileHandler' driver.
WARNING - 2024-07-04 06:38:57 --> Session: Sessions is enabled, and one exists. Please don't $session->start();
INFO - 2024-07-04 06:39:52 --> Session: Class initialized using 'CodeIgniter\Session\Handlers\FileHandler' driver.
WARNING - 2024-07-04 06:39:52 --> Session: Sessions is enabled, and one exists. Please don't $session->start();
INFO - 2024-07-04 06:47:23 --> Session: Class initialized using 'CodeIgniter\Session\Handlers\FileHandler' driver.
WARNING - 2024-07-04 06:47:23 --> Session: Sessions is enabled, and one exists. Please don't $session->start();
INFO - 2024-07-04 06:52:05 --> Session: Class initialized using 'CodeIgniter\Session\Handlers\FileHandler' driver.
WARNING - 2024-07-04 06:52:05 --> Session: Sessions is enabled, and one exists. Please don't $session->start();
INFO - 2024-07-04 07:10:08 --> Session: Class initialized using 'CodeIgniter\Session\Handlers\FileHandler' driver.
WARNING - 2024-07-04 07:10:08 --> Session: Sessions is enabled, and one exists. Please don't $session->start();
INFO - 2024-07-04 07:10:22 --> Session: Class initialized using 'CodeIgniter\Session\Handlers\FileHandler' driver.
WARNING - 2024-07-04 07:10:22 --> Session: Sessions is enabled, and one exists. Please don't $session->start();
INFO - 2024-07-04 07:10:33 --> Session: Class initialized using 'CodeIgniter\Session\Handlers\FileHandler' driver.
WARNING - 2024-07-04 07:10:33 --> Session: Sessions is enabled, and one exists. Please don't $session->start();
INFO - 2024-07-04 07:10:55 --> Session: Class initialized using 'CodeIgniter\Session\Handlers\FileHandler' driver.
WARNING - 2024-07-04 07:10:55 --> Session: Sessions is enabled, and one exists. Please don't $session->start();
INFO - 2024-07-04 07:12:15 --> Session: Class initialized using 'CodeIgniter\Session\Handlers\FileHandler' driver.
WARNING - 2024-07-04 07:12:15 --> Session: Sessions is enabled, and one exists. Please don't $session->start();
CRITICAL - 2024-07-04 07:12:32 --> ErrorException: Cannot use [] for reading
in APPPATH\Controllers\ApiDataController.php on line 34.
 1 [internal function]: CodeIgniter\Debug\Exceptions->shutdownHandler()
INFO - 2024-07-04 07:13:07 --> Session: Class initialized using 'CodeIgniter\Session\Handlers\FileHandler' driver.
WARNING - 2024-07-04 07:13:07 --> Session: Sessions is enabled, and one exists. Please don't $session->start();
INFO - 2024-07-04 07:14:19 --> Session: Class initialized using 'CodeIgniter\Session\Handlers\FileHandler' driver.
WARNING - 2024-07-04 07:14:19 --> Session: Sessions is enabled, and one exists. Please don't $session->start();
INFO - 2024-07-04 07:16:39 --> Session: Class initialized using 'CodeIgniter\Session\Handlers\FileHandler' driver.
WARNING - 2024-07-04 07:16:39 --> Session: Sessions is enabled, and one exists. Please don't $session->start();
INFO - 2024-07-04 07:17:50 --> Session: Class initialized using 'CodeIgniter\Session\Handlers\FileHandler' driver.
WARNING - 2024-07-04 07:17:50 --> Session: Sessions is enabled, and one exists. Please don't $session->start();
INFO - 2024-07-04 07:19:22 --> Session: Class initialized using 'CodeIgniter\Session\Handlers\FileHandler' driver.
WARNING - 2024-07-04 07:19:22 --> Session: Sessions is enabled, and one exists. Please don't $session->start();
CRITICAL - 2024-07-04 07:19:22 --> TypeError: view(): Argument #2 ($data) must be of type array, stdClass given, called in C:\xampp\htdocs\ci\app\Controllers\ApiDataController.php on line 30
in SYSTEMPATH\Common.php on line 1166.
 1 APPPATH\Controllers\ApiDataController.php(30): view('indexcallplay', Object(stdClass))
 2 SYSTEMPATH\CodeIgniter.php(941): App\Controllers\ApiDataController->index()
 3 SYSTEMPATH\CodeIgniter.php(502): CodeIgniter\CodeIgniter->runController(Object(App\Controllers\ApiDataController))
 4 SYSTEMPATH\CodeIgniter.php(361): CodeIgniter\CodeIgniter->handleRequest(null, Object(Config\Cache), false)
 5 FCPATH\index.php(85): CodeIgniter\CodeIgniter->run()
INFO - 2024-07-04 07:19:58 --> Session: Class initialized using 'CodeIgniter\Session\Handlers\FileHandler' driver.
WARNING - 2024-07-04 07:19:58 --> Session: Sessions is enabled, and one exists. Please don't $session->start();
INFO - 2024-07-04 07:21:07 --> Session: Class initialized using 'CodeIgniter\Session\Handlers\FileHandler' driver.
WARNING - 2024-07-04 07:21:07 --> Session: Sessions is enabled, and one exists. Please don't $session->start();
CRITICAL - 2024-07-04 07:21:08 --> ErrorException: Undefined array key 0
in APPPATH\Views\indexcallplay.php on line 141.
 1 APPPATH\Views\indexcallplay.php(141): CodeIgniter\Debug\Exceptions->errorHandler(2, 'Undefined array key 0', 'C:\\xampp\\htdocs\\ci\\app\\Views\\indexcallplay.php', 141)
 2 SYSTEMPATH\View\View.php(228): include('C:\\xampp\\htdocs\\ci\\app\\Views\\indexcallplay.php')
 3 SYSTEMPATH\View\View.php(231): CodeIgniter\View\View->CodeIgniter\View\{closure}()
 4 SYSTEMPATH\Common.php(1178): CodeIgniter\View\View->render('indexcallplay', [], true)
 5 APPPATH\Controllers\ApiDataController.php(31): view('indexcallplay', [...])
 6 SYSTEMPATH\CodeIgniter.php(941): App\Controllers\ApiDataController->index()
 7 SYSTEMPATH\CodeIgniter.php(502): CodeIgniter\CodeIgniter->runController(Object(App\Controllers\ApiDataController))
 8 SYSTEMPATH\CodeIgniter.php(361): CodeIgniter\CodeIgniter->handleRequest(null, Object(Config\Cache), false)
 9 FCPATH\index.php(85): CodeIgniter\CodeIgniter->run()
INFO - 2024-07-04 07:21:30 --> Session: Class initialized using 'CodeIgniter\Session\Handlers\FileHandler' driver.
WARNING - 2024-07-04 07:21:30 --> Session: Sessions is enabled, and one exists. Please don't $session->start();
CRITICAL - 2024-07-04 07:21:30 --> ErrorException: Undefined array key 0
in APPPATH\Views\indexcallplay.php on line 141.
 1 APPPATH\Views\indexcallplay.php(141): CodeIgniter\Debug\Exceptions->errorHandler(2, 'Undefined array key 0', 'C:\\xampp\\htdocs\\ci\\app\\Views\\indexcallplay.php', 141)
 2 SYSTEMPATH\View\View.php(228): include('C:\\xampp\\htdocs\\ci\\app\\Views\\indexcallplay.php')
 3 SYSTEMPATH\View\View.php(231): CodeIgniter\View\View->CodeIgniter\View\{closure}()
 4 SYSTEMPATH\Common.php(1178): CodeIgniter\View\View->render('indexcallplay', [], true)
 5 APPPATH\Controllers\ApiDataController.php(31): view('indexcallplay', [...])
 6 SYSTEMPATH\CodeIgniter.php(941): App\Controllers\ApiDataController->index()
 7 SYSTEMPATH\CodeIgniter.php(502): CodeIgniter\CodeIgniter->runController(Object(App\Controllers\ApiDataController))
 8 SYSTEMPATH\CodeIgniter.php(361): CodeIgniter\CodeIgniter->handleRequest(null, Object(Config\Cache), false)
 9 FCPATH\index.php(85): CodeIgniter\CodeIgniter->run()
INFO - 2024-07-04 07:22:39 --> Session: Class initialized using 'CodeIgniter\Session\Handlers\FileHandler' driver.
WARNING - 2024-07-04 07:22:39 --> Session: Sessions is enabled, and one exists. Please don't $session->start();
CRITICAL - 2024-07-04 07:22:39 --> ErrorException: Undefined array key 1
in APPPATH\Views\indexcallplay.php on line 152.
 1 APPPATH\Views\indexcallplay.php(152): CodeIgniter\Debug\Exceptions->errorHandler(2, 'Undefined array key 1', 'C:\\xampp\\htdocs\\ci\\app\\Views\\indexcallplay.php', 152)
 2 SYSTEMPATH\View\View.php(228): include('C:\\xampp\\htdocs\\ci\\app\\Views\\indexcallplay.php')
 3 SYSTEMPATH\View\View.php(231): CodeIgniter\View\View->CodeIgniter\View\{closure}()
 4 SYSTEMPATH\Common.php(1178): CodeIgniter\View\View->render('indexcallplay', [], true)
 5 APPPATH\Controllers\ApiDataController.php(31): view('indexcallplay', [...])
 6 SYSTEMPATH\CodeIgniter.php(941): App\Controllers\ApiDataController->index()
 7 SYSTEMPATH\CodeIgniter.php(502): CodeIgniter\CodeIgniter->runController(Object(App\Controllers\ApiDataController))
 8 SYSTEMPATH\CodeIgniter.php(361): CodeIgniter\CodeIgniter->handleRequest(null, Object(Config\Cache), false)
 9 FCPATH\index.php(85): CodeIgniter\CodeIgniter->run()
INFO - 2024-07-04 07:23:45 --> Session: Class initialized using 'CodeIgniter\Session\Handlers\FileHandler' driver.
WARNING - 2024-07-04 07:23:45 --> Session: Sessions is enabled, and one exists. Please don't $session->start();
INFO - 2024-07-04 07:24:39 --> Session: Class initialized using 'CodeIgniter\Session\Handlers\FileHandler' driver.
WARNING - 2024-07-04 07:24:39 --> Session: Sessions is enabled, and one exists. Please don't $session->start();
INFO - 2024-07-04 07:25:14 --> Session: Class initialized using 'CodeIgniter\Session\Handlers\FileHandler' driver.
WARNING - 2024-07-04 07:25:14 --> Session: Sessions is enabled, and one exists. Please don't $session->start();
INFO - 2024-07-04 07:25:27 --> Session: Class initialized using 'CodeIgniter\Session\Handlers\FileHandler' driver.
WARNING - 2024-07-04 07:25:27 --> Session: Sessions is enabled, and one exists. Please don't $session->start();
INFO - 2024-07-04 07:25:38 --> Session: Class initialized using 'CodeIgniter\Session\Handlers\FileHandler' driver.
WARNING - 2024-07-04 07:25:38 --> Session: Sessions is enabled, and one exists. Please don't $session->start();
INFO - 2024-07-04 07:25:41 --> Session: Class initialized using 'CodeIgniter\Session\Handlers\FileHandler' driver.
WARNING - 2024-07-04 07:25:41 --> Session: Sessions is enabled, and one exists. Please don't $session->start();
INFO - 2024-07-04 07:25:49 --> Session: Class initialized using 'CodeIgniter\Session\Handlers\FileHandler' driver.
WARNING - 2024-07-04 07:25:49 --> Session: Sessions is enabled, and one exists. Please don't $session->start();
INFO - 2024-07-04 07:33:17 --> Session: Class initialized using 'CodeIgniter\Session\Handlers\FileHandler' driver.
WARNING - 2024-07-04 07:33:17 --> Session: Sessions is enabled, and one exists. Please don't $session->start();
INFO - 2024-07-04 07:34:03 --> Session: Class initialized using 'CodeIgniter\Session\Handlers\FileHandler' driver.
WARNING - 2024-07-04 07:34:03 --> Session: Sessions is enabled, and one exists. Please don't $session->start();
INFO - 2024-07-04 07:34:34 --> Session: Class initialized using 'CodeIgniter\Session\Handlers\FileHandler' driver.
WARNING - 2024-07-04 07:34:34 --> Session: Sessions is enabled, and one exists. Please don't $session->start();
INFO - 2024-07-04 07:34:59 --> Session: Class initialized using 'CodeIgniter\Session\Handlers\FileHandler' driver.
WARNING - 2024-07-04 07:34:59 --> Session: Sessions is enabled, and one exists. Please don't $session->start();
INFO - 2024-07-04 07:35:26 --> Session: Class initialized using 'CodeIgniter\Session\Handlers\FileHandler' driver.
WARNING - 2024-07-04 07:35:26 --> Session: Sessions is enabled, and one exists. Please don't $session->start();
INFO - 2024-07-04 07:37:46 --> Session: Class initialized using 'CodeIgniter\Session\Handlers\FileHandler' driver.
WARNING - 2024-07-04 07:37:46 --> Session: Sessions is enabled, and one exists. Please don't $session->start();
CRITICAL - 2024-07-04 07:37:46 --> ParseError: syntax error, unexpected variable "$strDay", expecting ";"
in APPPATH\Views\indexcallplay.php on line 300.
 1 SYSTEMPATH\View\View.php(231): CodeIgniter\View\View->CodeIgniter\View\{closure}()
 2 SYSTEMPATH\Common.php(1178): CodeIgniter\View\View->render('indexcallplay', [], true)
 3 APPPATH\Controllers\ApiDataController.php(31): view('indexcallplay', [...])
 4 SYSTEMPATH\CodeIgniter.php(941): App\Controllers\ApiDataController->index()
 5 SYSTEMPATH\CodeIgniter.php(502): CodeIgniter\CodeIgniter->runController(Object(App\Controllers\ApiDataController))
 6 SYSTEMPATH\CodeIgniter.php(361): CodeIgniter\CodeIgniter->handleRequest(null, Object(Config\Cache), false)
 7 FCPATH\index.php(85): CodeIgniter\CodeIgniter->run()
INFO - 2024-07-04 07:38:24 --> Session: Class initialized using 'CodeIgniter\Session\Handlers\FileHandler' driver.
WARNING - 2024-07-04 07:38:24 --> Session: Sessions is enabled, and one exists. Please don't $session->start();
INFO - 2024-07-04 07:40:09 --> Session: Class initialized using 'CodeIgniter\Session\Handlers\FileHandler' driver.
WARNING - 2024-07-04 07:40:09 --> Session: Sessions is enabled, and one exists. Please don't $session->start();
INFO - 2024-07-04 08:22:42 --> Session: Class initialized using 'CodeIgniter\Session\Handlers\FileHandler' driver.
WARNING - 2024-07-04 08:22:42 --> Session: Sessions is enabled, and one exists. Please don't $session->start();
CRITICAL - 2024-07-04 08:22:42 --> Error: Method name must be a string
in APPPATH\Controllers\ApiDataController.php on line 28.
 1 SYSTEMPATH\CodeIgniter.php(941): App\Controllers\ApiDataController->index()
 2 SYSTEMPATH\CodeIgniter.php(502): CodeIgniter\CodeIgniter->runController(Object(App\Controllers\ApiDataController))
 3 SYSTEMPATH\CodeIgniter.php(361): CodeIgniter\CodeIgniter->handleRequest(null, Object(Config\Cache), false)
 4 FCPATH\index.php(85): CodeIgniter\CodeIgniter->run()
INFO - 2024-07-04 08:30:26 --> Session: Class initialized using 'CodeIgniter\Session\Handlers\FileHandler' driver.
WARNING - 2024-07-04 08:30:26 --> Session: Sessions is enabled, and one exists. Please don't $session->start();
CRITICAL - 2024-07-04 08:30:27 --> Error: Array callback must have exactly two elements
in APPPATH\Controllers\ApiDataController.php on line 28.
 1 SYSTEMPATH\CodeIgniter.php(941): App\Controllers\ApiDataController->index()
 2 SYSTEMPATH\CodeIgniter.php(502): CodeIgniter\CodeIgniter->runController(Object(App\Controllers\ApiDataController))
 3 SYSTEMPATH\CodeIgniter.php(361): CodeIgniter\CodeIgniter->handleRequest(null, Object(Config\Cache), false)
 4 FCPATH\index.php(85): CodeIgniter\CodeIgniter->run()
INFO - 2024-07-04 08:30:27 --> Session: Class initialized using 'CodeIgniter\Session\Handlers\FileHandler' driver.
WARNING - 2024-07-04 08:30:27 --> Session: Sessions is enabled, and one exists. Please don't $session->start();
INFO - 2024-07-04 08:30:30 --> Session: Class initialized using 'CodeIgniter\Session\Handlers\FileHandler' driver.
WARNING - 2024-07-04 08:30:30 --> Session: Sessions is enabled, and one exists. Please don't $session->start();
INFO - 2024-07-04 08:34:20 --> Session: Class initialized using 'CodeIgniter\Session\Handlers\FileHandler' driver.
WARNING - 2024-07-04 08:34:20 --> Session: Sessions is enabled, and one exists. Please don't $session->start();
INFO - 2024-07-04 08:34:23 --> Session: Class initialized using 'CodeIgniter\Session\Handlers\FileHandler' driver.
WARNING - 2024-07-04 08:34:23 --> Session: Sessions is enabled, and one exists. Please don't $session->start();
CRITICAL - 2024-07-04 08:34:23 --> Error: Array callback must have exactly two elements
in APPPATH\Controllers\ApiDataController.php on line 28.
 1 SYSTEMPATH\CodeIgniter.php(941): App\Controllers\ApiDataController->index()
 2 SYSTEMPATH\CodeIgniter.php(502): CodeIgniter\CodeIgniter->runController(Object(App\Controllers\ApiDataController))
 3 SYSTEMPATH\CodeIgniter.php(361): CodeIgniter\CodeIgniter->handleRequest(null, Object(Config\Cache), false)
 4 FCPATH\index.php(85): CodeIgniter\CodeIgniter->run()
INFO - 2024-07-04 08:34:25 --> Session: Class initialized using 'CodeIgniter\Session\Handlers\FileHandler' driver.
WARNING - 2024-07-04 08:34:25 --> Session: Sessions is enabled, and one exists. Please don't $session->start();
INFO - 2024-07-04 08:34:51 --> Session: Class initialized using 'CodeIgniter\Session\Handlers\FileHandler' driver.
WARNING - 2024-07-04 08:34:51 --> Session: Sessions is enabled, and one exists. Please don't $session->start();
INFO - 2024-07-04 08:34:55 --> Session: Class initialized using 'CodeIgniter\Session\Handlers\FileHandler' driver.
WARNING - 2024-07-04 08:34:55 --> Session: Sessions is enabled, and one exists. Please don't $session->start();
INFO - 2024-07-04 08:35:30 --> Session: Class initialized using 'CodeIgniter\Session\Handlers\FileHandler' driver.
WARNING - 2024-07-04 08:35:30 --> Session: Sessions is enabled, and one exists. Please don't $session->start();
INFO - 2024-07-04 08:35:32 --> Session: Class initialized using 'CodeIgniter\Session\Handlers\FileHandler' driver.
WARNING - 2024-07-04 08:35:32 --> Session: Sessions is enabled, and one exists. Please don't $session->start();
CRITICAL - 2024-07-04 08:35:32 --> Error: Array callback must have exactly two elements
in APPPATH\Controllers\ApiDataController.php on line 28.
 1 SYSTEMPATH\CodeIgniter.php(941): App\Controllers\ApiDataController->index()
 2 SYSTEMPATH\CodeIgniter.php(502): CodeIgniter\CodeIgniter->runController(Object(App\Controllers\ApiDataController))
 3 SYSTEMPATH\CodeIgniter.php(361): CodeIgniter\CodeIgniter->handleRequest(null, Object(Config\Cache), false)
 4 FCPATH\index.php(85): CodeIgniter\CodeIgniter->run()
INFO - 2024-07-04 08:42:26 --> Session: Class initialized using 'CodeIgniter\Session\Handlers\FileHandler' driver.
WARNING - 2024-07-04 08:42:26 --> Session: Sessions is enabled, and one exists. Please don't $session->start();
CRITICAL - 2024-07-04 08:42:26 --> ErrorException: Undefined array key "token"
in APPPATH\Controllers\ApiDataController.php on line 28.
 1 APPPATH\Controllers\ApiDataController.php(28): CodeIgniter\Debug\Exceptions->errorHandler(2, 'Undefined array key "token"', 'C:\\xampp\\htdocs\\ci\\app\\Controllers\\ApiDataController.php', 28)
 2 SYSTEMPATH\CodeIgniter.php(941): App\Controllers\ApiDataController->index()
 3 SYSTEMPATH\CodeIgniter.php(502): CodeIgniter\CodeIgniter->runController(Object(App\Controllers\ApiDataController))
 4 SYSTEMPATH\CodeIgniter.php(361): CodeIgniter\CodeIgniter->handleRequest(null, Object(Config\Cache), false)
 5 FCPATH\index.php(85): CodeIgniter\CodeIgniter->run()
CRITICAL - 2024-07-04 08:45:13 --> ParseError: syntax error, unexpected variable "$codehot"
in APPPATH\Controllers\ApiDataController.php on line 43.
 1 SYSTEMPATH\Router\Router.php(514): CodeIgniter\Router\AutoRouter->getRoute('ApiDataController/index', 'get')
 2 SYSTEMPATH\Router\Router.php(210): CodeIgniter\Router\Router->autoRoute('ApiDataController/index')
 3 SYSTEMPATH\CodeIgniter.php(823): CodeIgniter\Router\Router->handle('ApiDataController/index')
 4 SYSTEMPATH\CodeIgniter.php(450): CodeIgniter\CodeIgniter->tryToRouteIt(Object(CodeIgniter\Router\RouteCollection))
 5 SYSTEMPATH\CodeIgniter.php(361): CodeIgniter\CodeIgniter->handleRequest(null, Object(Config\Cache), false)
 6 FCPATH\index.php(85): CodeIgniter\CodeIgniter->run()
INFO - 2024-07-04 08:49:30 --> Session: Class initialized using 'CodeIgniter\Session\Handlers\FileHandler' driver.
WARNING - 2024-07-04 08:49:30 --> Session: Sessions is enabled, and one exists. Please don't $session->start();
INFO - 2024-07-04 08:50:19 --> Session: Class initialized using 'CodeIgniter\Session\Handlers\FileHandler' driver.
WARNING - 2024-07-04 08:50:19 --> Session: Sessions is enabled, and one exists. Please don't $session->start();
INFO - 2024-07-04 08:57:27 --> Session: Class initialized using 'CodeIgniter\Session\Handlers\FileHandler' driver.
WARNING - 2024-07-04 08:57:27 --> Session: Sessions is enabled, and one exists. Please don't $session->start();
CRITICAL - 2024-07-04 08:57:27 --> ErrorException: Trying to access array offset on value of type null
in APPPATH\Views\indexcallplay.php on line 226.
 1 APPPATH\Views\indexcallplay.php(226): CodeIgniter\Debug\Exceptions->errorHandler(2, 'Trying to access array offset on value of type null', 'C:\\xampp\\htdocs\\ci\\app\\Views\\indexcallplay.php', 226)
 2 SYSTEMPATH\View\View.php(228): include('C:\\xampp\\htdocs\\ci\\app\\Views\\indexcallplay.php')
 3 SYSTEMPATH\View\View.php(231): CodeIgniter\View\View->CodeIgniter\View\{closure}()
 4 SYSTEMPATH\Common.php(1178): CodeIgniter\View\View->render('indexcallplay', [], true)
 5 APPPATH\Controllers\ApiDataController.php(34): view('indexcallplay', [...])
 6 SYSTEMPATH\CodeIgniter.php(941): App\Controllers\ApiDataController->index()
 7 SYSTEMPATH\CodeIgniter.php(502): CodeIgniter\CodeIgniter->runController(Object(App\Controllers\ApiDataController))
 8 SYSTEMPATH\CodeIgniter.php(361): CodeIgniter\CodeIgniter->handleRequest(null, Object(Config\Cache), false)
 9 FCPATH\index.php(85): CodeIgniter\CodeIgniter->run()
INFO - 2024-07-04 08:57:51 --> Session: Class initialized using 'CodeIgniter\Session\Handlers\FileHandler' driver.
WARNING - 2024-07-04 08:57:51 --> Session: Sessions is enabled, and one exists. Please don't $session->start();
INFO - 2024-07-04 09:00:15 --> Session: Class initialized using 'CodeIgniter\Session\Handlers\FileHandler' driver.
WARNING - 2024-07-04 09:00:15 --> Session: Sessions is enabled, and one exists. Please don't $session->start();
INFO - 2024-07-04 09:02:55 --> Session: Class initialized using 'CodeIgniter\Session\Handlers\FileHandler' driver.
WARNING - 2024-07-04 09:02:55 --> Session: Sessions is enabled, and one exists. Please don't $session->start();
INFO - 2024-07-04 09:04:03 --> Session: Class initialized using 'CodeIgniter\Session\Handlers\FileHandler' driver.
WARNING - 2024-07-04 09:04:03 --> Session: Sessions is enabled, and one exists. Please don't $session->start();
INFO - 2024-07-04 09:04:25 --> Session: Class initialized using 'CodeIgniter\Session\Handlers\FileHandler' driver.
WARNING - 2024-07-04 09:04:25 --> Session: Sessions is enabled, and one exists. Please don't $session->start();
INFO - 2024-07-04 09:06:27 --> Session: Class initialized using 'CodeIgniter\Session\Handlers\FileHandler' driver.
WARNING - 2024-07-04 09:06:27 --> Session: Sessions is enabled, and one exists. Please don't $session->start();
INFO - 2024-07-04 09:06:41 --> Session: Class initialized using 'CodeIgniter\Session\Handlers\FileHandler' driver.
WARNING - 2024-07-04 09:06:41 --> Session: Sessions is enabled, and one exists. Please don't $session->start();
INFO - 2024-07-04 09:07:08 --> Session: Class initialized using 'CodeIgniter\Session\Handlers\FileHandler' driver.
WARNING - 2024-07-04 09:07:08 --> Session: Sessions is enabled, and one exists. Please don't $session->start();
INFO - 2024-07-04 09:10:54 --> Session: Class initialized using 'CodeIgniter\Session\Handlers\FileHandler' driver.
WARNING - 2024-07-04 09:10:54 --> Session: Sessions is enabled, and one exists. Please don't $session->start();
INFO - 2024-07-04 09:10:59 --> Session: Class initialized using 'CodeIgniter\Session\Handlers\FileHandler' driver.
WARNING - 2024-07-04 09:10:59 --> Session: Sessions is enabled, and one exists. Please don't $session->start();
INFO - 2024-07-04 09:23:28 --> Session: Class initialized using 'CodeIgniter\Session\Handlers\FileHandler' driver.
WARNING - 2024-07-04 09:23:28 --> Session: Sessions is enabled, and one exists. Please don't $session->start();
INFO - 2024-07-04 09:23:46 --> Session: Class initialized using 'CodeIgniter\Session\Handlers\FileHandler' driver.
WARNING - 2024-07-04 09:23:46 --> Session: Sessions is enabled, and one exists. Please don't $session->start();
INFO - 2024-07-04 09:24:59 --> Session: Class initialized using 'CodeIgniter\Session\Handlers\FileHandler' driver.
WARNING - 2024-07-04 09:24:59 --> Session: Sessions is enabled, and one exists. Please don't $session->start();
INFO - 2024-07-04 09:34:35 --> Session: Class initialized using 'CodeIgniter\Session\Handlers\FileHandler' driver.
WARNING - 2024-07-04 09:34:35 --> Session: Sessions is enabled, and one exists. Please don't $session->start();
INFO - 2024-07-04 09:35:06 --> Session: Class initialized using 'CodeIgniter\Session\Handlers\FileHandler' driver.
WARNING - 2024-07-04 09:35:06 --> Session: Sessions is enabled, and one exists. Please don't $session->start();
INFO - 2024-07-04 09:38:25 --> Session: Class initialized using 'CodeIgniter\Session\Handlers\FileHandler' driver.
WARNING - 2024-07-04 09:38:25 --> Session: Sessions is enabled, and one exists. Please don't $session->start();
CRITICAL - 2024-07-04 09:38:25 --> ErrorException: Undefined array key "gen_date_token"
in APPPATH\Controllers\ApiDataController.php on line 87.
 1 APPPATH\Controllers\ApiDataController.php(87): CodeIgniter\Debug\Exceptions->errorHandler(2, 'Undefined array key "gen_date_token"', 'C:\\xampp\\htdocs\\ci\\app\\Controllers\\ApiDataController.php', 87)
 2 SYSTEMPATH\CodeIgniter.php(941): App\Controllers\ApiDataController->getapi()
 3 SYSTEMPATH\CodeIgniter.php(502): CodeIgniter\CodeIgniter->runController(Object(App\Controllers\ApiDataController))
 4 SYSTEMPATH\CodeIgniter.php(361): CodeIgniter\CodeIgniter->handleRequest(null, Object(Config\Cache), false)
 5 FCPATH\index.php(85): CodeIgniter\CodeIgniter->run()
INFO - 2024-07-04 09:39:10 --> Session: Class initialized using 'CodeIgniter\Session\Handlers\FileHandler' driver.
WARNING - 2024-07-04 09:39:10 --> Session: Sessions is enabled, and one exists. Please don't $session->start();
INFO - 2024-07-04 09:40:51 --> Session: Class initialized using 'CodeIgniter\Session\Handlers\FileHandler' driver.
WARNING - 2024-07-04 09:40:51 --> Session: Sessions is enabled, and one exists. Please don't $session->start();
INFO - 2024-07-04 09:40:55 --> Session: Class initialized using 'CodeIgniter\Session\Handlers\FileHandler' driver.
WARNING - 2024-07-04 09:40:55 --> Session: Sessions is enabled, and one exists. Please don't $session->start();
INFO - 2024-07-04 09:47:50 --> Session: Class initialized using 'CodeIgniter\Session\Handlers\FileHandler' driver.
WARNING - 2024-07-04 09:47:50 --> Session: Sessions is enabled, and one exists. Please don't $session->start();
INFO - 2024-07-04 09:49:56 --> Session: Class initialized using 'CodeIgniter\Session\Handlers\FileHandler' driver.
WARNING - 2024-07-04 09:49:56 --> Session: Sessions is enabled, and one exists. Please don't $session->start();
INFO - 2024-07-04 09:52:25 --> Session: Class initialized using 'CodeIgniter\Session\Handlers\FileHandler' driver.
WARNING - 2024-07-04 09:52:25 --> Session: Sessions is enabled, and one exists. Please don't $session->start();
INFO - 2024-07-04 09:52:27 --> Session: Class initialized using 'CodeIgniter\Session\Handlers\FileHandler' driver.
WARNING - 2024-07-04 09:52:27 --> Session: Sessions is enabled, and one exists. Please don't $session->start();
INFO - 2024-07-04 09:55:41 --> Session: Class initialized using 'CodeIgniter\Session\Handlers\FileHandler' driver.
WARNING - 2024-07-04 09:55:41 --> Session: Sessions is enabled, and one exists. Please don't $session->start();
INFO - 2024-07-04 09:59:50 --> Session: Class initialized using 'CodeIgniter\Session\Handlers\FileHandler' driver.
WARNING - 2024-07-04 09:59:50 --> Session: Sessions is enabled, and one exists. Please don't $session->start();
INFO - 2024-07-04 10:00:16 --> Session: Class initialized using 'CodeIgniter\Session\Handlers\FileHandler' driver.
WARNING - 2024-07-04 10:00:16 --> Session: Sessions is enabled, and one exists. Please don't $session->start();
INFO - 2024-07-04 10:09:09 --> Session: Class initialized using 'CodeIgniter\Session\Handlers\FileHandler' driver.
WARNING - 2024-07-04 10:09:09 --> Session: Sessions is enabled, and one exists. Please don't $session->start();
INFO - 2024-07-04 10:12:15 --> Session: Class initialized using 'CodeIgniter\Session\Handlers\FileHandler' driver.
WARNING - 2024-07-04 10:12:15 --> Session: Sessions is enabled, and one exists. Please don't $session->start();
INFO - 2024-07-04 10:20:54 --> Session: Class initialized using 'CodeIgniter\Session\Handlers\FileHandler' driver.
WARNING - 2024-07-04 10:20:54 --> Session: Sessions is enabled, and one exists. Please don't $session->start();
INFO - 2024-07-04 10:21:59 --> Session: Class initialized using 'CodeIgniter\Session\Handlers\FileHandler' driver.
WARNING - 2024-07-04 10:21:59 --> Session: Sessions is enabled, and one exists. Please don't $session->start();
INFO - 2024-07-04 10:23:18 --> Session: Class initialized using 'CodeIgniter\Session\Handlers\FileHandler' driver.
WARNING - 2024-07-04 10:23:18 --> Session: Sessions is enabled, and one exists. Please don't $session->start();
INFO - 2024-07-04 10:28:29 --> Session: Class initialized using 'CodeIgniter\Session\Handlers\FileHandler' driver.
WARNING - 2024-07-04 10:28:29 --> Session: Sessions is enabled, and one exists. Please don't $session->start();
CRITICAL - 2024-07-04 10:28:29 --> ErrorException: Undefined variable $data
in APPPATH\Controllers\ApiDataController.php on line 94.
 1 APPPATH\Controllers\ApiDataController.php(94): CodeIgniter\Debug\Exceptions->errorHandler(2, 'Undefined variable $data', 'C:\\xampp\\htdocs\\ci\\app\\Controllers\\ApiDataController.php', 94)
 2 SYSTEMPATH\CodeIgniter.php(941): App\Controllers\ApiDataController->getapi()
 3 SYSTEMPATH\CodeIgniter.php(502): CodeIgniter\CodeIgniter->runController(Object(App\Controllers\ApiDataController))
 4 SYSTEMPATH\CodeIgniter.php(361): CodeIgniter\CodeIgniter->handleRequest(null, Object(Config\Cache), false)
 5 FCPATH\index.php(85): CodeIgniter\CodeIgniter->run()
INFO - 2024-07-04 10:29:02 --> Session: Class initialized using 'CodeIgniter\Session\Handlers\FileHandler' driver.
WARNING - 2024-07-04 10:29:02 --> Session: Sessions is enabled, and one exists. Please don't $session->start();
