CRITICAL - 2024-06-28 03:24:29 --> ParseError: syntax error, unexpected token ":", expecting "," or ";"
in APPPATH\Controllers\Moive_test.php on line 22.
 1 SYSTEMPATH\Router\Router.php(514): CodeIgniter\Router\AutoRouter->getRoute('Moive_test', 'get')
 2 SYSTEMPATH\Router\Router.php(210): CodeIgniter\Router\Router->autoRoute('Moive_test')
 3 SYSTEMPATH\CodeIgniter.php(823): CodeIgniter\Router\Router->handle('Moive_test')
 4 SYSTEMPATH\CodeIgniter.php(450): CodeIgniter\CodeIgniter->tryToRouteIt(Object(CodeIgniter\Router\RouteCollection))
 5 SYSTEMPATH\CodeIgniter.php(361): CodeIgniter\CodeIgniter->handleRequest(null, Object(Config\Cache), false)
 6 FCPATH\index.php(85): CodeIgniter\CodeIgniter->run()
ERROR - 2024-06-28 06:49:12 --> mysqli_sql_exception: Table 'db_user.user_movie' doesn't exist in C:\xampp\htdocs\ci\system\Database\MySQLi\Connection.php:306
Stack trace:
#0 C:\xampp\htdocs\ci\system\Database\MySQLi\Connection.php(306): mysqli->query('INSERT INTO use...', 0)
#1 C:\xampp\htdocs\ci\system\Database\BaseConnection.php(693): CodeIgniter\Database\MySQLi\Connection->execute('INSERT INTO use...')
#2 C:\xampp\htdocs\ci\system\Database\BaseConnection.php(607): CodeIgniter\Database\BaseConnection->simpleQuery('INSERT INTO use...')
#3 C:\xampp\htdocs\ci\app\Models\Mydev_model.php(22): CodeIgniter\Database\BaseConnection->query('INSERT INTO use...')
#4 C:\xampp\htdocs\ci\app\Controllers\Movie_test.php(35): App\Models\Mydev_model->execute('INSERT INTO use...')
#5 C:\xampp\htdocs\ci\system\CodeIgniter.php(941): App\Controllers\Movie_test->register()
#6 C:\xampp\htdocs\ci\system\CodeIgniter.php(502): CodeIgniter\CodeIgniter->runController(Object(App\Controllers\Movie_test))
#7 C:\xampp\htdocs\ci\system\CodeIgniter.php(361): CodeIgniter\CodeIgniter->handleRequest(NULL, Object(Config\Cache), false)
#8 C:\xampp\htdocs\ci\public\index.php(85): CodeIgniter\CodeIgniter->run()
#9 {main}
CRITICAL - 2024-06-28 06:49:12 --> CodeIgniter\Database\Exceptions\DatabaseException: Table 'db_user.user_movie' doesn't exist
in SYSTEMPATH\Database\BaseConnection.php on line 647.
 1 APPPATH\Models\Mydev_model.php(22): CodeIgniter\Database\BaseConnection->query('INSERT INTO user_movie (username, password, status, create_time)
                    VALUES (\'test1\', \'123456\', 1, NOW())')
 2 APPPATH\Controllers\Movie_test.php(35): App\Models\Mydev_model->execute('INSERT INTO user_movie (username, password, status, create_time)
                    VALUES (\'test1\', \'123456\', 1, NOW())')
 3 SYSTEMPATH\CodeIgniter.php(941): App\Controllers\Movie_test->register()
 4 SYSTEMPATH\CodeIgniter.php(502): CodeIgniter\CodeIgniter->runController(Object(App\Controllers\Movie_test))
 5 SYSTEMPATH\CodeIgniter.php(361): CodeIgniter\CodeIgniter->handleRequest(null, Object(Config\Cache), false)
 6 FCPATH\index.php(85): CodeIgniter\CodeIgniter->run()
CRITICAL - 2024-06-28 06:49:12 --> [Caused by] CodeIgniter\Database\Exceptions\DatabaseException: Table 'db_user.user_movie' doesn't exist
in SYSTEMPATH\Database\MySQLi\Connection.php on line 311.
 1 SYSTEMPATH\Database\BaseConnection.php(693): CodeIgniter\Database\MySQLi\Connection->execute('INSERT INTO user_movie (username, password, status, create_time)
                    VALUES (\'test1\', \'123456\', 1, NOW())')
 2 SYSTEMPATH\Database\BaseConnection.php(607): CodeIgniter\Database\BaseConnection->simpleQuery('INSERT INTO user_movie (username, password, status, create_time)
                    VALUES (\'test1\', \'123456\', 1, NOW())')
 3 APPPATH\Models\Mydev_model.php(22): CodeIgniter\Database\BaseConnection->query('INSERT INTO user_movie (username, password, status, create_time)
                    VALUES (\'test1\', \'123456\', 1, NOW())')
 4 APPPATH\Controllers\Movie_test.php(35): App\Models\Mydev_model->execute('INSERT INTO user_movie (username, password, status, create_time)
                    VALUES (\'test1\', \'123456\', 1, NOW())')
 5 SYSTEMPATH\CodeIgniter.php(941): App\Controllers\Movie_test->register()
 6 SYSTEMPATH\CodeIgniter.php(502): CodeIgniter\CodeIgniter->runController(Object(App\Controllers\Movie_test))
 7 SYSTEMPATH\CodeIgniter.php(361): CodeIgniter\CodeIgniter->handleRequest(null, Object(Config\Cache), false)
 8 FCPATH\index.php(85): CodeIgniter\CodeIgniter->run()
CRITICAL - 2024-06-28 06:49:12 --> [Caused by] mysqli_sql_exception: Table 'db_user.user_movie' doesn't exist
in SYSTEMPATH\Database\MySQLi\Connection.php on line 306.
 1 SYSTEMPATH\Database\MySQLi\Connection.php(306): mysqli->query('INSERT INTO user_movie (username, password, status, create_time)
                    VALUES (\'test1\', \'123456\', 1, NOW())', 0)
 2 SYSTEMPATH\Database\BaseConnection.php(693): CodeIgniter\Database\MySQLi\Connection->execute('INSERT INTO user_movie (username, password, status, create_time)
                    VALUES (\'test1\', \'123456\', 1, NOW())')
 3 SYSTEMPATH\Database\BaseConnection.php(607): CodeIgniter\Database\BaseConnection->simpleQuery('INSERT INTO user_movie (username, password, status, create_time)
                    VALUES (\'test1\', \'123456\', 1, NOW())')
 4 APPPATH\Models\Mydev_model.php(22): CodeIgniter\Database\BaseConnection->query('INSERT INTO user_movie (username, password, status, create_time)
                    VALUES (\'test1\', \'123456\', 1, NOW())')
 5 APPPATH\Controllers\Movie_test.php(35): App\Models\Mydev_model->execute('INSERT INTO user_movie (username, password, status, create_time)
                    VALUES (\'test1\', \'123456\', 1, NOW())')
 6 SYSTEMPATH\CodeIgniter.php(941): App\Controllers\Movie_test->register()
 7 SYSTEMPATH\CodeIgniter.php(502): CodeIgniter\CodeIgniter->runController(Object(App\Controllers\Movie_test))
 8 SYSTEMPATH\CodeIgniter.php(361): CodeIgniter\CodeIgniter->handleRequest(null, Object(Config\Cache), false)
 9 FCPATH\index.php(85): CodeIgniter\CodeIgniter->run()
INFO - 2024-06-28 06:49:38 --> Session: Class initialized using 'CodeIgniter\Session\Handlers\FileHandler' driver.
WARNING - 2024-06-28 06:49:38 --> Session: Sessions is enabled, and one exists. Please don't $session->start();
ERROR - 2024-06-28 06:49:38 --> mysqli_sql_exception: Table 'db_user.user_movie' doesn't exist in C:\xampp\htdocs\ci\system\Database\MySQLi\Connection.php:306
Stack trace:
#0 C:\xampp\htdocs\ci\system\Database\MySQLi\Connection.php(306): mysqli->query('INSERT INTO use...', 0)
#1 C:\xampp\htdocs\ci\system\Database\BaseConnection.php(693): CodeIgniter\Database\MySQLi\Connection->execute('INSERT INTO use...')
#2 C:\xampp\htdocs\ci\system\Database\BaseConnection.php(607): CodeIgniter\Database\BaseConnection->simpleQuery('INSERT INTO use...')
#3 C:\xampp\htdocs\ci\app\Models\Mydev_model.php(22): CodeIgniter\Database\BaseConnection->query('INSERT INTO use...')
#4 C:\xampp\htdocs\ci\app\Controllers\Movie_test.php(35): App\Models\Mydev_model->execute('INSERT INTO use...')
#5 C:\xampp\htdocs\ci\system\CodeIgniter.php(941): App\Controllers\Movie_test->register()
#6 C:\xampp\htdocs\ci\system\CodeIgniter.php(502): CodeIgniter\CodeIgniter->runController(Object(App\Controllers\Movie_test))
#7 C:\xampp\htdocs\ci\system\CodeIgniter.php(361): CodeIgniter\CodeIgniter->handleRequest(NULL, Object(Config\Cache), false)
#8 C:\xampp\htdocs\ci\public\index.php(85): CodeIgniter\CodeIgniter->run()
#9 {main}
CRITICAL - 2024-06-28 06:49:38 --> CodeIgniter\Database\Exceptions\DatabaseException: Table 'db_user.user_movie' doesn't exist
in SYSTEMPATH\Database\BaseConnection.php on line 647.
 1 APPPATH\Models\Mydev_model.php(22): CodeIgniter\Database\BaseConnection->query('INSERT INTO user_movie (username, password, status, create_time)
                    VALUES (\'test1\', \'123456\', 1, NOW())')
 2 APPPATH\Controllers\Movie_test.php(35): App\Models\Mydev_model->execute('INSERT INTO user_movie (username, password, status, create_time)
                    VALUES (\'test1\', \'123456\', 1, NOW())')
 3 SYSTEMPATH\CodeIgniter.php(941): App\Controllers\Movie_test->register()
 4 SYSTEMPATH\CodeIgniter.php(502): CodeIgniter\CodeIgniter->runController(Object(App\Controllers\Movie_test))
 5 SYSTEMPATH\CodeIgniter.php(361): CodeIgniter\CodeIgniter->handleRequest(null, Object(Config\Cache), false)
 6 FCPATH\index.php(85): CodeIgniter\CodeIgniter->run()
CRITICAL - 2024-06-28 06:49:38 --> [Caused by] CodeIgniter\Database\Exceptions\DatabaseException: Table 'db_user.user_movie' doesn't exist
in SYSTEMPATH\Database\MySQLi\Connection.php on line 311.
 1 SYSTEMPATH\Database\BaseConnection.php(693): CodeIgniter\Database\MySQLi\Connection->execute('INSERT INTO user_movie (username, password, status, create_time)
                    VALUES (\'test1\', \'123456\', 1, NOW())')
 2 SYSTEMPATH\Database\BaseConnection.php(607): CodeIgniter\Database\BaseConnection->simpleQuery('INSERT INTO user_movie (username, password, status, create_time)
                    VALUES (\'test1\', \'123456\', 1, NOW())')
 3 APPPATH\Models\Mydev_model.php(22): CodeIgniter\Database\BaseConnection->query('INSERT INTO user_movie (username, password, status, create_time)
                    VALUES (\'test1\', \'123456\', 1, NOW())')
 4 APPPATH\Controllers\Movie_test.php(35): App\Models\Mydev_model->execute('INSERT INTO user_movie (username, password, status, create_time)
                    VALUES (\'test1\', \'123456\', 1, NOW())')
 5 SYSTEMPATH\CodeIgniter.php(941): App\Controllers\Movie_test->register()
 6 SYSTEMPATH\CodeIgniter.php(502): CodeIgniter\CodeIgniter->runController(Object(App\Controllers\Movie_test))
 7 SYSTEMPATH\CodeIgniter.php(361): CodeIgniter\CodeIgniter->handleRequest(null, Object(Config\Cache), false)
 8 FCPATH\index.php(85): CodeIgniter\CodeIgniter->run()
CRITICAL - 2024-06-28 06:49:38 --> [Caused by] mysqli_sql_exception: Table 'db_user.user_movie' doesn't exist
in SYSTEMPATH\Database\MySQLi\Connection.php on line 306.
 1 SYSTEMPATH\Database\MySQLi\Connection.php(306): mysqli->query('INSERT INTO user_movie (username, password, status, create_time)
                    VALUES (\'test1\', \'123456\', 1, NOW())', 0)
 2 SYSTEMPATH\Database\BaseConnection.php(693): CodeIgniter\Database\MySQLi\Connection->execute('INSERT INTO user_movie (username, password, status, create_time)
                    VALUES (\'test1\', \'123456\', 1, NOW())')
 3 SYSTEMPATH\Database\BaseConnection.php(607): CodeIgniter\Database\BaseConnection->simpleQuery('INSERT INTO user_movie (username, password, status, create_time)
                    VALUES (\'test1\', \'123456\', 1, NOW())')
 4 APPPATH\Models\Mydev_model.php(22): CodeIgniter\Database\BaseConnection->query('INSERT INTO user_movie (username, password, status, create_time)
                    VALUES (\'test1\', \'123456\', 1, NOW())')
 5 APPPATH\Controllers\Movie_test.php(35): App\Models\Mydev_model->execute('INSERT INTO user_movie (username, password, status, create_time)
                    VALUES (\'test1\', \'123456\', 1, NOW())')
 6 SYSTEMPATH\CodeIgniter.php(941): App\Controllers\Movie_test->register()
 7 SYSTEMPATH\CodeIgniter.php(502): CodeIgniter\CodeIgniter->runController(Object(App\Controllers\Movie_test))
 8 SYSTEMPATH\CodeIgniter.php(361): CodeIgniter\CodeIgniter->handleRequest(null, Object(Config\Cache), false)
 9 FCPATH\index.php(85): CodeIgniter\CodeIgniter->run()
INFO - 2024-06-28 06:58:37 --> Session: Class initialized using 'CodeIgniter\Session\Handlers\FileHandler' driver.
WARNING - 2024-06-28 06:58:37 --> Session: Sessions is enabled, and one exists. Please don't $session->start();
ERROR - 2024-06-28 06:58:37 --> mysqli_sql_exception: Table 'db_user.user_movie' doesn't exist in C:\xampp\htdocs\ci\system\Database\MySQLi\Connection.php:306
Stack trace:
#0 C:\xampp\htdocs\ci\system\Database\MySQLi\Connection.php(306): mysqli->query('INSERT INTO use...', 0)
#1 C:\xampp\htdocs\ci\system\Database\BaseConnection.php(693): CodeIgniter\Database\MySQLi\Connection->execute('INSERT INTO use...')
#2 C:\xampp\htdocs\ci\system\Database\BaseConnection.php(607): CodeIgniter\Database\BaseConnection->simpleQuery('INSERT INTO use...')
#3 C:\xampp\htdocs\ci\app\Models\Mydev_model.php(22): CodeIgniter\Database\BaseConnection->query('INSERT INTO use...')
#4 C:\xampp\htdocs\ci\app\Controllers\Movie_test.php(35): App\Models\Mydev_model->execute('INSERT INTO use...')
#5 C:\xampp\htdocs\ci\system\CodeIgniter.php(941): App\Controllers\Movie_test->register()
#6 C:\xampp\htdocs\ci\system\CodeIgniter.php(502): CodeIgniter\CodeIgniter->runController(Object(App\Controllers\Movie_test))
#7 C:\xampp\htdocs\ci\system\CodeIgniter.php(361): CodeIgniter\CodeIgniter->handleRequest(NULL, Object(Config\Cache), false)
#8 C:\xampp\htdocs\ci\public\index.php(85): CodeIgniter\CodeIgniter->run()
#9 {main}
CRITICAL - 2024-06-28 06:58:37 --> CodeIgniter\Database\Exceptions\DatabaseException: Table 'db_user.user_movie' doesn't exist
in SYSTEMPATH\Database\BaseConnection.php on line 647.
 1 APPPATH\Models\Mydev_model.php(22): CodeIgniter\Database\BaseConnection->query('INSERT INTO user_movie (username, password, status, create_time)
                    VALUES (\'test1\', \'123456\', 1, NOW())')
 2 APPPATH\Controllers\Movie_test.php(35): App\Models\Mydev_model->execute('INSERT INTO user_movie (username, password, status, create_time)
                    VALUES (\'test1\', \'123456\', 1, NOW())')
 3 SYSTEMPATH\CodeIgniter.php(941): App\Controllers\Movie_test->register()
 4 SYSTEMPATH\CodeIgniter.php(502): CodeIgniter\CodeIgniter->runController(Object(App\Controllers\Movie_test))
 5 SYSTEMPATH\CodeIgniter.php(361): CodeIgniter\CodeIgniter->handleRequest(null, Object(Config\Cache), false)
 6 FCPATH\index.php(85): CodeIgniter\CodeIgniter->run()
CRITICAL - 2024-06-28 06:58:37 --> [Caused by] CodeIgniter\Database\Exceptions\DatabaseException: Table 'db_user.user_movie' doesn't exist
in SYSTEMPATH\Database\MySQLi\Connection.php on line 311.
 1 SYSTEMPATH\Database\BaseConnection.php(693): CodeIgniter\Database\MySQLi\Connection->execute('INSERT INTO user_movie (username, password, status, create_time)
                    VALUES (\'test1\', \'123456\', 1, NOW())')
 2 SYSTEMPATH\Database\BaseConnection.php(607): CodeIgniter\Database\BaseConnection->simpleQuery('INSERT INTO user_movie (username, password, status, create_time)
                    VALUES (\'test1\', \'123456\', 1, NOW())')
 3 APPPATH\Models\Mydev_model.php(22): CodeIgniter\Database\BaseConnection->query('INSERT INTO user_movie (username, password, status, create_time)
                    VALUES (\'test1\', \'123456\', 1, NOW())')
 4 APPPATH\Controllers\Movie_test.php(35): App\Models\Mydev_model->execute('INSERT INTO user_movie (username, password, status, create_time)
                    VALUES (\'test1\', \'123456\', 1, NOW())')
 5 SYSTEMPATH\CodeIgniter.php(941): App\Controllers\Movie_test->register()
 6 SYSTEMPATH\CodeIgniter.php(502): CodeIgniter\CodeIgniter->runController(Object(App\Controllers\Movie_test))
 7 SYSTEMPATH\CodeIgniter.php(361): CodeIgniter\CodeIgniter->handleRequest(null, Object(Config\Cache), false)
 8 FCPATH\index.php(85): CodeIgniter\CodeIgniter->run()
CRITICAL - 2024-06-28 06:58:37 --> [Caused by] mysqli_sql_exception: Table 'db_user.user_movie' doesn't exist
in SYSTEMPATH\Database\MySQLi\Connection.php on line 306.
 1 SYSTEMPATH\Database\MySQLi\Connection.php(306): mysqli->query('INSERT INTO user_movie (username, password, status, create_time)
                    VALUES (\'test1\', \'123456\', 1, NOW())', 0)
 2 SYSTEMPATH\Database\BaseConnection.php(693): CodeIgniter\Database\MySQLi\Connection->execute('INSERT INTO user_movie (username, password, status, create_time)
                    VALUES (\'test1\', \'123456\', 1, NOW())')
 3 SYSTEMPATH\Database\BaseConnection.php(607): CodeIgniter\Database\BaseConnection->simpleQuery('INSERT INTO user_movie (username, password, status, create_time)
                    VALUES (\'test1\', \'123456\', 1, NOW())')
 4 APPPATH\Models\Mydev_model.php(22): CodeIgniter\Database\BaseConnection->query('INSERT INTO user_movie (username, password, status, create_time)
                    VALUES (\'test1\', \'123456\', 1, NOW())')
 5 APPPATH\Controllers\Movie_test.php(35): App\Models\Mydev_model->execute('INSERT INTO user_movie (username, password, status, create_time)
                    VALUES (\'test1\', \'123456\', 1, NOW())')
 6 SYSTEMPATH\CodeIgniter.php(941): App\Controllers\Movie_test->register()
 7 SYSTEMPATH\CodeIgniter.php(502): CodeIgniter\CodeIgniter->runController(Object(App\Controllers\Movie_test))
 8 SYSTEMPATH\CodeIgniter.php(361): CodeIgniter\CodeIgniter->handleRequest(null, Object(Config\Cache), false)
 9 FCPATH\index.php(85): CodeIgniter\CodeIgniter->run()
CRITICAL - 2024-06-28 07:00:12 --> Error: Class "App\Models\movie_model_model" not found
in APPPATH\Controllers\Movie_test.php on line 17.
 1 SYSTEMPATH\CodeIgniter.php(913): App\Controllers\Movie_test->__construct()
 2 SYSTEMPATH\CodeIgniter.php(493): CodeIgniter\CodeIgniter->createController()
 3 SYSTEMPATH\CodeIgniter.php(361): CodeIgniter\CodeIgniter->handleRequest(null, Object(Config\Cache), false)
 4 FCPATH\index.php(85): CodeIgniter\CodeIgniter->run()
CRITICAL - 2024-06-28 07:01:21 --> Error: Class "App\Models\movie_model" not found
in APPPATH\Controllers\Movie_test.php on line 17.
 1 SYSTEMPATH\CodeIgniter.php(913): App\Controllers\Movie_test->__construct()
 2 SYSTEMPATH\CodeIgniter.php(493): CodeIgniter\CodeIgniter->createController()
 3 SYSTEMPATH\CodeIgniter.php(361): CodeIgniter\CodeIgniter->handleRequest(null, Object(Config\Cache), false)
 4 FCPATH\index.php(85): CodeIgniter\CodeIgniter->run()
CRITICAL - 2024-06-28 07:02:27 --> Error: Class "App\Models\movie_model" not found
in APPPATH\Controllers\Movie_test.php on line 16.
 1 SYSTEMPATH\CodeIgniter.php(913): App\Controllers\Movie_test->__construct()
 2 SYSTEMPATH\CodeIgniter.php(493): CodeIgniter\CodeIgniter->createController()
 3 SYSTEMPATH\CodeIgniter.php(361): CodeIgniter\CodeIgniter->handleRequest(null, Object(Config\Cache), false)
 4 FCPATH\index.php(85): CodeIgniter\CodeIgniter->run()
CRITICAL - 2024-06-28 07:03:48 --> Error: Class "App\Models\Movie_model" not found
in APPPATH\Controllers\Movie_test.php on line 16.
 1 SYSTEMPATH\CodeIgniter.php(913): App\Controllers\Movie_test->__construct()
 2 SYSTEMPATH\CodeIgniter.php(493): CodeIgniter\CodeIgniter->createController()
 3 SYSTEMPATH\CodeIgniter.php(361): CodeIgniter\CodeIgniter->handleRequest(null, Object(Config\Cache), false)
 4 FCPATH\index.php(85): CodeIgniter\CodeIgniter->run()
INFO - 2024-06-28 07:04:17 --> Session: Class initialized using 'CodeIgniter\Session\Handlers\FileHandler' driver.
WARNING - 2024-06-28 07:04:17 --> Session: Sessions is enabled, and one exists. Please don't $session->start();
INFO - 2024-06-28 07:04:30 --> Session: Class initialized using 'CodeIgniter\Session\Handlers\FileHandler' driver.
WARNING - 2024-06-28 07:04:30 --> Session: Sessions is enabled, and one exists. Please don't $session->start();
ERROR - 2024-06-28 07:04:30 --> mysqli_sql_exception: Duplicate entry '1' for key 'user_id' in C:\xampp\htdocs\ci\system\Database\MySQLi\Connection.php:306
Stack trace:
#0 C:\xampp\htdocs\ci\system\Database\MySQLi\Connection.php(306): mysqli->query('INSERT INTO use...', 0)
#1 C:\xampp\htdocs\ci\system\Database\BaseConnection.php(693): CodeIgniter\Database\MySQLi\Connection->execute('INSERT INTO use...')
#2 C:\xampp\htdocs\ci\system\Database\BaseConnection.php(607): CodeIgniter\Database\BaseConnection->simpleQuery('INSERT INTO use...')
#3 C:\xampp\htdocs\ci\app\Models\Movie_model.php(22): CodeIgniter\Database\BaseConnection->query('INSERT INTO use...')
#4 C:\xampp\htdocs\ci\app\Controllers\Movie_test.php(35): App\Models\Movie_model->execute('INSERT INTO use...')
#5 C:\xampp\htdocs\ci\system\CodeIgniter.php(941): App\Controllers\Movie_test->register()
#6 C:\xampp\htdocs\ci\system\CodeIgniter.php(502): CodeIgniter\CodeIgniter->runController(Object(App\Controllers\Movie_test))
#7 C:\xampp\htdocs\ci\system\CodeIgniter.php(361): CodeIgniter\CodeIgniter->handleRequest(NULL, Object(Config\Cache), false)
#8 C:\xampp\htdocs\ci\public\index.php(85): CodeIgniter\CodeIgniter->run()
#9 {main}
CRITICAL - 2024-06-28 07:04:30 --> CodeIgniter\Database\Exceptions\DatabaseException: Duplicate entry '1' for key 'user_id'
in SYSTEMPATH\Database\BaseConnection.php on line 647.
 1 APPPATH\Models\Movie_model.php(22): CodeIgniter\Database\BaseConnection->query('INSERT INTO user_movie (username, password, status, create_time)
                    VALUES (\'test1\', \'123456\', 1, NOW())')
 2 APPPATH\Controllers\Movie_test.php(35): App\Models\Movie_model->execute('INSERT INTO user_movie (username, password, status, create_time)
                    VALUES (\'test1\', \'123456\', 1, NOW())')
 3 SYSTEMPATH\CodeIgniter.php(941): App\Controllers\Movie_test->register()
 4 SYSTEMPATH\CodeIgniter.php(502): CodeIgniter\CodeIgniter->runController(Object(App\Controllers\Movie_test))
 5 SYSTEMPATH\CodeIgniter.php(361): CodeIgniter\CodeIgniter->handleRequest(null, Object(Config\Cache), false)
 6 FCPATH\index.php(85): CodeIgniter\CodeIgniter->run()
CRITICAL - 2024-06-28 07:04:30 --> [Caused by] CodeIgniter\Database\Exceptions\DatabaseException: Duplicate entry '1' for key 'user_id'
in SYSTEMPATH\Database\MySQLi\Connection.php on line 311.
 1 SYSTEMPATH\Database\BaseConnection.php(693): CodeIgniter\Database\MySQLi\Connection->execute('INSERT INTO user_movie (username, password, status, create_time)
                    VALUES (\'test1\', \'123456\', 1, NOW())')
 2 SYSTEMPATH\Database\BaseConnection.php(607): CodeIgniter\Database\BaseConnection->simpleQuery('INSERT INTO user_movie (username, password, status, create_time)
                    VALUES (\'test1\', \'123456\', 1, NOW())')
 3 APPPATH\Models\Movie_model.php(22): CodeIgniter\Database\BaseConnection->query('INSERT INTO user_movie (username, password, status, create_time)
                    VALUES (\'test1\', \'123456\', 1, NOW())')
 4 APPPATH\Controllers\Movie_test.php(35): App\Models\Movie_model->execute('INSERT INTO user_movie (username, password, status, create_time)
                    VALUES (\'test1\', \'123456\', 1, NOW())')
 5 SYSTEMPATH\CodeIgniter.php(941): App\Controllers\Movie_test->register()
 6 SYSTEMPATH\CodeIgniter.php(502): CodeIgniter\CodeIgniter->runController(Object(App\Controllers\Movie_test))
 7 SYSTEMPATH\CodeIgniter.php(361): CodeIgniter\CodeIgniter->handleRequest(null, Object(Config\Cache), false)
 8 FCPATH\index.php(85): CodeIgniter\CodeIgniter->run()
CRITICAL - 2024-06-28 07:04:30 --> [Caused by] mysqli_sql_exception: Duplicate entry '1' for key 'user_id'
in SYSTEMPATH\Database\MySQLi\Connection.php on line 306.
 1 SYSTEMPATH\Database\MySQLi\Connection.php(306): mysqli->query('INSERT INTO user_movie (username, password, status, create_time)
                    VALUES (\'test1\', \'123456\', 1, NOW())', 0)
 2 SYSTEMPATH\Database\BaseConnection.php(693): CodeIgniter\Database\MySQLi\Connection->execute('INSERT INTO user_movie (username, password, status, create_time)
                    VALUES (\'test1\', \'123456\', 1, NOW())')
 3 SYSTEMPATH\Database\BaseConnection.php(607): CodeIgniter\Database\BaseConnection->simpleQuery('INSERT INTO user_movie (username, password, status, create_time)
                    VALUES (\'test1\', \'123456\', 1, NOW())')
 4 APPPATH\Models\Movie_model.php(22): CodeIgniter\Database\BaseConnection->query('INSERT INTO user_movie (username, password, status, create_time)
                    VALUES (\'test1\', \'123456\', 1, NOW())')
 5 APPPATH\Controllers\Movie_test.php(35): App\Models\Movie_model->execute('INSERT INTO user_movie (username, password, status, create_time)
                    VALUES (\'test1\', \'123456\', 1, NOW())')
 6 SYSTEMPATH\CodeIgniter.php(941): App\Controllers\Movie_test->register()
 7 SYSTEMPATH\CodeIgniter.php(502): CodeIgniter\CodeIgniter->runController(Object(App\Controllers\Movie_test))
 8 SYSTEMPATH\CodeIgniter.php(361): CodeIgniter\CodeIgniter->handleRequest(null, Object(Config\Cache), false)
 9 FCPATH\index.php(85): CodeIgniter\CodeIgniter->run()
INFO - 2024-06-28 07:04:35 --> Session: Class initialized using 'CodeIgniter\Session\Handlers\FileHandler' driver.
WARNING - 2024-06-28 07:04:35 --> Session: Sessions is enabled, and one exists. Please don't $session->start();
INFO - 2024-06-28 07:10:35 --> Session: Class initialized using 'CodeIgniter\Session\Handlers\FileHandler' driver.
WARNING - 2024-06-28 07:10:35 --> Session: Sessions is enabled, and one exists. Please don't $session->start();
INFO - 2024-06-28 07:10:49 --> Session: Class initialized using 'CodeIgniter\Session\Handlers\FileHandler' driver.
WARNING - 2024-06-28 07:10:49 --> Session: Sessions is enabled, and one exists. Please don't $session->start();
ERROR - 2024-06-28 07:10:49 --> mysqli_sql_exception: Duplicate entry '1' for key 'user_id' in C:\xampp\htdocs\ci\system\Database\MySQLi\Connection.php:306
Stack trace:
#0 C:\xampp\htdocs\ci\system\Database\MySQLi\Connection.php(306): mysqli->query('INSERT INTO use...', 0)
#1 C:\xampp\htdocs\ci\system\Database\BaseConnection.php(693): CodeIgniter\Database\MySQLi\Connection->execute('INSERT INTO use...')
#2 C:\xampp\htdocs\ci\system\Database\BaseConnection.php(607): CodeIgniter\Database\BaseConnection->simpleQuery('INSERT INTO use...')
#3 C:\xampp\htdocs\ci\app\Models\Movie_model.php(22): CodeIgniter\Database\BaseConnection->query('INSERT INTO use...')
#4 C:\xampp\htdocs\ci\app\Controllers\Movie_test.php(35): App\Models\Movie_model->execute('INSERT INTO use...')
#5 C:\xampp\htdocs\ci\system\CodeIgniter.php(941): App\Controllers\Movie_test->register()
#6 C:\xampp\htdocs\ci\system\CodeIgniter.php(502): CodeIgniter\CodeIgniter->runController(Object(App\Controllers\Movie_test))
#7 C:\xampp\htdocs\ci\system\CodeIgniter.php(361): CodeIgniter\CodeIgniter->handleRequest(NULL, Object(Config\Cache), false)
#8 C:\xampp\htdocs\ci\public\index.php(85): CodeIgniter\CodeIgniter->run()
#9 {main}
CRITICAL - 2024-06-28 07:10:49 --> CodeIgniter\Database\Exceptions\DatabaseException: Duplicate entry '1' for key 'user_id'
in SYSTEMPATH\Database\BaseConnection.php on line 647.
 1 APPPATH\Models\Movie_model.php(22): CodeIgniter\Database\BaseConnection->query('INSERT INTO user_movie (username, password, status, create_time)
                    VALUES (\'test2\', \'1234456\', 1, NOW())')
 2 APPPATH\Controllers\Movie_test.php(35): App\Models\Movie_model->execute('INSERT INTO user_movie (username, password, status, create_time)
                    VALUES (\'test2\', \'1234456\', 1, NOW())')
 3 SYSTEMPATH\CodeIgniter.php(941): App\Controllers\Movie_test->register()
 4 SYSTEMPATH\CodeIgniter.php(502): CodeIgniter\CodeIgniter->runController(Object(App\Controllers\Movie_test))
 5 SYSTEMPATH\CodeIgniter.php(361): CodeIgniter\CodeIgniter->handleRequest(null, Object(Config\Cache), false)
 6 FCPATH\index.php(85): CodeIgniter\CodeIgniter->run()
CRITICAL - 2024-06-28 07:10:49 --> [Caused by] CodeIgniter\Database\Exceptions\DatabaseException: Duplicate entry '1' for key 'user_id'
in SYSTEMPATH\Database\MySQLi\Connection.php on line 311.
 1 SYSTEMPATH\Database\BaseConnection.php(693): CodeIgniter\Database\MySQLi\Connection->execute('INSERT INTO user_movie (username, password, status, create_time)
                    VALUES (\'test2\', \'1234456\', 1, NOW())')
 2 SYSTEMPATH\Database\BaseConnection.php(607): CodeIgniter\Database\BaseConnection->simpleQuery('INSERT INTO user_movie (username, password, status, create_time)
                    VALUES (\'test2\', \'1234456\', 1, NOW())')
 3 APPPATH\Models\Movie_model.php(22): CodeIgniter\Database\BaseConnection->query('INSERT INTO user_movie (username, password, status, create_time)
                    VALUES (\'test2\', \'1234456\', 1, NOW())')
 4 APPPATH\Controllers\Movie_test.php(35): App\Models\Movie_model->execute('INSERT INTO user_movie (username, password, status, create_time)
                    VALUES (\'test2\', \'1234456\', 1, NOW())')
 5 SYSTEMPATH\CodeIgniter.php(941): App\Controllers\Movie_test->register()
 6 SYSTEMPATH\CodeIgniter.php(502): CodeIgniter\CodeIgniter->runController(Object(App\Controllers\Movie_test))
 7 SYSTEMPATH\CodeIgniter.php(361): CodeIgniter\CodeIgniter->handleRequest(null, Object(Config\Cache), false)
 8 FCPATH\index.php(85): CodeIgniter\CodeIgniter->run()
CRITICAL - 2024-06-28 07:10:49 --> [Caused by] mysqli_sql_exception: Duplicate entry '1' for key 'user_id'
in SYSTEMPATH\Database\MySQLi\Connection.php on line 306.
 1 SYSTEMPATH\Database\MySQLi\Connection.php(306): mysqli->query('INSERT INTO user_movie (username, password, status, create_time)
                    VALUES (\'test2\', \'1234456\', 1, NOW())', 0)
 2 SYSTEMPATH\Database\BaseConnection.php(693): CodeIgniter\Database\MySQLi\Connection->execute('INSERT INTO user_movie (username, password, status, create_time)
                    VALUES (\'test2\', \'1234456\', 1, NOW())')
 3 SYSTEMPATH\Database\BaseConnection.php(607): CodeIgniter\Database\BaseConnection->simpleQuery('INSERT INTO user_movie (username, password, status, create_time)
                    VALUES (\'test2\', \'1234456\', 1, NOW())')
 4 APPPATH\Models\Movie_model.php(22): CodeIgniter\Database\BaseConnection->query('INSERT INTO user_movie (username, password, status, create_time)
                    VALUES (\'test2\', \'1234456\', 1, NOW())')
 5 APPPATH\Controllers\Movie_test.php(35): App\Models\Movie_model->execute('INSERT INTO user_movie (username, password, status, create_time)
                    VALUES (\'test2\', \'1234456\', 1, NOW())')
 6 SYSTEMPATH\CodeIgniter.php(941): App\Controllers\Movie_test->register()
 7 SYSTEMPATH\CodeIgniter.php(502): CodeIgniter\CodeIgniter->runController(Object(App\Controllers\Movie_test))
 8 SYSTEMPATH\CodeIgniter.php(361): CodeIgniter\CodeIgniter->handleRequest(null, Object(Config\Cache), false)
 9 FCPATH\index.php(85): CodeIgniter\CodeIgniter->run()
INFO - 2024-06-28 07:11:20 --> Session: Class initialized using 'CodeIgniter\Session\Handlers\FileHandler' driver.
WARNING - 2024-06-28 07:11:20 --> Session: Sessions is enabled, and one exists. Please don't $session->start();
INFO - 2024-06-28 07:11:43 --> Session: Class initialized using 'CodeIgniter\Session\Handlers\FileHandler' driver.
WARNING - 2024-06-28 07:11:43 --> Session: Sessions is enabled, and one exists. Please don't $session->start();
INFO - 2024-06-28 07:12:02 --> Session: Class initialized using 'CodeIgniter\Session\Handlers\FileHandler' driver.
WARNING - 2024-06-28 07:12:02 --> Session: Sessions is enabled, and one exists. Please don't $session->start();
INFO - 2024-06-28 07:12:09 --> Session: Class initialized using 'CodeIgniter\Session\Handlers\FileHandler' driver.
WARNING - 2024-06-28 07:12:09 --> Session: Sessions is enabled, and one exists. Please don't $session->start();
INFO - 2024-06-28 07:12:32 --> Session: Class initialized using 'CodeIgniter\Session\Handlers\FileHandler' driver.
WARNING - 2024-06-28 07:12:32 --> Session: Sessions is enabled, and one exists. Please don't $session->start();
INFO - 2024-06-28 07:12:33 --> Session: Class initialized using 'CodeIgniter\Session\Handlers\FileHandler' driver.
WARNING - 2024-06-28 07:12:33 --> Session: Sessions is enabled, and one exists. Please don't $session->start();
INFO - 2024-06-28 07:12:33 --> Session: Class initialized using 'CodeIgniter\Session\Handlers\FileHandler' driver.
WARNING - 2024-06-28 07:12:33 --> Session: Sessions is enabled, and one exists. Please don't $session->start();
INFO - 2024-06-28 07:12:33 --> Session: Class initialized using 'CodeIgniter\Session\Handlers\FileHandler' driver.
WARNING - 2024-06-28 07:12:33 --> Session: Sessions is enabled, and one exists. Please don't $session->start();
INFO - 2024-06-28 07:12:57 --> Session: Class initialized using 'CodeIgniter\Session\Handlers\FileHandler' driver.
WARNING - 2024-06-28 07:12:57 --> Session: Sessions is enabled, and one exists. Please don't $session->start();
INFO - 2024-06-28 07:12:59 --> Session: Class initialized using 'CodeIgniter\Session\Handlers\FileHandler' driver.
WARNING - 2024-06-28 07:12:59 --> Session: Sessions is enabled, and one exists. Please don't $session->start();
INFO - 2024-06-28 07:13:11 --> Session: Class initialized using 'CodeIgniter\Session\Handlers\FileHandler' driver.
WARNING - 2024-06-28 07:13:11 --> Session: Sessions is enabled, and one exists. Please don't $session->start();
INFO - 2024-06-28 07:13:49 --> Session: Class initialized using 'CodeIgniter\Session\Handlers\FileHandler' driver.
WARNING - 2024-06-28 07:13:49 --> Session: Sessions is enabled, and one exists. Please don't $session->start();
INFO - 2024-06-28 07:13:50 --> Session: Class initialized using 'CodeIgniter\Session\Handlers\FileHandler' driver.
WARNING - 2024-06-28 07:13:50 --> Session: Sessions is enabled, and one exists. Please don't $session->start();
INFO - 2024-06-28 07:14:01 --> Session: Class initialized using 'CodeIgniter\Session\Handlers\FileHandler' driver.
WARNING - 2024-06-28 07:14:01 --> Session: Sessions is enabled, and one exists. Please don't $session->start();
ERROR - 2024-06-28 07:15:19 --> mysqli_sql_exception: Duplicate entry '1' for key 'user_id' in C:\xampp\htdocs\ci\system\Database\MySQLi\Connection.php:306
Stack trace:
#0 C:\xampp\htdocs\ci\system\Database\MySQLi\Connection.php(306): mysqli->query('INSERT INTO use...', 0)
#1 C:\xampp\htdocs\ci\system\Database\BaseConnection.php(693): CodeIgniter\Database\MySQLi\Connection->execute('INSERT INTO use...')
#2 C:\xampp\htdocs\ci\system\Database\BaseConnection.php(607): CodeIgniter\Database\BaseConnection->simpleQuery('INSERT INTO use...')
#3 C:\xampp\htdocs\ci\app\Models\Movie_model.php(22): CodeIgniter\Database\BaseConnection->query('INSERT INTO use...')
#4 C:\xampp\htdocs\ci\app\Controllers\Movie_test.php(35): App\Models\Movie_model->execute('INSERT INTO use...')
#5 C:\xampp\htdocs\ci\system\CodeIgniter.php(941): App\Controllers\Movie_test->register()
#6 C:\xampp\htdocs\ci\system\CodeIgniter.php(502): CodeIgniter\CodeIgniter->runController(Object(App\Controllers\Movie_test))
#7 C:\xampp\htdocs\ci\system\CodeIgniter.php(361): CodeIgniter\CodeIgniter->handleRequest(NULL, Object(Config\Cache), false)
#8 C:\xampp\htdocs\ci\public\index.php(85): CodeIgniter\CodeIgniter->run()
#9 {main}
CRITICAL - 2024-06-28 07:15:19 --> CodeIgniter\Database\Exceptions\DatabaseException: Duplicate entry '1' for key 'user_id'
in SYSTEMPATH\Database\BaseConnection.php on line 647.
 1 APPPATH\Models\Movie_model.php(22): CodeIgniter\Database\BaseConnection->query('INSERT INTO user_movie (username, password, status, create_time)
                    VALUES (\'test2\', \'test2\', 1, NOW())')
 2 APPPATH\Controllers\Movie_test.php(35): App\Models\Movie_model->execute('INSERT INTO user_movie (username, password, status, create_time)
                    VALUES (\'test2\', \'test2\', 1, NOW())')
 3 SYSTEMPATH\CodeIgniter.php(941): App\Controllers\Movie_test->register()
 4 SYSTEMPATH\CodeIgniter.php(502): CodeIgniter\CodeIgniter->runController(Object(App\Controllers\Movie_test))
 5 SYSTEMPATH\CodeIgniter.php(361): CodeIgniter\CodeIgniter->handleRequest(null, Object(Config\Cache), false)
 6 FCPATH\index.php(85): CodeIgniter\CodeIgniter->run()
CRITICAL - 2024-06-28 07:15:19 --> [Caused by] CodeIgniter\Database\Exceptions\DatabaseException: Duplicate entry '1' for key 'user_id'
in SYSTEMPATH\Database\MySQLi\Connection.php on line 311.
 1 SYSTEMPATH\Database\BaseConnection.php(693): CodeIgniter\Database\MySQLi\Connection->execute('INSERT INTO user_movie (username, password, status, create_time)
                    VALUES (\'test2\', \'test2\', 1, NOW())')
 2 SYSTEMPATH\Database\BaseConnection.php(607): CodeIgniter\Database\BaseConnection->simpleQuery('INSERT INTO user_movie (username, password, status, create_time)
                    VALUES (\'test2\', \'test2\', 1, NOW())')
 3 APPPATH\Models\Movie_model.php(22): CodeIgniter\Database\BaseConnection->query('INSERT INTO user_movie (username, password, status, create_time)
                    VALUES (\'test2\', \'test2\', 1, NOW())')
 4 APPPATH\Controllers\Movie_test.php(35): App\Models\Movie_model->execute('INSERT INTO user_movie (username, password, status, create_time)
                    VALUES (\'test2\', \'test2\', 1, NOW())')
 5 SYSTEMPATH\CodeIgniter.php(941): App\Controllers\Movie_test->register()
 6 SYSTEMPATH\CodeIgniter.php(502): CodeIgniter\CodeIgniter->runController(Object(App\Controllers\Movie_test))
 7 SYSTEMPATH\CodeIgniter.php(361): CodeIgniter\CodeIgniter->handleRequest(null, Object(Config\Cache), false)
 8 FCPATH\index.php(85): CodeIgniter\CodeIgniter->run()
CRITICAL - 2024-06-28 07:15:19 --> [Caused by] mysqli_sql_exception: Duplicate entry '1' for key 'user_id'
in SYSTEMPATH\Database\MySQLi\Connection.php on line 306.
 1 SYSTEMPATH\Database\MySQLi\Connection.php(306): mysqli->query('INSERT INTO user_movie (username, password, status, create_time)
                    VALUES (\'test2\', \'test2\', 1, NOW())', 0)
 2 SYSTEMPATH\Database\BaseConnection.php(693): CodeIgniter\Database\MySQLi\Connection->execute('INSERT INTO user_movie (username, password, status, create_time)
                    VALUES (\'test2\', \'test2\', 1, NOW())')
 3 SYSTEMPATH\Database\BaseConnection.php(607): CodeIgniter\Database\BaseConnection->simpleQuery('INSERT INTO user_movie (username, password, status, create_time)
                    VALUES (\'test2\', \'test2\', 1, NOW())')
 4 APPPATH\Models\Movie_model.php(22): CodeIgniter\Database\BaseConnection->query('INSERT INTO user_movie (username, password, status, create_time)
                    VALUES (\'test2\', \'test2\', 1, NOW())')
 5 APPPATH\Controllers\Movie_test.php(35): App\Models\Movie_model->execute('INSERT INTO user_movie (username, password, status, create_time)
                    VALUES (\'test2\', \'test2\', 1, NOW())')
 6 SYSTEMPATH\CodeIgniter.php(941): App\Controllers\Movie_test->register()
 7 SYSTEMPATH\CodeIgniter.php(502): CodeIgniter\CodeIgniter->runController(Object(App\Controllers\Movie_test))
 8 SYSTEMPATH\CodeIgniter.php(361): CodeIgniter\CodeIgniter->handleRequest(null, Object(Config\Cache), false)
 9 FCPATH\index.php(85): CodeIgniter\CodeIgniter->run()
ERROR - 2024-06-28 07:15:45 --> mysqli_sql_exception: Duplicate entry '1' for key 'user_id' in C:\xampp\htdocs\ci\system\Database\MySQLi\Connection.php:306
Stack trace:
#0 C:\xampp\htdocs\ci\system\Database\MySQLi\Connection.php(306): mysqli->query('INSERT INTO use...', 0)
#1 C:\xampp\htdocs\ci\system\Database\BaseConnection.php(693): CodeIgniter\Database\MySQLi\Connection->execute('INSERT INTO use...')
#2 C:\xampp\htdocs\ci\system\Database\BaseConnection.php(607): CodeIgniter\Database\BaseConnection->simpleQuery('INSERT INTO use...')
#3 C:\xampp\htdocs\ci\app\Models\Movie_model.php(22): CodeIgniter\Database\BaseConnection->query('INSERT INTO use...')
#4 C:\xampp\htdocs\ci\app\Controllers\Movie_test.php(35): App\Models\Movie_model->execute('INSERT INTO use...')
#5 C:\xampp\htdocs\ci\system\CodeIgniter.php(941): App\Controllers\Movie_test->register()
#6 C:\xampp\htdocs\ci\system\CodeIgniter.php(502): CodeIgniter\CodeIgniter->runController(Object(App\Controllers\Movie_test))
#7 C:\xampp\htdocs\ci\system\CodeIgniter.php(361): CodeIgniter\CodeIgniter->handleRequest(NULL, Object(Config\Cache), false)
#8 C:\xampp\htdocs\ci\public\index.php(85): CodeIgniter\CodeIgniter->run()
#9 {main}
CRITICAL - 2024-06-28 07:15:45 --> CodeIgniter\Database\Exceptions\DatabaseException: Duplicate entry '1' for key 'user_id'
in SYSTEMPATH\Database\BaseConnection.php on line 647.
 1 APPPATH\Models\Movie_model.php(22): CodeIgniter\Database\BaseConnection->query('INSERT INTO user_movie (username, password, status, create_time)
                    VALUES (\'test3\', \'test3\', 1, NOW())')
 2 APPPATH\Controllers\Movie_test.php(35): App\Models\Movie_model->execute('INSERT INTO user_movie (username, password, status, create_time)
                    VALUES (\'test3\', \'test3\', 1, NOW())')
 3 SYSTEMPATH\CodeIgniter.php(941): App\Controllers\Movie_test->register()
 4 SYSTEMPATH\CodeIgniter.php(502): CodeIgniter\CodeIgniter->runController(Object(App\Controllers\Movie_test))
 5 SYSTEMPATH\CodeIgniter.php(361): CodeIgniter\CodeIgniter->handleRequest(null, Object(Config\Cache), false)
 6 FCPATH\index.php(85): CodeIgniter\CodeIgniter->run()
CRITICAL - 2024-06-28 07:15:45 --> [Caused by] CodeIgniter\Database\Exceptions\DatabaseException: Duplicate entry '1' for key 'user_id'
in SYSTEMPATH\Database\MySQLi\Connection.php on line 311.
 1 SYSTEMPATH\Database\BaseConnection.php(693): CodeIgniter\Database\MySQLi\Connection->execute('INSERT INTO user_movie (username, password, status, create_time)
                    VALUES (\'test3\', \'test3\', 1, NOW())')
 2 SYSTEMPATH\Database\BaseConnection.php(607): CodeIgniter\Database\BaseConnection->simpleQuery('INSERT INTO user_movie (username, password, status, create_time)
                    VALUES (\'test3\', \'test3\', 1, NOW())')
 3 APPPATH\Models\Movie_model.php(22): CodeIgniter\Database\BaseConnection->query('INSERT INTO user_movie (username, password, status, create_time)
                    VALUES (\'test3\', \'test3\', 1, NOW())')
 4 APPPATH\Controllers\Movie_test.php(35): App\Models\Movie_model->execute('INSERT INTO user_movie (username, password, status, create_time)
                    VALUES (\'test3\', \'test3\', 1, NOW())')
 5 SYSTEMPATH\CodeIgniter.php(941): App\Controllers\Movie_test->register()
 6 SYSTEMPATH\CodeIgniter.php(502): CodeIgniter\CodeIgniter->runController(Object(App\Controllers\Movie_test))
 7 SYSTEMPATH\CodeIgniter.php(361): CodeIgniter\CodeIgniter->handleRequest(null, Object(Config\Cache), false)
 8 FCPATH\index.php(85): CodeIgniter\CodeIgniter->run()
CRITICAL - 2024-06-28 07:15:45 --> [Caused by] mysqli_sql_exception: Duplicate entry '1' for key 'user_id'
in SYSTEMPATH\Database\MySQLi\Connection.php on line 306.
 1 SYSTEMPATH\Database\MySQLi\Connection.php(306): mysqli->query('INSERT INTO user_movie (username, password, status, create_time)
                    VALUES (\'test3\', \'test3\', 1, NOW())', 0)
 2 SYSTEMPATH\Database\BaseConnection.php(693): CodeIgniter\Database\MySQLi\Connection->execute('INSERT INTO user_movie (username, password, status, create_time)
                    VALUES (\'test3\', \'test3\', 1, NOW())')
 3 SYSTEMPATH\Database\BaseConnection.php(607): CodeIgniter\Database\BaseConnection->simpleQuery('INSERT INTO user_movie (username, password, status, create_time)
                    VALUES (\'test3\', \'test3\', 1, NOW())')
 4 APPPATH\Models\Movie_model.php(22): CodeIgniter\Database\BaseConnection->query('INSERT INTO user_movie (username, password, status, create_time)
                    VALUES (\'test3\', \'test3\', 1, NOW())')
 5 APPPATH\Controllers\Movie_test.php(35): App\Models\Movie_model->execute('INSERT INTO user_movie (username, password, status, create_time)
                    VALUES (\'test3\', \'test3\', 1, NOW())')
 6 SYSTEMPATH\CodeIgniter.php(941): App\Controllers\Movie_test->register()
 7 SYSTEMPATH\CodeIgniter.php(502): CodeIgniter\CodeIgniter->runController(Object(App\Controllers\Movie_test))
 8 SYSTEMPATH\CodeIgniter.php(361): CodeIgniter\CodeIgniter->handleRequest(null, Object(Config\Cache), false)
 9 FCPATH\index.php(85): CodeIgniter\CodeIgniter->run()
CRITICAL - 2024-06-28 07:30:49 --> ErrorException: Undefined property: App\Controllers\Movie_test::$mydev_model
in APPPATH\Controllers\Movie_test.php on line 59.
 1 APPPATH\Controllers\Movie_test.php(59): CodeIgniter\Debug\Exceptions->errorHandler(2, 'Undefined property: App\\Controllers\\Movie_test::$mydev_model', 'C:\\xampp\\htdocs\\ci\\app\\Controllers\\Movie_test.php', 59)
 2 SYSTEMPATH\CodeIgniter.php(941): App\Controllers\Movie_test->login()
 3 SYSTEMPATH\CodeIgniter.php(502): CodeIgniter\CodeIgniter->runController(Object(App\Controllers\Movie_test))
 4 SYSTEMPATH\CodeIgniter.php(361): CodeIgniter\CodeIgniter->handleRequest(null, Object(Config\Cache), false)
 5 FCPATH\index.php(85): CodeIgniter\CodeIgniter->run()
CRITICAL - 2024-06-28 07:31:12 --> ErrorException: Undefined property: App\Controllers\Movie_test::$mydev_model
in APPPATH\Controllers\Movie_test.php on line 59.
 1 APPPATH\Controllers\Movie_test.php(59): CodeIgniter\Debug\Exceptions->errorHandler(2, 'Undefined property: App\\Controllers\\Movie_test::$mydev_model', 'C:\\xampp\\htdocs\\ci\\app\\Controllers\\Movie_test.php', 59)
 2 SYSTEMPATH\CodeIgniter.php(941): App\Controllers\Movie_test->login()
 3 SYSTEMPATH\CodeIgniter.php(502): CodeIgniter\CodeIgniter->runController(Object(App\Controllers\Movie_test))
 4 SYSTEMPATH\CodeIgniter.php(361): CodeIgniter\CodeIgniter->handleRequest(null, Object(Config\Cache), false)
 5 FCPATH\index.php(85): CodeIgniter\CodeIgniter->run()
CRITICAL - 2024-06-28 07:31:15 --> ErrorException: Undefined property: App\Controllers\Movie_test::$mydev_model
in APPPATH\Controllers\Movie_test.php on line 59.
 1 APPPATH\Controllers\Movie_test.php(59): CodeIgniter\Debug\Exceptions->errorHandler(2, 'Undefined property: App\\Controllers\\Movie_test::$mydev_model', 'C:\\xampp\\htdocs\\ci\\app\\Controllers\\Movie_test.php', 59)
 2 SYSTEMPATH\CodeIgniter.php(941): App\Controllers\Movie_test->login()
 3 SYSTEMPATH\CodeIgniter.php(502): CodeIgniter\CodeIgniter->runController(Object(App\Controllers\Movie_test))
 4 SYSTEMPATH\CodeIgniter.php(361): CodeIgniter\CodeIgniter->handleRequest(null, Object(Config\Cache), false)
 5 FCPATH\index.php(85): CodeIgniter\CodeIgniter->run()
ERROR - 2024-06-28 08:54:15 --> mysqli_sql_exception: Unknown column 'birthdate' in 'field list' in C:\xampp\htdocs\ci\system\Database\MySQLi\Connection.php:306
Stack trace:
#0 C:\xampp\htdocs\ci\system\Database\MySQLi\Connection.php(306): mysqli->query('INSERT INTO use...', 0)
#1 C:\xampp\htdocs\ci\system\Database\BaseConnection.php(693): CodeIgniter\Database\MySQLi\Connection->execute('INSERT INTO use...')
#2 C:\xampp\htdocs\ci\system\Database\BaseConnection.php(607): CodeIgniter\Database\BaseConnection->simpleQuery('INSERT INTO use...')
#3 C:\xampp\htdocs\ci\app\Models\Movie_model.php(22): CodeIgniter\Database\BaseConnection->query('INSERT INTO use...')
#4 C:\xampp\htdocs\ci\app\Controllers\Movie_test.php(37): App\Models\Movie_model->execute('INSERT INTO use...')
#5 C:\xampp\htdocs\ci\system\CodeIgniter.php(941): App\Controllers\Movie_test->register()
#6 C:\xampp\htdocs\ci\system\CodeIgniter.php(502): CodeIgniter\CodeIgniter->runController(Object(App\Controllers\Movie_test))
#7 C:\xampp\htdocs\ci\system\CodeIgniter.php(361): CodeIgniter\CodeIgniter->handleRequest(NULL, Object(Config\Cache), false)
#8 C:\xampp\htdocs\ci\public\index.php(85): CodeIgniter\CodeIgniter->run()
#9 {main}
CRITICAL - 2024-06-28 08:54:15 --> CodeIgniter\Database\Exceptions\DatabaseException: Unknown column 'birthdate' in 'field list'
in SYSTEMPATH\Database\BaseConnection.php on line 647.
 1 APPPATH\Models\Movie_model.php(22): CodeIgniter\Database\BaseConnection->query('INSERT INTO user_movie (user_id, username, password, birthdate, status, create_time)
                    VALUES (\'14825\', \'test6\', \'test6\', \'2024-02-01\', 1, NOW())')
 2 APPPATH\Controllers\Movie_test.php(37): App\Models\Movie_model->execute('INSERT INTO user_movie (user_id, username, password, birthdate, status, create_time)
                    VALUES (\'14825\', \'test6\', \'test6\', \'2024-02-01\', 1, NOW())')
 3 SYSTEMPATH\CodeIgniter.php(941): App\Controllers\Movie_test->register()
 4 SYSTEMPATH\CodeIgniter.php(502): CodeIgniter\CodeIgniter->runController(Object(App\Controllers\Movie_test))
 5 SYSTEMPATH\CodeIgniter.php(361): CodeIgniter\CodeIgniter->handleRequest(null, Object(Config\Cache), false)
 6 FCPATH\index.php(85): CodeIgniter\CodeIgniter->run()
CRITICAL - 2024-06-28 08:54:15 --> [Caused by] CodeIgniter\Database\Exceptions\DatabaseException: Unknown column 'birthdate' in 'field list'
in SYSTEMPATH\Database\MySQLi\Connection.php on line 311.
 1 SYSTEMPATH\Database\BaseConnection.php(693): CodeIgniter\Database\MySQLi\Connection->execute('INSERT INTO user_movie (user_id, username, password, birthdate, status, create_time)
                    VALUES (\'14825\', \'test6\', \'test6\', \'2024-02-01\', 1, NOW())')
 2 SYSTEMPATH\Database\BaseConnection.php(607): CodeIgniter\Database\BaseConnection->simpleQuery('INSERT INTO user_movie (user_id, username, password, birthdate, status, create_time)
                    VALUES (\'14825\', \'test6\', \'test6\', \'2024-02-01\', 1, NOW())')
 3 APPPATH\Models\Movie_model.php(22): CodeIgniter\Database\BaseConnection->query('INSERT INTO user_movie (user_id, username, password, birthdate, status, create_time)
                    VALUES (\'14825\', \'test6\', \'test6\', \'2024-02-01\', 1, NOW())')
 4 APPPATH\Controllers\Movie_test.php(37): App\Models\Movie_model->execute('INSERT INTO user_movie (user_id, username, password, birthdate, status, create_time)
                    VALUES (\'14825\', \'test6\', \'test6\', \'2024-02-01\', 1, NOW())')
 5 SYSTEMPATH\CodeIgniter.php(941): App\Controllers\Movie_test->register()
 6 SYSTEMPATH\CodeIgniter.php(502): CodeIgniter\CodeIgniter->runController(Object(App\Controllers\Movie_test))
 7 SYSTEMPATH\CodeIgniter.php(361): CodeIgniter\CodeIgniter->handleRequest(null, Object(Config\Cache), false)
 8 FCPATH\index.php(85): CodeIgniter\CodeIgniter->run()
CRITICAL - 2024-06-28 08:54:15 --> [Caused by] mysqli_sql_exception: Unknown column 'birthdate' in 'field list'
in SYSTEMPATH\Database\MySQLi\Connection.php on line 306.
 1 SYSTEMPATH\Database\MySQLi\Connection.php(306): mysqli->query('INSERT INTO user_movie (user_id, username, password, birthdate, status, create_time)
                    VALUES (\'14825\', \'test6\', \'test6\', \'2024-02-01\', 1, NOW())', 0)
 2 SYSTEMPATH\Database\BaseConnection.php(693): CodeIgniter\Database\MySQLi\Connection->execute('INSERT INTO user_movie (user_id, username, password, birthdate, status, create_time)
                    VALUES (\'14825\', \'test6\', \'test6\', \'2024-02-01\', 1, NOW())')
 3 SYSTEMPATH\Database\BaseConnection.php(607): CodeIgniter\Database\BaseConnection->simpleQuery('INSERT INTO user_movie (user_id, username, password, birthdate, status, create_time)
                    VALUES (\'14825\', \'test6\', \'test6\', \'2024-02-01\', 1, NOW())')
 4 APPPATH\Models\Movie_model.php(22): CodeIgniter\Database\BaseConnection->query('INSERT INTO user_movie (user_id, username, password, birthdate, status, create_time)
                    VALUES (\'14825\', \'test6\', \'test6\', \'2024-02-01\', 1, NOW())')
 5 APPPATH\Controllers\Movie_test.php(37): App\Models\Movie_model->execute('INSERT INTO user_movie (user_id, username, password, birthdate, status, create_time)
                    VALUES (\'14825\', \'test6\', \'test6\', \'2024-02-01\', 1, NOW())')
 6 SYSTEMPATH\CodeIgniter.php(941): App\Controllers\Movie_test->register()
 7 SYSTEMPATH\CodeIgniter.php(502): CodeIgniter\CodeIgniter->runController(Object(App\Controllers\Movie_test))
 8 SYSTEMPATH\CodeIgniter.php(361): CodeIgniter\CodeIgniter->handleRequest(null, Object(Config\Cache), false)
 9 FCPATH\index.php(85): CodeIgniter\CodeIgniter->run()
CRITICAL - 2024-06-28 09:48:53 --> ParseError: syntax error, unexpected variable "$query"
in APPPATH\Controllers\Movie_test.php on line 86.
 1 SYSTEMPATH\Router\Router.php(514): CodeIgniter\Router\AutoRouter->getRoute('Movie_test', 'get')
 2 SYSTEMPATH\Router\Router.php(210): CodeIgniter\Router\Router->autoRoute('Movie_test')
 3 SYSTEMPATH\CodeIgniter.php(823): CodeIgniter\Router\Router->handle('Movie_test')
 4 SYSTEMPATH\CodeIgniter.php(450): CodeIgniter\CodeIgniter->tryToRouteIt(Object(CodeIgniter\Router\RouteCollection))
 5 SYSTEMPATH\CodeIgniter.php(361): CodeIgniter\CodeIgniter->handleRequest(null, Object(Config\Cache), false)
 6 FCPATH\index.php(85): CodeIgniter\CodeIgniter->run()
CRITICAL - 2024-06-28 09:48:54 --> ParseError: syntax error, unexpected variable "$query"
in APPPATH\Controllers\Movie_test.php on line 86.
 1 SYSTEMPATH\Router\Router.php(514): CodeIgniter\Router\AutoRouter->getRoute('Movie_test', 'get')
 2 SYSTEMPATH\Router\Router.php(210): CodeIgniter\Router\Router->autoRoute('Movie_test')
 3 SYSTEMPATH\CodeIgniter.php(823): CodeIgniter\Router\Router->handle('Movie_test')
 4 SYSTEMPATH\CodeIgniter.php(450): CodeIgniter\CodeIgniter->tryToRouteIt(Object(CodeIgniter\Router\RouteCollection))
 5 SYSTEMPATH\CodeIgniter.php(361): CodeIgniter\CodeIgniter->handleRequest(null, Object(Config\Cache), false)
 6 FCPATH\index.php(85): CodeIgniter\CodeIgniter->run()
CRITICAL - 2024-06-28 09:48:55 --> ParseError: syntax error, unexpected variable "$query"
in APPPATH\Controllers\Movie_test.php on line 86.
 1 SYSTEMPATH\Router\Router.php(514): CodeIgniter\Router\AutoRouter->getRoute('Movie_test', 'get')
 2 SYSTEMPATH\Router\Router.php(210): CodeIgniter\Router\Router->autoRoute('Movie_test')
 3 SYSTEMPATH\CodeIgniter.php(823): CodeIgniter\Router\Router->handle('Movie_test')
 4 SYSTEMPATH\CodeIgniter.php(450): CodeIgniter\CodeIgniter->tryToRouteIt(Object(CodeIgniter\Router\RouteCollection))
 5 SYSTEMPATH\CodeIgniter.php(361): CodeIgniter\CodeIgniter->handleRequest(null, Object(Config\Cache), false)
 6 FCPATH\index.php(85): CodeIgniter\CodeIgniter->run()
CRITICAL - 2024-06-28 09:50:02 --> CodeIgniter\Database\Exceptions\DatabaseException: You must set the database table to be used with your query.
in SYSTEMPATH\Database\BaseConnection.php on line 884.
 1 SYSTEMPATH\Model.php(662): CodeIgniter\Database\BaseConnection->table(null)
 2 SYSTEMPATH\Model.php(864): CodeIgniter\Model->builder()
 3 APPPATH\Controllers\Movie_test.php(69): CodeIgniter\Model->__call('get_movie', [])
 4 SYSTEMPATH\CodeIgniter.php(941): App\Controllers\Movie_test->login()
 5 SYSTEMPATH\CodeIgniter.php(502): CodeIgniter\CodeIgniter->runController(Object(App\Controllers\Movie_test))
 6 SYSTEMPATH\CodeIgniter.php(361): CodeIgniter\CodeIgniter->handleRequest(null, Object(Config\Cache), false)
 7 FCPATH\index.php(85): CodeIgniter\CodeIgniter->run()
CRITICAL - 2024-06-28 09:54:57 --> CodeIgniter\Database\Exceptions\DatabaseException: You must set the database table to be used with your query.
in SYSTEMPATH\Database\BaseConnection.php on line 884.
 1 SYSTEMPATH\Model.php(662): CodeIgniter\Database\BaseConnection->table(null)
 2 SYSTEMPATH\Model.php(864): CodeIgniter\Model->builder()
 3 APPPATH\Controllers\Movie_test.php(86): CodeIgniter\Model->__call('query', [...])
 4 APPPATH\Controllers\Movie_test.php(69): App\Controllers\Movie_test->get_movie()
 5 SYSTEMPATH\CodeIgniter.php(941): App\Controllers\Movie_test->login()
 6 SYSTEMPATH\CodeIgniter.php(502): CodeIgniter\CodeIgniter->runController(Object(App\Controllers\Movie_test))
 7 SYSTEMPATH\CodeIgniter.php(361): CodeIgniter\CodeIgniter->handleRequest(null, Object(Config\Cache), false)
 8 FCPATH\index.php(85): CodeIgniter\CodeIgniter->run()
CRITICAL - 2024-06-28 09:57:58 --> CodeIgniter\Database\Exceptions\DatabaseException: You must set the database table to be used with your query.
in SYSTEMPATH\Database\BaseConnection.php on line 884.
 1 SYSTEMPATH\Model.php(662): CodeIgniter\Database\BaseConnection->table(null)
 2 SYSTEMPATH\Model.php(864): CodeIgniter\Model->builder()
 3 APPPATH\Controllers\Movie_test.php(86): CodeIgniter\Model->__call('query', [...])
 4 APPPATH\Controllers\Movie_test.php(69): App\Controllers\Movie_test->get_movie()
 5 SYSTEMPATH\CodeIgniter.php(941): App\Controllers\Movie_test->login()
 6 SYSTEMPATH\CodeIgniter.php(502): CodeIgniter\CodeIgniter->runController(Object(App\Controllers\Movie_test))
 7 SYSTEMPATH\CodeIgniter.php(361): CodeIgniter\CodeIgniter->handleRequest(null, Object(Config\Cache), false)
 8 FCPATH\index.php(85): CodeIgniter\CodeIgniter->run()
CRITICAL - 2024-06-28 10:02:01 --> Error: Call to a member function getResultArray() on array
in APPPATH\Controllers\Movie_test.php on line 87.
 1 APPPATH\Controllers\Movie_test.php(69): App\Controllers\Movie_test->get_movie()
 2 SYSTEMPATH\CodeIgniter.php(941): App\Controllers\Movie_test->login()
 3 SYSTEMPATH\CodeIgniter.php(502): CodeIgniter\CodeIgniter->runController(Object(App\Controllers\Movie_test))
 4 SYSTEMPATH\CodeIgniter.php(361): CodeIgniter\CodeIgniter->handleRequest(null, Object(Config\Cache), false)
 5 FCPATH\index.php(85): CodeIgniter\CodeIgniter->run()
CRITICAL - 2024-06-28 10:02:26 --> Error: Call to a member function getResultArray() on array
in APPPATH\Controllers\Movie_test.php on line 87.
 1 APPPATH\Controllers\Movie_test.php(69): App\Controllers\Movie_test->get_movie()
 2 SYSTEMPATH\CodeIgniter.php(941): App\Controllers\Movie_test->login()
 3 SYSTEMPATH\CodeIgniter.php(502): CodeIgniter\CodeIgniter->runController(Object(App\Controllers\Movie_test))
 4 SYSTEMPATH\CodeIgniter.php(361): CodeIgniter\CodeIgniter->handleRequest(null, Object(Config\Cache), false)
 5 FCPATH\index.php(85): CodeIgniter\CodeIgniter->run()
CRITICAL - 2024-06-28 10:12:52 --> CodeIgniter\Database\Exceptions\DatabaseException: You must set the database table to be used with your query.
in SYSTEMPATH\Database\BaseConnection.php on line 884.
 1 SYSTEMPATH\Model.php(662): CodeIgniter\Database\BaseConnection->table(null)
 2 SYSTEMPATH\Model.php(864): CodeIgniter\Model->builder()
 3 APPPATH\Controllers\Movie_test.php(86): CodeIgniter\Model->__call('query', [...])
 4 APPPATH\Controllers\Movie_test.php(69): App\Controllers\Movie_test->get_movie()
 5 SYSTEMPATH\CodeIgniter.php(941): App\Controllers\Movie_test->login()
 6 SYSTEMPATH\CodeIgniter.php(502): CodeIgniter\CodeIgniter->runController(Object(App\Controllers\Movie_test))
 7 SYSTEMPATH\CodeIgniter.php(361): CodeIgniter\CodeIgniter->handleRequest(null, Object(Config\Cache), false)
 8 FCPATH\index.php(85): CodeIgniter\CodeIgniter->run()
CRITICAL - 2024-06-28 10:20:05 --> Error: Cannot use object of type mysqli as array
in APPPATH\Controllers\Movie_test.php on line 73.
 1 SYSTEMPATH\CodeIgniter.php(941): App\Controllers\Movie_test->login()
 2 SYSTEMPATH\CodeIgniter.php(502): CodeIgniter\CodeIgniter->runController(Object(App\Controllers\Movie_test))
 3 SYSTEMPATH\CodeIgniter.php(361): CodeIgniter\CodeIgniter->handleRequest(null, Object(Config\Cache), false)
 4 FCPATH\index.php(85): CodeIgniter\CodeIgniter->run()
CRITICAL - 2024-06-28 10:20:22 --> Error: Cannot use object of type mysqli as array
in APPPATH\Controllers\Movie_test.php on line 73.
 1 SYSTEMPATH\CodeIgniter.php(941): App\Controllers\Movie_test->login()
 2 SYSTEMPATH\CodeIgniter.php(502): CodeIgniter\CodeIgniter->runController(Object(App\Controllers\Movie_test))
 3 SYSTEMPATH\CodeIgniter.php(361): CodeIgniter\CodeIgniter->handleRequest(null, Object(Config\Cache), false)
 4 FCPATH\index.php(85): CodeIgniter\CodeIgniter->run()
CRITICAL - 2024-06-28 10:20:48 --> Error: Object of class mysqli could not be converted to string
in APPPATH\Controllers\Movie_test.php on line 73.
 1 SYSTEMPATH\CodeIgniter.php(941): App\Controllers\Movie_test->login()
 2 SYSTEMPATH\CodeIgniter.php(502): CodeIgniter\CodeIgniter->runController(Object(App\Controllers\Movie_test))
 3 SYSTEMPATH\CodeIgniter.php(361): CodeIgniter\CodeIgniter->handleRequest(null, Object(Config\Cache), false)
 4 FCPATH\index.php(85): CodeIgniter\CodeIgniter->run()
